00:45:00.191  INFO  manager.ApplicationManager - All tests run in firefox browser
00:45:02.414  INFO  manager.ApplicationManager - current url ---->https://ilcarro-1578153671498.web.app/search
00:45:02.480  INFO  manager.HelperBase - Start method with name --> searchPeriodPast
00:45:02.480  INFO  manager.MyListener - WebDriver start find element -->By.id: city
00:45:02.518  INFO  manager.MyListener - WebDriver found element by locator -->By.id: city
00:45:02.518  INFO  manager.MyListener - WebDriver start find element -->By.id: dates
00:45:02.549  INFO  manager.MyListener - WebDriver found element by locator -->By.id: dates
00:45:02.549  INFO  manager.MyListener - WebDriver start find element -->By.id: city
00:45:02.565  INFO  manager.MyListener - WebDriver found element by locator -->By.id: city
00:45:02.898  INFO  manager.MyListener - WebDriver start find element -->By.id: dates
00:45:02.950  INFO  manager.MyListener - WebDriver found element by locator -->By.id: dates
00:45:03.335  INFO  manager.MyListener - WebDriver start find element -->By.id: city
00:45:03.351  INFO  manager.MyListener - WebDriver found element by locator -->By.id: city
00:45:03.366  INFO  manager.MyListener - The name of method with error is --> public abstract void org.openqa.selenium.WebElement.click()
00:45:03.382  INFO  manager.MyListener - Houston, we have a problem org.openqa.selenium.ElementClickInterceptedException: Element <input id="city" class="ng-pristine ng-invalid pac-target-input ng-touched" type="text"> is not clickable at point (377,282) because another element <div class="cdk-overlay-backdrop mat-overlay-transparent-backdrop cdk-overlay-backdrop-showing"> obscures it
Build info: version: '4.2.2', revision: '683ccb65d6'
System info: host: 'DESKTOP-31QDJF0', ip: '192.168.1.203', os.name: 'Windows 10', os.arch: 'amd64', os.version: '10.0', java.version: '11.0.15.1'
Driver info: org.openqa.selenium.firefox.FirefoxDriver
Command: [56abff46-1f0a-4a10-8df6-e32b2dce7249, clickElement {id=e47f8b5b-5260-4434-8e33-08d049b3f55e}]
Capabilities {acceptInsecureCerts: true, browserName: firefox, browserVersion: 102.0.1, moz:accessibilityChecks: false, moz:buildID: 20220705093820, moz:debuggerAddress: localhost:60833, moz:geckodriverVersion: 0.31.0, moz:headless: false, moz:processID: 27852, moz:profile: C:\Users\alexa\AppData\Loca..., moz:shutdownTimeout: 60000, moz:useNonSpecCompliantPointerOrigin: false, moz:webdriverClick: true, moz:windowless: false, pageLoadStrategy: normal, platformName: WINDOWS, platformVersion: 10.0, proxy: Proxy(), se:cdp: ws://localhost:60833/devtoo..., se:cdpVersion: 85.0, setWindowRect: true, strictFileInteractability: false, timeouts: {implicit: 0, pageLoad: 300000, script: 30000}, unhandledPromptBehavior: dismiss and notify}
Element: [[FirefoxDriver: firefox on WINDOWS (56abff46-1f0a-4a10-8df6-e32b2dce7249)] -> id: city]
Session ID: 56abff46-1f0a-4a10-8df6-e32b2dce7249
00:45:03.382  INFO  manager.MyListener - WebDriver start find element -->By.cssSelector: a[href='/search']
00:45:03.398  INFO  manager.MyListener - WebDriver found element by locator -->By.cssSelector: a[href='/search']
00:45:03.413  INFO  manager.MyListener - The name of method with error is --> public abstract void org.openqa.selenium.WebElement.click()
00:45:03.413  INFO  manager.MyListener - Houston, we have a problem org.openqa.selenium.ElementClickInterceptedException: Element <a id="0" class="navigation-link" href="/search"> is not clickable at point (1074,34) because another element <div class="cdk-overlay-backdrop mat-overlay-transparent-backdrop cdk-overlay-backdrop-showing"> obscures it
Build info: version: '4.2.2', revision: '683ccb65d6'
System info: host: 'DESKTOP-31QDJF0', ip: '192.168.1.203', os.name: 'Windows 10', os.arch: 'amd64', os.version: '10.0', java.version: '11.0.15.1'
Driver info: org.openqa.selenium.firefox.FirefoxDriver
Command: [56abff46-1f0a-4a10-8df6-e32b2dce7249, clickElement {id=73ab96b5-85d1-49b6-868f-7214f79e435d}]
Capabilities {acceptInsecureCerts: true, browserName: firefox, browserVersion: 102.0.1, moz:accessibilityChecks: false, moz:buildID: 20220705093820, moz:debuggerAddress: localhost:60833, moz:geckodriverVersion: 0.31.0, moz:headless: false, moz:processID: 27852, moz:profile: C:\Users\alexa\AppData\Loca..., moz:shutdownTimeout: 60000, moz:useNonSpecCompliantPointerOrigin: false, moz:webdriverClick: true, moz:windowless: false, pageLoadStrategy: normal, platformName: WINDOWS, platformVersion: 10.0, proxy: Proxy(), se:cdp: ws://localhost:60833/devtoo..., se:cdpVersion: 85.0, setWindowRect: true, strictFileInteractability: false, timeouts: {implicit: 0, pageLoad: 300000, script: 30000}, unhandledPromptBehavior: dismiss and notify}
Element: [[FirefoxDriver: firefox on WINDOWS (56abff46-1f0a-4a10-8df6-e32b2dce7249)] -> css selector: a[href='/search']]
Session ID: 56abff46-1f0a-4a10-8df6-e32b2dce7249
