00:58:24.245  INFO  manager.ApplicationManager - All tests run in firefox browser
00:58:26.460  INFO  manager.ApplicationManager - current url ---->https://ilcarro-1578153671498.web.app/search
00:58:26.520  INFO  manager.HelperBase - Start method with name --> searchAnyPeriod
00:58:26.524  INFO  manager.MyListener - WebDriver start find element -->By.xpath: //input[@id='city']
00:58:26.572  INFO  manager.MyListener - WebDriver found element by locator -->By.xpath: //input[@id='city']
00:58:26.588  INFO  manager.MyListener - WebDriver start find element -->By.id: dates
00:58:26.608  INFO  manager.MyListener - WebDriver found element by locator -->By.id: dates
00:58:26.608  INFO  manager.MyListener - WebDriver start find element -->By.id: dates
00:58:26.636  INFO  manager.MyListener - WebDriver found element by locator -->By.id: dates
00:58:27.029  INFO  manager.MyListener - WebDriver start find element -->By.xpath: //input[@id='city']
00:58:27.053  INFO  manager.MyListener - WebDriver found element by locator -->By.xpath: //input[@id='city']
00:58:27.073  INFO  manager.MyListener - The name of method with error is --> public abstract void org.openqa.selenium.WebElement.click()
00:58:27.077  INFO  manager.MyListener - Houston, we have a problem org.openqa.selenium.ElementClickInterceptedException: Element <input id="city" class="ng-untouched ng-pristine ng-invalid pac-target-input" type="text"> is not clickable at point (377,282) because another element <div class="cdk-overlay-backdrop mat-overlay-transparent-backdrop cdk-overlay-backdrop-showing"> obscures it
Build info: version: '4.2.2', revision: '683ccb65d6'
System info: host: 'DESKTOP-31QDJF0', ip: '192.168.1.203', os.name: 'Windows 10', os.arch: 'amd64', os.version: '10.0', java.version: '11.0.15.1'
Driver info: org.openqa.selenium.firefox.FirefoxDriver
Command: [deaf08d0-0b7f-4f85-af63-b3b79623fb90, clickElement {id=eb7a9061-1263-48fe-8492-4a188fe78d38}]
Capabilities {acceptInsecureCerts: true, browserName: firefox, browserVersion: 102.0.1, moz:accessibilityChecks: false, moz:buildID: 20220705093820, moz:debuggerAddress: localhost:49776, moz:geckodriverVersion: 0.31.0, moz:headless: false, moz:processID: 11588, moz:profile: C:\Users\alexa\AppData\Loca..., moz:shutdownTimeout: 60000, moz:useNonSpecCompliantPointerOrigin: false, moz:webdriverClick: true, moz:windowless: false, pageLoadStrategy: normal, platformName: WINDOWS, platformVersion: 10.0, proxy: Proxy(), se:cdp: ws://localhost:49776/devtoo..., se:cdpVersion: 85.0, setWindowRect: true, strictFileInteractability: false, timeouts: {implicit: 0, pageLoad: 300000, script: 30000}, unhandledPromptBehavior: dismiss and notify}
Element: [[FirefoxDriver: firefox on WINDOWS (deaf08d0-0b7f-4f85-af63-b3b79623fb90)] -> xpath: //input[@id='city']]
Session ID: deaf08d0-0b7f-4f85-af63-b3b79623fb90
