21:11:19.467  INFO  manager.ApplicationManager - All tests run in firefox browser
21:11:21.747  INFO  manager.ApplicationManager - current url ---->https://ilcarro-1578153671498.web.app/search
21:11:21.821  INFO  manager.HelperBase - Start method with name --> searchCurrentMonth
21:11:21.827  INFO  manager.MyListener - WebDriver start find element -->By.id: city
21:11:21.877  INFO  manager.MyListener - WebDriver found element by locator -->By.id: city
21:11:22.917  INFO  manager.MyListener - WebDriver start find element -->By.cssSelector: .pac-item
21:11:22.943  INFO  manager.MyListener - WebDriver found element by locator -->By.cssSelector: .pac-item
21:11:23.663  INFO  manager.MyListener - WebDriver start find element -->By.id: dates
21:11:23.703  INFO  manager.MyListener - WebDriver found element by locator -->By.id: dates
21:11:24.050  INFO  manager.MyListener - WebDriver start find element -->By.xpath: //div[text()=' 28 ']
21:11:24.080  INFO  manager.MyListener - WebDriver found element by locator -->By.xpath: //div[text()=' 28 ']
21:11:24.324  INFO  manager.MyListener - WebDriver start find element -->By.xpath: //div[text()=' 31 ']
21:11:24.348  INFO  manager.MyListener - WebDriver found element by locator -->By.xpath: //div[text()=' 31 ']
21:11:24.614  INFO  manager.MyListener - WebDriver start find element -->By.cssSelector: button[type='submit']
21:11:24.651  INFO  manager.MyListener - WebDriver found element by locator -->By.cssSelector: button[type='submit']
21:11:24.721  INFO  manager.MyListener - WebDriver start find element -->By.cssSelector: button[type='submit']
21:11:24.738  INFO  manager.MyListener - WebDriver found element by locator -->By.cssSelector: button[type='submit']
21:11:25.822  INFO  manager.HelperBase - Start method with name --> searchCurrentYear
21:11:25.832  INFO  manager.MyListener - WebDriver start find element -->By.cssSelector: a[href='/search']
21:11:25.847  INFO  manager.MyListener - WebDriver found element by locator -->By.cssSelector: a[href='/search']
21:11:26.097  INFO  manager.MyListener - WebDriver start find element -->By.id: city
21:11:26.122  INFO  manager.MyListener - WebDriver found element by locator -->By.id: city
21:11:27.127  INFO  manager.MyListener - WebDriver start find element -->By.cssSelector: .pac-item
21:11:27.147  INFO  manager.MyListener - WebDriver found element by locator -->By.cssSelector: .pac-item
21:11:27.875  INFO  manager.MyListener - WebDriver start find element -->By.id: dates
21:11:27.902  INFO  manager.MyListener - WebDriver found element by locator -->By.id: dates
21:11:28.207  INFO  manager.MyListener - WebDriver start find element -->By.cssSelector: button[aria-label='Next month'
21:11:28.231  INFO  manager.MyListener - WebDriver found element by locator -->By.cssSelector: button[aria-label='Next month'
21:11:28.507  INFO  manager.MyListener - WebDriver start find element -->By.cssSelector: button[aria-label='Next month'
21:11:28.532  INFO  manager.MyListener - WebDriver found element by locator -->By.cssSelector: button[aria-label='Next month'
21:11:28.800  INFO  manager.MyListener - WebDriver start find element -->By.cssSelector: button[aria-label='Next month'
21:11:28.847  INFO  manager.MyListener - WebDriver found element by locator -->By.cssSelector: button[aria-label='Next month'
21:11:29.117  INFO  manager.MyListener - WebDriver start find element -->By.xpath: //div[text()=' 28 ']
21:11:29.137  INFO  manager.MyListener - WebDriver found element by locator -->By.xpath: //div[text()=' 28 ']
21:11:29.407  INFO  manager.MyListener - WebDriver start find element -->By.cssSelector: button[aria-label='Next month'
21:11:29.437  INFO  manager.MyListener - WebDriver found element by locator -->By.cssSelector: button[aria-label='Next month'
21:11:29.709  INFO  manager.MyListener - WebDriver start find element -->By.cssSelector: button[aria-label='Next month'
21:11:29.733  INFO  manager.MyListener - WebDriver found element by locator -->By.cssSelector: button[aria-label='Next month'
21:11:30.007  INFO  manager.MyListener - WebDriver start find element -->By.xpath: //div[text()=' 10 ']
21:11:30.033  INFO  manager.MyListener - WebDriver found element by locator -->By.xpath: //div[text()=' 10 ']
21:11:30.287  INFO  manager.MyListener - WebDriver start find element -->By.cssSelector: button[type='submit']
21:11:30.307  INFO  manager.MyListener - WebDriver found element by locator -->By.cssSelector: button[type='submit']
21:11:30.342  INFO  manager.MyListener - WebDriver start find element -->By.cssSelector: button[type='submit']
21:11:30.352  INFO  manager.MyListener - WebDriver found element by locator -->By.cssSelector: button[type='submit']
