20:57:24.982  INFO  manager.ApplicationManager - All tests run in firefox browser
20:57:27.382  INFO  manager.ApplicationManager - current url ---->https://ilcarro-1578153671498.web.app/search
20:57:27.427  INFO  manager.HelperBase - Start method with name --> searchCurrentYear
20:57:27.437  INFO  manager.MyListener - WebDriver start find element -->By.id: city
20:57:27.481  INFO  manager.MyListener - WebDriver found element by locator -->By.id: city
20:57:28.512  INFO  manager.MyListener - WebDriver start find element -->By.cssSelector: .pac-item
20:57:28.542  INFO  manager.MyListener - WebDriver found element by locator -->By.cssSelector: .pac-item
20:57:29.290  INFO  manager.MyListener - WebDriver start find element -->By.id: dates
20:57:29.317  INFO  manager.MyListener - WebDriver found element by locator -->By.id: dates
20:57:29.657  INFO  manager.MyListener - WebDriver start find element -->By.cssSelector: button[aria-label='Next month'
20:57:29.688  INFO  manager.MyListener - WebDriver found element by locator -->By.cssSelector: button[aria-label='Next month'
20:57:29.947  INFO  manager.MyListener - WebDriver start find element -->By.cssSelector: button[aria-label='Next month'
20:57:29.977  INFO  manager.MyListener - WebDriver found element by locator -->By.cssSelector: button[aria-label='Next month'
20:57:30.247  INFO  manager.MyListener - WebDriver start find element -->By.cssSelector: button[aria-label='Next month'
20:57:30.282  INFO  manager.MyListener - WebDriver found element by locator -->By.cssSelector: button[aria-label='Next month'
20:57:30.547  INFO  manager.MyListener - WebDriver start find element -->By.xpath: //div[text()=' 28 ']
20:57:30.582  INFO  manager.MyListener - WebDriver found element by locator -->By.xpath: //div[text()=' 28 ']
20:57:30.847  INFO  manager.MyListener - WebDriver start find element -->By.cssSelector: button[aria-label='Next month'
20:57:30.867  INFO  manager.MyListener - WebDriver found element by locator -->By.cssSelector: button[aria-label='Next month'
20:57:31.131  INFO  manager.MyListener - WebDriver start find element -->By.cssSelector: button[aria-label='Next month'
20:57:31.157  INFO  manager.MyListener - WebDriver found element by locator -->By.cssSelector: button[aria-label='Next month'
20:57:31.431  INFO  manager.MyListener - WebDriver start find element -->By.xpath: //div[text()=' 10 ']
20:57:31.452  INFO  manager.MyListener - WebDriver found element by locator -->By.xpath: //div[text()=' 10 ']
20:57:31.711  INFO  manager.MyListener - WebDriver start find element -->By.cssSelector: button[type='submit']
20:57:31.737  INFO  manager.MyListener - WebDriver found element by locator -->By.cssSelector: button[type='submit']
20:57:31.802  INFO  manager.MyListener - WebDriver start find element -->By.cssSelector: button[type='submit']
20:57:31.821  INFO  manager.MyListener - WebDriver found element by locator -->By.cssSelector: button[type='submit']
