23:13:01.977  INFO  manager.ApplicationManager - All tests run in firefox browser
23:13:04.166  INFO  manager.ApplicationManager - current url ---->https://ilcarro-1578153671498.web.app/search
23:13:04.226  INFO  manager.HelperBase - Start method with name --> searchPeriodPast
23:13:04.238  INFO  manager.MyListener - WebDriver start find element -->By.id: city
23:13:04.278  INFO  manager.MyListener - WebDriver found element by locator -->By.id: city
23:13:05.296  INFO  manager.MyListener - WebDriver start find element -->By.cssSelector: .pac-item
23:13:05.328  INFO  manager.MyListener - WebDriver found element by locator -->By.cssSelector: .pac-item
23:13:06.062  INFO  manager.MyListener - WebDriver start find element -->By.id: dates
23:13:06.114  INFO  manager.MyListener - WebDriver found element by locator -->By.id: dates
23:13:06.190  INFO  manager.MyListener - WebDriver start find element -->By.cssSelector: button[type='submit']
23:13:06.211  INFO  manager.MyListener - WebDriver found element by locator -->By.cssSelector: button[type='submit']
23:13:06.223  INFO  manager.MyListener - WebDriver start find element -->By.cssSelector: button[type='submit']
23:13:06.247  INFO  manager.MyListener - WebDriver found element by locator -->By.cssSelector: button[type='submit']
23:13:06.982  INFO  manager.MyListener - WebDriver start find element -->By.xpath: //div[text()=' You can't pick date before today ']
23:13:07.006  INFO  manager.MyListener - The name of method with error is --> public abstract org.openqa.selenium.WebElement org.openqa.selenium.WebDriver.findElement(org.openqa.selenium.By)
23:13:07.010  INFO  manager.MyListener - Houston, we have a problem org.openqa.selenium.InvalidSelectorException: Given xpath expression "//div[text()=' You can't pick date before today ']" is invalid: SyntaxError: Document.evaluate: The expression is not a legal expression
For documentation on this error, please visit: https://selenium.dev/exceptions/#invalid_selector_exception
Build info: version: '4.2.2', revision: '683ccb65d6'
System info: host: 'DESKTOP-31QDJF0', ip: '192.168.1.203', os.name: 'Windows 10', os.arch: 'amd64', os.version: '10.0', java.version: '11.0.15.1'
Driver info: org.openqa.selenium.firefox.FirefoxDriver
Command: [0ba07244-745d-4c77-904a-06a63971be1e, findElement {using=xpath, value=//div[text()=' You can't pick date before today ']}]
Capabilities {acceptInsecureCerts: true, browserName: firefox, browserVersion: 102.0.1, moz:accessibilityChecks: false, moz:buildID: 20220705093820, moz:debuggerAddress: localhost:49635, moz:geckodriverVersion: 0.31.0, moz:headless: false, moz:processID: 26528, moz:profile: C:\Users\alexa\AppData\Loca..., moz:shutdownTimeout: 60000, moz:useNonSpecCompliantPointerOrigin: false, moz:webdriverClick: true, moz:windowless: false, pageLoadStrategy: normal, platformName: WINDOWS, platformVersion: 10.0, proxy: Proxy(), se:cdp: ws://localhost:49635/devtoo..., se:cdpVersion: 85.0, setWindowRect: true, strictFileInteractability: false, timeouts: {implicit: 0, pageLoad: 300000, script: 30000}, unhandledPromptBehavior: dismiss and notify}
Session ID: 0ba07244-745d-4c77-904a-06a63971be1e
