20:52:28.810  INFO  manager.ApplicationManager - All tests run in firefox browser
20:52:31.951  INFO  manager.ApplicationManager - current url ---->https://ilcarro-1578153671498.web.app/search
20:52:32.000  INFO  manager.HelperBase - Start method with name --> searchCurrentYear
20:52:32.000  INFO  manager.MyListener - WebDriver start find element -->By.id: city
20:52:32.050  INFO  manager.MyListener - WebDriver found element by locator -->By.id: city
20:52:33.581  INFO  manager.MyListener - WebDriver start find element -->By.cssSelector: .pac-item
20:52:34.231  INFO  manager.MyListener - WebDriver found element by locator -->By.cssSelector: .pac-item
20:52:34.967  INFO  manager.MyListener - WebDriver start find element -->By.id: dates
20:52:34.999  INFO  manager.MyListener - WebDriver found element by locator -->By.id: dates
20:52:35.464  INFO  manager.MyListener - WebDriver start find element -->By.cssSelector: button[aria-label='Next month'
20:52:35.495  INFO  manager.MyListener - WebDriver found element by locator -->By.cssSelector: button[aria-label='Next month'
20:52:36.220  INFO  manager.MyListener - WebDriver start find element -->By.cssSelector: button[aria-label='Next month'
20:52:36.240  INFO  manager.MyListener - WebDriver found element by locator -->By.cssSelector: button[aria-label='Next month'
20:52:36.963  INFO  manager.MyListener - WebDriver start find element -->By.cssSelector: button[aria-label='Next month'
20:52:36.979  INFO  manager.MyListener - WebDriver found element by locator -->By.cssSelector: button[aria-label='Next month'
20:52:37.230  INFO  manager.MyListener - WebDriver start find element -->By.xpath: //div[text()=' 28 ']
20:52:37.256  INFO  manager.MyListener - WebDriver found element by locator -->By.xpath: //div[text()=' 28 ']
20:52:37.508  INFO  manager.MyListener - WebDriver start find element -->By.cssSelector: button[aria-label='Next month'
20:52:37.534  INFO  manager.MyListener - WebDriver found element by locator -->By.cssSelector: button[aria-label='Next month'
20:52:37.792  INFO  manager.MyListener - WebDriver start find element -->By.cssSelector: button[aria-label='Next month'
20:52:37.819  INFO  manager.MyListener - WebDriver found element by locator -->By.cssSelector: button[aria-label='Next month'
20:52:38.078  INFO  manager.MyListener - WebDriver start find element -->By.xpath: //div[text()=' 10 ']
20:52:38.106  INFO  manager.MyListener - WebDriver found element by locator -->By.xpath: //div[text()=' 10 ']
20:52:38.387  INFO  manager.MyListener - WebDriver start find element -->By.cssSelector: button[type='submit']
20:52:38.411  INFO  manager.MyListener - WebDriver found element by locator -->By.cssSelector: button[type='submit']
20:52:38.469  INFO  manager.MyListener - WebDriver start find element -->By.cssSelector: button[type='submit']
20:52:38.480  INFO  manager.MyListener - WebDriver found element by locator -->By.cssSelector: button[type='submit']
