21:12:27.214  INFO  manager.ApplicationManager - All tests run in firefox browser
21:12:53.897  INFO  manager.ApplicationManager - current url ---->https://ilcarro-1578153671498.web.app/search
21:12:53.954  INFO  manager.HelperBase - Start method with name --> addNewCarSuccess
21:13:03.993  INFO  manager.MyListener - WebDriver start find element -->By.xpath: //*[@href='/login?url=%2Fsearch']
21:13:04.032  INFO  manager.MyListener - WebDriver found element by locator -->By.xpath: //*[@href='/login?url=%2Fsearch']
21:13:04.327  INFO  manager.MyListener - WebDriver start find element -->By.xpath: //*[@id='email']
21:13:04.353  INFO  manager.MyListener - WebDriver found element by locator -->By.xpath: //*[@id='email']
21:13:04.655  INFO  manager.MyListener - WebDriver start find element -->By.xpath: //*[@id='password']
21:13:04.683  INFO  manager.MyListener - WebDriver found element by locator -->By.xpath: //*[@id='password']
21:13:05.269  INFO  manager.MyListener - WebDriver start find element -->By.cssSelector: button[type='submit']
21:13:05.295  INFO  manager.MyListener - WebDriver found element by locator -->By.cssSelector: button[type='submit']
21:13:05.351  INFO  manager.MyListener - WebDriver start find element -->By.cssSelector: button[type='submit']
21:13:05.366  INFO  manager.MyListener - WebDriver found element by locator -->By.cssSelector: button[type='submit']
21:13:06.146  INFO  manager.MyListener - WebDriver start find element -->By.xpath: //button[text()='Ok']
21:13:06.167  INFO  manager.MyListener - WebDriver found element by locator -->By.xpath: //button[text()='Ok']
21:13:07.401  INFO  manager.MyListener - WebDriver start find element -->By.id: 1
21:13:07.426  INFO  manager.MyListener - WebDriver found element by locator -->By.id: 1
21:13:07.731  INFO  manager.MyListener - WebDriver start find element -->By.id: pickUpPlace
21:13:07.758  INFO  manager.MyListener - WebDriver found element by locator -->By.id: pickUpPlace
21:13:08.045  INFO  manager.MyListener - WebDriver start find element -->By.cssSelector: div.pac-item
21:13:08.437  INFO  manager.MyListener - WebDriver found element by locator -->By.cssSelector: div.pac-item
21:13:10.168  INFO  manager.MyListener - WebDriver start find element -->By.id: make
21:13:10.193  INFO  manager.MyListener - WebDriver found element by locator -->By.id: make
21:13:10.444  INFO  manager.MyListener - WebDriver start find element -->By.id: model
21:13:10.464  INFO  manager.MyListener - WebDriver found element by locator -->By.id: model
21:13:10.709  INFO  manager.MyListener - WebDriver start find element -->By.id: year
21:13:10.732  INFO  manager.MyListener - WebDriver found element by locator -->By.id: year
21:13:10.994  INFO  manager.MyListener - WebDriver start find element -->By.id: engine
21:13:11.017  INFO  manager.MyListener - WebDriver found element by locator -->By.id: engine
21:13:11.278  INFO  manager.MyListener - WebDriver start find element -->By.id: fuel
21:13:11.300  INFO  manager.MyListener - WebDriver found element by locator -->By.id: fuel
21:13:11.552  INFO  manager.MyListener - WebDriver start find element -->By.id: gear
21:13:11.577  INFO  manager.MyListener - WebDriver found element by locator -->By.id: gear
21:13:11.833  INFO  manager.MyListener - WebDriver start find element -->By.id: wheelsDrive
21:13:11.857  INFO  manager.MyListener - WebDriver found element by locator -->By.id: wheelsDrive
21:13:12.115  INFO  manager.MyListener - WebDriver start find element -->By.id: doors
21:13:12.138  INFO  manager.MyListener - WebDriver found element by locator -->By.id: doors
21:13:12.385  INFO  manager.MyListener - WebDriver start find element -->By.id: seats
21:13:12.408  INFO  manager.MyListener - WebDriver found element by locator -->By.id: seats
21:13:12.653  INFO  manager.MyListener - WebDriver start find element -->By.id: class
21:13:12.675  INFO  manager.MyListener - WebDriver found element by locator -->By.id: class
21:13:12.917  INFO  manager.MyListener - WebDriver start find element -->By.id: fuelConsumption
21:13:12.939  INFO  manager.MyListener - WebDriver found element by locator -->By.id: fuelConsumption
21:13:13.192  INFO  manager.MyListener - WebDriver start find element -->By.id: serialNumber
21:13:13.213  INFO  manager.MyListener - WebDriver found element by locator -->By.id: serialNumber
21:13:13.483  INFO  manager.MyListener - WebDriver start find element -->By.id: price
21:13:13.502  INFO  manager.MyListener - WebDriver found element by locator -->By.id: price
21:13:13.746  INFO  manager.MyListener - WebDriver start find element -->By.id: distance
21:13:13.765  INFO  manager.MyListener - WebDriver found element by locator -->By.id: distance
21:13:14.015  INFO  manager.MyListener - WebDriver start find element -->By.cssSelector: input[placeholder='Type feature']
21:13:14.036  INFO  manager.MyListener - WebDriver found element by locator -->By.cssSelector: input[placeholder='Type feature']
21:13:14.289  INFO  manager.MyListener - WebDriver start find element -->By.id: about
21:13:14.311  INFO  manager.MyListener - WebDriver found element by locator -->By.id: about
21:13:14.572  INFO  manager.MyListener - WebDriver start find element -->By.id: photos
21:13:14.586  INFO  manager.MyListener - WebDriver found element by locator -->By.id: photos
21:13:15.617  INFO  manager.MyListener - WebDriver start find element -->By.cssSelector: button[type='submit']
21:13:15.637  INFO  manager.MyListener - WebDriver found element by locator -->By.cssSelector: button[type='submit']
21:13:16.213  INFO  manager.MyListener - WebDriver start find element -->By.cssSelector: button[type='submit']
21:13:16.226  INFO  manager.MyListener - WebDriver found element by locator -->By.cssSelector: button[type='submit']
21:13:18.459  INFO  manager.MyListener - WebDriver start find element -->By.cssSelector: div.dialog-container
21:13:18.478  INFO  manager.MyListener - WebDriver found element by locator -->By.cssSelector: div.dialog-container
21:13:18.510  INFO  manager.MyListener - WebDriver start find element -->By.cssSelector: div.dialog-container h1
21:13:18.526  INFO  manager.MyListener - WebDriver found element by locator -->By.cssSelector: div.dialog-container h1
21:13:18.544  INFO  manager.MyListener - WebDriver start find element -->By.xpath: //button[text()='Search cars']
21:13:18.554  INFO  manager.MyListener - WebDriver found element by locator -->By.xpath: //button[text()='Search cars']
21:13:18.780  INFO  manager.HelperBase - Start method with name --> addNewCarSuccessFromCSV
21:13:19.829  INFO  manager.MyListener - WebDriver start find element -->By.id: 1
21:13:19.849  INFO  manager.MyListener - WebDriver found element by locator -->By.id: 1
21:13:20.123  INFO  manager.MyListener - WebDriver start find element -->By.id: pickUpPlace
21:13:20.139  INFO  manager.MyListener - WebDriver found element by locator -->By.id: pickUpPlace
21:13:20.412  INFO  manager.MyListener - WebDriver start find element -->By.cssSelector: div.pac-item
21:13:20.800  INFO  manager.MyListener - WebDriver found element by locator -->By.cssSelector: div.pac-item
21:13:22.530  INFO  manager.MyListener - WebDriver start find element -->By.id: make
21:13:22.551  INFO  manager.MyListener - WebDriver found element by locator -->By.id: make
21:13:22.810  INFO  manager.MyListener - WebDriver start find element -->By.id: model
21:13:22.830  INFO  manager.MyListener - WebDriver found element by locator -->By.id: model
21:13:23.089  INFO  manager.MyListener - WebDriver start find element -->By.id: year
21:13:23.110  INFO  manager.MyListener - WebDriver found element by locator -->By.id: year
21:13:23.371  INFO  manager.MyListener - WebDriver start find element -->By.id: engine
21:13:23.389  INFO  manager.MyListener - WebDriver found element by locator -->By.id: engine
21:13:23.631  INFO  manager.MyListener - WebDriver start find element -->By.id: fuel
21:13:23.651  INFO  manager.MyListener - WebDriver found element by locator -->By.id: fuel
21:13:23.901  INFO  manager.MyListener - WebDriver start find element -->By.id: gear
21:13:23.923  INFO  manager.MyListener - WebDriver found element by locator -->By.id: gear
21:13:24.180  INFO  manager.MyListener - WebDriver start find element -->By.id: wheelsDrive
21:13:24.201  INFO  manager.MyListener - WebDriver found element by locator -->By.id: wheelsDrive
21:13:24.462  INFO  manager.MyListener - WebDriver start find element -->By.id: doors
21:13:24.482  INFO  manager.MyListener - WebDriver found element by locator -->By.id: doors
21:13:24.711  INFO  manager.MyListener - WebDriver start find element -->By.id: seats
21:13:24.723  INFO  manager.MyListener - WebDriver found element by locator -->By.id: seats
21:13:24.967  INFO  manager.MyListener - WebDriver start find element -->By.id: class
21:13:24.988  INFO  manager.MyListener - WebDriver found element by locator -->By.id: class
21:13:25.227  INFO  manager.MyListener - WebDriver start find element -->By.id: fuelConsumption
21:13:25.240  INFO  manager.MyListener - WebDriver found element by locator -->By.id: fuelConsumption
21:13:25.481  INFO  manager.MyListener - WebDriver start find element -->By.id: serialNumber
21:13:25.496  INFO  manager.MyListener - WebDriver found element by locator -->By.id: serialNumber
21:13:25.759  INFO  manager.MyListener - WebDriver start find element -->By.id: price
21:13:25.774  INFO  manager.MyListener - WebDriver found element by locator -->By.id: price
21:13:26.012  INFO  manager.MyListener - WebDriver start find element -->By.id: distance
21:13:26.028  INFO  manager.MyListener - WebDriver found element by locator -->By.id: distance
21:13:26.271  INFO  manager.MyListener - WebDriver start find element -->By.cssSelector: input[placeholder='Type feature']
21:13:26.286  INFO  manager.MyListener - WebDriver found element by locator -->By.cssSelector: input[placeholder='Type feature']
21:13:26.537  INFO  manager.MyListener - WebDriver start find element -->By.id: about
21:13:26.551  INFO  manager.MyListener - WebDriver found element by locator -->By.id: about
21:13:26.816  INFO  manager.MyListener - WebDriver start find element -->By.id: photos
21:13:26.830  INFO  manager.MyListener - WebDriver found element by locator -->By.id: photos
21:13:27.862  INFO  manager.MyListener - WebDriver start find element -->By.cssSelector: button[type='submit']
21:13:27.882  INFO  manager.MyListener - WebDriver found element by locator -->By.cssSelector: button[type='submit']
21:13:28.471  INFO  manager.MyListener - WebDriver start find element -->By.cssSelector: button[type='submit']
21:13:28.484  INFO  manager.MyListener - WebDriver found element by locator -->By.cssSelector: button[type='submit']
21:13:30.722  INFO  manager.MyListener - WebDriver start find element -->By.cssSelector: div.dialog-container
21:13:30.736  INFO  manager.MyListener - WebDriver found element by locator -->By.cssSelector: div.dialog-container
21:13:30.763  INFO  manager.MyListener - WebDriver start find element -->By.cssSelector: div.dialog-container h1
21:13:30.774  INFO  manager.MyListener - WebDriver found element by locator -->By.cssSelector: div.dialog-container h1
21:13:30.782  INFO  manager.MyListener - WebDriver start find element -->By.xpath: //button[text()='Search cars']
21:13:30.792  INFO  manager.MyListener - WebDriver found element by locator -->By.xpath: //button[text()='Search cars']
21:13:31.021  INFO  manager.HelperBase - Start method with name --> addNewCarSuccessFromCSV
21:13:32.039  INFO  manager.MyListener - WebDriver start find element -->By.id: 1
21:13:32.053  INFO  manager.MyListener - WebDriver found element by locator -->By.id: 1
21:13:32.307  INFO  manager.MyListener - WebDriver start find element -->By.id: pickUpPlace
21:13:32.326  INFO  manager.MyListener - WebDriver found element by locator -->By.id: pickUpPlace
21:13:32.624  INFO  manager.MyListener - WebDriver start find element -->By.cssSelector: div.pac-item
21:13:32.929  INFO  manager.MyListener - WebDriver found element by locator -->By.cssSelector: div.pac-item
21:13:34.655  INFO  manager.MyListener - WebDriver start find element -->By.id: make
21:13:34.674  INFO  manager.MyListener - WebDriver found element by locator -->By.id: make
21:13:34.917  INFO  manager.MyListener - WebDriver start find element -->By.id: model
21:13:34.935  INFO  manager.MyListener - WebDriver found element by locator -->By.id: model
21:13:35.178  INFO  manager.MyListener - WebDriver start find element -->By.id: year
21:13:35.194  INFO  manager.MyListener - WebDriver found element by locator -->By.id: year
21:13:35.443  INFO  manager.MyListener - WebDriver start find element -->By.id: engine
21:13:35.461  INFO  manager.MyListener - WebDriver found element by locator -->By.id: engine
21:13:35.701  INFO  manager.MyListener - WebDriver start find element -->By.id: fuel
21:13:35.718  INFO  manager.MyListener - WebDriver found element by locator -->By.id: fuel
21:13:35.966  INFO  manager.MyListener - WebDriver start find element -->By.id: gear
21:13:35.983  INFO  manager.MyListener - WebDriver found element by locator -->By.id: gear
21:13:36.233  INFO  manager.MyListener - WebDriver start find element -->By.id: wheelsDrive
21:13:36.247  INFO  manager.MyListener - WebDriver found element by locator -->By.id: wheelsDrive
21:13:36.497  INFO  manager.MyListener - WebDriver start find element -->By.id: doors
21:13:36.515  INFO  manager.MyListener - WebDriver found element by locator -->By.id: doors
21:13:36.757  INFO  manager.MyListener - WebDriver start find element -->By.id: seats
21:13:36.775  INFO  manager.MyListener - WebDriver found element by locator -->By.id: seats
21:13:37.016  INFO  manager.MyListener - WebDriver start find element -->By.id: class
21:13:37.033  INFO  manager.MyListener - WebDriver found element by locator -->By.id: class
21:13:37.273  INFO  manager.MyListener - WebDriver start find element -->By.id: fuelConsumption
21:13:37.291  INFO  manager.MyListener - WebDriver found element by locator -->By.id: fuelConsumption
21:13:37.539  INFO  manager.MyListener - WebDriver start find element -->By.id: serialNumber
21:13:37.557  INFO  manager.MyListener - WebDriver found element by locator -->By.id: serialNumber
21:13:37.820  INFO  manager.MyListener - WebDriver start find element -->By.id: price
21:13:37.837  INFO  manager.MyListener - WebDriver found element by locator -->By.id: price
21:13:38.079  INFO  manager.MyListener - WebDriver start find element -->By.id: distance
21:13:38.095  INFO  manager.MyListener - WebDriver found element by locator -->By.id: distance
21:13:38.338  INFO  manager.MyListener - WebDriver start find element -->By.cssSelector: input[placeholder='Type feature']
21:13:38.355  INFO  manager.MyListener - WebDriver found element by locator -->By.cssSelector: input[placeholder='Type feature']
21:13:38.599  INFO  manager.MyListener - WebDriver start find element -->By.id: about
21:13:38.612  INFO  manager.MyListener - WebDriver found element by locator -->By.id: about
21:13:38.892  INFO  manager.MyListener - WebDriver start find element -->By.id: photos
21:13:38.902  INFO  manager.MyListener - WebDriver found element by locator -->By.id: photos
21:13:39.933  INFO  manager.MyListener - WebDriver start find element -->By.cssSelector: button[type='submit']
21:13:39.950  INFO  manager.MyListener - WebDriver found element by locator -->By.cssSelector: button[type='submit']
21:13:39.989  INFO  manager.MyListener - WebDriver start find element -->By.cssSelector: button[type='submit']
21:13:40.005  INFO  manager.MyListener - WebDriver found element by locator -->By.cssSelector: button[type='submit']
21:13:42.242  INFO  manager.MyListener - WebDriver start find element -->By.cssSelector: div.dialog-container
21:13:42.260  INFO  manager.MyListener - WebDriver found element by locator -->By.cssSelector: div.dialog-container
21:13:42.290  INFO  manager.MyListener - WebDriver start find element -->By.cssSelector: div.dialog-container h1
21:13:42.305  INFO  manager.MyListener - WebDriver found element by locator -->By.cssSelector: div.dialog-container h1
21:13:42.315  INFO  manager.MyListener - WebDriver start find element -->By.xpath: //button[text()='Search cars']
21:13:42.325  INFO  manager.MyListener - WebDriver found element by locator -->By.xpath: //button[text()='Search cars']
21:13:42.550  INFO  manager.HelperBase - Start method with name --> successLogin
21:13:42.562  INFO  manager.MyListener - WebDriver start find element -->By.xpath: //a[text()=' Logout ']
21:13:42.570  INFO  manager.MyListener - WebDriver found element by locator -->By.xpath: //a[text()=' Logout ']
21:13:42.814  INFO  manager.HelperBase - Test start with email: huff1@gmail.compassword: Hhuff11234$
21:13:42.815  INFO  manager.MyListener - WebDriver start find element -->By.xpath: //*[@href='/login?url=%2Fsearch']
21:13:42.825  INFO  manager.MyListener - WebDriver found element by locator -->By.xpath: //*[@href='/login?url=%2Fsearch']
21:13:43.070  INFO  manager.MyListener - WebDriver start find element -->By.xpath: //*[@id='email']
21:13:43.085  INFO  manager.MyListener - WebDriver found element by locator -->By.xpath: //*[@id='email']
21:13:43.366  INFO  manager.MyListener - WebDriver start find element -->By.xpath: //*[@id='password']
21:13:43.381  INFO  manager.MyListener - WebDriver found element by locator -->By.xpath: //*[@id='password']
21:13:43.640  INFO  manager.MyListener - WebDriver start find element -->By.cssSelector: button[type='submit']
21:13:43.653  INFO  manager.MyListener - WebDriver found element by locator -->By.cssSelector: button[type='submit']
21:13:43.680  INFO  manager.MyListener - WebDriver start find element -->By.cssSelector: button[type='submit']
21:13:43.692  INFO  manager.MyListener - WebDriver found element by locator -->By.cssSelector: button[type='submit']
21:13:45.929  INFO  manager.MyListener - WebDriver start find element -->By.cssSelector: div.dialog-container
21:13:45.945  INFO  manager.MyListener - WebDriver found element by locator -->By.cssSelector: div.dialog-container
21:13:45.975  INFO  manager.MyListener - WebDriver start find element -->By.cssSelector: div.dialog-container h1
21:13:45.986  INFO  manager.MyListener - WebDriver found element by locator -->By.cssSelector: div.dialog-container h1
21:13:46.004  INFO  manager.MyListener - WebDriver start find element -->By.xpath: //button[text()='Ok']
21:13:46.013  INFO  manager.MyListener - WebDriver found element by locator -->By.xpath: //button[text()='Ok']
21:13:46.229  INFO  manager.HelperBase - Start method with name --> successLogin
21:13:46.241  INFO  manager.MyListener - WebDriver start find element -->By.xpath: //a[text()=' Logout ']
21:13:46.251  INFO  manager.MyListener - WebDriver found element by locator -->By.xpath: //a[text()=' Logout ']
21:13:46.501  INFO  manager.HelperBase - Test start with email: huff@gmail.compassword: Hhuff1234$
21:13:46.501  INFO  manager.MyListener - WebDriver start find element -->By.xpath: //*[@href='/login?url=%2Fsearch']
21:13:46.518  INFO  manager.MyListener - WebDriver found element by locator -->By.xpath: //*[@href='/login?url=%2Fsearch']
21:13:46.763  INFO  manager.MyListener - WebDriver start find element -->By.xpath: //*[@id='email']
21:13:46.780  INFO  manager.MyListener - WebDriver found element by locator -->By.xpath: //*[@id='email']
21:13:47.052  INFO  manager.MyListener - WebDriver start find element -->By.xpath: //*[@id='password']
21:13:47.063  INFO  manager.MyListener - WebDriver found element by locator -->By.xpath: //*[@id='password']
21:13:47.324  INFO  manager.MyListener - WebDriver start find element -->By.cssSelector: button[type='submit']
21:13:47.342  INFO  manager.MyListener - WebDriver found element by locator -->By.cssSelector: button[type='submit']
21:13:47.385  INFO  manager.MyListener - WebDriver start find element -->By.cssSelector: button[type='submit']
21:13:47.397  INFO  manager.MyListener - WebDriver found element by locator -->By.cssSelector: button[type='submit']
21:13:49.632  INFO  manager.MyListener - WebDriver start find element -->By.cssSelector: div.dialog-container
21:13:49.649  INFO  manager.MyListener - WebDriver found element by locator -->By.cssSelector: div.dialog-container
21:13:49.672  INFO  manager.MyListener - WebDriver start find element -->By.cssSelector: div.dialog-container h1
21:13:49.682  INFO  manager.MyListener - WebDriver found element by locator -->By.cssSelector: div.dialog-container h1
21:13:49.699  INFO  manager.MyListener - WebDriver start find element -->By.xpath: //button[text()='Ok']
21:13:49.707  INFO  manager.MyListener - WebDriver found element by locator -->By.xpath: //button[text()='Ok']
21:13:49.923  INFO  manager.HelperBase - Start method with name --> successLogin
21:13:49.936  INFO  manager.MyListener - WebDriver start find element -->By.xpath: //a[text()=' Logout ']
21:13:49.946  INFO  manager.MyListener - WebDriver found element by locator -->By.xpath: //a[text()=' Logout ']
21:13:50.192  INFO  manager.HelperBase - Test start with email: alex1@gmail.compassword: Aalex1234
21:13:50.192  INFO  manager.MyListener - WebDriver start find element -->By.xpath: //*[@href='/login?url=%2Fsearch']
21:13:50.209  INFO  manager.MyListener - WebDriver found element by locator -->By.xpath: //*[@href='/login?url=%2Fsearch']
21:13:50.453  INFO  manager.MyListener - WebDriver start find element -->By.xpath: //*[@id='email']
21:13:50.470  INFO  manager.MyListener - WebDriver found element by locator -->By.xpath: //*[@id='email']
21:13:50.741  INFO  manager.MyListener - WebDriver start find element -->By.xpath: //*[@id='password']
21:13:50.757  INFO  manager.MyListener - WebDriver found element by locator -->By.xpath: //*[@id='password']
21:13:51.011  INFO  manager.MyListener - WebDriver start find element -->By.cssSelector: button[type='submit']
21:13:51.028  INFO  manager.MyListener - WebDriver found element by locator -->By.cssSelector: button[type='submit']
21:13:51.057  INFO  manager.MyListener - WebDriver start find element -->By.cssSelector: button[type='submit']
21:13:51.067  INFO  manager.MyListener - WebDriver found element by locator -->By.cssSelector: button[type='submit']
21:13:53.299  INFO  manager.MyListener - WebDriver start find element -->By.cssSelector: div.dialog-container
21:13:53.314  INFO  manager.MyListener - WebDriver found element by locator -->By.cssSelector: div.dialog-container
21:13:53.336  INFO  manager.MyListener - WebDriver start find element -->By.cssSelector: div.dialog-container h1
21:13:53.346  INFO  manager.MyListener - WebDriver found element by locator -->By.cssSelector: div.dialog-container h1
21:13:53.364  INFO  manager.MyListener - WebDriver start find element -->By.xpath: //button[text()='Ok']
21:13:53.372  INFO  manager.MyListener - WebDriver found element by locator -->By.xpath: //button[text()='Ok']
21:13:53.591  INFO  manager.HelperBase - Start method with name --> successLogin
21:13:53.603  INFO  manager.MyListener - WebDriver start find element -->By.xpath: //a[text()=' Logout ']
21:13:53.613  INFO  manager.MyListener - WebDriver found element by locator -->By.xpath: //a[text()=' Logout ']
21:13:53.873  INFO  manager.HelperBase - Test start with email: joe@gmail.compassword: Dow1234+
21:13:53.873  INFO  manager.MyListener - WebDriver start find element -->By.xpath: //*[@href='/login?url=%2Fsearch']
21:13:53.889  INFO  manager.MyListener - WebDriver found element by locator -->By.xpath: //*[@href='/login?url=%2Fsearch']
21:13:54.131  INFO  manager.MyListener - WebDriver start find element -->By.xpath: //*[@id='email']
21:13:54.146  INFO  manager.MyListener - WebDriver found element by locator -->By.xpath: //*[@id='email']
21:13:54.414  INFO  manager.MyListener - WebDriver start find element -->By.xpath: //*[@id='password']
21:13:54.430  INFO  manager.MyListener - WebDriver found element by locator -->By.xpath: //*[@id='password']
21:13:54.682  INFO  manager.MyListener - WebDriver start find element -->By.cssSelector: button[type='submit']
21:13:54.695  INFO  manager.MyListener - WebDriver found element by locator -->By.cssSelector: button[type='submit']
21:13:54.726  INFO  manager.MyListener - WebDriver start find element -->By.cssSelector: button[type='submit']
21:13:54.738  INFO  manager.MyListener - WebDriver found element by locator -->By.cssSelector: button[type='submit']
21:13:56.964  INFO  manager.MyListener - WebDriver start find element -->By.cssSelector: div.dialog-container
21:13:56.982  INFO  manager.MyListener - WebDriver found element by locator -->By.cssSelector: div.dialog-container
21:13:57.005  INFO  manager.MyListener - WebDriver start find element -->By.cssSelector: div.dialog-container h1
21:13:57.015  INFO  manager.MyListener - WebDriver found element by locator -->By.cssSelector: div.dialog-container h1
21:13:57.033  INFO  manager.MyListener - WebDriver start find element -->By.xpath: //button[text()='Ok']
21:13:57.042  INFO  manager.MyListener - WebDriver found element by locator -->By.xpath: //button[text()='Ok']
21:13:57.259  INFO  manager.HelperBase - Start method with name --> successLogin
21:13:57.275  INFO  manager.MyListener - WebDriver start find element -->By.xpath: //a[text()=' Logout ']
21:13:57.287  INFO  manager.MyListener - WebDriver found element by locator -->By.xpath: //a[text()=' Logout ']
21:13:57.534  INFO  manager.HelperBase - Test start with email: alice@gmail.compassword: Ffox12345$
21:13:57.534  INFO  manager.MyListener - WebDriver start find element -->By.xpath: //*[@href='/login?url=%2Fsearch']
21:13:57.549  INFO  manager.MyListener - WebDriver found element by locator -->By.xpath: //*[@href='/login?url=%2Fsearch']
21:13:57.779  INFO  manager.MyListener - WebDriver start find element -->By.xpath: //*[@id='email']
21:13:57.793  INFO  manager.MyListener - WebDriver found element by locator -->By.xpath: //*[@id='email']
21:13:58.042  INFO  manager.MyListener - WebDriver start find element -->By.xpath: //*[@id='password']
21:13:58.055  INFO  manager.MyListener - WebDriver found element by locator -->By.xpath: //*[@id='password']
21:13:58.310  INFO  manager.MyListener - WebDriver start find element -->By.cssSelector: button[type='submit']
21:13:58.320  INFO  manager.MyListener - WebDriver found element by locator -->By.cssSelector: button[type='submit']
21:13:58.343  INFO  manager.MyListener - WebDriver start find element -->By.cssSelector: button[type='submit']
21:13:58.351  INFO  manager.MyListener - WebDriver found element by locator -->By.cssSelector: button[type='submit']
21:14:00.573  INFO  manager.MyListener - WebDriver start find element -->By.cssSelector: div.dialog-container
21:14:00.587  INFO  manager.MyListener - WebDriver found element by locator -->By.cssSelector: div.dialog-container
21:14:00.609  INFO  manager.MyListener - WebDriver start find element -->By.cssSelector: div.dialog-container h1
21:14:00.619  INFO  manager.MyListener - WebDriver found element by locator -->By.cssSelector: div.dialog-container h1
21:14:00.637  INFO  manager.MyListener - WebDriver start find element -->By.xpath: //button[text()='Ok']
21:14:00.645  INFO  manager.MyListener - WebDriver found element by locator -->By.xpath: //button[text()='Ok']
21:14:00.866  INFO  manager.HelperBase - Start method with name --> successLogin
21:14:00.900  INFO  manager.MyListener - WebDriver start find element -->By.xpath: //a[text()=' Logout ']
21:14:00.909  INFO  manager.MyListener - WebDriver found element by locator -->By.xpath: //a[text()=' Logout ']
21:14:01.164  INFO  manager.HelperBase - Test start with email: regi@gmail.compassword: Ffive1234$
21:14:01.165  INFO  manager.MyListener - WebDriver start find element -->By.xpath: //*[@href='/login?url=%2Fsearch']
21:14:01.180  INFO  manager.MyListener - WebDriver found element by locator -->By.xpath: //*[@href='/login?url=%2Fsearch']
21:14:01.429  INFO  manager.MyListener - WebDriver start find element -->By.xpath: //*[@id='email']
21:14:01.443  INFO  manager.MyListener - WebDriver found element by locator -->By.xpath: //*[@id='email']
21:14:01.701  INFO  manager.MyListener - WebDriver start find element -->By.xpath: //*[@id='password']
21:14:01.711  INFO  manager.MyListener - WebDriver found element by locator -->By.xpath: //*[@id='password']
21:14:01.951  INFO  manager.MyListener - WebDriver start find element -->By.cssSelector: button[type='submit']
21:14:01.961  INFO  manager.MyListener - WebDriver found element by locator -->By.cssSelector: button[type='submit']
21:14:01.987  INFO  manager.MyListener - WebDriver start find element -->By.cssSelector: button[type='submit']
21:14:01.996  INFO  manager.MyListener - WebDriver found element by locator -->By.cssSelector: button[type='submit']
21:14:04.233  INFO  manager.MyListener - WebDriver start find element -->By.cssSelector: div.dialog-container
21:14:04.248  INFO  manager.MyListener - WebDriver found element by locator -->By.cssSelector: div.dialog-container
21:14:04.280  INFO  manager.MyListener - WebDriver start find element -->By.cssSelector: div.dialog-container h1
21:14:04.288  INFO  manager.MyListener - WebDriver found element by locator -->By.cssSelector: div.dialog-container h1
21:14:04.308  INFO  manager.MyListener - WebDriver start find element -->By.xpath: //button[text()='Ok']
21:14:04.316  INFO  manager.MyListener - WebDriver found element by locator -->By.xpath: //button[text()='Ok']
21:14:04.548  INFO  manager.HelperBase - Start method with name --> successLogin
21:14:04.559  INFO  manager.MyListener - WebDriver start find element -->By.xpath: //a[text()=' Logout ']
21:14:04.568  INFO  manager.MyListener - WebDriver found element by locator -->By.xpath: //a[text()=' Logout ']
21:14:04.828  INFO  manager.HelperBase - Test start with email: two@gmail.compassword: Sshon12345$
21:14:04.829  INFO  manager.MyListener - WebDriver start find element -->By.xpath: //*[@href='/login?url=%2Fsearch']
21:14:04.839  INFO  manager.MyListener - WebDriver found element by locator -->By.xpath: //*[@href='/login?url=%2Fsearch']
21:14:05.079  INFO  manager.MyListener - WebDriver start find element -->By.xpath: //*[@id='email']
21:14:05.089  INFO  manager.MyListener - WebDriver found element by locator -->By.xpath: //*[@id='email']
21:14:05.362  INFO  manager.MyListener - WebDriver start find element -->By.xpath: //*[@id='password']
21:14:05.376  INFO  manager.MyListener - WebDriver found element by locator -->By.xpath: //*[@id='password']
21:14:05.641  INFO  manager.MyListener - WebDriver start find element -->By.cssSelector: button[type='submit']
21:14:05.650  INFO  manager.MyListener - WebDriver found element by locator -->By.cssSelector: button[type='submit']
21:14:05.671  INFO  manager.MyListener - WebDriver start find element -->By.cssSelector: button[type='submit']
21:14:05.680  INFO  manager.MyListener - WebDriver found element by locator -->By.cssSelector: button[type='submit']
21:14:07.914  INFO  manager.MyListener - WebDriver start find element -->By.cssSelector: div.dialog-container
21:14:07.935  INFO  manager.MyListener - WebDriver found element by locator -->By.cssSelector: div.dialog-container
21:14:07.964  INFO  manager.MyListener - WebDriver start find element -->By.cssSelector: div.dialog-container h1
21:14:07.978  INFO  manager.MyListener - WebDriver found element by locator -->By.cssSelector: div.dialog-container h1
21:14:07.998  INFO  manager.MyListener - WebDriver start find element -->By.xpath: //button[text()='Ok']
21:14:08.007  INFO  manager.MyListener - WebDriver found element by locator -->By.xpath: //button[text()='Ok']
21:14:08.231  INFO  manager.HelperBase - Start method with name --> successLogin2
21:14:08.246  INFO  manager.MyListener - WebDriver start find element -->By.xpath: //a[text()=' Logout ']
21:14:08.260  INFO  manager.MyListener - WebDriver found element by locator -->By.xpath: //a[text()=' Logout ']
21:14:08.511  INFO  manager.MyListener - WebDriver start find element -->By.xpath: //*[@href='/login?url=%2Fsearch']
21:14:08.521  INFO  manager.MyListener - WebDriver found element by locator -->By.xpath: //*[@href='/login?url=%2Fsearch']
21:14:08.775  INFO  manager.MyListener - WebDriver start find element -->By.xpath: //*[@id='email']
21:14:08.786  INFO  manager.MyListener - WebDriver found element by locator -->By.xpath: //*[@id='email']
21:14:09.063  INFO  manager.MyListener - WebDriver start find element -->By.xpath: //*[@id='password']
21:14:09.076  INFO  manager.MyListener - WebDriver found element by locator -->By.xpath: //*[@id='password']
21:14:09.606  INFO  manager.MyListener - WebDriver start find element -->By.cssSelector: button[type='submit']
21:14:09.615  INFO  manager.MyListener - WebDriver found element by locator -->By.cssSelector: button[type='submit']
21:14:09.647  INFO  manager.MyListener - WebDriver start find element -->By.cssSelector: button[type='submit']
21:14:09.654  INFO  manager.MyListener - WebDriver found element by locator -->By.cssSelector: button[type='submit']
21:14:11.895  INFO  manager.MyListener - WebDriver start find element -->By.cssSelector: div.dialog-container
21:14:11.909  INFO  manager.MyListener - WebDriver found element by locator -->By.cssSelector: div.dialog-container
21:14:11.938  INFO  manager.MyListener - WebDriver start find element -->By.cssSelector: div.dialog-container h1
21:14:11.951  INFO  manager.MyListener - WebDriver found element by locator -->By.cssSelector: div.dialog-container h1
21:14:11.973  INFO  manager.MyListener - WebDriver start find element -->By.xpath: //button[text()='Ok']
21:14:11.981  INFO  manager.MyListener - WebDriver found element by locator -->By.xpath: //button[text()='Ok']
21:14:12.199  INFO  manager.HelperBase - Start method with name --> successLoginDP
21:14:12.213  INFO  manager.MyListener - WebDriver start find element -->By.xpath: //a[text()=' Logout ']
21:14:12.232  INFO  manager.MyListener - WebDriver found element by locator -->By.xpath: //a[text()=' Logout ']
21:14:12.503  INFO  manager.MyListener - WebDriver start find element -->By.xpath: //*[@href='/login?url=%2Fsearch']
21:14:12.514  INFO  manager.MyListener - WebDriver found element by locator -->By.xpath: //*[@href='/login?url=%2Fsearch']
21:14:12.755  INFO  manager.MyListener - WebDriver start find element -->By.xpath: //*[@id='email']
21:14:12.769  INFO  manager.MyListener - WebDriver found element by locator -->By.xpath: //*[@id='email']
21:14:13.073  INFO  manager.MyListener - WebDriver start find element -->By.xpath: //*[@id='password']
21:14:13.083  INFO  manager.MyListener - WebDriver found element by locator -->By.xpath: //*[@id='password']
21:14:13.633  INFO  manager.MyListener - WebDriver start find element -->By.cssSelector: button[type='submit']
21:14:13.642  INFO  manager.MyListener - WebDriver found element by locator -->By.cssSelector: button[type='submit']
21:14:13.672  INFO  manager.MyListener - WebDriver start find element -->By.cssSelector: button[type='submit']
21:14:13.679  INFO  manager.MyListener - WebDriver found element by locator -->By.cssSelector: button[type='submit']
21:14:15.918  INFO  manager.MyListener - WebDriver start find element -->By.cssSelector: div.dialog-container
21:14:15.933  INFO  manager.MyListener - WebDriver found element by locator -->By.cssSelector: div.dialog-container
21:14:15.955  INFO  manager.MyListener - WebDriver start find element -->By.cssSelector: div.dialog-container h1
21:14:15.964  INFO  manager.MyListener - WebDriver found element by locator -->By.cssSelector: div.dialog-container h1
21:14:15.979  INFO  manager.MyListener - WebDriver start find element -->By.xpath: //button[text()='Ok']
21:14:15.986  INFO  manager.MyListener - WebDriver found element by locator -->By.xpath: //button[text()='Ok']
21:14:16.204  INFO  manager.HelperBase - Start method with name --> successLoginDP
21:14:16.216  INFO  manager.MyListener - WebDriver start find element -->By.xpath: //a[text()=' Logout ']
21:14:16.225  INFO  manager.MyListener - WebDriver found element by locator -->By.xpath: //a[text()=' Logout ']
21:14:16.484  INFO  manager.MyListener - WebDriver start find element -->By.xpath: //*[@href='/login?url=%2Fsearch']
21:14:16.497  INFO  manager.MyListener - WebDriver found element by locator -->By.xpath: //*[@href='/login?url=%2Fsearch']
21:14:16.746  INFO  manager.MyListener - WebDriver start find element -->By.xpath: //*[@id='email']
21:14:16.757  INFO  manager.MyListener - WebDriver found element by locator -->By.xpath: //*[@id='email']
21:14:17.044  INFO  manager.MyListener - WebDriver start find element -->By.xpath: //*[@id='password']
21:14:17.057  INFO  manager.MyListener - WebDriver found element by locator -->By.xpath: //*[@id='password']
21:14:17.571  INFO  manager.MyListener - WebDriver start find element -->By.cssSelector: button[type='submit']
21:14:17.579  INFO  manager.MyListener - WebDriver found element by locator -->By.cssSelector: button[type='submit']
21:14:17.607  INFO  manager.MyListener - WebDriver start find element -->By.cssSelector: button[type='submit']
21:14:17.615  INFO  manager.MyListener - WebDriver found element by locator -->By.cssSelector: button[type='submit']
21:14:19.855  INFO  manager.MyListener - WebDriver start find element -->By.cssSelector: div.dialog-container
21:14:19.869  INFO  manager.MyListener - WebDriver found element by locator -->By.cssSelector: div.dialog-container
21:14:19.891  INFO  manager.MyListener - WebDriver start find element -->By.cssSelector: div.dialog-container h1
21:14:19.899  INFO  manager.MyListener - WebDriver found element by locator -->By.cssSelector: div.dialog-container h1
21:14:19.916  INFO  manager.MyListener - WebDriver start find element -->By.xpath: //button[text()='Ok']
21:14:19.923  INFO  manager.MyListener - WebDriver found element by locator -->By.xpath: //button[text()='Ok']
21:14:20.141  INFO  manager.HelperBase - Start method with name --> successLoginDP
21:14:20.150  INFO  manager.MyListener - WebDriver start find element -->By.xpath: //a[text()=' Logout ']
21:14:20.160  INFO  manager.MyListener - WebDriver found element by locator -->By.xpath: //a[text()=' Logout ']
21:14:20.420  INFO  manager.MyListener - WebDriver start find element -->By.xpath: //*[@href='/login?url=%2Fsearch']
21:14:20.433  INFO  manager.MyListener - WebDriver found element by locator -->By.xpath: //*[@href='/login?url=%2Fsearch']
21:14:20.685  INFO  manager.MyListener - WebDriver start find element -->By.xpath: //*[@id='email']
21:14:20.699  INFO  manager.MyListener - WebDriver found element by locator -->By.xpath: //*[@id='email']
21:14:20.965  INFO  manager.MyListener - WebDriver start find element -->By.xpath: //*[@id='password']
21:14:20.976  INFO  manager.MyListener - WebDriver found element by locator -->By.xpath: //*[@id='password']
21:14:21.537  INFO  manager.MyListener - WebDriver start find element -->By.cssSelector: button[type='submit']
21:14:21.546  INFO  manager.MyListener - WebDriver found element by locator -->By.cssSelector: button[type='submit']
21:14:21.568  INFO  manager.MyListener - WebDriver start find element -->By.cssSelector: button[type='submit']
21:14:21.575  INFO  manager.MyListener - WebDriver found element by locator -->By.cssSelector: button[type='submit']
21:14:23.807  INFO  manager.MyListener - WebDriver start find element -->By.cssSelector: div.dialog-container
21:14:23.821  INFO  manager.MyListener - WebDriver found element by locator -->By.cssSelector: div.dialog-container
21:14:23.844  INFO  manager.MyListener - WebDriver start find element -->By.cssSelector: div.dialog-container h1
21:14:23.853  INFO  manager.MyListener - WebDriver found element by locator -->By.cssSelector: div.dialog-container h1
21:14:23.870  INFO  manager.MyListener - WebDriver start find element -->By.xpath: //button[text()='Ok']
21:14:23.877  INFO  manager.MyListener - WebDriver found element by locator -->By.xpath: //button[text()='Ok']
21:14:24.107  INFO  manager.HelperBase - Start method with name --> successLoginDP
21:14:24.116  INFO  manager.MyListener - WebDriver start find element -->By.xpath: //a[text()=' Logout ']
21:14:24.124  INFO  manager.MyListener - WebDriver found element by locator -->By.xpath: //a[text()=' Logout ']
21:14:24.385  INFO  manager.MyListener - WebDriver start find element -->By.xpath: //*[@href='/login?url=%2Fsearch']
21:14:24.395  INFO  manager.MyListener - WebDriver found element by locator -->By.xpath: //*[@href='/login?url=%2Fsearch']
21:14:24.635  INFO  manager.MyListener - WebDriver start find element -->By.xpath: //*[@id='email']
21:14:24.650  INFO  manager.MyListener - WebDriver found element by locator -->By.xpath: //*[@id='email']
21:14:24.895  INFO  manager.MyListener - WebDriver start find element -->By.xpath: //*[@id='password']
21:14:24.905  INFO  manager.MyListener - WebDriver found element by locator -->By.xpath: //*[@id='password']
21:14:25.390  INFO  manager.MyListener - WebDriver start find element -->By.cssSelector: button[type='submit']
21:14:25.403  INFO  manager.MyListener - WebDriver found element by locator -->By.cssSelector: button[type='submit']
21:14:25.432  INFO  manager.MyListener - WebDriver start find element -->By.cssSelector: button[type='submit']
21:14:25.442  INFO  manager.MyListener - WebDriver found element by locator -->By.cssSelector: button[type='submit']
21:14:27.697  INFO  manager.MyListener - WebDriver start find element -->By.cssSelector: div.dialog-container
21:14:27.712  INFO  manager.MyListener - WebDriver found element by locator -->By.cssSelector: div.dialog-container
21:14:27.745  INFO  manager.MyListener - WebDriver start find element -->By.cssSelector: div.dialog-container h1
21:14:27.758  INFO  manager.MyListener - WebDriver found element by locator -->By.cssSelector: div.dialog-container h1
21:14:27.778  INFO  manager.MyListener - WebDriver start find element -->By.xpath: //button[text()='Ok']
21:14:27.788  INFO  manager.MyListener - WebDriver found element by locator -->By.xpath: //button[text()='Ok']
21:14:28.015  INFO  manager.HelperBase - Start method with name --> registrationSuccess
21:14:28.027  INFO  manager.MyListener - WebDriver start find element -->By.xpath: //a[text()=' Logout ']
21:14:28.036  INFO  manager.MyListener - WebDriver found element by locator -->By.xpath: //a[text()=' Logout ']
21:14:28.298  INFO  manager.MyListener - WebDriver start find element -->By.xpath: //*[@href='/registration?url=%2Fsearch']
21:14:28.308  INFO  manager.MyListener - WebDriver found element by locator -->By.xpath: //*[@href='/registration?url=%2Fsearch']
21:14:28.574  INFO  manager.MyListener - WebDriver start find element -->By.id: name
21:14:28.583  INFO  manager.MyListener - WebDriver found element by locator -->By.id: name
21:14:28.842  INFO  manager.MyListener - WebDriver start find element -->By.id: lastName
21:14:28.857  INFO  manager.MyListener - WebDriver found element by locator -->By.id: lastName
21:14:29.120  INFO  manager.MyListener - WebDriver start find element -->By.id: email
21:14:29.132  INFO  manager.MyListener - WebDriver found element by locator -->By.id: email
21:14:29.403  INFO  manager.MyListener - WebDriver start find element -->By.id: password
21:14:29.413  INFO  manager.MyListener - WebDriver found element by locator -->By.id: password
21:14:29.680  INFO  manager.MyListener - WebDriver start find element -->By.cssSelector: label[for='terms-of-use']
21:14:29.689  INFO  manager.MyListener - WebDriver found element by locator -->By.cssSelector: label[for='terms-of-use']
21:14:30.069  INFO  manager.MyListener - WebDriver start find element -->By.cssSelector: button[type='submit']
21:14:30.084  INFO  manager.MyListener - WebDriver found element by locator -->By.cssSelector: button[type='submit']
21:14:30.126  INFO  manager.MyListener - WebDriver start find element -->By.cssSelector: button[type='submit']
21:14:30.138  INFO  manager.MyListener - WebDriver found element by locator -->By.cssSelector: button[type='submit']
21:14:30.380  INFO  manager.HelperBase - Registration was succssesful with data --->User{name='Test868', lastName='Test868', email='tets868@gmail.com', password='Ttest868$', phoneNumber='null'}
21:14:32.382  INFO  manager.MyListener - WebDriver start find element -->By.cssSelector: div.dialog-container
21:14:34.296  INFO  manager.MyListener - WebDriver found element by locator -->By.cssSelector: div.dialog-container
21:14:34.321  INFO  manager.MyListener - WebDriver start find element -->By.cssSelector: div.dialog-container h1
21:14:34.330  INFO  manager.MyListener - WebDriver found element by locator -->By.cssSelector: div.dialog-container h1
21:14:34.348  INFO  manager.MyListener - WebDriver start find element -->By.xpath: //button[text()='Ok']
21:14:34.357  INFO  manager.MyListener - WebDriver found element by locator -->By.xpath: //button[text()='Ok']
21:14:34.584  INFO  manager.MyListener - WebDriver start find element -->By.cssSelector: a[href='/search']
21:14:34.592  INFO  manager.MyListener - WebDriver found element by locator -->By.cssSelector: a[href='/search']
21:14:34.821  INFO  manager.HelperBase - Start method with name --> registrationSuccess1
21:14:34.835  INFO  manager.MyListener - WebDriver start find element -->By.xpath: //a[text()=' Logout ']
21:14:34.845  INFO  manager.MyListener - WebDriver found element by locator -->By.xpath: //a[text()=' Logout ']
21:14:35.111  INFO  manager.MyListener - WebDriver start find element -->By.xpath: //*[@href='/registration?url=%2Fsearch']
21:14:35.125  INFO  manager.MyListener - WebDriver found element by locator -->By.xpath: //*[@href='/registration?url=%2Fsearch']
21:14:35.378  INFO  manager.MyListener - WebDriver start find element -->By.id: name
21:14:35.391  INFO  manager.MyListener - WebDriver found element by locator -->By.id: name
21:14:35.637  INFO  manager.MyListener - WebDriver start find element -->By.id: lastName
21:14:35.651  INFO  manager.MyListener - WebDriver found element by locator -->By.id: lastName
21:14:35.913  INFO  manager.MyListener - WebDriver start find element -->By.id: email
21:14:35.923  INFO  manager.MyListener - WebDriver found element by locator -->By.id: email
21:14:36.188  INFO  manager.MyListener - WebDriver start find element -->By.id: password
21:14:36.198  INFO  manager.MyListener - WebDriver found element by locator -->By.id: password
21:14:36.462  INFO  manager.MyListener - WebDriver start find element -->By.cssSelector: label[for='terms-of-use']
21:14:36.474  INFO  manager.MyListener - WebDriver found element by locator -->By.cssSelector: label[for='terms-of-use']
21:14:36.840  INFO  manager.MyListener - WebDriver start find element -->By.cssSelector: button[type='submit']
21:14:36.856  INFO  manager.MyListener - WebDriver found element by locator -->By.cssSelector: button[type='submit']
21:14:36.888  INFO  manager.MyListener - WebDriver start find element -->By.cssSelector: button[type='submit']
21:14:36.897  INFO  manager.MyListener - WebDriver found element by locator -->By.cssSelector: button[type='submit']
21:14:39.123  INFO  manager.MyListener - WebDriver start find element -->By.cssSelector: div.dialog-container
21:14:39.137  INFO  manager.MyListener - WebDriver found element by locator -->By.cssSelector: div.dialog-container
21:14:39.167  INFO  manager.MyListener - WebDriver start find element -->By.cssSelector: div.dialog-container h1
21:14:39.176  INFO  manager.MyListener - WebDriver found element by locator -->By.cssSelector: div.dialog-container h1
21:14:39.193  INFO  manager.MyListener - WebDriver start find element -->By.xpath: //button[text()='Ok']
21:14:39.201  INFO  manager.MyListener - WebDriver found element by locator -->By.xpath: //button[text()='Ok']
21:14:39.423  INFO  manager.MyListener - WebDriver start find element -->By.cssSelector: a[href='/search']
21:14:39.433  INFO  manager.MyListener - WebDriver found element by locator -->By.cssSelector: a[href='/search']
21:14:39.657  INFO  manager.HelperBase - Start method with name --> registrationSuccess1
21:14:39.671  INFO  manager.MyListener - WebDriver start find element -->By.xpath: //a[text()=' Logout ']
21:14:39.683  INFO  manager.MyListener - WebDriver found element by locator -->By.xpath: //a[text()=' Logout ']
21:14:39.949  INFO  manager.MyListener - WebDriver start find element -->By.xpath: //*[@href='/registration?url=%2Fsearch']
21:14:39.959  INFO  manager.MyListener - WebDriver found element by locator -->By.xpath: //*[@href='/registration?url=%2Fsearch']
21:14:40.218  INFO  manager.MyListener - WebDriver start find element -->By.id: name
21:14:40.230  INFO  manager.MyListener - WebDriver found element by locator -->By.id: name
21:14:40.479  INFO  manager.MyListener - WebDriver start find element -->By.id: lastName
21:14:40.492  INFO  manager.MyListener - WebDriver found element by locator -->By.id: lastName
21:14:40.741  INFO  manager.MyListener - WebDriver start find element -->By.id: email
21:14:40.755  INFO  manager.MyListener - WebDriver found element by locator -->By.id: email
21:14:41.031  INFO  manager.MyListener - WebDriver start find element -->By.id: password
21:14:41.044  INFO  manager.MyListener - WebDriver found element by locator -->By.id: password
21:14:41.296  INFO  manager.MyListener - WebDriver start find element -->By.cssSelector: label[for='terms-of-use']
21:14:41.309  INFO  manager.MyListener - WebDriver found element by locator -->By.cssSelector: label[for='terms-of-use']
21:14:41.676  INFO  manager.MyListener - WebDriver start find element -->By.cssSelector: button[type='submit']
21:14:41.690  INFO  manager.MyListener - WebDriver found element by locator -->By.cssSelector: button[type='submit']
21:14:41.722  INFO  manager.MyListener - WebDriver start find element -->By.cssSelector: button[type='submit']
21:14:41.732  INFO  manager.MyListener - WebDriver found element by locator -->By.cssSelector: button[type='submit']
21:14:43.970  INFO  manager.MyListener - WebDriver start find element -->By.cssSelector: div.dialog-container
21:14:43.986  INFO  manager.MyListener - WebDriver found element by locator -->By.cssSelector: div.dialog-container
21:14:44.019  INFO  manager.MyListener - WebDriver start find element -->By.cssSelector: div.dialog-container h1
21:14:44.032  INFO  manager.MyListener - WebDriver found element by locator -->By.cssSelector: div.dialog-container h1
21:14:44.054  INFO  manager.MyListener - WebDriver start find element -->By.xpath: //button[text()='Ok']
21:14:44.063  INFO  manager.MyListener - WebDriver found element by locator -->By.xpath: //button[text()='Ok']
21:14:44.287  INFO  manager.MyListener - WebDriver start find element -->By.cssSelector: a[href='/search']
21:14:44.300  INFO  manager.MyListener - WebDriver found element by locator -->By.cssSelector: a[href='/search']
21:14:44.538  INFO  manager.HelperBase - Start method with name --> registrationWrongPasswordFormatAndSize
21:14:44.553  INFO  manager.MyListener - WebDriver start find element -->By.xpath: //a[text()=' Logout ']
21:14:44.565  INFO  manager.MyListener - WebDriver found element by locator -->By.xpath: //a[text()=' Logout ']
21:14:44.830  INFO  manager.HelperBase - Registration was unsuccssesful with data --->User{name='Snow', lastName='White', email='snowwhite@gmail.com', password='SNow', phoneNumber='null'}
21:14:44.831  INFO  manager.MyListener - WebDriver start find element -->By.xpath: //*[@href='/registration?url=%2Fsearch']
21:14:44.843  INFO  manager.MyListener - WebDriver found element by locator -->By.xpath: //*[@href='/registration?url=%2Fsearch']
21:14:45.093  INFO  manager.MyListener - WebDriver start find element -->By.id: name
21:14:45.104  INFO  manager.MyListener - WebDriver found element by locator -->By.id: name
21:14:45.352  INFO  manager.MyListener - WebDriver start find element -->By.id: lastName
21:14:45.367  INFO  manager.MyListener - WebDriver found element by locator -->By.id: lastName
21:14:45.634  INFO  manager.MyListener - WebDriver start find element -->By.id: email
21:14:45.647  INFO  manager.MyListener - WebDriver found element by locator -->By.id: email
21:14:45.923  INFO  manager.MyListener - WebDriver start find element -->By.id: password
21:14:45.936  INFO  manager.MyListener - WebDriver found element by locator -->By.id: password
21:14:46.174  INFO  manager.MyListener - WebDriver start find element -->By.cssSelector: label[for='terms-of-use']
21:14:46.185  INFO  manager.MyListener - WebDriver found element by locator -->By.cssSelector: label[for='terms-of-use']
21:14:46.539  INFO  manager.MyListener - WebDriver start find element -->By.cssSelector: div.error div:first-child
21:14:46.559  INFO  manager.MyListener - WebDriver found element by locator -->By.cssSelector: div.error div:first-child
21:14:46.567  INFO  manager.MyListener - WebDriver start find element -->By.cssSelector: div.error div:first-child
21:14:46.574  INFO  manager.MyListener - WebDriver found element by locator -->By.cssSelector: div.error div:first-child
21:14:46.581  INFO  manager.MyListener - WebDriver start find element -->By.cssSelector: div.error div:last-child
21:14:46.588  INFO  manager.MyListener - WebDriver found element by locator -->By.cssSelector: div.error div:last-child
21:14:46.594  INFO  manager.MyListener - WebDriver start find element -->By.cssSelector: div.error div:last-child
21:14:46.601  INFO  manager.MyListener - WebDriver found element by locator -->By.cssSelector: div.error div:last-child
21:14:46.618  INFO  manager.MyListener - WebDriver start find element -->By.cssSelector: [type=submit]
21:14:46.626  INFO  manager.MyListener - WebDriver found element by locator -->By.cssSelector: [type=submit]
21:14:56.651  INFO  manager.MyListener - WebDriver start find element -->By.cssSelector: a[href='/search']
21:14:56.663  INFO  manager.MyListener - WebDriver found element by locator -->By.cssSelector: a[href='/search']
21:14:56.981  INFO  manager.HelperBase - Start method with name --> searchAnyPeriod
21:14:56.981  INFO  manager.MyListener - WebDriver start find element -->By.id: city
21:14:56.992  INFO  manager.MyListener - WebDriver found element by locator -->By.id: city
21:14:57.971  INFO  manager.MyListener - WebDriver start find element -->By.cssSelector: .pac-item
21:14:57.984  INFO  manager.MyListener - WebDriver found element by locator -->By.cssSelector: .pac-item
21:14:58.712  INFO  manager.MyListener - WebDriver start find element -->By.id: dates
21:14:58.725  INFO  manager.MyListener - WebDriver found element by locator -->By.id: dates
21:14:58.774  INFO  manager.MyListener - WebDriver start find element -->By.id: dates
21:14:58.784  INFO  manager.MyListener - WebDriver found element by locator -->By.id: dates
21:14:59.103  INFO  manager.MyListener - WebDriver start find element -->By.cssSelector: button[aria-label='Next month'
21:14:59.116  INFO  manager.MyListener - WebDriver found element by locator -->By.cssSelector: button[aria-label='Next month'
21:14:59.379  INFO  manager.MyListener - WebDriver start find element -->By.cssSelector: button[aria-label='Next month'
21:14:59.389  INFO  manager.MyListener - WebDriver found element by locator -->By.cssSelector: button[aria-label='Next month'
21:14:59.642  INFO  manager.MyListener - WebDriver start find element -->By.cssSelector: button[aria-label='Next month'
21:14:59.654  INFO  manager.MyListener - WebDriver found element by locator -->By.cssSelector: button[aria-label='Next month'
21:14:59.908  INFO  manager.MyListener - WebDriver start find element -->By.cssSelector: button[aria-label='Next month'
21:14:59.918  INFO  manager.MyListener - WebDriver found element by locator -->By.cssSelector: button[aria-label='Next month'
21:15:00.173  INFO  manager.MyListener - WebDriver start find element -->By.cssSelector: button[aria-label='Next month'
21:15:00.183  INFO  manager.MyListener - WebDriver found element by locator -->By.cssSelector: button[aria-label='Next month'
21:15:00.437  INFO  manager.MyListener - WebDriver start find element -->By.cssSelector: button[aria-label='Next month'
21:15:00.450  INFO  manager.MyListener - WebDriver found element by locator -->By.cssSelector: button[aria-label='Next month'
21:15:00.712  INFO  manager.MyListener - WebDriver start find element -->By.cssSelector: button[aria-label='Next month'
21:15:00.726  INFO  manager.MyListener - WebDriver found element by locator -->By.cssSelector: button[aria-label='Next month'
21:15:00.976  INFO  manager.MyListener - WebDriver start find element -->By.cssSelector: button[aria-label='Next month'
21:15:00.987  INFO  manager.MyListener - WebDriver found element by locator -->By.cssSelector: button[aria-label='Next month'
21:15:01.257  INFO  manager.MyListener - WebDriver start find element -->By.cssSelector: button[aria-label='Next month'
21:15:01.271  INFO  manager.MyListener - WebDriver found element by locator -->By.cssSelector: button[aria-label='Next month'
21:15:01.519  INFO  manager.MyListener - WebDriver start find element -->By.cssSelector: button[aria-label='Next month'
21:15:01.532  INFO  manager.MyListener - WebDriver found element by locator -->By.cssSelector: button[aria-label='Next month'
21:15:01.790  INFO  manager.MyListener - WebDriver start find element -->By.cssSelector: button[aria-label='Next month'
21:15:01.805  INFO  manager.MyListener - WebDriver found element by locator -->By.cssSelector: button[aria-label='Next month'
21:15:02.061  INFO  manager.MyListener - WebDriver start find element -->By.xpath: //div[text()=' 10 ']
21:15:02.073  INFO  manager.MyListener - WebDriver found element by locator -->By.xpath: //div[text()=' 10 ']
21:15:02.326  INFO  manager.MyListener - WebDriver start find element -->By.cssSelector: button[aria-label='Next month'
21:15:02.340  INFO  manager.MyListener - WebDriver found element by locator -->By.cssSelector: button[aria-label='Next month'
21:15:02.595  INFO  manager.MyListener - WebDriver start find element -->By.xpath: //div[text()=' 15 ']
21:15:02.624  INFO  manager.MyListener - WebDriver found element by locator -->By.xpath: //div[text()=' 15 ']
21:15:02.887  INFO  manager.MyListener - WebDriver start find element -->By.cssSelector: button[type='submit']
21:15:02.896  INFO  manager.MyListener - WebDriver found element by locator -->By.cssSelector: button[type='submit']
21:15:02.921  INFO  manager.MyListener - WebDriver start find element -->By.cssSelector: button[type='submit']
21:15:02.928  INFO  manager.MyListener - WebDriver found element by locator -->By.cssSelector: button[type='submit']
21:15:04.081  INFO  manager.MyListener - WebDriver start find element -->By.cssSelector: a[href='/search']
21:15:04.090  INFO  manager.MyListener - WebDriver found element by locator -->By.cssSelector: a[href='/search']
21:15:04.356  INFO  manager.HelperBase - Start method with name --> searchCurrentMonth
21:15:04.357  INFO  manager.MyListener - WebDriver start find element -->By.id: city
21:15:04.367  INFO  manager.MyListener - WebDriver found element by locator -->By.id: city
21:15:05.346  INFO  manager.MyListener - WebDriver start find element -->By.cssSelector: .pac-item
21:15:06.039  INFO  manager.MyListener - WebDriver found element by locator -->By.cssSelector: .pac-item
21:15:06.761  INFO  manager.MyListener - WebDriver start find element -->By.id: dates
21:15:06.774  INFO  manager.MyListener - WebDriver found element by locator -->By.id: dates
21:15:06.803  INFO  manager.MyListener - WebDriver start find element -->By.id: dates
21:15:06.811  INFO  manager.MyListener - WebDriver found element by locator -->By.id: dates
21:15:07.090  INFO  manager.MyListener - WebDriver start find element -->By.xpath: //div[text()=' 30 ']
21:15:07.104  INFO  manager.MyListener - WebDriver found element by locator -->By.xpath: //div[text()=' 30 ']
21:15:07.370  INFO  manager.MyListener - WebDriver start find element -->By.xpath: //div[text()=' 31 ']
21:15:07.382  INFO  manager.MyListener - WebDriver found element by locator -->By.xpath: //div[text()=' 31 ']
21:15:07.651  INFO  manager.MyListener - WebDriver start find element -->By.cssSelector: button[type='submit']
21:15:07.661  INFO  manager.MyListener - WebDriver found element by locator -->By.cssSelector: button[type='submit']
21:15:07.688  INFO  manager.MyListener - WebDriver start find element -->By.cssSelector: button[type='submit']
21:15:07.697  INFO  manager.MyListener - WebDriver found element by locator -->By.cssSelector: button[type='submit']
21:15:08.804  INFO  manager.MyListener - WebDriver start find element -->By.cssSelector: a[href='/search']
21:15:08.815  INFO  manager.MyListener - WebDriver found element by locator -->By.cssSelector: a[href='/search']
21:15:09.073  INFO  manager.HelperBase - Start method with name --> searchCurrentYear
21:15:09.074  INFO  manager.MyListener - WebDriver start find element -->By.id: city
21:15:09.082  INFO  manager.MyListener - WebDriver found element by locator -->By.id: city
21:15:10.073  INFO  manager.MyListener - WebDriver start find element -->By.cssSelector: .pac-item
21:15:10.086  INFO  manager.MyListener - WebDriver found element by locator -->By.cssSelector: .pac-item
21:15:10.802  INFO  manager.MyListener - WebDriver start find element -->By.id: dates
21:15:10.812  INFO  manager.MyListener - WebDriver found element by locator -->By.id: dates
21:15:10.830  INFO  manager.MyListener - WebDriver start find element -->By.id: dates
21:15:10.838  INFO  manager.MyListener - WebDriver found element by locator -->By.id: dates
21:15:11.091  INFO  manager.MyListener - WebDriver start find element -->By.cssSelector: button[aria-label='Next month'
21:15:11.101  INFO  manager.MyListener - WebDriver found element by locator -->By.cssSelector: button[aria-label='Next month'
21:15:11.346  INFO  manager.MyListener - WebDriver start find element -->By.cssSelector: button[aria-label='Next month'
21:15:11.360  INFO  manager.MyListener - WebDriver found element by locator -->By.cssSelector: button[aria-label='Next month'
21:15:11.615  INFO  manager.MyListener - WebDriver start find element -->By.cssSelector: button[aria-label='Next month'
21:15:11.628  INFO  manager.MyListener - WebDriver found element by locator -->By.cssSelector: button[aria-label='Next month'
21:15:11.886  INFO  manager.MyListener - WebDriver start find element -->By.xpath: //div[text()=' 28 ']
21:15:11.899  INFO  manager.MyListener - WebDriver found element by locator -->By.xpath: //div[text()=' 28 ']
21:15:12.149  INFO  manager.MyListener - WebDriver start find element -->By.cssSelector: button[aria-label='Next month'
21:15:12.163  INFO  manager.MyListener - WebDriver found element by locator -->By.cssSelector: button[aria-label='Next month'
21:15:12.416  INFO  manager.MyListener - WebDriver start find element -->By.cssSelector: button[aria-label='Next month'
21:15:12.430  INFO  manager.MyListener - WebDriver found element by locator -->By.cssSelector: button[aria-label='Next month'
21:15:12.669  INFO  manager.MyListener - WebDriver start find element -->By.xpath: //div[text()=' 10 ']
21:15:12.683  INFO  manager.MyListener - WebDriver found element by locator -->By.xpath: //div[text()=' 10 ']
21:15:12.944  INFO  manager.MyListener - WebDriver start find element -->By.cssSelector: button[type='submit']
21:15:12.958  INFO  manager.MyListener - WebDriver found element by locator -->By.cssSelector: button[type='submit']
21:15:12.997  INFO  manager.MyListener - WebDriver start find element -->By.cssSelector: button[type='submit']
21:15:13.010  INFO  manager.MyListener - WebDriver found element by locator -->By.cssSelector: button[type='submit']
21:15:15.296  INFO  manager.MyListener - WebDriver start find element -->By.cssSelector: a[href='/search']
21:15:15.306  INFO  manager.MyListener - WebDriver found element by locator -->By.cssSelector: a[href='/search']
21:15:15.573  INFO  manager.HelperBase - Start method with name --> searchCurrentYearLocalDate
21:15:15.574  INFO  manager.MyListener - WebDriver start find element -->By.id: city
21:15:15.589  INFO  manager.MyListener - WebDriver found element by locator -->By.id: city
21:15:16.582  INFO  manager.MyListener - WebDriver start find element -->By.cssSelector: .pac-item
21:15:16.595  INFO  manager.MyListener - WebDriver found element by locator -->By.cssSelector: .pac-item
21:15:17.315  INFO  manager.MyListener - WebDriver start find element -->By.id: dates
21:15:17.327  INFO  manager.MyListener - WebDriver found element by locator -->By.id: dates
21:15:17.352  INFO  manager.MyListener - WebDriver start find element -->By.id: dates
21:15:17.363  INFO  manager.MyListener - WebDriver found element by locator -->By.id: dates
21:15:17.630  INFO  manager.MyListener - WebDriver start find element -->By.cssSelector: button[aria-label='Next month'
21:15:17.644  INFO  manager.MyListener - WebDriver found element by locator -->By.cssSelector: button[aria-label='Next month'
21:15:17.916  INFO  manager.MyListener - WebDriver start find element -->By.xpath: //div[text()=' 10 ']
21:15:17.929  INFO  manager.MyListener - WebDriver found element by locator -->By.xpath: //div[text()=' 10 ']
21:15:18.194  INFO  manager.MyListener - WebDriver start find element -->By.cssSelector: button[aria-label='Next month'
21:15:18.205  INFO  manager.MyListener - WebDriver found element by locator -->By.cssSelector: button[aria-label='Next month'
21:15:18.455  INFO  manager.MyListener - WebDriver start find element -->By.cssSelector: button[aria-label='Next month'
21:15:18.466  INFO  manager.MyListener - WebDriver found element by locator -->By.cssSelector: button[aria-label='Next month'
21:15:18.718  INFO  manager.MyListener - WebDriver start find element -->By.xpath: //div[text()=' 20 ']
21:15:18.728  INFO  manager.MyListener - WebDriver found element by locator -->By.xpath: //div[text()=' 20 ']
21:15:18.982  INFO  manager.MyListener - WebDriver start find element -->By.cssSelector: button[type='submit']
21:15:18.996  INFO  manager.MyListener - WebDriver found element by locator -->By.cssSelector: button[type='submit']
21:15:19.033  INFO  manager.MyListener - WebDriver start find element -->By.cssSelector: button[type='submit']
21:15:19.045  INFO  manager.MyListener - WebDriver found element by locator -->By.cssSelector: button[type='submit']
21:15:21.355  INFO  manager.MyListener - WebDriver start find element -->By.cssSelector: a[href='/search']
21:15:21.366  INFO  manager.MyListener - WebDriver found element by locator -->By.cssSelector: a[href='/search']
21:15:21.615  INFO  manager.HelperBase - Start method with name --> searchNextMonth
21:15:21.616  INFO  manager.MyListener - WebDriver start find element -->By.id: city
21:15:21.627  INFO  manager.MyListener - WebDriver found element by locator -->By.id: city
21:15:22.606  INFO  manager.MyListener - WebDriver start find element -->By.cssSelector: .pac-item
21:15:22.619  INFO  manager.MyListener - WebDriver found element by locator -->By.cssSelector: .pac-item
21:15:23.337  INFO  manager.MyListener - WebDriver start find element -->By.id: dates
21:15:23.350  INFO  manager.MyListener - WebDriver found element by locator -->By.id: dates
21:15:23.375  INFO  manager.MyListener - WebDriver start find element -->By.id: dates
21:15:23.385  INFO  manager.MyListener - WebDriver found element by locator -->By.id: dates
21:15:23.640  INFO  manager.MyListener - WebDriver start find element -->By.cssSelector: button[aria-label='Next month'
21:15:23.655  INFO  manager.MyListener - WebDriver found element by locator -->By.cssSelector: button[aria-label='Next month'
21:15:23.912  INFO  manager.MyListener - WebDriver start find element -->By.xpath: //div[text()=' 8 ']
21:15:23.925  INFO  manager.MyListener - WebDriver found element by locator -->By.xpath: //div[text()=' 8 ']
21:15:24.168  INFO  manager.MyListener - WebDriver start find element -->By.xpath: //div[text()=' 20 ']
21:15:24.179  INFO  manager.MyListener - WebDriver found element by locator -->By.xpath: //div[text()=' 20 ']
21:15:24.419  INFO  manager.MyListener - WebDriver start find element -->By.cssSelector: button[type='submit']
21:15:24.433  INFO  manager.MyListener - WebDriver found element by locator -->By.cssSelector: button[type='submit']
21:15:24.473  INFO  manager.MyListener - WebDriver start find element -->By.cssSelector: button[type='submit']
21:15:24.484  INFO  manager.MyListener - WebDriver found element by locator -->By.cssSelector: button[type='submit']
21:15:27.123  INFO  manager.MyListener - WebDriver start find element -->By.cssSelector: a[href='/search']
21:15:27.131  INFO  manager.MyListener - WebDriver found element by locator -->By.cssSelector: a[href='/search']
21:15:27.381  INFO  manager.HelperBase - Start method with name --> searchPeriodPast
21:15:27.382  INFO  manager.MyListener - WebDriver start find element -->By.id: city
21:15:27.395  INFO  manager.MyListener - WebDriver found element by locator -->By.id: city
21:15:28.375  INFO  manager.MyListener - WebDriver start find element -->By.cssSelector: .pac-item
21:15:28.384  INFO  manager.MyListener - WebDriver found element by locator -->By.cssSelector: .pac-item
21:15:29.107  INFO  manager.MyListener - WebDriver start find element -->By.id: dates
21:15:29.119  INFO  manager.MyListener - WebDriver found element by locator -->By.id: dates
21:15:29.147  INFO  manager.MyListener - WebDriver start find element -->By.id: dates
21:15:29.161  INFO  manager.MyListener - WebDriver found element by locator -->By.id: dates
21:15:29.505  INFO  manager.MyListener - WebDriver start find element -->By.cssSelector: .cdk-overlay-container
21:15:29.518  INFO  manager.MyListener - WebDriver found element by locator -->By.cssSelector: .cdk-overlay-container
21:15:29.746  INFO  manager.MyListener - WebDriver start find element -->By.cssSelector: button[type='submit']
21:15:29.761  INFO  manager.MyListener - WebDriver found element by locator -->By.cssSelector: button[type='submit']
21:15:30.488  INFO  manager.MyListener - WebDriver start find element -->By.cssSelector: [type=submit]
21:15:30.499  INFO  manager.MyListener - WebDriver found element by locator -->By.cssSelector: [type=submit]
21:15:30.504  INFO  manager.MyListener - WebDriver start find element -->By.cssSelector: div.error div:first-child
21:15:30.514  INFO  manager.MyListener - WebDriver found element by locator -->By.cssSelector: div.error div:first-child
21:15:30.524  INFO  manager.MyListener - WebDriver start find element -->By.cssSelector: div.error div:first-child
21:15:30.533  INFO  manager.MyListener - WebDriver found element by locator -->By.cssSelector: div.error div:first-child
21:15:30.849  INFO  manager.MyListener - WebDriver start find element -->By.cssSelector: a[href='/search']
21:15:30.857  INFO  manager.MyListener - WebDriver found element by locator -->By.cssSelector: a[href='/search']
