01:08:25.788  INFO  manager.ApplicationManager - All tests run in firefox browser
01:08:27.990  INFO  manager.ApplicationManager - current url ---->https://ilcarro-1578153671498.web.app/search
01:08:28.052  INFO  manager.HelperBase - Start method with name --> searchAnyPeriod
01:08:28.052  INFO  manager.MyListener - WebDriver start find element -->By.id: city
01:08:28.090  INFO  manager.MyListener - WebDriver found element by locator -->By.id: city
01:08:29.107  INFO  manager.MyListener - WebDriver start find element -->By.cssSelector: .pac-item
01:08:29.143  INFO  manager.MyListener - WebDriver found element by locator -->By.cssSelector: .pac-item
01:08:29.876  INFO  manager.MyListener - WebDriver start find element -->By.id: dates
01:08:29.908  INFO  manager.MyListener - WebDriver found element by locator -->By.id: dates
01:08:30.232  INFO  manager.MyListener - WebDriver start find element -->By.cssSelector: button[aria-label='Next month'
01:08:30.259  INFO  manager.MyListener - WebDriver found element by locator -->By.cssSelector: button[aria-label='Next month'
01:08:30.526  INFO  manager.MyListener - WebDriver start find element -->By.cssSelector: button[aria-label='Next month'
01:08:30.554  INFO  manager.MyListener - WebDriver found element by locator -->By.cssSelector: button[aria-label='Next month'
01:08:30.804  INFO  manager.MyListener - WebDriver start find element -->By.cssSelector: button[aria-label='Next month'
01:08:30.828  INFO  manager.MyListener - WebDriver found element by locator -->By.cssSelector: button[aria-label='Next month'
01:08:31.097  INFO  manager.MyListener - WebDriver start find element -->By.cssSelector: button[aria-label='Next month'
01:08:31.129  INFO  manager.MyListener - WebDriver found element by locator -->By.cssSelector: button[aria-label='Next month'
01:08:31.391  INFO  manager.MyListener - WebDriver start find element -->By.cssSelector: button[aria-label='Next month'
01:08:31.419  INFO  manager.MyListener - WebDriver found element by locator -->By.cssSelector: button[aria-label='Next month'
01:08:31.687  INFO  manager.MyListener - WebDriver start find element -->By.cssSelector: button[aria-label='Next month'
01:08:31.715  INFO  manager.MyListener - WebDriver found element by locator -->By.cssSelector: button[aria-label='Next month'
01:08:31.984  INFO  manager.MyListener - WebDriver start find element -->By.cssSelector: button[aria-label='Next month'
01:08:32.012  INFO  manager.MyListener - WebDriver found element by locator -->By.cssSelector: button[aria-label='Next month'
01:08:32.268  INFO  manager.MyListener - WebDriver start find element -->By.cssSelector: button[aria-label='Next month'
01:08:32.296  INFO  manager.MyListener - WebDriver found element by locator -->By.cssSelector: button[aria-label='Next month'
01:08:32.567  INFO  manager.MyListener - WebDriver start find element -->By.cssSelector: button[aria-label='Next month'
01:08:32.591  INFO  manager.MyListener - WebDriver found element by locator -->By.cssSelector: button[aria-label='Next month'
01:08:32.850  INFO  manager.MyListener - WebDriver start find element -->By.cssSelector: button[aria-label='Next month'
01:08:32.878  INFO  manager.MyListener - WebDriver found element by locator -->By.cssSelector: button[aria-label='Next month'
01:08:33.167  INFO  manager.MyListener - WebDriver start find element -->By.cssSelector: button[aria-label='Next month'
01:08:33.191  INFO  manager.MyListener - WebDriver found element by locator -->By.cssSelector: button[aria-label='Next month'
01:08:33.452  INFO  manager.MyListener - WebDriver start find element -->By.xpath: //div[text()=' 10 ']
01:08:33.476  INFO  manager.MyListener - WebDriver found element by locator -->By.xpath: //div[text()=' 10 ']
01:08:33.750  INFO  manager.MyListener - WebDriver start find element -->By.cssSelector: button[aria-label='Next month'
01:08:33.770  INFO  manager.MyListener - WebDriver found element by locator -->By.cssSelector: button[aria-label='Next month'
01:08:34.027  INFO  manager.MyListener - WebDriver start find element -->By.xpath: //div[text()=' 15 ']
01:08:34.047  INFO  manager.MyListener - WebDriver found element by locator -->By.xpath: //div[text()=' 15 ']
01:08:34.316  INFO  manager.MyListener - WebDriver start find element -->By.cssSelector: button[type='submit']
01:08:34.340  INFO  manager.MyListener - WebDriver found element by locator -->By.cssSelector: button[type='submit']
01:08:34.416  INFO  manager.MyListener - WebDriver start find element -->By.cssSelector: button[type='submit']
01:08:34.437  INFO  manager.MyListener - WebDriver found element by locator -->By.cssSelector: button[type='submit']
01:08:35.501  INFO  manager.MyListener - WebDriver start find element -->By.cssSelector: a[href='/search']
01:08:35.533  INFO  manager.MyListener - WebDriver found element by locator -->By.cssSelector: a[href='/search']
01:08:35.778  INFO  manager.MyListener - WebDriver start find element -->By.xpath: //input[@id='city']
01:08:35.794  INFO  manager.MyListener - WebDriver found element by locator -->By.xpath: //input[@id='city']
01:08:35.794  INFO  manager.MyListener - WebDriver start find element -->By.id: dates
01:08:35.814  INFO  manager.MyListener - WebDriver found element by locator -->By.id: dates
01:08:35.814  INFO  manager.MyListener - WebDriver start find element -->By.id: dates
01:08:35.830  INFO  manager.MyListener - WebDriver found element by locator -->By.id: dates
01:08:36.163  INFO  manager.MyListener - The name of method with error is --> public abstract void org.openqa.selenium.WebElement.click()
01:08:36.167  INFO  manager.MyListener - Houston, we have a problem org.openqa.selenium.ElementClickInterceptedException: Element <input id="city" class="ng-untouched ng-pristine ng-valid pac-target-input" type="text"> is not clickable at point (377,282) because another element <div class="cdk-overlay-backdrop mat-overlay-transparent-backdrop cdk-overlay-backdrop-showing"> obscures it
Build info: version: '4.2.2', revision: '683ccb65d6'
System info: host: 'DESKTOP-31QDJF0', ip: '192.168.1.203', os.name: 'Windows 10', os.arch: 'amd64', os.version: '10.0', java.version: '11.0.15.1'
Driver info: org.openqa.selenium.firefox.FirefoxDriver
Command: [9e3c1c84-5a12-49a3-ad32-584f2a304d3e, clickElement {id=7af23e82-132d-432c-98c6-12aad4b51ad3}]
Capabilities {acceptInsecureCerts: true, browserName: firefox, browserVersion: 102.0.1, moz:accessibilityChecks: false, moz:buildID: 20220705093820, moz:debuggerAddress: localhost:53982, moz:geckodriverVersion: 0.31.0, moz:headless: false, moz:processID: 26068, moz:profile: C:\Users\alexa\AppData\Loca..., moz:shutdownTimeout: 60000, moz:useNonSpecCompliantPointerOrigin: false, moz:webdriverClick: true, moz:windowless: false, pageLoadStrategy: normal, platformName: WINDOWS, platformVersion: 10.0, proxy: Proxy(), se:cdp: ws://localhost:53982/devtoo..., se:cdpVersion: 85.0, setWindowRect: true, strictFileInteractability: false, timeouts: {implicit: 0, pageLoad: 300000, script: 30000}, unhandledPromptBehavior: dismiss and notify}
Element: [[FirefoxDriver: firefox on WINDOWS (9e3c1c84-5a12-49a3-ad32-584f2a304d3e)] -> xpath: //input[@id='city']]
Session ID: 9e3c1c84-5a12-49a3-ad32-584f2a304d3e
