10:06:09.647  INFO  manager.ApplicationManager - All tests run in firefox browser
10:06:13.449  INFO  manager.ApplicationManager - current url ---->https://ilcarro-1578153671498.web.app/search
10:06:13.506  INFO  manager.HelperBase - Start method with name --> searchCurrentYear
10:06:13.510  INFO  manager.MyListener - WebDriver start find element -->By.id: city
10:06:13.545  INFO  manager.MyListener - WebDriver found element by locator -->By.id: city
10:06:14.572  INFO  manager.MyListener - WebDriver start find element -->By.cssSelector: .pac-item
10:06:14.592  INFO  manager.MyListener - WebDriver found element by locator -->By.cssSelector: .pac-item
10:06:15.308  INFO  manager.MyListener - WebDriver start find element -->By.id: dates
10:06:15.330  INFO  manager.MyListener - WebDriver found element by locator -->By.id: dates
10:06:15.636  INFO  manager.MyListener - WebDriver start find element -->By.cssSelector: button[aria-label='Next month'
10:06:15.660  INFO  manager.MyListener - WebDriver found element by locator -->By.cssSelector: button[aria-label='Next month'
10:06:15.911  INFO  manager.MyListener - WebDriver start find element -->By.cssSelector: button[aria-label='Next month'
10:06:15.932  INFO  manager.MyListener - WebDriver found element by locator -->By.cssSelector: button[aria-label='Next month'
10:06:16.175  INFO  manager.MyListener - WebDriver start find element -->By.cssSelector: button[aria-label='Next month'
10:06:16.193  INFO  manager.MyListener - WebDriver found element by locator -->By.cssSelector: button[aria-label='Next month'
10:06:16.438  INFO  manager.MyListener - WebDriver start find element -->By.xpath: //div[text()=' 28 ']
10:06:16.458  INFO  manager.MyListener - WebDriver found element by locator -->By.xpath: //div[text()=' 28 ']
10:06:16.705  INFO  manager.MyListener - WebDriver start find element -->By.cssSelector: button[aria-label='Next month'
10:06:16.723  INFO  manager.MyListener - WebDriver found element by locator -->By.cssSelector: button[aria-label='Next month'
10:06:16.964  INFO  manager.MyListener - WebDriver start find element -->By.cssSelector: button[aria-label='Next month'
10:06:16.984  INFO  manager.MyListener - WebDriver found element by locator -->By.cssSelector: button[aria-label='Next month'
10:06:17.235  INFO  manager.MyListener - WebDriver start find element -->By.xpath: //div[text()=' 10 ']
10:06:17.253  INFO  manager.MyListener - WebDriver found element by locator -->By.xpath: //div[text()=' 10 ']
10:06:17.522  INFO  manager.MyListener - WebDriver start find element -->By.cssSelector: button[type='submit']
10:06:17.542  INFO  manager.MyListener - WebDriver found element by locator -->By.cssSelector: button[type='submit']
10:06:17.614  INFO  manager.MyListener - WebDriver start find element -->By.cssSelector: button[type='submit']
10:06:17.633  INFO  manager.MyListener - WebDriver found element by locator -->By.cssSelector: button[type='submit']
