00:42:18.337  INFO  manager.ApplicationManager - All tests run in firefox browser
00:42:20.613  INFO  manager.ApplicationManager - current url ---->https://ilcarro-1578153671498.web.app/search
00:42:20.673  INFO  manager.HelperBase - Start method with name --> searchAnyPeriod
00:42:20.677  INFO  manager.MyListener - WebDriver start find element -->By.id: city
00:42:20.707  INFO  manager.MyListener - WebDriver found element by locator -->By.id: city
00:42:20.711  INFO  manager.MyListener - WebDriver start find element -->By.id: dates
00:42:20.727  INFO  manager.MyListener - WebDriver found element by locator -->By.id: dates
00:42:20.727  INFO  manager.MyListener - WebDriver start find element -->By.id: dates
00:42:20.747  INFO  manager.MyListener - WebDriver found element by locator -->By.id: dates
00:42:21.154  INFO  manager.MyListener - WebDriver start find element -->By.id: city
00:42:21.173  INFO  manager.MyListener - WebDriver found element by locator -->By.id: city
00:42:21.193  INFO  manager.MyListener - The name of method with error is --> public abstract void org.openqa.selenium.WebElement.click()
00:42:21.197  INFO  manager.MyListener - Houston, we have a problem org.openqa.selenium.ElementClickInterceptedException: Element <input id="city" class="ng-untouched ng-pristine ng-invalid pac-target-input" type="text"> is not clickable at point (377,282) because another element <div class="cdk-overlay-backdrop mat-overlay-transparent-backdrop cdk-overlay-backdrop-showing"> obscures it
Build info: version: '4.2.2', revision: '683ccb65d6'
System info: host: 'DESKTOP-31QDJF0', ip: '192.168.1.203', os.name: 'Windows 10', os.arch: 'amd64', os.version: '10.0', java.version: '11.0.15.1'
Driver info: org.openqa.selenium.firefox.FirefoxDriver
Command: [16bc4df6-7913-4515-868c-98402e933365, clickElement {id=3cbcd34e-3414-4fd8-b04c-a10c10be522d}]
Capabilities {acceptInsecureCerts: true, browserName: firefox, browserVersion: 102.0.1, moz:accessibilityChecks: false, moz:buildID: 20220705093820, moz:debuggerAddress: localhost:55181, moz:geckodriverVersion: 0.31.0, moz:headless: false, moz:processID: 23060, moz:profile: C:\Users\alexa\AppData\Loca..., moz:shutdownTimeout: 60000, moz:useNonSpecCompliantPointerOrigin: false, moz:webdriverClick: true, moz:windowless: false, pageLoadStrategy: normal, platformName: WINDOWS, platformVersion: 10.0, proxy: Proxy(), se:cdp: ws://localhost:55181/devtoo..., se:cdpVersion: 85.0, setWindowRect: true, strictFileInteractability: false, timeouts: {implicit: 0, pageLoad: 300000, script: 30000}, unhandledPromptBehavior: dismiss and notify}
Element: [[FirefoxDriver: firefox on WINDOWS (16bc4df6-7913-4515-868c-98402e933365)] -> id: city]
Session ID: 16bc4df6-7913-4515-868c-98402e933365
