00:56:40.827  INFO  manager.ApplicationManager - All tests run in firefox browser
00:56:43.760  INFO  manager.ApplicationManager - current url ---->https://ilcarro-1578153671498.web.app/search
00:56:43.826  INFO  manager.HelperBase - Start method with name --> searchAnyPeriod
00:56:43.826  INFO  manager.MyListener - WebDriver start find element -->By.xpath: //input[@id='city']
00:56:43.873  INFO  manager.MyListener - WebDriver found element by locator -->By.xpath: //input[@id='city']
00:56:43.873  INFO  manager.MyListener - WebDriver start find element -->By.id: dates
00:56:43.904  INFO  manager.MyListener - WebDriver found element by locator -->By.id: dates
00:56:43.904  INFO  manager.MyListener - WebDriver start find element -->By.xpath: //input[@id='city']
00:56:43.919  INFO  manager.MyListener - WebDriver found element by locator -->By.xpath: //input[@id='city']
00:56:44.228  INFO  manager.MyListener - WebDriver start find element -->By.id: dates
00:56:44.251  INFO  manager.MyListener - WebDriver found element by locator -->By.id: dates
00:56:44.595  INFO  manager.MyListener - WebDriver start find element -->By.xpath: //input[@id='city']
00:56:44.611  INFO  manager.MyListener - WebDriver found element by locator -->By.xpath: //input[@id='city']
00:56:44.626  INFO  manager.MyListener - The name of method with error is --> public abstract void org.openqa.selenium.WebElement.click()
00:56:44.626  INFO  manager.MyListener - Houston, we have a problem org.openqa.selenium.ElementClickInterceptedException: Element <input id="city" class="ng-pristine ng-invalid pac-target-input ng-touched" type="text"> is not clickable at point (377,282) because another element <div class="cdk-overlay-backdrop mat-overlay-transparent-backdrop cdk-overlay-backdrop-showing"> obscures it
Build info: version: '4.2.2', revision: '683ccb65d6'
System info: host: 'DESKTOP-31QDJF0', ip: '192.168.1.203', os.name: 'Windows 10', os.arch: 'amd64', os.version: '10.0', java.version: '11.0.15.1'
Driver info: org.openqa.selenium.firefox.FirefoxDriver
Command: [93b071c6-501c-499f-82e8-0776176d83bb, clickElement {id=add7851f-01db-4108-a100-1d55f1dab42f}]
Capabilities {acceptInsecureCerts: true, browserName: firefox, browserVersion: 102.0.1, moz:accessibilityChecks: false, moz:buildID: 20220705093820, moz:debuggerAddress: localhost:59365, moz:geckodriverVersion: 0.31.0, moz:headless: false, moz:processID: 28700, moz:profile: C:\Users\alexa\AppData\Loca..., moz:shutdownTimeout: 60000, moz:useNonSpecCompliantPointerOrigin: false, moz:webdriverClick: true, moz:windowless: false, pageLoadStrategy: normal, platformName: WINDOWS, platformVersion: 10.0, proxy: Proxy(), se:cdp: ws://localhost:59365/devtoo..., se:cdpVersion: 85.0, setWindowRect: true, strictFileInteractability: false, timeouts: {implicit: 0, pageLoad: 300000, script: 30000}, unhandledPromptBehavior: dismiss and notify}
Element: [[FirefoxDriver: firefox on WINDOWS (93b071c6-501c-499f-82e8-0776176d83bb)] -> xpath: //input[@id='city']]
Session ID: 93b071c6-501c-499f-82e8-0776176d83bb
