21:11:53.934  INFO  manager.ApplicationManager - All tests run in firefox browser
21:11:56.537  INFO  manager.ApplicationManager - current url ---->https://ilcarro-1578153671498.web.app/search
21:11:56.592  INFO  manager.HelperBase - Start method with name --> searchCurrentMonth
21:11:56.597  INFO  manager.MyListener - WebDriver start find element -->By.id: city
21:11:56.647  INFO  manager.MyListener - WebDriver found element by locator -->By.id: city
21:11:57.671  INFO  manager.MyListener - WebDriver start find element -->By.cssSelector: .pac-item
21:11:57.707  INFO  manager.MyListener - WebDriver found element by locator -->By.cssSelector: .pac-item
21:11:58.437  INFO  manager.MyListener - WebDriver start find element -->By.id: dates
21:11:58.461  INFO  manager.MyListener - WebDriver found element by locator -->By.id: dates
21:11:58.817  INFO  manager.MyListener - WebDriver start find element -->By.xpath: //div[text()=' 28 ']
21:11:58.847  INFO  manager.MyListener - WebDriver found element by locator -->By.xpath: //div[text()=' 28 ']
21:11:59.117  INFO  manager.MyListener - WebDriver start find element -->By.xpath: //div[text()=' 31 ']
21:11:59.147  INFO  manager.MyListener - WebDriver found element by locator -->By.xpath: //div[text()=' 31 ']
21:11:59.423  INFO  manager.MyListener - WebDriver start find element -->By.cssSelector: button[type='submit']
21:11:59.447  INFO  manager.MyListener - WebDriver found element by locator -->By.cssSelector: button[type='submit']
21:11:59.527  INFO  manager.MyListener - WebDriver start find element -->By.cssSelector: button[type='submit']
21:11:59.547  INFO  manager.MyListener - WebDriver found element by locator -->By.cssSelector: button[type='submit']
21:12:00.912  INFO  manager.HelperBase - Start method with name --> searchCurrentYear
21:12:00.922  INFO  manager.MyListener - WebDriver start find element -->By.cssSelector: a[href='/search']
21:12:00.937  INFO  manager.MyListener - WebDriver found element by locator -->By.cssSelector: a[href='/search']
21:12:01.207  INFO  manager.MyListener - WebDriver start find element -->By.id: city
21:12:01.228  INFO  manager.MyListener - WebDriver found element by locator -->By.id: city
21:12:02.257  INFO  manager.MyListener - WebDriver start find element -->By.cssSelector: .pac-item
21:12:02.282  INFO  manager.MyListener - WebDriver found element by locator -->By.cssSelector: .pac-item
21:12:03.017  INFO  manager.MyListener - WebDriver start find element -->By.id: dates
21:12:03.045  INFO  manager.MyListener - WebDriver found element by locator -->By.id: dates
21:12:03.347  INFO  manager.MyListener - WebDriver start find element -->By.cssSelector: button[aria-label='Next month'
21:12:03.377  INFO  manager.MyListener - WebDriver found element by locator -->By.cssSelector: button[aria-label='Next month'
21:12:03.647  INFO  manager.MyListener - WebDriver start find element -->By.cssSelector: button[aria-label='Next month'
21:12:03.667  INFO  manager.MyListener - WebDriver found element by locator -->By.cssSelector: button[aria-label='Next month'
21:12:03.934  INFO  manager.MyListener - WebDriver start find element -->By.cssSelector: button[aria-label='Next month'
21:12:03.957  INFO  manager.MyListener - WebDriver found element by locator -->By.cssSelector: button[aria-label='Next month'
21:12:04.240  INFO  manager.MyListener - WebDriver start find element -->By.xpath: //div[text()=' 28 ']
21:12:04.263  INFO  manager.MyListener - WebDriver found element by locator -->By.xpath: //div[text()=' 28 ']
21:12:04.527  INFO  manager.MyListener - WebDriver start find element -->By.cssSelector: button[aria-label='Next month'
21:12:04.549  INFO  manager.MyListener - WebDriver found element by locator -->By.cssSelector: button[aria-label='Next month'
21:12:04.803  INFO  manager.MyListener - WebDriver start find element -->By.cssSelector: button[aria-label='Next month'
21:12:04.831  INFO  manager.MyListener - WebDriver found element by locator -->By.cssSelector: button[aria-label='Next month'
21:12:05.081  INFO  manager.MyListener - WebDriver start find element -->By.xpath: //div[text()=' 10 ']
21:12:05.101  INFO  manager.MyListener - WebDriver found element by locator -->By.xpath: //div[text()=' 10 ']
21:12:05.353  INFO  manager.MyListener - WebDriver start find element -->By.cssSelector: button[type='submit']
21:12:05.373  INFO  manager.MyListener - WebDriver found element by locator -->By.cssSelector: button[type='submit']
21:12:05.421  INFO  manager.MyListener - WebDriver start find element -->By.cssSelector: button[type='submit']
21:12:05.439  INFO  manager.MyListener - WebDriver found element by locator -->By.cssSelector: button[type='submit']
