23:00:41.077  INFO  manager.ApplicationManager - All tests run in firefox browser
23:00:45.512  INFO  manager.ApplicationManager - current url ---->https://ilcarro-1578153671498.web.app/search
23:00:45.591  INFO  manager.HelperBase - Start method with name --> successLogin2
23:00:55.636  INFO  manager.MyListener - WebDriver start find element -->By.xpath: //*[@href='/login?url=%2Fsearch']
23:00:55.678  INFO  manager.MyListener - WebDriver found element by locator -->By.xpath: //*[@href='/login?url=%2Fsearch']
23:00:55.960  INFO  manager.MyListener - WebDriver start find element -->By.xpath: //*[@id='email']
23:00:55.999  INFO  manager.MyListener - WebDriver found element by locator -->By.xpath: //*[@id='email']
23:00:56.304  INFO  manager.MyListener - WebDriver start find element -->By.xpath: //*[@id='password']
23:00:56.335  INFO  manager.MyListener - WebDriver found element by locator -->By.xpath: //*[@id='password']
23:00:56.752  INFO  manager.MyListener - WebDriver start find element -->By.cssSelector: button[type='submit']
23:00:56.772  INFO  manager.MyListener - WebDriver found element by locator -->By.cssSelector: button[type='submit']
23:00:56.826  INFO  manager.MyListener - WebDriver start find element -->By.cssSelector: button[type='submit']
23:00:56.842  INFO  manager.MyListener - WebDriver found element by locator -->By.cssSelector: button[type='submit']
23:00:59.083  INFO  manager.MyListener - WebDriver start find element -->By.cssSelector: div.dialog-container
23:00:59.114  INFO  manager.MyListener - WebDriver found element by locator -->By.cssSelector: div.dialog-container
23:00:59.149  INFO  manager.MyListener - WebDriver start find element -->By.cssSelector: div.dialog-container h1
23:00:59.174  INFO  manager.MyListener - WebDriver found element by locator -->By.cssSelector: div.dialog-container h1
23:00:59.212  INFO  manager.MyListener - WebDriver start find element -->By.xpath: //button[text()='Ok']
23:00:59.226  INFO  manager.MyListener - WebDriver found element by locator -->By.xpath: //button[text()='Ok']
23:00:59.451  INFO  manager.HelperBase - Start method with name --> registrationSuccess
23:00:59.469  INFO  manager.MyListener - WebDriver start find element -->By.xpath: //a[text()=' Logout ']
23:00:59.491  INFO  manager.MyListener - WebDriver found element by locator -->By.xpath: //a[text()=' Logout ']
23:00:59.744  INFO  manager.MyListener - WebDriver start find element -->By.xpath: //*[@href='/registration?url=%2Fsearch']
23:00:59.760  INFO  manager.MyListener - WebDriver found element by locator -->By.xpath: //*[@href='/registration?url=%2Fsearch']
23:01:00.010  INFO  manager.MyListener - WebDriver start find element -->By.id: name
23:01:00.035  INFO  manager.MyListener - WebDriver found element by locator -->By.id: name
23:01:00.291  INFO  manager.MyListener - WebDriver start find element -->By.id: lastName
23:01:00.314  INFO  manager.MyListener - WebDriver found element by locator -->By.id: lastName
23:01:00.570  INFO  manager.MyListener - WebDriver start find element -->By.id: email
23:01:00.593  INFO  manager.MyListener - WebDriver found element by locator -->By.id: email
23:01:00.863  INFO  manager.MyListener - WebDriver start find element -->By.id: password
23:01:00.885  INFO  manager.MyListener - WebDriver found element by locator -->By.id: password
23:01:01.140  INFO  manager.MyListener - WebDriver start find element -->By.cssSelector: label[for='terms-of-use']
23:01:01.158  INFO  manager.MyListener - WebDriver found element by locator -->By.cssSelector: label[for='terms-of-use']
23:01:01.556  INFO  manager.MyListener - WebDriver start find element -->By.cssSelector: button[type='submit']
23:01:01.579  INFO  manager.MyListener - WebDriver found element by locator -->By.cssSelector: button[type='submit']
23:01:01.614  INFO  manager.MyListener - WebDriver start find element -->By.cssSelector: button[type='submit']
23:01:01.629  INFO  manager.MyListener - WebDriver found element by locator -->By.cssSelector: button[type='submit']
23:01:01.870  INFO  manager.HelperBase - Registration was succssesful with data --->User{name='Test59', lastName='Test59', email='tets59@gmail.com', password='Ttest59$', phoneNumber='null'}
23:01:03.883  INFO  manager.MyListener - WebDriver start find element -->By.cssSelector: div.dialog-container
23:01:03.907  INFO  manager.MyListener - WebDriver found element by locator -->By.cssSelector: div.dialog-container
23:01:03.942  INFO  manager.MyListener - WebDriver start find element -->By.cssSelector: div.dialog-container h1
23:01:03.957  INFO  manager.MyListener - WebDriver found element by locator -->By.cssSelector: div.dialog-container h1
23:01:03.983  INFO  manager.MyListener - WebDriver start find element -->By.xpath: //button[text()='Ok']
23:01:03.996  INFO  manager.MyListener - WebDriver found element by locator -->By.xpath: //button[text()='Ok']
23:01:04.210  INFO  manager.MyListener - WebDriver start find element -->By.cssSelector: a[href='/search']
23:01:04.226  INFO  manager.MyListener - WebDriver found element by locator -->By.cssSelector: a[href='/search']
23:01:04.450  INFO  manager.HelperBase - Start method with name --> addNewCarSuccess
23:01:05.496  INFO  manager.MyListener - WebDriver start find element -->By.id: 1
23:01:05.519  INFO  manager.MyListener - WebDriver found element by locator -->By.id: 1
23:01:05.803  INFO  manager.MyListener - WebDriver start find element -->By.id: pickUpPlace
23:01:05.826  INFO  manager.MyListener - WebDriver found element by locator -->By.id: pickUpPlace
23:01:06.108  INFO  manager.MyListener - WebDriver start find element -->By.cssSelector: div.pac-item
23:01:06.700  INFO  manager.MyListener - WebDriver found element by locator -->By.cssSelector: div.pac-item
23:01:08.433  INFO  manager.MyListener - WebDriver start find element -->By.id: make
23:01:08.454  INFO  manager.MyListener - WebDriver found element by locator -->By.id: make
23:01:08.699  INFO  manager.MyListener - WebDriver start find element -->By.id: model
23:01:08.720  INFO  manager.MyListener - WebDriver found element by locator -->By.id: model
23:01:08.965  INFO  manager.MyListener - WebDriver start find element -->By.id: year
23:01:08.989  INFO  manager.MyListener - WebDriver found element by locator -->By.id: year
23:01:09.249  INFO  manager.MyListener - WebDriver start find element -->By.id: engine
23:01:09.272  INFO  manager.MyListener - WebDriver found element by locator -->By.id: engine
23:01:09.528  INFO  manager.MyListener - WebDriver start find element -->By.id: fuel
23:01:09.549  INFO  manager.MyListener - WebDriver found element by locator -->By.id: fuel
23:01:09.800  INFO  manager.MyListener - WebDriver start find element -->By.id: gear
23:01:09.825  INFO  manager.MyListener - WebDriver found element by locator -->By.id: gear
23:01:10.088  INFO  manager.MyListener - WebDriver start find element -->By.id: wheelsDrive
23:01:10.112  INFO  manager.MyListener - WebDriver found element by locator -->By.id: wheelsDrive
23:01:10.366  INFO  manager.MyListener - WebDriver start find element -->By.id: doors
23:01:10.383  INFO  manager.MyListener - WebDriver found element by locator -->By.id: doors
23:01:10.617  INFO  manager.MyListener - WebDriver start find element -->By.id: seats
23:01:10.633  INFO  manager.MyListener - WebDriver found element by locator -->By.id: seats
23:01:10.872  INFO  manager.MyListener - WebDriver start find element -->By.id: class
23:01:10.890  INFO  manager.MyListener - WebDriver found element by locator -->By.id: class
23:01:11.130  INFO  manager.MyListener - WebDriver start find element -->By.id: fuelConsumption
23:01:11.151  INFO  manager.MyListener - WebDriver found element by locator -->By.id: fuelConsumption
23:01:11.395  INFO  manager.MyListener - WebDriver start find element -->By.id: serialNumber
23:01:11.416  INFO  manager.MyListener - WebDriver found element by locator -->By.id: serialNumber
23:01:11.681  INFO  manager.MyListener - WebDriver start find element -->By.id: price
23:01:11.702  INFO  manager.MyListener - WebDriver found element by locator -->By.id: price
23:01:11.948  INFO  manager.MyListener - WebDriver start find element -->By.id: distance
23:01:11.969  INFO  manager.MyListener - WebDriver found element by locator -->By.id: distance
23:01:12.218  INFO  manager.MyListener - WebDriver start find element -->By.cssSelector: input[placeholder='Type feature']
23:01:12.242  INFO  manager.MyListener - WebDriver found element by locator -->By.cssSelector: input[placeholder='Type feature']
23:01:12.493  INFO  manager.MyListener - WebDriver start find element -->By.id: about
23:01:12.513  INFO  manager.MyListener - WebDriver found element by locator -->By.id: about
23:01:12.770  INFO  manager.MyListener - WebDriver start find element -->By.id: photos
23:01:12.784  INFO  manager.MyListener - WebDriver found element by locator -->By.id: photos
23:01:13.813  INFO  manager.MyListener - WebDriver start find element -->By.cssSelector: button[type='submit']
23:01:13.833  INFO  manager.MyListener - WebDriver found element by locator -->By.cssSelector: button[type='submit']
23:01:19.275  INFO  manager.MyListener - WebDriver start find element -->By.xpath: //button[text()='Search cars']
23:01:29.304  INFO  manager.MyListener - The name of method with error is --> public abstract org.openqa.selenium.WebElement org.openqa.selenium.WebDriver.findElement(org.openqa.selenium.By)
23:01:29.305  INFO  manager.MyListener - Houston, we have a problem org.openqa.selenium.NoSuchElementException: Unable to locate element: //button[text()='Search cars']
For documentation on this error, please visit: https://selenium.dev/exceptions/#no_such_element
Build info: version: '4.2.2', revision: '683ccb65d6'
System info: host: 'DESKTOP-31QDJF0', ip: '192.168.1.203', os.name: 'Windows 10', os.arch: 'amd64', os.version: '10.0', java.version: '11.0.15.1'
Driver info: org.openqa.selenium.firefox.FirefoxDriver
Command: [0ea1cca9-772d-410b-8614-f8883f209bb6, findElement {using=xpath, value=//button[text()='Search cars']}]
Capabilities {acceptInsecureCerts: true, browserName: firefox, browserVersion: 103.0, moz:accessibilityChecks: false, moz:buildID: 20220718155818, moz:debuggerAddress: localhost:58191, moz:geckodriverVersion: 0.31.0, moz:headless: false, moz:platformVersion: 10.0, moz:processID: 13188, moz:profile: C:\Users\alexa\AppData\Loca..., moz:shutdownTimeout: 60000, moz:useNonSpecCompliantPointerOrigin: false, moz:webdriverClick: true, moz:windowless: false, pageLoadStrategy: normal, platformName: WINDOWS, proxy: Proxy(), se:cdp: ws://localhost:58191/devtoo..., se:cdpVersion: 85.0, setWindowRect: true, strictFileInteractability: false, timeouts: {implicit: 0, pageLoad: 300000, script: 30000}, unhandledPromptBehavior: dismiss and notify}
Session ID: 0ea1cca9-772d-410b-8614-f8883f209bb6
23:01:29.312  INFO  manager.HelperBase - Start method with name --> searchAnyPeriod
23:01:29.313  INFO  manager.MyListener - WebDriver start find element -->By.id: city
23:01:39.325  INFO  manager.MyListener - The name of method with error is --> public abstract org.openqa.selenium.WebElement org.openqa.selenium.WebDriver.findElement(org.openqa.selenium.By)
23:01:39.326  INFO  manager.MyListener - Houston, we have a problem org.openqa.selenium.NoSuchElementException: Unable to locate element: #city
For documentation on this error, please visit: https://selenium.dev/exceptions/#no_such_element
Build info: version: '4.2.2', revision: '683ccb65d6'
System info: host: 'DESKTOP-31QDJF0', ip: '192.168.1.203', os.name: 'Windows 10', os.arch: 'amd64', os.version: '10.0', java.version: '11.0.15.1'
Driver info: org.openqa.selenium.firefox.FirefoxDriver
Command: [0ea1cca9-772d-410b-8614-f8883f209bb6, findElement {using=id, value=city}]
Capabilities {acceptInsecureCerts: true, browserName: firefox, browserVersion: 103.0, moz:accessibilityChecks: false, moz:buildID: 20220718155818, moz:debuggerAddress: localhost:58191, moz:geckodriverVersion: 0.31.0, moz:headless: false, moz:platformVersion: 10.0, moz:processID: 13188, moz:profile: C:\Users\alexa\AppData\Loca..., moz:shutdownTimeout: 60000, moz:useNonSpecCompliantPointerOrigin: false, moz:webdriverClick: true, moz:windowless: false, pageLoadStrategy: normal, platformName: WINDOWS, proxy: Proxy(), se:cdp: ws://localhost:58191/devtoo..., se:cdpVersion: 85.0, setWindowRect: true, strictFileInteractability: false, timeouts: {implicit: 0, pageLoad: 300000, script: 30000}, unhandledPromptBehavior: dismiss and notify}
Session ID: 0ea1cca9-772d-410b-8614-f8883f209bb6
23:01:39.328  INFO  manager.MyListener - WebDriver start find element -->By.cssSelector: a[href='/search']
23:01:39.341  INFO  manager.MyListener - WebDriver found element by locator -->By.cssSelector: a[href='/search']
