10:04:08.127  INFO  manager.ApplicationManager - All tests run in firefox browser
10:04:11.220  INFO  manager.ApplicationManager - current url ---->https://ilcarro-1578153671498.web.app/search
10:04:11.296  INFO  manager.HelperBase - Start method with name --> searchCurrentYear
10:04:11.300  INFO  manager.MyListener - WebDriver start find element -->By.id: city
10:04:11.339  INFO  manager.MyListener - WebDriver found element by locator -->By.id: city
10:04:12.404  INFO  manager.MyListener - WebDriver start find element -->By.cssSelector: .pac-item
10:04:12.432  INFO  manager.MyListener - WebDriver found element by locator -->By.cssSelector: .pac-item
10:04:13.154  INFO  manager.MyListener - WebDriver start find element -->By.id: dates
10:04:13.175  INFO  manager.MyListener - WebDriver found element by locator -->By.id: dates
10:04:13.486  INFO  manager.MyListener - WebDriver start find element -->By.xpath: //div[text()=' 30 ']
10:04:13.525  INFO  manager.MyListener - WebDriver found element by locator -->By.xpath: //div[text()=' 30 ']
10:04:13.818  INFO  manager.MyListener - WebDriver start find element -->By.cssSelector: button[aria-label='Next month'
10:04:13.836  INFO  manager.MyListener - WebDriver found element by locator -->By.cssSelector: button[aria-label='Next month'
10:04:14.082  INFO  manager.MyListener - WebDriver start find element -->By.cssSelector: button[aria-label='Next month'
10:04:14.104  INFO  manager.MyListener - WebDriver found element by locator -->By.cssSelector: button[aria-label='Next month'
10:04:14.346  INFO  manager.MyListener - WebDriver start find element -->By.cssSelector: button[aria-label='Next month'
10:04:14.365  INFO  manager.MyListener - WebDriver found element by locator -->By.cssSelector: button[aria-label='Next month'
10:04:14.608  INFO  manager.MyListener - WebDriver start find element -->By.cssSelector: button[aria-label='Next month'
10:04:14.626  INFO  manager.MyListener - WebDriver found element by locator -->By.cssSelector: button[aria-label='Next month'
10:04:14.868  INFO  manager.MyListener - WebDriver start find element -->By.cssSelector: button[aria-label='Next month'
10:04:14.889  INFO  manager.MyListener - WebDriver found element by locator -->By.cssSelector: button[aria-label='Next month'
10:04:15.146  INFO  manager.MyListener - WebDriver start find element -->By.xpath: //div[text()=' 12 ']
10:04:15.164  INFO  manager.MyListener - WebDriver found element by locator -->By.xpath: //div[text()=' 12 ']
10:04:15.439  INFO  manager.MyListener - WebDriver start find element -->By.cssSelector: button[type='submit']
10:04:15.459  INFO  manager.MyListener - WebDriver found element by locator -->By.cssSelector: button[type='submit']
10:04:15.526  INFO  manager.MyListener - WebDriver start find element -->By.cssSelector: button[type='submit']
10:04:15.544  INFO  manager.MyListener - WebDriver found element by locator -->By.cssSelector: button[type='submit']
