00:03:09.626  INFO  manager.ApplicationManager - All tests run in firefox browser
00:03:13.488  INFO  manager.ApplicationManager - current url ---->https://ilcarro-1578153671498.web.app/search
00:03:13.537  INFO  manager.HelperBase - Start method with name --> searchCurrentYearLocalDate
00:03:13.544  INFO  manager.MyListener - WebDriver start find element -->By.id: city
00:03:13.574  INFO  manager.MyListener - WebDriver found element by locator -->By.id: city
00:03:14.569  INFO  manager.MyListener - WebDriver start find element -->By.cssSelector: .pac-item
00:03:14.608  INFO  manager.MyListener - WebDriver found element by locator -->By.cssSelector: .pac-item
00:03:15.347  INFO  manager.MyListener - WebDriver start find element -->By.id: dates
00:03:15.370  INFO  manager.MyListener - WebDriver found element by locator -->By.id: dates
00:03:15.699  INFO  manager.MyListener - WebDriver start find element -->By.cssSelector: button[aria-label='Next month'
00:03:15.720  INFO  manager.MyListener - WebDriver found element by locator -->By.cssSelector: button[aria-label='Next month'
00:03:15.989  INFO  manager.MyListener - WebDriver start find element -->By.xpath: //div[text()=' 10 ']
00:03:16.021  INFO  manager.MyListener - WebDriver found element by locator -->By.xpath: //div[text()=' 10 ']
00:03:16.294  INFO  manager.MyListener - WebDriver start find element -->By.cssSelector: button[aria-label='Next month'
00:03:16.328  INFO  manager.MyListener - WebDriver found element by locator -->By.cssSelector: button[aria-label='Next month'
00:03:16.586  INFO  manager.MyListener - WebDriver start find element -->By.cssSelector: button[aria-label='Next month'
00:03:16.612  INFO  manager.MyListener - WebDriver found element by locator -->By.cssSelector: button[aria-label='Next month'
00:03:16.893  INFO  manager.MyListener - WebDriver start find element -->By.xpath: //div[text()=' 20 ']
00:03:16.922  INFO  manager.MyListener - WebDriver found element by locator -->By.xpath: //div[text()=' 20 ']
00:03:17.203  INFO  manager.MyListener - WebDriver start find element -->By.cssSelector: button[type='submit']
00:03:17.228  INFO  manager.MyListener - WebDriver found element by locator -->By.cssSelector: button[type='submit']
00:03:17.285  INFO  manager.MyListener - WebDriver start find element -->By.cssSelector: button[type='submit']
00:03:17.298  INFO  manager.MyListener - WebDriver found element by locator -->By.cssSelector: button[type='submit']
