09:40:47.787  INFO  manager.ApplicationManager - All tests run in firefox browser
09:40:50.912  INFO  manager.ApplicationManager - current url ---->https://ilcarro-1578153671498.web.app/search
09:40:50.979  INFO  manager.HelperBase - Start method with name --> addNewCarSuccess
09:41:01.019  INFO  manager.MyListener - WebDriver start find element -->By.xpath: //*[@href='/login?url=%2Fsearch']
09:41:01.053  INFO  manager.MyListener - WebDriver found element by locator -->By.xpath: //*[@href='/login?url=%2Fsearch']
09:41:01.346  INFO  manager.MyListener - WebDriver start find element -->By.xpath: //*[@id='email']
09:41:01.391  INFO  manager.MyListener - WebDriver found element by locator -->By.xpath: //*[@id='email']
09:41:01.690  INFO  manager.MyListener - WebDriver start find element -->By.xpath: //*[@id='password']
09:41:01.715  INFO  manager.MyListener - WebDriver found element by locator -->By.xpath: //*[@id='password']
09:41:02.347  INFO  manager.MyListener - WebDriver start find element -->By.cssSelector: button[type='submit']
09:41:02.366  INFO  manager.MyListener - WebDriver found element by locator -->By.cssSelector: button[type='submit']
09:41:02.418  INFO  manager.MyListener - WebDriver start find element -->By.cssSelector: button[type='submit']
09:41:02.434  INFO  manager.MyListener - WebDriver found element by locator -->By.cssSelector: button[type='submit']
09:41:03.115  INFO  manager.MyListener - WebDriver start find element -->By.xpath: //button[text()='Ok']
09:41:03.138  INFO  manager.MyListener - WebDriver found element by locator -->By.xpath: //button[text()='Ok']
09:41:04.383  INFO  manager.MyListener - WebDriver start find element -->By.id: 1
09:41:04.410  INFO  manager.MyListener - WebDriver found element by locator -->By.id: 1
09:41:04.722  INFO  manager.MyListener - WebDriver start find element -->By.id: pickUpPlace
09:41:04.747  INFO  manager.MyListener - WebDriver found element by locator -->By.id: pickUpPlace
09:41:05.048  INFO  manager.MyListener - WebDriver start find element -->By.cssSelector: div.pac-item
09:41:05.531  INFO  manager.MyListener - WebDriver found element by locator -->By.cssSelector: div.pac-item
09:41:06.768  INFO  manager.MyListener - WebDriver start find element -->By.id: make
09:41:06.793  INFO  manager.MyListener - WebDriver found element by locator -->By.id: make
09:41:07.046  INFO  manager.MyListener - WebDriver start find element -->By.id: model
09:41:07.069  INFO  manager.MyListener - WebDriver found element by locator -->By.id: model
09:41:07.326  INFO  manager.MyListener - WebDriver start find element -->By.id: year
09:41:07.349  INFO  manager.MyListener - WebDriver found element by locator -->By.id: year
09:41:07.619  INFO  manager.MyListener - WebDriver start find element -->By.id: engine
09:41:07.643  INFO  manager.MyListener - WebDriver found element by locator -->By.id: engine
09:41:07.908  INFO  manager.MyListener - WebDriver start find element -->By.id: fuel
09:41:07.927  INFO  manager.MyListener - WebDriver found element by locator -->By.id: fuel
09:41:08.186  INFO  manager.MyListener - WebDriver start find element -->By.id: gear
09:41:08.210  INFO  manager.MyListener - WebDriver found element by locator -->By.id: gear
09:41:08.483  INFO  manager.MyListener - WebDriver start find element -->By.id: wheelsDrive
09:41:08.506  INFO  manager.MyListener - WebDriver found element by locator -->By.id: wheelsDrive
09:41:08.766  INFO  manager.MyListener - WebDriver start find element -->By.id: doors
09:41:08.788  INFO  manager.MyListener - WebDriver found element by locator -->By.id: doors
09:41:09.039  INFO  manager.MyListener - WebDriver start find element -->By.id: seats
09:41:09.060  INFO  manager.MyListener - WebDriver found element by locator -->By.id: seats
09:41:09.316  INFO  manager.MyListener - WebDriver start find element -->By.id: class
09:41:09.336  INFO  manager.MyListener - WebDriver found element by locator -->By.id: class
09:41:09.580  INFO  manager.MyListener - WebDriver start find element -->By.id: fuelConsumption
09:41:09.600  INFO  manager.MyListener - WebDriver found element by locator -->By.id: fuelConsumption
09:41:09.862  INFO  manager.MyListener - WebDriver start find element -->By.id: serialNumber
09:41:09.882  INFO  manager.MyListener - WebDriver found element by locator -->By.id: serialNumber
09:41:10.165  INFO  manager.MyListener - WebDriver start find element -->By.id: price
09:41:10.187  INFO  manager.MyListener - WebDriver found element by locator -->By.id: price
09:41:10.443  INFO  manager.MyListener - WebDriver start find element -->By.id: distance
09:41:10.466  INFO  manager.MyListener - WebDriver found element by locator -->By.id: distance
09:41:10.726  INFO  manager.MyListener - WebDriver start find element -->By.cssSelector: input[placeholder='Type feature']
09:41:10.747  INFO  manager.MyListener - WebDriver found element by locator -->By.cssSelector: input[placeholder='Type feature']
09:41:11.007  INFO  manager.MyListener - WebDriver start find element -->By.id: about
09:41:11.025  INFO  manager.MyListener - WebDriver found element by locator -->By.id: about
09:41:11.301  INFO  manager.MyListener - WebDriver start find element -->By.id: photos
09:41:11.316  INFO  manager.MyListener - WebDriver found element by locator -->By.id: photos
09:41:11.863  INFO  manager.MyListener - WebDriver start find element -->By.cssSelector: button[type='submit']
09:41:11.884  INFO  manager.MyListener - WebDriver found element by locator -->By.cssSelector: button[type='submit']
09:41:13.004  INFO  manager.MyListener - WebDriver start find element -->By.cssSelector: button[type='submit']
09:41:13.018  INFO  manager.MyListener - WebDriver found element by locator -->By.cssSelector: button[type='submit']
09:41:15.263  INFO  manager.MyListener - WebDriver start find element -->By.cssSelector: div.dialog-container
09:41:15.285  INFO  manager.MyListener - WebDriver found element by locator -->By.cssSelector: div.dialog-container
09:41:15.311  INFO  manager.MyListener - WebDriver start find element -->By.cssSelector: div.dialog-container h1
09:41:15.329  INFO  manager.MyListener - WebDriver found element by locator -->By.cssSelector: div.dialog-container h1
09:41:15.351  INFO  manager.MyListener - WebDriver start find element -->By.xpath: //button[text()='Search cars']
09:41:15.365  INFO  manager.MyListener - WebDriver found element by locator -->By.xpath: //button[text()='Search cars']
09:41:15.589  INFO  manager.HelperBase - Start method with name --> successLogin
09:41:15.605  INFO  manager.MyListener - WebDriver start find element -->By.xpath: //a[text()=' Logout ']
09:41:15.618  INFO  manager.MyListener - WebDriver found element by locator -->By.xpath: //a[text()=' Logout ']
09:41:15.866  INFO  manager.HelperBase - Test start with email: 'huff@gmail.com' & 'Hhuff1234$'
09:41:15.867  INFO  manager.MyListener - WebDriver start find element -->By.xpath: //*[@href='/login?url=%2Fsearch']
09:41:15.882  INFO  manager.MyListener - WebDriver found element by locator -->By.xpath: //*[@href='/login?url=%2Fsearch']
09:41:16.131  INFO  manager.MyListener - WebDriver start find element -->By.xpath: //*[@id='email']
09:41:16.151  INFO  manager.MyListener - WebDriver found element by locator -->By.xpath: //*[@id='email']
09:41:16.423  INFO  manager.MyListener - WebDriver start find element -->By.xpath: //*[@id='password']
09:41:16.443  INFO  manager.MyListener - WebDriver found element by locator -->By.xpath: //*[@id='password']
09:41:16.711  INFO  manager.MyListener - WebDriver start find element -->By.cssSelector: button[type='submit']
09:41:16.726  INFO  manager.MyListener - WebDriver found element by locator -->By.cssSelector: button[type='submit']
09:41:16.757  INFO  manager.MyListener - WebDriver start find element -->By.cssSelector: button[type='submit']
09:41:16.770  INFO  manager.MyListener - WebDriver found element by locator -->By.cssSelector: button[type='submit']
09:41:19.008  INFO  manager.MyListener - WebDriver start find element -->By.cssSelector: div.dialog-container
09:41:19.028  INFO  manager.MyListener - WebDriver found element by locator -->By.cssSelector: div.dialog-container
09:41:19.057  INFO  manager.MyListener - WebDriver start find element -->By.cssSelector: div.dialog-container h1
09:41:19.073  INFO  manager.MyListener - WebDriver found element by locator -->By.cssSelector: div.dialog-container h1
09:41:19.093  INFO  manager.MyListener - WebDriver start find element -->By.xpath: //button[text()='Ok']
09:41:19.104  INFO  manager.MyListener - WebDriver found element by locator -->By.xpath: //button[text()='Ok']
09:41:19.325  INFO  manager.HelperBase - Start method with name --> successLogin2
09:41:19.339  INFO  manager.MyListener - WebDriver start find element -->By.xpath: //a[text()=' Logout ']
09:41:19.351  INFO  manager.MyListener - WebDriver found element by locator -->By.xpath: //a[text()=' Logout ']
09:41:19.609  INFO  manager.MyListener - WebDriver start find element -->By.xpath: //*[@href='/login?url=%2Fsearch']
09:41:19.623  INFO  manager.MyListener - WebDriver found element by locator -->By.xpath: //*[@href='/login?url=%2Fsearch']
09:41:19.871  INFO  manager.MyListener - WebDriver start find element -->By.xpath: //*[@id='email']
09:41:19.890  INFO  manager.MyListener - WebDriver found element by locator -->By.xpath: //*[@id='email']
09:41:20.158  INFO  manager.MyListener - WebDriver start find element -->By.xpath: //*[@id='password']
09:41:20.176  INFO  manager.MyListener - WebDriver found element by locator -->By.xpath: //*[@id='password']
09:41:20.733  INFO  manager.MyListener - WebDriver start find element -->By.cssSelector: button[type='submit']
09:41:20.745  INFO  manager.MyListener - WebDriver found element by locator -->By.cssSelector: button[type='submit']
09:41:20.774  INFO  manager.MyListener - WebDriver start find element -->By.cssSelector: button[type='submit']
09:41:20.784  INFO  manager.MyListener - WebDriver found element by locator -->By.cssSelector: button[type='submit']
09:41:23.017  INFO  manager.MyListener - WebDriver start find element -->By.cssSelector: div.dialog-container
09:41:23.029  INFO  manager.MyListener - WebDriver found element by locator -->By.cssSelector: div.dialog-container
09:41:23.048  INFO  manager.MyListener - WebDriver start find element -->By.cssSelector: div.dialog-container h1
09:41:23.063  INFO  manager.MyListener - WebDriver found element by locator -->By.cssSelector: div.dialog-container h1
09:41:23.080  INFO  manager.MyListener - WebDriver start find element -->By.xpath: //button[text()='Ok']
09:41:23.090  INFO  manager.MyListener - WebDriver found element by locator -->By.xpath: //button[text()='Ok']
09:41:23.319  INFO  manager.HelperBase - Start method with name --> registrationSuccess
09:41:23.336  INFO  manager.MyListener - WebDriver start find element -->By.xpath: //a[text()=' Logout ']
09:41:23.349  INFO  manager.MyListener - WebDriver found element by locator -->By.xpath: //a[text()=' Logout ']
09:41:23.597  INFO  manager.MyListener - WebDriver start find element -->By.xpath: //*[@href='/registration?url=%2Fsearch']
09:41:23.615  INFO  manager.MyListener - WebDriver found element by locator -->By.xpath: //*[@href='/registration?url=%2Fsearch']
09:41:23.876  INFO  manager.MyListener - WebDriver start find element -->By.id: name
09:41:23.892  INFO  manager.MyListener - WebDriver found element by locator -->By.id: name
09:41:24.157  INFO  manager.MyListener - WebDriver start find element -->By.id: lastName
09:41:24.171  INFO  manager.MyListener - WebDriver found element by locator -->By.id: lastName
09:41:24.413  INFO  manager.MyListener - WebDriver start find element -->By.id: email
09:41:24.427  INFO  manager.MyListener - WebDriver found element by locator -->By.id: email
09:41:24.704  INFO  manager.MyListener - WebDriver start find element -->By.id: password
09:41:24.722  INFO  manager.MyListener - WebDriver found element by locator -->By.id: password
09:41:24.974  INFO  manager.MyListener - WebDriver start find element -->By.cssSelector: label[for='terms-of-use']
09:41:24.989  INFO  manager.MyListener - WebDriver found element by locator -->By.cssSelector: label[for='terms-of-use']
09:41:25.397  INFO  manager.MyListener - WebDriver start find element -->By.cssSelector: button[type='submit']
09:41:25.415  INFO  manager.MyListener - WebDriver found element by locator -->By.cssSelector: button[type='submit']
09:41:25.444  INFO  manager.MyListener - WebDriver start find element -->By.cssSelector: button[type='submit']
09:41:25.455  INFO  manager.MyListener - WebDriver found element by locator -->By.cssSelector: button[type='submit']
09:41:25.701  INFO  manager.HelperBase - Registration was succssesful with data --->User{name='Test2483', lastName='Test2483', email='tets2483@gmail.com', password='Ttest2483$', phoneNumber='null'}
09:41:27.714  INFO  manager.MyListener - WebDriver start find element -->By.cssSelector: div.dialog-container
09:41:27.733  INFO  manager.MyListener - WebDriver found element by locator -->By.cssSelector: div.dialog-container
09:41:27.760  INFO  manager.MyListener - WebDriver start find element -->By.cssSelector: div.dialog-container h1
09:41:27.793  INFO  manager.MyListener - WebDriver found element by locator -->By.cssSelector: div.dialog-container h1
09:41:27.812  INFO  manager.MyListener - WebDriver start find element -->By.xpath: //button[text()='Ok']
09:41:27.822  INFO  manager.MyListener - WebDriver found element by locator -->By.xpath: //button[text()='Ok']
09:41:28.049  INFO  manager.HelperBase - Start method with name --> registrationSuccess1
09:41:28.062  INFO  manager.MyListener - WebDriver start find element -->By.xpath: //a[text()=' Logout ']
09:41:28.073  INFO  manager.MyListener - WebDriver found element by locator -->By.xpath: //a[text()=' Logout ']
09:41:28.331  INFO  manager.MyListener - WebDriver start find element -->By.xpath: //*[@href='/registration?url=%2Fsearch']
09:41:28.347  INFO  manager.MyListener - WebDriver found element by locator -->By.xpath: //*[@href='/registration?url=%2Fsearch']
09:41:28.594  INFO  manager.MyListener - WebDriver start find element -->By.id: name
09:41:28.611  INFO  manager.MyListener - WebDriver found element by locator -->By.id: name
09:41:28.873  INFO  manager.MyListener - WebDriver start find element -->By.id: lastName
09:41:28.890  INFO  manager.MyListener - WebDriver found element by locator -->By.id: lastName
09:41:29.154  INFO  manager.MyListener - WebDriver start find element -->By.id: email
09:41:29.169  INFO  manager.MyListener - WebDriver found element by locator -->By.id: email
09:41:29.436  INFO  manager.MyListener - WebDriver start find element -->By.id: password
09:41:29.448  INFO  manager.MyListener - WebDriver found element by locator -->By.id: password
09:41:29.700  INFO  manager.MyListener - WebDriver start find element -->By.cssSelector: label[for='terms-of-use']
09:41:29.718  INFO  manager.MyListener - WebDriver found element by locator -->By.cssSelector: label[for='terms-of-use']
09:41:30.080  INFO  manager.MyListener - WebDriver start find element -->By.cssSelector: button[type='submit']
09:41:30.098  INFO  manager.MyListener - WebDriver found element by locator -->By.cssSelector: button[type='submit']
09:41:30.132  INFO  manager.MyListener - WebDriver start find element -->By.cssSelector: button[type='submit']
09:41:30.143  INFO  manager.MyListener - WebDriver found element by locator -->By.cssSelector: button[type='submit']
09:41:32.384  INFO  manager.MyListener - WebDriver start find element -->By.cssSelector: div.dialog-container
09:41:32.401  INFO  manager.MyListener - WebDriver found element by locator -->By.cssSelector: div.dialog-container
09:41:32.430  INFO  manager.MyListener - WebDriver start find element -->By.cssSelector: div.dialog-container h1
09:41:32.442  INFO  manager.MyListener - WebDriver found element by locator -->By.cssSelector: div.dialog-container h1
09:41:32.465  INFO  manager.MyListener - WebDriver start find element -->By.xpath: //button[text()='Ok']
09:41:32.475  INFO  manager.MyListener - WebDriver found element by locator -->By.xpath: //button[text()='Ok']
09:41:32.700  INFO  manager.HelperBase - Start method with name --> registrationWrongPasswordFormatAndSize
09:41:32.718  INFO  manager.MyListener - WebDriver start find element -->By.xpath: //a[text()=' Logout ']
09:41:32.733  INFO  manager.MyListener - WebDriver found element by locator -->By.xpath: //a[text()=' Logout ']
09:41:32.993  INFO  manager.HelperBase - Registration was unsuccssesful with data --->User{name='Snow', lastName='White', email='snowwhite@gmail.com', password='SNow', phoneNumber='null'}
09:41:32.993  INFO  manager.MyListener - WebDriver start find element -->By.xpath: //*[@href='/registration?url=%2Fsearch']
09:41:33.004  INFO  manager.MyListener - WebDriver found element by locator -->By.xpath: //*[@href='/registration?url=%2Fsearch']
09:41:33.240  INFO  manager.MyListener - WebDriver start find element -->By.id: name
09:41:33.256  INFO  manager.MyListener - WebDriver found element by locator -->By.id: name
09:41:33.511  INFO  manager.MyListener - WebDriver start find element -->By.id: lastName
09:41:33.529  INFO  manager.MyListener - WebDriver found element by locator -->By.id: lastName
09:41:33.779  INFO  manager.MyListener - WebDriver start find element -->By.id: email
09:41:33.791  INFO  manager.MyListener - WebDriver found element by locator -->By.id: email
09:41:34.060  INFO  manager.MyListener - WebDriver start find element -->By.id: password
09:41:34.075  INFO  manager.MyListener - WebDriver found element by locator -->By.id: password
09:41:34.319  INFO  manager.MyListener - WebDriver start find element -->By.cssSelector: label[for='terms-of-use']
09:41:34.334  INFO  manager.MyListener - WebDriver found element by locator -->By.cssSelector: label[for='terms-of-use']
09:41:34.692  INFO  manager.MyListener - WebDriver start find element -->By.cssSelector: div.error div:first-child
09:41:34.710  INFO  manager.MyListener - WebDriver found element by locator -->By.cssSelector: div.error div:first-child
09:41:34.718  INFO  manager.MyListener - WebDriver start find element -->By.cssSelector: div.error div:first-child
09:41:34.728  INFO  manager.MyListener - WebDriver found element by locator -->By.cssSelector: div.error div:first-child
09:41:34.735  INFO  manager.MyListener - WebDriver start find element -->By.cssSelector: div.error div:last-child
09:41:34.745  INFO  manager.MyListener - WebDriver found element by locator -->By.cssSelector: div.error div:last-child
09:41:34.752  INFO  manager.MyListener - WebDriver start find element -->By.cssSelector: div.error div:last-child
09:41:34.762  INFO  manager.MyListener - WebDriver found element by locator -->By.cssSelector: div.error div:last-child
09:41:34.778  INFO  manager.MyListener - WebDriver start find element -->By.cssSelector: [type=submit]
09:41:34.787  INFO  manager.MyListener - WebDriver found element by locator -->By.cssSelector: [type=submit]
09:41:44.812  INFO  manager.HelperBase - Start method with name --> searchAnyPeriod
09:41:44.814  INFO  manager.MyListener - WebDriver start find element -->By.id: city
09:41:54.838  INFO  manager.MyListener - The name of method with error is --> public abstract org.openqa.selenium.WebElement org.openqa.selenium.WebDriver.findElement(org.openqa.selenium.By)
09:41:54.842  INFO  manager.MyListener - Houston, we have a problem org.openqa.selenium.NoSuchElementException: Unable to locate element: #city
For documentation on this error, please visit: https://selenium.dev/exceptions/#no_such_element
Build info: version: '4.2.2', revision: '683ccb65d6'
System info: host: 'DESKTOP-31QDJF0', ip: '192.168.165.87', os.name: 'Windows 10', os.arch: 'amd64', os.version: '10.0', java.version: '11.0.15.1'
Driver info: org.openqa.selenium.firefox.FirefoxDriver
Command: [c7e77fc4-4b5e-4d92-80de-654cb9c02c34, findElement {using=id, value=city}]
Capabilities {acceptInsecureCerts: true, browserName: firefox, browserVersion: 102.0.1, moz:accessibilityChecks: false, moz:buildID: 20220705093820, moz:debuggerAddress: localhost:51399, moz:geckodriverVersion: 0.31.0, moz:headless: false, moz:processID: 5984, moz:profile: C:\Users\alexa\AppData\Loca..., moz:shutdownTimeout: 60000, moz:useNonSpecCompliantPointerOrigin: false, moz:webdriverClick: true, moz:windowless: false, pageLoadStrategy: normal, platformName: WINDOWS, platformVersion: 10.0, proxy: Proxy(), se:cdp: ws://localhost:51399/devtoo..., se:cdpVersion: 85.0, setWindowRect: true, strictFileInteractability: false, timeouts: {implicit: 0, pageLoad: 300000, script: 30000}, unhandledPromptBehavior: dismiss and notify}
Session ID: c7e77fc4-4b5e-4d92-80de-654cb9c02c34
09:41:54.844  INFO  manager.MyListener - WebDriver start find element -->By.cssSelector: a[href='/search']
09:41:54.855  INFO  manager.MyListener - WebDriver found element by locator -->By.cssSelector: a[href='/search']
09:41:55.568  INFO  manager.HelperBase - Start method with name --> searchCurrentMonth
09:41:55.569  INFO  manager.MyListener - WebDriver start find element -->By.id: city
09:41:55.580  INFO  manager.MyListener - WebDriver found element by locator -->By.id: city
09:41:56.849  INFO  manager.MyListener - WebDriver start find element -->By.cssSelector: .pac-item
09:41:57.309  INFO  manager.MyListener - WebDriver found element by locator -->By.cssSelector: .pac-item
09:41:58.026  INFO  manager.MyListener - WebDriver start find element -->By.id: dates
09:41:58.043  INFO  manager.MyListener - WebDriver found element by locator -->By.id: dates
09:41:58.070  INFO  manager.MyListener - WebDriver start find element -->By.id: dates
09:41:58.082  INFO  manager.MyListener - WebDriver found element by locator -->By.id: dates
09:41:58.555  INFO  manager.MyListener - WebDriver start find element -->By.xpath: //div[text()=' 28 ']
09:41:58.572  INFO  manager.MyListener - WebDriver found element by locator -->By.xpath: //div[text()=' 28 ']
09:41:59.296  INFO  manager.MyListener - WebDriver start find element -->By.xpath: //div[text()=' 31 ']
09:41:59.312  INFO  manager.MyListener - WebDriver found element by locator -->By.xpath: //div[text()=' 31 ']
09:42:00.051  INFO  manager.MyListener - WebDriver start find element -->By.cssSelector: button[type='submit']
09:42:00.065  INFO  manager.MyListener - WebDriver found element by locator -->By.cssSelector: button[type='submit']
09:42:00.090  INFO  manager.MyListener - WebDriver start find element -->By.cssSelector: button[type='submit']
09:42:00.100  INFO  manager.MyListener - WebDriver found element by locator -->By.cssSelector: button[type='submit']
09:42:01.349  INFO  manager.MyListener - WebDriver start find element -->By.cssSelector: a[href='/search']
09:42:01.359  INFO  manager.MyListener - WebDriver found element by locator -->By.cssSelector: a[href='/search']
09:42:02.088  INFO  manager.HelperBase - Start method with name --> searchCurrentYear
09:42:02.090  INFO  manager.MyListener - WebDriver start find element -->By.id: city
09:42:02.107  INFO  manager.MyListener - WebDriver found element by locator -->By.id: city
09:42:03.610  INFO  manager.MyListener - WebDriver start find element -->By.cssSelector: .pac-item
09:42:03.626  INFO  manager.MyListener - WebDriver found element by locator -->By.cssSelector: .pac-item
09:42:04.357  INFO  manager.MyListener - WebDriver start find element -->By.id: dates
09:42:04.372  INFO  manager.MyListener - WebDriver found element by locator -->By.id: dates
09:42:04.529  INFO  manager.MyListener - WebDriver start find element -->By.id: dates
09:42:04.537  INFO  manager.MyListener - WebDriver found element by locator -->By.id: dates
09:42:05.258  INFO  manager.MyListener - WebDriver start find element -->By.cssSelector: button[aria-label='Next month'
09:42:05.274  INFO  manager.MyListener - WebDriver found element by locator -->By.cssSelector: button[aria-label='Next month'
09:42:06.014  INFO  manager.MyListener - WebDriver start find element -->By.cssSelector: button[aria-label='Next month'
09:42:06.031  INFO  manager.MyListener - WebDriver found element by locator -->By.cssSelector: button[aria-label='Next month'
09:42:06.763  INFO  manager.MyListener - WebDriver start find element -->By.cssSelector: button[aria-label='Next month'
09:42:06.778  INFO  manager.MyListener - WebDriver found element by locator -->By.cssSelector: button[aria-label='Next month'
09:42:07.505  INFO  manager.MyListener - WebDriver start find element -->By.xpath: //div[text()=' 28 ']
09:42:07.517  INFO  manager.MyListener - WebDriver found element by locator -->By.xpath: //div[text()=' 28 ']
09:42:07.894  INFO  manager.MyListener - WebDriver start find element -->By.cssSelector: button[aria-label='Next month'
09:42:07.910  INFO  manager.MyListener - WebDriver found element by locator -->By.cssSelector: button[aria-label='Next month'
09:42:08.637  INFO  manager.MyListener - WebDriver start find element -->By.cssSelector: button[aria-label='Next month'
09:42:08.652  INFO  manager.MyListener - WebDriver found element by locator -->By.cssSelector: button[aria-label='Next month'
09:42:09.148  INFO  manager.MyListener - WebDriver start find element -->By.xpath: //div[text()=' 10 ']
09:42:09.165  INFO  manager.MyListener - WebDriver found element by locator -->By.xpath: //div[text()=' 10 ']
09:42:09.907  INFO  manager.MyListener - WebDriver start find element -->By.cssSelector: button[type='submit']
09:42:09.923  INFO  manager.MyListener - WebDriver found element by locator -->By.cssSelector: button[type='submit']
09:42:09.963  INFO  manager.MyListener - WebDriver start find element -->By.cssSelector: button[type='submit']
09:42:09.975  INFO  manager.MyListener - WebDriver found element by locator -->By.cssSelector: button[type='submit']
09:42:11.431  INFO  manager.MyListener - WebDriver start find element -->By.cssSelector: a[href='/search']
09:42:11.441  INFO  manager.MyListener - WebDriver found element by locator -->By.cssSelector: a[href='/search']
09:42:12.166  INFO  manager.HelperBase - Start method with name --> searchCurrentYearLocalDate
09:42:12.167  INFO  manager.MyListener - WebDriver start find element -->By.id: city
09:42:12.184  INFO  manager.MyListener - WebDriver found element by locator -->By.id: city
09:42:13.689  INFO  manager.MyListener - WebDriver start find element -->By.cssSelector: .pac-item
09:42:14.187  INFO  manager.MyListener - WebDriver found element by locator -->By.cssSelector: .pac-item
09:42:14.905  INFO  manager.MyListener - WebDriver start find element -->By.id: dates
09:42:14.918  INFO  manager.MyListener - WebDriver found element by locator -->By.id: dates
09:42:14.949  INFO  manager.MyListener - WebDriver start find element -->By.id: dates
09:42:14.959  INFO  manager.MyListener - WebDriver found element by locator -->By.id: dates
09:42:15.230  INFO  manager.MyListener - WebDriver start find element -->By.cssSelector: button[aria-label='Next month'
09:42:15.246  INFO  manager.MyListener - WebDriver found element by locator -->By.cssSelector: button[aria-label='Next month'
09:42:15.972  INFO  manager.MyListener - WebDriver start find element -->By.xpath: //div[text()=' 10 ']
09:42:16.002  INFO  manager.MyListener - WebDriver found element by locator -->By.xpath: //div[text()=' 10 ']
09:42:16.545  INFO  manager.MyListener - WebDriver start find element -->By.cssSelector: button[aria-label='Next month'
09:42:16.561  INFO  manager.MyListener - WebDriver found element by locator -->By.cssSelector: button[aria-label='Next month'
09:42:17.289  INFO  manager.MyListener - WebDriver start find element -->By.cssSelector: button[aria-label='Next month'
09:42:17.305  INFO  manager.MyListener - WebDriver found element by locator -->By.cssSelector: button[aria-label='Next month'
09:42:17.799  INFO  manager.MyListener - WebDriver start find element -->By.xpath: //div[text()=' 20 ']
09:42:17.816  INFO  manager.MyListener - WebDriver found element by locator -->By.xpath: //div[text()=' 20 ']
09:42:18.557  INFO  manager.MyListener - WebDriver start find element -->By.cssSelector: button[type='submit']
09:42:18.574  INFO  manager.MyListener - WebDriver found element by locator -->By.cssSelector: button[type='submit']
09:42:18.615  INFO  manager.MyListener - WebDriver start find element -->By.cssSelector: button[type='submit']
09:42:18.629  INFO  manager.MyListener - WebDriver found element by locator -->By.cssSelector: button[type='submit']
09:42:20.083  INFO  manager.MyListener - WebDriver start find element -->By.cssSelector: a[href='/search']
09:42:20.093  INFO  manager.MyListener - WebDriver found element by locator -->By.cssSelector: a[href='/search']
09:42:20.821  INFO  manager.HelperBase - Start method with name --> searchNextMonth
09:42:20.822  INFO  manager.MyListener - WebDriver start find element -->By.id: city
09:42:20.838  INFO  manager.MyListener - WebDriver found element by locator -->By.id: city
09:42:22.352  INFO  manager.MyListener - WebDriver start find element -->By.cssSelector: .pac-item
09:42:22.787  INFO  manager.MyListener - WebDriver found element by locator -->By.cssSelector: .pac-item
09:42:23.519  INFO  manager.MyListener - WebDriver start find element -->By.id: dates
09:42:23.534  INFO  manager.MyListener - WebDriver found element by locator -->By.id: dates
09:42:23.553  INFO  manager.MyListener - WebDriver start find element -->By.id: dates
09:42:23.567  INFO  manager.MyListener - WebDriver found element by locator -->By.id: dates
09:42:23.868  INFO  manager.MyListener - WebDriver start find element -->By.cssSelector: button[aria-label='Next month'
09:42:23.881  INFO  manager.MyListener - WebDriver found element by locator -->By.cssSelector: button[aria-label='Next month'
09:42:24.604  INFO  manager.MyListener - WebDriver start find element -->By.xpath: //div[text()=' 8 ']
09:42:24.620  INFO  manager.MyListener - WebDriver found element by locator -->By.xpath: //div[text()=' 8 ']
09:42:24.885  INFO  manager.MyListener - WebDriver start find element -->By.xpath: //div[text()=' 20 ']
09:42:24.899  INFO  manager.MyListener - WebDriver found element by locator -->By.xpath: //div[text()=' 20 ']
09:42:25.322  INFO  manager.MyListener - WebDriver start find element -->By.cssSelector: button[type='submit']
09:42:25.336  INFO  manager.MyListener - WebDriver found element by locator -->By.cssSelector: button[type='submit']
09:42:25.370  INFO  manager.MyListener - WebDriver start find element -->By.cssSelector: button[type='submit']
09:42:25.378  INFO  manager.MyListener - WebDriver found element by locator -->By.cssSelector: button[type='submit']
09:42:26.595  INFO  manager.MyListener - WebDriver start find element -->By.cssSelector: a[href='/search']
09:42:26.609  INFO  manager.MyListener - WebDriver found element by locator -->By.cssSelector: a[href='/search']
09:42:26.881  INFO  manager.HelperBase - Start method with name --> searchPeriodPast
09:42:26.882  INFO  manager.MyListener - WebDriver start find element -->By.id: city
09:42:26.933  INFO  manager.MyListener - The name of method with error is --> public abstract org.openqa.selenium.WebElement org.openqa.selenium.WebDriver.findElement(org.openqa.selenium.By)
09:42:26.934  INFO  manager.MyListener - Houston, we have a problem org.openqa.selenium.NoSuchWindowException: Browsing context has been discarded
Build info: version: '4.2.2', revision: '683ccb65d6'
System info: host: 'DESKTOP-31QDJF0', ip: '192.168.165.87', os.name: 'Windows 10', os.arch: 'amd64', os.version: '10.0', java.version: '11.0.15.1'
Driver info: org.openqa.selenium.firefox.FirefoxDriver
Command: [c7e77fc4-4b5e-4d92-80de-654cb9c02c34, findElement {using=id, value=city}]
Capabilities {acceptInsecureCerts: true, browserName: firefox, browserVersion: 102.0.1, moz:accessibilityChecks: false, moz:buildID: 20220705093820, moz:debuggerAddress: localhost:51399, moz:geckodriverVersion: 0.31.0, moz:headless: false, moz:processID: 5984, moz:profile: C:\Users\alexa\AppData\Loca..., moz:shutdownTimeout: 60000, moz:useNonSpecCompliantPointerOrigin: false, moz:webdriverClick: true, moz:windowless: false, pageLoadStrategy: normal, platformName: WINDOWS, platformVersion: 10.0, proxy: Proxy(), se:cdp: ws://localhost:51399/devtoo..., se:cdpVersion: 85.0, setWindowRect: true, strictFileInteractability: false, timeouts: {implicit: 0, pageLoad: 300000, script: 30000}, unhandledPromptBehavior: dismiss and notify}
Session ID: c7e77fc4-4b5e-4d92-80de-654cb9c02c34
09:42:26.935  INFO  manager.MyListener - WebDriver start find element -->By.cssSelector: a[href='/search']
09:42:27.229  INFO  manager.MyListener - The name of method with error is --> public abstract org.openqa.selenium.WebElement org.openqa.selenium.WebDriver.findElement(org.openqa.selenium.By)
09:42:27.229  INFO  manager.MyListener - Houston, we have a problem org.openqa.selenium.WebDriverException: Failed to decode response from marionette
Build info: version: '4.2.2', revision: '683ccb65d6'
System info: host: 'DESKTOP-31QDJF0', ip: '192.168.165.87', os.name: 'Windows 10', os.arch: 'amd64', os.version: '10.0', java.version: '11.0.15.1'
Driver info: org.openqa.selenium.firefox.FirefoxDriver
Command: [c7e77fc4-4b5e-4d92-80de-654cb9c02c34, findElement {using=css selector, value=a[href='/search']}]
Capabilities {acceptInsecureCerts: true, browserName: firefox, browserVersion: 102.0.1, moz:accessibilityChecks: false, moz:buildID: 20220705093820, moz:debuggerAddress: localhost:51399, moz:geckodriverVersion: 0.31.0, moz:headless: false, moz:processID: 5984, moz:profile: C:\Users\alexa\AppData\Loca..., moz:shutdownTimeout: 60000, moz:useNonSpecCompliantPointerOrigin: false, moz:webdriverClick: true, moz:windowless: false, pageLoadStrategy: normal, platformName: WINDOWS, platformVersion: 10.0, proxy: Proxy(), se:cdp: ws://localhost:51399/devtoo..., se:cdpVersion: 85.0, setWindowRect: true, strictFileInteractability: false, timeouts: {implicit: 0, pageLoad: 300000, script: 30000}, unhandledPromptBehavior: dismiss and notify}
Session ID: c7e77fc4-4b5e-4d92-80de-654cb9c02c34
