00:13:00.813  INFO  manager.ApplicationManager - All tests run in firefox browser
00:13:06.324  INFO  manager.ApplicationManager - current url ---->https://ilcarro-1578153671498.web.app/search
00:13:06.384  INFO  manager.HelperBase - Start method with name --> searchAnyPeriod
00:13:06.392  INFO  manager.MyListener - WebDriver start find element -->By.id: city
00:13:06.436  INFO  manager.MyListener - WebDriver found element by locator -->By.id: city
00:13:07.448  INFO  manager.MyListener - WebDriver start find element -->By.cssSelector: .pac-item
00:13:07.471  INFO  manager.MyListener - WebDriver found element by locator -->By.cssSelector: .pac-item
00:13:08.213  INFO  manager.MyListener - WebDriver start find element -->By.id: dates
00:13:08.249  INFO  manager.MyListener - WebDriver found element by locator -->By.id: dates
00:13:08.598  INFO  manager.MyListener - WebDriver start find element -->By.cssSelector: button[aria-label='Next month'
00:13:08.627  INFO  manager.MyListener - WebDriver found element by locator -->By.cssSelector: button[aria-label='Next month'
00:13:08.897  INFO  manager.MyListener - WebDriver start find element -->By.cssSelector: button[aria-label='Next month'
00:13:08.925  INFO  manager.MyListener - WebDriver found element by locator -->By.cssSelector: button[aria-label='Next month'
00:13:09.186  INFO  manager.MyListener - WebDriver start find element -->By.cssSelector: button[aria-label='Next month'
00:13:09.221  INFO  manager.MyListener - WebDriver found element by locator -->By.cssSelector: button[aria-label='Next month'
00:13:09.482  INFO  manager.MyListener - WebDriver start find element -->By.cssSelector: button[aria-label='Next month'
00:13:09.510  INFO  manager.MyListener - WebDriver found element by locator -->By.cssSelector: button[aria-label='Next month'
00:13:09.756  INFO  manager.MyListener - WebDriver start find element -->By.cssSelector: button[aria-label='Next month'
00:13:09.786  INFO  manager.MyListener - WebDriver found element by locator -->By.cssSelector: button[aria-label='Next month'
00:13:10.052  INFO  manager.MyListener - WebDriver start find element -->By.cssSelector: button[aria-label='Next month'
00:13:10.078  INFO  manager.MyListener - WebDriver found element by locator -->By.cssSelector: button[aria-label='Next month'
00:13:10.336  INFO  manager.MyListener - WebDriver start find element -->By.cssSelector: button[aria-label='Next month'
00:13:10.353  INFO  manager.MyListener - WebDriver found element by locator -->By.cssSelector: button[aria-label='Next month'
00:13:10.593  INFO  manager.MyListener - WebDriver start find element -->By.cssSelector: button[aria-label='Next month'
00:13:10.619  INFO  manager.MyListener - WebDriver found element by locator -->By.cssSelector: button[aria-label='Next month'
00:13:10.865  INFO  manager.MyListener - WebDriver start find element -->By.cssSelector: button[aria-label='Next month'
00:13:10.891  INFO  manager.MyListener - WebDriver found element by locator -->By.cssSelector: button[aria-label='Next month'
00:13:11.140  INFO  manager.MyListener - WebDriver start find element -->By.cssSelector: button[aria-label='Next month'
00:13:11.160  INFO  manager.MyListener - WebDriver found element by locator -->By.cssSelector: button[aria-label='Next month'
00:13:11.427  INFO  manager.MyListener - WebDriver start find element -->By.cssSelector: button[aria-label='Next month'
00:13:11.447  INFO  manager.MyListener - WebDriver found element by locator -->By.cssSelector: button[aria-label='Next month'
00:13:11.710  INFO  manager.MyListener - WebDriver start find element -->By.xpath: //div[text()=' 10 ']
00:13:11.736  INFO  manager.MyListener - WebDriver found element by locator -->By.xpath: //div[text()=' 10 ']
00:13:11.996  INFO  manager.MyListener - WebDriver start find element -->By.cssSelector: button[aria-label='Next month'
00:13:12.012  INFO  manager.MyListener - WebDriver found element by locator -->By.cssSelector: button[aria-label='Next month'
00:13:12.286  INFO  manager.MyListener - WebDriver start find element -->By.xpath: //div[text()=' 15 ']
00:13:12.303  INFO  manager.MyListener - WebDriver found element by locator -->By.xpath: //div[text()=' 15 ']
00:13:12.564  INFO  manager.MyListener - WebDriver start find element -->By.cssSelector: button[type='submit']
00:13:12.584  INFO  manager.MyListener - WebDriver found element by locator -->By.cssSelector: button[type='submit']
00:13:12.639  INFO  manager.MyListener - WebDriver start find element -->By.cssSelector: button[type='submit']
00:13:12.655  INFO  manager.MyListener - WebDriver found element by locator -->By.cssSelector: button[type='submit']
00:13:13.708  INFO  manager.HelperBase - Start method with name --> searchCurrentMonth
00:13:13.712  INFO  manager.MyListener - WebDriver start find element -->By.cssSelector: a[href='/search']
00:13:13.724  INFO  manager.MyListener - WebDriver found element by locator -->By.cssSelector: a[href='/search']
00:13:13.973  INFO  manager.MyListener - WebDriver start find element -->By.id: city
00:13:13.992  INFO  manager.MyListener - WebDriver found element by locator -->By.id: city
00:13:14.981  INFO  manager.MyListener - WebDriver start find element -->By.cssSelector: .pac-item
00:13:15.001  INFO  manager.MyListener - WebDriver found element by locator -->By.cssSelector: .pac-item
00:13:15.717  INFO  manager.MyListener - WebDriver start find element -->By.id: dates
00:13:15.740  INFO  manager.MyListener - WebDriver found element by locator -->By.id: dates
00:13:16.026  INFO  manager.MyListener - WebDriver start find element -->By.xpath: //div[text()=' 28 ']
00:13:16.050  INFO  manager.MyListener - WebDriver found element by locator -->By.xpath: //div[text()=' 28 ']
00:13:16.297  INFO  manager.MyListener - WebDriver start find element -->By.xpath: //div[text()=' 31 ']
00:13:26.329  INFO  manager.MyListener - The name of method with error is --> public abstract org.openqa.selenium.WebElement org.openqa.selenium.WebDriver.findElement(org.openqa.selenium.By)
00:13:26.337  INFO  manager.MyListener - Houston, we have a problem org.openqa.selenium.NoSuchElementException: Unable to locate element: //div[text()=' 31 ']
For documentation on this error, please visit: https://selenium.dev/exceptions/#no_such_element
Build info: version: '4.2.2', revision: '683ccb65d6'
System info: host: 'DESKTOP-31QDJF0', ip: '192.168.1.203', os.name: 'Windows 10', os.arch: 'amd64', os.version: '10.0', java.version: '11.0.15.1'
Driver info: org.openqa.selenium.firefox.FirefoxDriver
Command: [b6398bcb-f2e3-4de3-b691-5e196498df5a, findElement {using=xpath, value=//div[text()=' 31 ']}]
Capabilities {acceptInsecureCerts: true, browserName: firefox, browserVersion: 102.0.1, moz:accessibilityChecks: false, moz:buildID: 20220705093820, moz:debuggerAddress: localhost:59410, moz:geckodriverVersion: 0.31.0, moz:headless: false, moz:processID: 14588, moz:profile: C:\Users\alexa\AppData\Loca..., moz:shutdownTimeout: 60000, moz:useNonSpecCompliantPointerOrigin: false, moz:webdriverClick: true, moz:windowless: false, pageLoadStrategy: normal, platformName: WINDOWS, platformVersion: 10.0, proxy: Proxy(), se:cdp: ws://localhost:59410/devtoo..., se:cdpVersion: 85.0, setWindowRect: true, strictFileInteractability: false, timeouts: {implicit: 0, pageLoad: 300000, script: 30000}, unhandledPromptBehavior: dismiss and notify}
Session ID: b6398bcb-f2e3-4de3-b691-5e196498df5a
00:13:26.341  INFO  manager.HelperBase - Start method with name --> searchCurrentYear
00:13:26.349  INFO  manager.MyListener - WebDriver start find element -->By.id: city
00:13:26.369  INFO  manager.MyListener - WebDriver found element by locator -->By.id: city
00:13:26.381  INFO  manager.MyListener - The name of method with error is --> public abstract void org.openqa.selenium.WebElement.click()
00:13:26.385  INFO  manager.MyListener - Houston, we have a problem org.openqa.selenium.ElementClickInterceptedException: Element <input id="city" class="ng-valid pac-target-input ng-touched ng-dirty" type="text"> is not clickable at point (377,282) because another element <div class="cdk-overlay-backdrop mat-overlay-transparent-backdrop cdk-overlay-backdrop-showing"> obscures it
Build info: version: '4.2.2', revision: '683ccb65d6'
System info: host: 'DESKTOP-31QDJF0', ip: '192.168.1.203', os.name: 'Windows 10', os.arch: 'amd64', os.version: '10.0', java.version: '11.0.15.1'
Driver info: org.openqa.selenium.firefox.FirefoxDriver
Command: [b6398bcb-f2e3-4de3-b691-5e196498df5a, clickElement {id=c830e4f2-1816-45be-82a1-d29cec0c7679}]
Capabilities {acceptInsecureCerts: true, browserName: firefox, browserVersion: 102.0.1, moz:accessibilityChecks: false, moz:buildID: 20220705093820, moz:debuggerAddress: localhost:59410, moz:geckodriverVersion: 0.31.0, moz:headless: false, moz:processID: 14588, moz:profile: C:\Users\alexa\AppData\Loca..., moz:shutdownTimeout: 60000, moz:useNonSpecCompliantPointerOrigin: false, moz:webdriverClick: true, moz:windowless: false, pageLoadStrategy: normal, platformName: WINDOWS, platformVersion: 10.0, proxy: Proxy(), se:cdp: ws://localhost:59410/devtoo..., se:cdpVersion: 85.0, setWindowRect: true, strictFileInteractability: false, timeouts: {implicit: 0, pageLoad: 300000, script: 30000}, unhandledPromptBehavior: dismiss and notify}
Element: [[FirefoxDriver: firefox on WINDOWS (b6398bcb-f2e3-4de3-b691-5e196498df5a)] -> id: city]
Session ID: b6398bcb-f2e3-4de3-b691-5e196498df5a
00:13:26.386  INFO  manager.HelperBase - Start method with name --> searchCurrentYearLocalDate
00:13:26.394  INFO  manager.MyListener - WebDriver start find element -->By.id: city
00:13:26.414  INFO  manager.MyListener - WebDriver found element by locator -->By.id: city
00:13:26.422  INFO  manager.MyListener - The name of method with error is --> public abstract void org.openqa.selenium.WebElement.click()
00:13:26.422  INFO  manager.MyListener - Houston, we have a problem org.openqa.selenium.ElementClickInterceptedException: Element <input id="city" class="ng-valid pac-target-input ng-touched ng-dirty" type="text"> is not clickable at point (377,282) because another element <div class="cdk-overlay-backdrop mat-overlay-transparent-backdrop cdk-overlay-backdrop-showing"> obscures it
Build info: version: '4.2.2', revision: '683ccb65d6'
System info: host: 'DESKTOP-31QDJF0', ip: '192.168.1.203', os.name: 'Windows 10', os.arch: 'amd64', os.version: '10.0', java.version: '11.0.15.1'
Driver info: org.openqa.selenium.firefox.FirefoxDriver
Command: [b6398bcb-f2e3-4de3-b691-5e196498df5a, clickElement {id=c830e4f2-1816-45be-82a1-d29cec0c7679}]
Capabilities {acceptInsecureCerts: true, browserName: firefox, browserVersion: 102.0.1, moz:accessibilityChecks: false, moz:buildID: 20220705093820, moz:debuggerAddress: localhost:59410, moz:geckodriverVersion: 0.31.0, moz:headless: false, moz:processID: 14588, moz:profile: C:\Users\alexa\AppData\Loca..., moz:shutdownTimeout: 60000, moz:useNonSpecCompliantPointerOrigin: false, moz:webdriverClick: true, moz:windowless: false, pageLoadStrategy: normal, platformName: WINDOWS, platformVersion: 10.0, proxy: Proxy(), se:cdp: ws://localhost:59410/devtoo..., se:cdpVersion: 85.0, setWindowRect: true, strictFileInteractability: false, timeouts: {implicit: 0, pageLoad: 300000, script: 30000}, unhandledPromptBehavior: dismiss and notify}
Element: [[FirefoxDriver: firefox on WINDOWS (b6398bcb-f2e3-4de3-b691-5e196498df5a)] -> id: city]
Session ID: b6398bcb-f2e3-4de3-b691-5e196498df5a
00:13:26.422  INFO  manager.HelperBase - Start method with name --> searchNextMonth
00:13:26.429  INFO  manager.MyListener - WebDriver start find element -->By.id: city
00:13:26.444  INFO  manager.MyListener - WebDriver found element by locator -->By.id: city
00:13:26.452  INFO  manager.MyListener - The name of method with error is --> public abstract void org.openqa.selenium.WebElement.click()
00:13:26.452  INFO  manager.MyListener - Houston, we have a problem org.openqa.selenium.ElementClickInterceptedException: Element <input id="city" class="ng-valid pac-target-input ng-touched ng-dirty" type="text"> is not clickable at point (377,282) because another element <div class="cdk-overlay-backdrop mat-overlay-transparent-backdrop cdk-overlay-backdrop-showing"> obscures it
Build info: version: '4.2.2', revision: '683ccb65d6'
System info: host: 'DESKTOP-31QDJF0', ip: '192.168.1.203', os.name: 'Windows 10', os.arch: 'amd64', os.version: '10.0', java.version: '11.0.15.1'
Driver info: org.openqa.selenium.firefox.FirefoxDriver
Command: [b6398bcb-f2e3-4de3-b691-5e196498df5a, clickElement {id=c830e4f2-1816-45be-82a1-d29cec0c7679}]
Capabilities {acceptInsecureCerts: true, browserName: firefox, browserVersion: 102.0.1, moz:accessibilityChecks: false, moz:buildID: 20220705093820, moz:debuggerAddress: localhost:59410, moz:geckodriverVersion: 0.31.0, moz:headless: false, moz:processID: 14588, moz:profile: C:\Users\alexa\AppData\Loca..., moz:shutdownTimeout: 60000, moz:useNonSpecCompliantPointerOrigin: false, moz:webdriverClick: true, moz:windowless: false, pageLoadStrategy: normal, platformName: WINDOWS, platformVersion: 10.0, proxy: Proxy(), se:cdp: ws://localhost:59410/devtoo..., se:cdpVersion: 85.0, setWindowRect: true, strictFileInteractability: false, timeouts: {implicit: 0, pageLoad: 300000, script: 30000}, unhandledPromptBehavior: dismiss and notify}
Element: [[FirefoxDriver: firefox on WINDOWS (b6398bcb-f2e3-4de3-b691-5e196498df5a)] -> id: city]
Session ID: b6398bcb-f2e3-4de3-b691-5e196498df5a
00:13:26.456  INFO  manager.HelperBase - Start method with name --> searchPeriodPast
00:13:26.460  INFO  manager.MyListener - WebDriver start find element -->By.id: city
00:13:26.472  INFO  manager.MyListener - WebDriver found element by locator -->By.id: city
00:13:26.480  INFO  manager.MyListener - The name of method with error is --> public abstract void org.openqa.selenium.WebElement.click()
00:13:26.481  INFO  manager.MyListener - Houston, we have a problem org.openqa.selenium.ElementClickInterceptedException: Element <input id="city" class="ng-valid pac-target-input ng-touched ng-dirty" type="text"> is not clickable at point (377,282) because another element <div class="cdk-overlay-backdrop mat-overlay-transparent-backdrop cdk-overlay-backdrop-showing"> obscures it
Build info: version: '4.2.2', revision: '683ccb65d6'
System info: host: 'DESKTOP-31QDJF0', ip: '192.168.1.203', os.name: 'Windows 10', os.arch: 'amd64', os.version: '10.0', java.version: '11.0.15.1'
Driver info: org.openqa.selenium.firefox.FirefoxDriver
Command: [b6398bcb-f2e3-4de3-b691-5e196498df5a, clickElement {id=c830e4f2-1816-45be-82a1-d29cec0c7679}]
Capabilities {acceptInsecureCerts: true, browserName: firefox, browserVersion: 102.0.1, moz:accessibilityChecks: false, moz:buildID: 20220705093820, moz:debuggerAddress: localhost:59410, moz:geckodriverVersion: 0.31.0, moz:headless: false, moz:processID: 14588, moz:profile: C:\Users\alexa\AppData\Loca..., moz:shutdownTimeout: 60000, moz:useNonSpecCompliantPointerOrigin: false, moz:webdriverClick: true, moz:windowless: false, pageLoadStrategy: normal, platformName: WINDOWS, platformVersion: 10.0, proxy: Proxy(), se:cdp: ws://localhost:59410/devtoo..., se:cdpVersion: 85.0, setWindowRect: true, strictFileInteractability: false, timeouts: {implicit: 0, pageLoad: 300000, script: 30000}, unhandledPromptBehavior: dismiss and notify}
Element: [[FirefoxDriver: firefox on WINDOWS (b6398bcb-f2e3-4de3-b691-5e196498df5a)] -> id: city]
Session ID: b6398bcb-f2e3-4de3-b691-5e196498df5a
