23:34:51.127  INFO  manager.ApplicationManager - All tests run in firefox browser
23:34:54.272  INFO  manager.ApplicationManager - current url ---->https://ilcarro-1578153671498.web.app/search
23:34:54.324  INFO  manager.HelperBase - Start method with name --> searchCurrentMonth
23:34:54.336  INFO  manager.MyListener - WebDriver start find element -->By.id: city
23:34:54.376  INFO  manager.MyListener - WebDriver found element by locator -->By.id: city
23:34:55.373  INFO  manager.MyListener - WebDriver start find element -->By.cssSelector: .pac-item
23:34:55.397  INFO  manager.MyListener - WebDriver found element by locator -->By.cssSelector: .pac-item
23:34:56.115  INFO  manager.MyListener - WebDriver start find element -->By.id: dates
23:34:56.146  INFO  manager.MyListener - WebDriver found element by locator -->By.id: dates
23:34:56.492  INFO  manager.MyListener - WebDriver start find element -->By.xpath: //div[text()=' 28 ']
23:34:56.508  INFO  manager.MyListener - WebDriver found element by locator -->By.xpath: //div[text()=' 28 ']
23:34:56.765  INFO  manager.MyListener - WebDriver start find element -->By.xpath: //div[text()=' 31 ']
23:34:56.791  INFO  manager.MyListener - WebDriver found element by locator -->By.xpath: //div[text()=' 31 ']
23:34:57.049  INFO  manager.MyListener - WebDriver start find element -->By.cssSelector: button[type='submit']
23:34:57.076  INFO  manager.MyListener - WebDriver found element by locator -->By.cssSelector: button[type='submit']
23:34:57.140  INFO  manager.MyListener - WebDriver start find element -->By.cssSelector: button[type='submit']
23:34:57.156  INFO  manager.MyListener - WebDriver found element by locator -->By.cssSelector: button[type='submit']
23:34:59.372  INFO  manager.HelperBase - Start method with name --> searchCurrentYear
23:34:59.376  INFO  manager.MyListener - WebDriver start find element -->By.cssSelector: a[href='/search']
23:34:59.400  INFO  manager.MyListener - WebDriver found element by locator -->By.cssSelector: a[href='/search']
23:34:59.650  INFO  manager.MyListener - WebDriver start find element -->By.id: city
23:34:59.674  INFO  manager.MyListener - WebDriver found element by locator -->By.id: city
23:35:00.660  INFO  manager.MyListener - WebDriver start find element -->By.cssSelector: .pac-item
23:35:00.683  INFO  manager.MyListener - WebDriver found element by locator -->By.cssSelector: .pac-item
23:35:01.403  INFO  manager.MyListener - WebDriver start find element -->By.id: dates
23:35:01.483  INFO  manager.MyListener - WebDriver found element by locator -->By.id: dates
23:35:01.757  INFO  manager.MyListener - WebDriver start find element -->By.cssSelector: button[aria-label='Next month'
23:35:01.778  INFO  manager.MyListener - WebDriver found element by locator -->By.cssSelector: button[aria-label='Next month'
23:35:02.024  INFO  manager.MyListener - WebDriver start find element -->By.cssSelector: button[aria-label='Next month'
23:35:02.048  INFO  manager.MyListener - WebDriver found element by locator -->By.cssSelector: button[aria-label='Next month'
23:35:02.303  INFO  manager.MyListener - WebDriver start find element -->By.cssSelector: button[aria-label='Next month'
23:35:02.331  INFO  manager.MyListener - WebDriver found element by locator -->By.cssSelector: button[aria-label='Next month'
23:35:02.586  INFO  manager.MyListener - WebDriver start find element -->By.xpath: //div[text()=' 28 ']
23:35:02.606  INFO  manager.MyListener - WebDriver found element by locator -->By.xpath: //div[text()=' 28 ']
23:35:02.860  INFO  manager.MyListener - WebDriver start find element -->By.cssSelector: button[aria-label='Next month'
23:35:02.876  INFO  manager.MyListener - WebDriver found element by locator -->By.cssSelector: button[aria-label='Next month'
23:35:03.140  INFO  manager.MyListener - WebDriver start find element -->By.cssSelector: button[aria-label='Next month'
23:35:03.156  INFO  manager.MyListener - WebDriver found element by locator -->By.cssSelector: button[aria-label='Next month'
23:35:03.417  INFO  manager.MyListener - WebDriver start find element -->By.xpath: //div[text()=' 10 ']
23:35:03.437  INFO  manager.MyListener - WebDriver found element by locator -->By.xpath: //div[text()=' 10 ']
23:35:03.693  INFO  manager.MyListener - WebDriver start find element -->By.cssSelector: button[type='submit']
23:35:03.717  INFO  manager.MyListener - WebDriver found element by locator -->By.cssSelector: button[type='submit']
23:35:03.749  INFO  manager.MyListener - WebDriver start find element -->By.cssSelector: button[type='submit']
23:35:03.761  INFO  manager.MyListener - WebDriver found element by locator -->By.cssSelector: button[type='submit']
23:35:04.799  INFO  manager.HelperBase - Start method with name --> searchNextMonth
23:35:04.803  INFO  manager.MyListener - WebDriver start find element -->By.cssSelector: a[href='/search']
23:35:04.819  INFO  manager.MyListener - WebDriver found element by locator -->By.cssSelector: a[href='/search']
23:35:05.072  INFO  manager.MyListener - WebDriver start find element -->By.id: city
23:35:05.088  INFO  manager.MyListener - WebDriver found element by locator -->By.id: city
23:35:06.074  INFO  manager.MyListener - WebDriver start find element -->By.cssSelector: .pac-item
23:35:06.094  INFO  manager.MyListener - WebDriver found element by locator -->By.cssSelector: .pac-item
23:35:06.819  INFO  manager.MyListener - WebDriver start find element -->By.id: dates
23:35:06.839  INFO  manager.MyListener - WebDriver found element by locator -->By.id: dates
23:35:07.130  INFO  manager.MyListener - WebDriver start find element -->By.cssSelector: button[aria-label='Next month'
23:35:07.150  INFO  manager.MyListener - WebDriver found element by locator -->By.cssSelector: button[aria-label='Next month'
23:35:07.407  INFO  manager.MyListener - WebDriver start find element -->By.xpath: //div[text()=' 8 ']
23:35:07.423  INFO  manager.MyListener - WebDriver found element by locator -->By.xpath: //div[text()=' 8 ']
23:35:07.682  INFO  manager.MyListener - WebDriver start find element -->By.xpath: //div[text()=' 20 ']
23:35:07.694  INFO  manager.MyListener - WebDriver found element by locator -->By.xpath: //div[text()=' 20 ']
23:35:07.940  INFO  manager.MyListener - WebDriver start find element -->By.cssSelector: button[type='submit']
23:35:07.956  INFO  manager.MyListener - WebDriver found element by locator -->By.cssSelector: button[type='submit']
23:35:07.992  INFO  manager.MyListener - WebDriver start find element -->By.cssSelector: button[type='submit']
23:35:08.004  INFO  manager.MyListener - WebDriver found element by locator -->By.cssSelector: button[type='submit']
23:35:09.102  INFO  manager.HelperBase - Start method with name --> searchPeriodPast
23:35:09.106  INFO  manager.MyListener - WebDriver start find element -->By.cssSelector: a[href='/search']
23:35:09.122  INFO  manager.MyListener - WebDriver found element by locator -->By.cssSelector: a[href='/search']
23:35:09.382  INFO  manager.MyListener - WebDriver start find element -->By.id: city
23:35:09.406  INFO  manager.MyListener - WebDriver found element by locator -->By.id: city
23:35:10.386  INFO  manager.MyListener - WebDriver start find element -->By.cssSelector: .pac-item
23:35:10.406  INFO  manager.MyListener - WebDriver found element by locator -->By.cssSelector: .pac-item
23:35:11.140  INFO  manager.MyListener - WebDriver start find element -->By.id: dates
23:35:11.164  INFO  manager.MyListener - WebDriver found element by locator -->By.id: dates
23:35:11.164  INFO  manager.MyListener - WebDriver start find element -->By.cssSelector: button[type='submit']
23:35:11.180  INFO  manager.MyListener - WebDriver found element by locator -->By.cssSelector: button[type='submit']
