01:17:05.639  INFO  manager.ApplicationManager - All tests run in firefox browser
01:17:07.910  INFO  manager.ApplicationManager - current url ---->https://ilcarro-1578153671498.web.app/search
01:17:07.957  INFO  manager.HelperBase - Start method with name --> searchCurrentMonth
01:17:07.957  INFO  manager.MyListener - WebDriver start find element -->By.id: city
01:17:08.004  INFO  manager.MyListener - WebDriver found element by locator -->By.id: city
01:17:09.047  INFO  manager.MyListener - WebDriver start find element -->By.cssSelector: .pac-item
01:17:09.081  INFO  manager.MyListener - WebDriver found element by locator -->By.cssSelector: .pac-item
01:17:09.812  INFO  manager.MyListener - WebDriver start find element -->By.id: dates
01:17:09.834  INFO  manager.MyListener - WebDriver found element by locator -->By.id: dates
01:17:10.187  INFO  manager.MyListener - WebDriver start find element -->By.xpath: //div[text()=' 28 ']
01:17:10.215  INFO  manager.MyListener - WebDriver found element by locator -->By.xpath: //div[text()=' 28 ']
01:17:10.482  INFO  manager.MyListener - WebDriver start find element -->By.xpath: //div[text()=' 31 ']
01:17:10.512  INFO  manager.MyListener - WebDriver found element by locator -->By.xpath: //div[text()=' 31 ']
01:17:10.790  INFO  manager.MyListener - WebDriver start find element -->By.cssSelector: button[type='submit']
01:17:10.809  INFO  manager.MyListener - WebDriver found element by locator -->By.cssSelector: button[type='submit']
01:17:10.859  INFO  manager.MyListener - WebDriver start find element -->By.cssSelector: button[type='submit']
01:17:10.874  INFO  manager.MyListener - WebDriver found element by locator -->By.cssSelector: button[type='submit']
01:17:11.909  INFO  manager.MyListener - WebDriver start find element -->By.cssSelector: a[href='/search']
01:17:11.941  INFO  manager.MyListener - WebDriver found element by locator -->By.cssSelector: a[href='/search']
01:17:12.192  INFO  manager.HelperBase - Start method with name --> searchCurrentYear
01:17:12.192  INFO  manager.MyListener - WebDriver start find element -->By.id: city
01:17:12.209  INFO  manager.MyListener - WebDriver found element by locator -->By.id: city
01:17:13.180  INFO  manager.MyListener - WebDriver start find element -->By.cssSelector: .pac-item
01:17:13.195  INFO  manager.MyListener - WebDriver found element by locator -->By.cssSelector: .pac-item
01:17:13.947  INFO  manager.MyListener - WebDriver start find element -->By.id: dates
01:17:13.970  INFO  manager.MyListener - WebDriver found element by locator -->By.id: dates
01:17:14.270  INFO  manager.MyListener - WebDriver start find element -->By.cssSelector: button[aria-label='Next month'
01:17:14.286  INFO  manager.MyListener - WebDriver found element by locator -->By.cssSelector: button[aria-label='Next month'
01:17:14.673  INFO  manager.MyListener - WebDriver start find element -->By.cssSelector: button[aria-label='Next month'
01:17:14.689  INFO  manager.MyListener - WebDriver found element by locator -->By.cssSelector: button[aria-label='Next month'
01:17:14.936  INFO  manager.MyListener - WebDriver start find element -->By.cssSelector: button[aria-label='Next month'
01:17:14.960  INFO  manager.MyListener - WebDriver found element by locator -->By.cssSelector: button[aria-label='Next month'
01:17:15.230  INFO  manager.MyListener - WebDriver start find element -->By.xpath: //div[text()=' 28 ']
01:17:15.250  INFO  manager.MyListener - WebDriver found element by locator -->By.xpath: //div[text()=' 28 ']
01:17:15.495  INFO  manager.MyListener - WebDriver start find element -->By.cssSelector: button[aria-label='Next month'
01:17:15.512  INFO  manager.MyListener - WebDriver found element by locator -->By.cssSelector: button[aria-label='Next month'
01:17:15.772  INFO  manager.MyListener - WebDriver start find element -->By.cssSelector: button[aria-label='Next month'
01:17:15.796  INFO  manager.MyListener - WebDriver found element by locator -->By.cssSelector: button[aria-label='Next month'
01:17:16.055  INFO  manager.MyListener - WebDriver start find element -->By.xpath: //div[text()=' 10 ']
01:17:16.081  INFO  manager.MyListener - WebDriver found element by locator -->By.xpath: //div[text()=' 10 ']
01:17:16.335  INFO  manager.MyListener - WebDriver start find element -->By.cssSelector: button[type='submit']
01:17:16.359  INFO  manager.MyListener - WebDriver found element by locator -->By.cssSelector: button[type='submit']
01:17:16.391  INFO  manager.MyListener - WebDriver start find element -->By.cssSelector: button[type='submit']
01:17:16.405  INFO  manager.MyListener - WebDriver found element by locator -->By.cssSelector: button[type='submit']
01:17:17.357  INFO  manager.MyListener - WebDriver start find element -->By.cssSelector: a[href='/search']
01:17:17.369  INFO  manager.MyListener - WebDriver found element by locator -->By.cssSelector: a[href='/search']
01:17:17.634  INFO  manager.HelperBase - Start method with name --> searchCurrentYearLocalDate
01:17:17.636  INFO  manager.MyListener - WebDriver start find element -->By.id: city
01:17:17.659  INFO  manager.MyListener - WebDriver found element by locator -->By.id: city
01:17:18.640  INFO  manager.MyListener - WebDriver start find element -->By.cssSelector: .pac-item
01:17:18.660  INFO  manager.MyListener - WebDriver found element by locator -->By.cssSelector: .pac-item
01:17:19.412  INFO  manager.MyListener - WebDriver start find element -->By.id: dates
01:17:19.428  INFO  manager.MyListener - WebDriver found element by locator -->By.id: dates
01:17:19.713  INFO  manager.MyListener - WebDriver start find element -->By.cssSelector: button[aria-label='Next month'
01:17:19.729  INFO  manager.MyListener - WebDriver found element by locator -->By.cssSelector: button[aria-label='Next month'
01:17:20.014  INFO  manager.MyListener - WebDriver start find element -->By.xpath: //div[text()=' 10 ']
01:17:20.030  INFO  manager.MyListener - WebDriver found element by locator -->By.xpath: //div[text()=' 10 ']
01:17:20.300  INFO  manager.MyListener - WebDriver start find element -->By.cssSelector: button[aria-label='Next month'
01:17:20.315  INFO  manager.MyListener - WebDriver found element by locator -->By.cssSelector: button[aria-label='Next month'
01:17:20.600  INFO  manager.MyListener - WebDriver start find element -->By.cssSelector: button[aria-label='Next month'
01:17:20.616  INFO  manager.MyListener - WebDriver found element by locator -->By.cssSelector: button[aria-label='Next month'
01:17:20.879  INFO  manager.MyListener - WebDriver start find element -->By.xpath: //div[text()=' 20 ']
01:17:20.901  INFO  manager.MyListener - WebDriver found element by locator -->By.xpath: //div[text()=' 20 ']
01:17:21.149  INFO  manager.MyListener - WebDriver start find element -->By.cssSelector: button[type='submit']
01:17:21.164  INFO  manager.MyListener - WebDriver found element by locator -->By.cssSelector: button[type='submit']
01:17:21.218  INFO  manager.MyListener - WebDriver start find element -->By.cssSelector: button[type='submit']
01:17:21.218  INFO  manager.MyListener - WebDriver found element by locator -->By.cssSelector: button[type='submit']
01:17:22.370  INFO  manager.MyListener - WebDriver start find element -->By.cssSelector: a[href='/search']
01:17:22.386  INFO  manager.MyListener - WebDriver found element by locator -->By.cssSelector: a[href='/search']
01:17:22.640  INFO  manager.HelperBase - Start method with name --> searchNextMonth
01:17:22.640  INFO  manager.MyListener - WebDriver start find element -->By.id: city
01:17:22.655  INFO  manager.MyListener - WebDriver found element by locator -->By.id: city
01:17:23.645  INFO  manager.MyListener - WebDriver start find element -->By.cssSelector: .pac-item
01:17:23.665  INFO  manager.MyListener - WebDriver found element by locator -->By.cssSelector: .pac-item
01:17:24.403  INFO  manager.MyListener - WebDriver start find element -->By.id: dates
01:17:24.425  INFO  manager.MyListener - WebDriver found element by locator -->By.id: dates
01:17:24.726  INFO  manager.MyListener - WebDriver start find element -->By.cssSelector: button[aria-label='Next month'
01:17:24.741  INFO  manager.MyListener - WebDriver found element by locator -->By.cssSelector: button[aria-label='Next month'
01:17:25.027  INFO  manager.MyListener - WebDriver start find element -->By.xpath: //div[text()=' 8 ']
01:17:25.042  INFO  manager.MyListener - WebDriver found element by locator -->By.xpath: //div[text()=' 8 ']
01:17:25.305  INFO  manager.MyListener - WebDriver start find element -->By.xpath: //div[text()=' 20 ']
01:17:25.328  INFO  manager.MyListener - WebDriver found element by locator -->By.xpath: //div[text()=' 20 ']
01:17:25.591  INFO  manager.MyListener - WebDriver start find element -->By.cssSelector: button[type='submit']
01:17:25.613  INFO  manager.MyListener - WebDriver found element by locator -->By.cssSelector: button[type='submit']
01:17:25.644  INFO  manager.MyListener - WebDriver start find element -->By.cssSelector: button[type='submit']
01:17:25.660  INFO  manager.MyListener - WebDriver found element by locator -->By.cssSelector: button[type='submit']
01:17:26.716  INFO  manager.MyListener - WebDriver start find element -->By.cssSelector: a[href='/search']
01:17:26.732  INFO  manager.MyListener - WebDriver found element by locator -->By.cssSelector: a[href='/search']
01:17:27.009  INFO  manager.HelperBase - Start method with name --> searchPeriodPast
01:17:27.009  INFO  manager.MyListener - WebDriver start find element -->By.id: city
01:17:27.032  INFO  manager.MyListener - WebDriver found element by locator -->By.id: city
01:17:28.038  INFO  manager.MyListener - WebDriver start find element -->By.cssSelector: .pac-item
01:17:28.101  INFO  manager.MyListener - WebDriver found element by locator -->By.cssSelector: .pac-item
01:17:28.820  INFO  manager.MyListener - WebDriver start find element -->By.id: dates
01:17:28.837  INFO  manager.MyListener - WebDriver found element by locator -->By.id: dates
01:17:28.841  INFO  manager.MyListener - WebDriver start find element -->By.id: dates
01:17:28.857  INFO  manager.MyListener - WebDriver found element by locator -->By.id: dates
01:17:28.857  INFO  manager.MyListener - WebDriver start find element -->By.id: dates
01:17:28.873  INFO  manager.MyListener - WebDriver found element by locator -->By.id: dates
01:17:29.285  INFO  manager.MyListener - WebDriver start find element -->By.cssSelector: [type=submit]
01:17:29.297  INFO  manager.MyListener - WebDriver found element by locator -->By.cssSelector: [type=submit]
01:17:29.306  INFO  manager.MyListener - WebDriver start find element -->By.cssSelector: div.error div:first-child
01:17:29.317  INFO  manager.MyListener - WebDriver found element by locator -->By.cssSelector: div.error div:first-child
01:17:29.341  INFO  manager.MyListener - WebDriver start find element -->By.cssSelector: div.error div:first-child
01:17:29.349  INFO  manager.MyListener - WebDriver found element by locator -->By.cssSelector: div.error div:first-child
01:17:29.361  INFO  manager.MyListener - WebDriver start find element -->By.cssSelector: a[href='/search']
01:17:29.369  INFO  manager.MyListener - WebDriver found element by locator -->By.cssSelector: a[href='/search']
01:17:29.389  INFO  manager.MyListener - The name of method with error is --> public abstract void org.openqa.selenium.WebElement.click()
01:17:29.392  INFO  manager.MyListener - Houston, we have a problem org.openqa.selenium.ElementClickInterceptedException: Element <a id="0" class="navigation-link" href="/search"> is not clickable at point (1074,34) because another element <div class="cdk-overlay-backdrop mat-overlay-transparent-backdrop cdk-overlay-backdrop-showing"> obscures it
Build info: version: '4.2.2', revision: '683ccb65d6'
System info: host: 'DESKTOP-31QDJF0', ip: '192.168.1.203', os.name: 'Windows 10', os.arch: 'amd64', os.version: '10.0', java.version: '11.0.15.1'
Driver info: org.openqa.selenium.firefox.FirefoxDriver
Command: [13ea18da-fdf9-4653-b9ba-00775c7aae6c, clickElement {id=89e814af-86ca-4f53-b8e2-eb1a715e188e}]
Capabilities {acceptInsecureCerts: true, browserName: firefox, browserVersion: 102.0.1, moz:accessibilityChecks: false, moz:buildID: 20220705093820, moz:debuggerAddress: localhost:50453, moz:geckodriverVersion: 0.31.0, moz:headless: false, moz:processID: 23792, moz:profile: C:\Users\alexa\AppData\Loca..., moz:shutdownTimeout: 60000, moz:useNonSpecCompliantPointerOrigin: false, moz:webdriverClick: true, moz:windowless: false, pageLoadStrategy: normal, platformName: WINDOWS, platformVersion: 10.0, proxy: Proxy(), se:cdp: ws://localhost:50453/devtoo..., se:cdpVersion: 85.0, setWindowRect: true, strictFileInteractability: false, timeouts: {implicit: 0, pageLoad: 300000, script: 30000}, unhandledPromptBehavior: dismiss and notify}
Element: [[FirefoxDriver: firefox on WINDOWS (13ea18da-fdf9-4653-b9ba-00775c7aae6c)] -> css selector: a[href='/search']]
Session ID: 13ea18da-fdf9-4653-b9ba-00775c7aae6c
