09:57:02.741  INFO  manager.ApplicationManager - All tests run in firefox browser
09:57:05.476  INFO  manager.ApplicationManager - current url ---->https://ilcarro-1578153671498.web.app/search
09:57:05.531  INFO  manager.HelperBase - Start method with name --> searchCurrentYear
09:57:05.536  INFO  manager.MyListener - WebDriver start find element -->By.id: city
09:57:05.577  INFO  manager.MyListener - WebDriver found element by locator -->By.id: city
09:57:06.629  INFO  manager.MyListener - WebDriver start find element -->By.cssSelector: .pac-item
09:57:06.649  INFO  manager.MyListener - WebDriver found element by locator -->By.cssSelector: .pac-item
09:57:07.377  INFO  manager.MyListener - WebDriver start find element -->By.id: dates
09:57:07.395  INFO  manager.MyListener - WebDriver found element by locator -->By.id: dates
09:57:07.702  INFO  manager.MyListener - WebDriver start find element -->By.cssSelector: button[aria-label='Next month'
09:57:07.728  INFO  manager.MyListener - WebDriver found element by locator -->By.cssSelector: button[aria-label='Next month'
09:57:07.974  INFO  manager.MyListener - WebDriver start find element -->By.cssSelector: button[aria-label='Next month'
09:57:07.995  INFO  manager.MyListener - WebDriver found element by locator -->By.cssSelector: button[aria-label='Next month'
09:57:08.232  INFO  manager.MyListener - WebDriver start find element -->By.cssSelector: button[aria-label='Next month'
09:57:08.253  INFO  manager.MyListener - WebDriver found element by locator -->By.cssSelector: button[aria-label='Next month'
09:57:08.502  INFO  manager.MyListener - WebDriver start find element -->By.cssSelector: button[aria-label='Next month'
09:57:08.519  INFO  manager.MyListener - WebDriver found element by locator -->By.cssSelector: button[aria-label='Next month'
09:57:08.758  INFO  manager.MyListener - WebDriver start find element -->By.cssSelector: button[aria-label='Next month'
09:57:08.779  INFO  manager.MyListener - WebDriver found element by locator -->By.cssSelector: button[aria-label='Next month'
09:57:09.022  INFO  manager.MyListener - WebDriver start find element -->By.xpath: //div[text()=' 10 ']
09:57:09.039  INFO  manager.MyListener - WebDriver found element by locator -->By.xpath: //div[text()=' 10 ']
09:57:09.293  INFO  manager.MyListener - WebDriver start find element -->By.cssSelector: button[type='submit']
09:57:09.313  INFO  manager.MyListener - WebDriver found element by locator -->By.cssSelector: button[type='submit']
