23:17:42.369  INFO  manager.ApplicationManager - All tests run in firefox browser
23:17:44.553  INFO  manager.ApplicationManager - current url ---->https://ilcarro-1578153671498.web.app/search
23:17:44.622  INFO  manager.HelperBase - Start method with name --> searchPeriodPast
23:17:44.630  INFO  manager.MyListener - WebDriver start find element -->By.id: city
23:17:44.666  INFO  manager.MyListener - WebDriver found element by locator -->By.id: city
23:17:45.677  INFO  manager.MyListener - WebDriver start find element -->By.cssSelector: .pac-item
23:17:45.704  INFO  manager.MyListener - WebDriver found element by locator -->By.cssSelector: .pac-item
23:17:46.439  INFO  manager.MyListener - WebDriver start find element -->By.id: dates
23:17:46.470  INFO  manager.MyListener - WebDriver found element by locator -->By.id: dates
23:17:46.553  INFO  manager.MyListener - WebDriver start find element -->By.cssSelector: button[type='submit']
23:17:46.569  INFO  manager.MyListener - WebDriver found element by locator -->By.cssSelector: button[type='submit']
23:17:46.591  INFO  manager.MyListener - WebDriver start find element -->By.cssSelector: button[type='submit']
23:17:46.606  INFO  manager.MyListener - WebDriver found element by locator -->By.cssSelector: button[type='submit']
23:17:47.355  INFO  manager.MyListener - WebDriver start find element -->By.xpath: //div[text()=" You can't pick date before today "]
23:17:47.387  INFO  manager.MyListener - WebDriver found element by locator -->By.xpath: //div[text()=" You can't pick date before today "]
23:17:47.409  INFO  manager.MyListener - WebDriver start find element -->By.cssSelector: //div[text()=" You can't pick date before today "]
23:17:47.424  INFO  manager.MyListener - The name of method with error is --> public abstract org.openqa.selenium.WebElement org.openqa.selenium.WebDriver.findElement(org.openqa.selenium.By)
23:17:47.424  INFO  manager.MyListener - Houston, we have a problem org.openqa.selenium.InvalidSelectorException: Given css selector expression "//div[text()=" You can't pick date before today "]" is invalid: InvalidSelectorError: Document.querySelector: '//div[text()=" You can't pick date before today "]' is not a valid selector: "//div[text()=" You can't pick date before today "]"
For documentation on this error, please visit: https://selenium.dev/exceptions/#invalid_selector_exception
Build info: version: '4.2.2', revision: '683ccb65d6'
System info: host: 'DESKTOP-31QDJF0', ip: '192.168.1.203', os.name: 'Windows 10', os.arch: 'amd64', os.version: '10.0', java.version: '11.0.15.1'
Driver info: org.openqa.selenium.firefox.FirefoxDriver
Command: [2e3fdf52-ed1c-4e95-8765-7bef29f18725, findElement {using=css selector, value=//div[text()=" You can't pick date before today "]}]
Capabilities {acceptInsecureCerts: true, browserName: firefox, browserVersion: 102.0.1, moz:accessibilityChecks: false, moz:buildID: 20220705093820, moz:debuggerAddress: localhost:60118, moz:geckodriverVersion: 0.31.0, moz:headless: false, moz:processID: 8372, moz:profile: C:\Users\alexa\AppData\Loca..., moz:shutdownTimeout: 60000, moz:useNonSpecCompliantPointerOrigin: false, moz:webdriverClick: true, moz:windowless: false, pageLoadStrategy: normal, platformName: WINDOWS, platformVersion: 10.0, proxy: Proxy(), se:cdp: ws://localhost:60118/devtoo..., se:cdpVersion: 85.0, setWindowRect: true, strictFileInteractability: false, timeouts: {implicit: 0, pageLoad: 300000, script: 30000}, unhandledPromptBehavior: dismiss and notify}
Session ID: 2e3fdf52-ed1c-4e95-8765-7bef29f18725
