21:01:40.623  INFO  manager.ApplicationManager - All tests run in firefox browser
21:01:42.916  INFO  manager.ApplicationManager - current url ---->https://ilcarro-1578153671498.web.app/search
21:01:42.983  INFO  manager.HelperBase - Start method with name --> searchCurrentMonth
21:01:42.986  INFO  manager.MyListener - WebDriver start find element -->By.id: city
21:01:43.033  INFO  manager.MyListener - WebDriver found element by locator -->By.id: city
21:01:44.043  INFO  manager.MyListener - WebDriver start find element -->By.cssSelector: .pac-item
21:01:44.068  INFO  manager.MyListener - WebDriver found element by locator -->By.cssSelector: .pac-item
21:01:44.796  INFO  manager.MyListener - WebDriver start find element -->By.id: dates
21:01:44.831  INFO  manager.MyListener - WebDriver found element by locator -->By.id: dates
21:01:45.164  INFO  manager.MyListener - WebDriver start find element -->By.xpath: //div[text()=' 25 ']
21:01:45.195  INFO  manager.MyListener - WebDriver found element by locator -->By.xpath: //div[text()=' 25 ']
21:01:45.443  INFO  manager.MyListener - WebDriver start find element -->By.xpath: //div[text()=' 31 ']
21:01:45.463  INFO  manager.MyListener - WebDriver found element by locator -->By.xpath: //div[text()=' 31 ']
21:01:45.723  INFO  manager.MyListener - WebDriver start find element -->By.cssSelector: button[type='submit']
21:01:45.743  INFO  manager.MyListener - WebDriver found element by locator -->By.cssSelector: button[type='submit']
21:01:45.795  INFO  manager.MyListener - WebDriver start find element -->By.cssSelector: button[type='submit']
21:01:45.813  INFO  manager.MyListener - WebDriver found element by locator -->By.cssSelector: button[type='submit']
21:01:46.893  INFO  manager.HelperBase - Start method with name --> searchCurrentYear
21:01:46.894  INFO  manager.MyListener - WebDriver start find element -->By.id: city
21:01:46.910  INFO  manager.MyListener - WebDriver found element by locator -->By.id: city
21:01:47.911  INFO  manager.MyListener - WebDriver start find element -->By.cssSelector: .pac-item
21:01:47.938  INFO  manager.MyListener - WebDriver found element by locator -->By.cssSelector: .pac-item
21:01:48.659  INFO  manager.MyListener - WebDriver start find element -->By.id: dates
21:01:58.685  INFO  manager.MyListener - The name of method with error is --> public abstract org.openqa.selenium.WebElement org.openqa.selenium.WebDriver.findElement(org.openqa.selenium.By)
21:01:58.689  INFO  manager.MyListener - Houston, we have a problem org.openqa.selenium.NoSuchElementException: Unable to locate element: #dates
For documentation on this error, please visit: https://selenium.dev/exceptions/#no_such_element
Build info: version: '4.2.2', revision: '683ccb65d6'
System info: host: 'DESKTOP-31QDJF0', ip: '192.168.1.203', os.name: 'Windows 10', os.arch: 'amd64', os.version: '10.0', java.version: '11.0.15.1'
Driver info: org.openqa.selenium.firefox.FirefoxDriver
Command: [5e088139-631e-4ef4-be1b-6caa8fc5dee8, findElement {using=id, value=dates}]
Capabilities {acceptInsecureCerts: true, browserName: firefox, browserVersion: 102.0.1, moz:accessibilityChecks: false, moz:buildID: 20220705093820, moz:debuggerAddress: localhost:65126, moz:geckodriverVersion: 0.31.0, moz:headless: false, moz:processID: 16996, moz:profile: C:\Users\alexa\AppData\Loca..., moz:shutdownTimeout: 60000, moz:useNonSpecCompliantPointerOrigin: false, moz:webdriverClick: true, moz:windowless: false, pageLoadStrategy: normal, platformName: WINDOWS, platformVersion: 10.0, proxy: Proxy(), se:cdp: ws://localhost:65126/devtoo..., se:cdpVersion: 85.0, setWindowRect: true, strictFileInteractability: false, timeouts: {implicit: 0, pageLoad: 300000, script: 30000}, unhandledPromptBehavior: dismiss and notify}
Session ID: 5e088139-631e-4ef4-be1b-6caa8fc5dee8
