23:03:00.417  INFO  manager.ApplicationManager - All tests run in firefox browser
23:03:07.251  INFO  manager.ApplicationManager - current url ---->https://ilcarro-1578153671498.web.app/search
23:03:07.320  INFO  manager.HelperBase - Start method with name --> successLogin2
23:03:17.365  INFO  manager.MyListener - WebDriver start find element -->By.xpath: //*[@href='/login?url=%2Fsearch']
23:03:17.408  INFO  manager.MyListener - WebDriver found element by locator -->By.xpath: //*[@href='/login?url=%2Fsearch']
23:03:17.701  INFO  manager.MyListener - WebDriver start find element -->By.xpath: //*[@id='email']
23:03:17.733  INFO  manager.MyListener - WebDriver found element by locator -->By.xpath: //*[@id='email']
23:03:18.012  INFO  manager.MyListener - WebDriver start find element -->By.xpath: //*[@id='password']
23:03:18.035  INFO  manager.MyListener - WebDriver found element by locator -->By.xpath: //*[@id='password']
23:03:18.682  INFO  manager.MyListener - WebDriver start find element -->By.cssSelector: button[type='submit']
23:03:18.700  INFO  manager.MyListener - WebDriver found element by locator -->By.cssSelector: button[type='submit']
23:03:18.758  INFO  manager.MyListener - WebDriver start find element -->By.cssSelector: button[type='submit']
23:03:18.777  INFO  manager.MyListener - WebDriver found element by locator -->By.cssSelector: button[type='submit']
23:03:21.006  INFO  manager.MyListener - WebDriver start find element -->By.cssSelector: div.dialog-container
23:03:21.040  INFO  manager.MyListener - WebDriver found element by locator -->By.cssSelector: div.dialog-container
23:03:21.071  INFO  manager.MyListener - WebDriver start find element -->By.cssSelector: div.dialog-container h1
23:03:21.089  INFO  manager.MyListener - WebDriver found element by locator -->By.cssSelector: div.dialog-container h1
23:03:21.124  INFO  manager.MyListener - WebDriver start find element -->By.xpath: //button[text()='Ok']
23:03:21.141  INFO  manager.MyListener - WebDriver found element by locator -->By.xpath: //button[text()='Ok']
23:03:21.365  INFO  manager.HelperBase - Start method with name --> registrationSuccess
23:03:21.382  INFO  manager.MyListener - WebDriver start find element -->By.xpath: //a[text()=' Logout ']
23:03:21.397  INFO  manager.MyListener - WebDriver found element by locator -->By.xpath: //a[text()=' Logout ']
23:03:21.651  INFO  manager.MyListener - WebDriver start find element -->By.xpath: //*[@href='/registration?url=%2Fsearch']
23:03:21.667  INFO  manager.MyListener - WebDriver found element by locator -->By.xpath: //*[@href='/registration?url=%2Fsearch']
23:03:21.918  INFO  manager.MyListener - WebDriver start find element -->By.id: name
23:03:21.934  INFO  manager.MyListener - WebDriver found element by locator -->By.id: name
23:03:22.175  INFO  manager.MyListener - WebDriver start find element -->By.id: lastName
23:03:22.191  INFO  manager.MyListener - WebDriver found element by locator -->By.id: lastName
23:03:22.435  INFO  manager.MyListener - WebDriver start find element -->By.id: email
23:03:22.453  INFO  manager.MyListener - WebDriver found element by locator -->By.id: email
23:03:22.712  INFO  manager.MyListener - WebDriver start find element -->By.id: password
23:03:22.729  INFO  manager.MyListener - WebDriver found element by locator -->By.id: password
23:03:22.981  INFO  manager.MyListener - WebDriver start find element -->By.cssSelector: label[for='terms-of-use']
23:03:22.998  INFO  manager.MyListener - WebDriver found element by locator -->By.cssSelector: label[for='terms-of-use']
23:03:23.389  INFO  manager.MyListener - WebDriver start find element -->By.cssSelector: button[type='submit']
23:03:23.407  INFO  manager.MyListener - WebDriver found element by locator -->By.cssSelector: button[type='submit']
23:03:23.439  INFO  manager.MyListener - WebDriver start find element -->By.cssSelector: button[type='submit']
23:03:23.452  INFO  manager.MyListener - WebDriver found element by locator -->By.cssSelector: button[type='submit']
23:03:23.690  INFO  manager.HelperBase - Registration was succssesful with data --->User{name='Test201', lastName='Test201', email='tets201@gmail.com', password='Ttest201$', phoneNumber='null'}
23:03:25.692  INFO  manager.MyListener - WebDriver start find element -->By.cssSelector: div.dialog-container
23:03:25.714  INFO  manager.MyListener - WebDriver found element by locator -->By.cssSelector: div.dialog-container
23:03:25.742  INFO  manager.MyListener - WebDriver start find element -->By.cssSelector: div.dialog-container h1
23:03:25.757  INFO  manager.MyListener - WebDriver found element by locator -->By.cssSelector: div.dialog-container h1
23:03:25.787  INFO  manager.MyListener - WebDriver start find element -->By.xpath: //button[text()='Ok']
23:03:25.801  INFO  manager.MyListener - WebDriver found element by locator -->By.xpath: //button[text()='Ok']
23:03:26.020  INFO  manager.MyListener - WebDriver start find element -->By.cssSelector: a[href='/search']
23:03:26.039  INFO  manager.MyListener - WebDriver found element by locator -->By.cssSelector: a[href='/search']
23:03:26.262  INFO  manager.HelperBase - Start method with name --> addNewCarSuccess
23:03:27.292  INFO  manager.MyListener - WebDriver start find element -->By.id: 1
23:03:27.315  INFO  manager.MyListener - WebDriver found element by locator -->By.id: 1
23:03:27.595  INFO  manager.MyListener - WebDriver start find element -->By.id: pickUpPlace
23:03:27.618  INFO  manager.MyListener - WebDriver found element by locator -->By.id: pickUpPlace
23:03:27.914  INFO  manager.MyListener - WebDriver start find element -->By.cssSelector: div.pac-item
23:03:28.344  INFO  manager.MyListener - WebDriver found element by locator -->By.cssSelector: div.pac-item
23:03:30.070  INFO  manager.MyListener - WebDriver start find element -->By.id: make
23:03:30.089  INFO  manager.MyListener - WebDriver found element by locator -->By.id: make
23:03:30.333  INFO  manager.MyListener - WebDriver start find element -->By.id: model
23:03:30.358  INFO  manager.MyListener - WebDriver found element by locator -->By.id: model
23:03:30.613  INFO  manager.MyListener - WebDriver start find element -->By.id: year
23:03:30.635  INFO  manager.MyListener - WebDriver found element by locator -->By.id: year
23:03:30.890  INFO  manager.MyListener - WebDriver start find element -->By.id: engine
23:03:30.909  INFO  manager.MyListener - WebDriver found element by locator -->By.id: engine
23:03:31.148  INFO  manager.MyListener - WebDriver start find element -->By.id: fuel
23:03:31.162  INFO  manager.MyListener - WebDriver found element by locator -->By.id: fuel
23:03:31.406  INFO  manager.MyListener - WebDriver start find element -->By.id: gear
23:03:31.454  INFO  manager.MyListener - WebDriver found element by locator -->By.id: gear
23:03:31.703  INFO  manager.MyListener - WebDriver start find element -->By.id: wheelsDrive
23:03:31.723  INFO  manager.MyListener - WebDriver found element by locator -->By.id: wheelsDrive
23:03:31.974  INFO  manager.MyListener - WebDriver start find element -->By.id: doors
23:03:31.993  INFO  manager.MyListener - WebDriver found element by locator -->By.id: doors
23:03:32.233  INFO  manager.MyListener - WebDriver start find element -->By.id: seats
23:03:32.251  INFO  manager.MyListener - WebDriver found element by locator -->By.id: seats
23:03:32.494  INFO  manager.MyListener - WebDriver start find element -->By.id: class
23:03:32.513  INFO  manager.MyListener - WebDriver found element by locator -->By.id: class
23:03:32.753  INFO  manager.MyListener - WebDriver start find element -->By.id: fuelConsumption
23:03:32.775  INFO  manager.MyListener - WebDriver found element by locator -->By.id: fuelConsumption
23:03:33.027  INFO  manager.MyListener - WebDriver start find element -->By.id: serialNumber
23:03:33.044  INFO  manager.MyListener - WebDriver found element by locator -->By.id: serialNumber
23:03:33.307  INFO  manager.MyListener - WebDriver start find element -->By.id: price
23:03:33.325  INFO  manager.MyListener - WebDriver found element by locator -->By.id: price
23:03:33.564  INFO  manager.MyListener - WebDriver start find element -->By.id: distance
23:03:33.576  INFO  manager.MyListener - WebDriver found element by locator -->By.id: distance
23:03:33.817  INFO  manager.MyListener - WebDriver start find element -->By.cssSelector: input[placeholder='Type feature']
23:03:33.837  INFO  manager.MyListener - WebDriver found element by locator -->By.cssSelector: input[placeholder='Type feature']
23:03:34.078  INFO  manager.MyListener - WebDriver start find element -->By.id: about
23:03:34.090  INFO  manager.MyListener - WebDriver found element by locator -->By.id: about
23:03:34.350  INFO  manager.MyListener - WebDriver start find element -->By.id: photos
23:03:34.367  INFO  manager.MyListener - WebDriver found element by locator -->By.id: photos
23:03:35.409  INFO  manager.MyListener - WebDriver start find element -->By.cssSelector: button[type='submit']
23:03:35.427  INFO  manager.MyListener - WebDriver found element by locator -->By.cssSelector: button[type='submit']
23:03:37.644  INFO  manager.MyListener - WebDriver start find element -->By.cssSelector: button[type='submit']
23:03:37.657  INFO  manager.MyListener - WebDriver found element by locator -->By.cssSelector: button[type='submit']
23:03:39.896  INFO  manager.MyListener - WebDriver start find element -->By.cssSelector: div.dialog-container
23:03:39.914  INFO  manager.MyListener - WebDriver found element by locator -->By.cssSelector: div.dialog-container
23:03:39.945  INFO  manager.MyListener - WebDriver start find element -->By.cssSelector: div.dialog-container h1
23:03:39.959  INFO  manager.MyListener - WebDriver found element by locator -->By.cssSelector: div.dialog-container h1
23:03:39.967  INFO  manager.MyListener - WebDriver start find element -->By.xpath: //button[text()='Search cars']
23:03:39.979  INFO  manager.MyListener - WebDriver found element by locator -->By.xpath: //button[text()='Search cars']
23:03:40.196  INFO  manager.HelperBase - Start method with name --> searchAnyPeriod
23:03:40.198  INFO  manager.MyListener - WebDriver start find element -->By.id: city
23:03:40.210  INFO  manager.MyListener - WebDriver found element by locator -->By.id: city
23:03:41.149  INFO  manager.MyListener - WebDriver start find element -->By.cssSelector: .pac-item
23:03:42.227  INFO  manager.MyListener - WebDriver found element by locator -->By.cssSelector: .pac-item
23:03:42.941  INFO  manager.MyListener - WebDriver start find element -->By.id: dates
23:03:42.959  INFO  manager.MyListener - WebDriver found element by locator -->By.id: dates
23:03:43.004  INFO  manager.MyListener - WebDriver start find element -->By.id: dates
23:03:43.018  INFO  manager.MyListener - WebDriver found element by locator -->By.id: dates
23:03:43.309  INFO  manager.MyListener - WebDriver start find element -->By.cssSelector: button[aria-label='Next month'
23:03:43.327  INFO  manager.MyListener - WebDriver found element by locator -->By.cssSelector: button[aria-label='Next month'
23:03:43.594  INFO  manager.MyListener - WebDriver start find element -->By.cssSelector: button[aria-label='Next month'
23:03:43.609  INFO  manager.MyListener - WebDriver found element by locator -->By.cssSelector: button[aria-label='Next month'
23:03:43.866  INFO  manager.MyListener - WebDriver start find element -->By.cssSelector: button[aria-label='Next month'
23:03:43.885  INFO  manager.MyListener - WebDriver found element by locator -->By.cssSelector: button[aria-label='Next month'
23:03:44.146  INFO  manager.MyListener - WebDriver start find element -->By.cssSelector: button[aria-label='Next month'
23:03:44.160  INFO  manager.MyListener - WebDriver found element by locator -->By.cssSelector: button[aria-label='Next month'
23:03:44.416  INFO  manager.MyListener - WebDriver start find element -->By.cssSelector: button[aria-label='Next month'
23:03:44.430  INFO  manager.MyListener - WebDriver found element by locator -->By.cssSelector: button[aria-label='Next month'
23:03:44.672  INFO  manager.MyListener - WebDriver start find element -->By.cssSelector: button[aria-label='Next month'
23:03:44.691  INFO  manager.MyListener - WebDriver found element by locator -->By.cssSelector: button[aria-label='Next month'
23:03:44.947  INFO  manager.MyListener - WebDriver start find element -->By.cssSelector: button[aria-label='Next month'
23:03:44.966  INFO  manager.MyListener - WebDriver found element by locator -->By.cssSelector: button[aria-label='Next month'
23:03:45.219  INFO  manager.MyListener - WebDriver start find element -->By.cssSelector: button[aria-label='Next month'
23:03:45.233  INFO  manager.MyListener - WebDriver found element by locator -->By.cssSelector: button[aria-label='Next month'
23:03:45.475  INFO  manager.MyListener - WebDriver start find element -->By.cssSelector: button[aria-label='Next month'
23:03:45.494  INFO  manager.MyListener - WebDriver found element by locator -->By.cssSelector: button[aria-label='Next month'
23:03:45.752  INFO  manager.MyListener - WebDriver start find element -->By.cssSelector: button[aria-label='Next month'
23:03:45.770  INFO  manager.MyListener - WebDriver found element by locator -->By.cssSelector: button[aria-label='Next month'
23:03:46.016  INFO  manager.MyListener - WebDriver start find element -->By.cssSelector: button[aria-label='Next month'
23:03:46.038  INFO  manager.MyListener - WebDriver found element by locator -->By.cssSelector: button[aria-label='Next month'
23:03:46.293  INFO  manager.MyListener - WebDriver start find element -->By.xpath: //div[text()=' 10 ']
23:03:46.307  INFO  manager.MyListener - WebDriver found element by locator -->By.xpath: //div[text()=' 10 ']
23:03:46.556  INFO  manager.MyListener - WebDriver start find element -->By.cssSelector: button[aria-label='Next month'
23:03:46.575  INFO  manager.MyListener - WebDriver found element by locator -->By.cssSelector: button[aria-label='Next month'
23:03:46.835  INFO  manager.MyListener - WebDriver start find element -->By.xpath: //div[text()=' 15 ']
23:03:46.853  INFO  manager.MyListener - WebDriver found element by locator -->By.xpath: //div[text()=' 15 ']
23:03:47.108  INFO  manager.MyListener - WebDriver start find element -->By.cssSelector: button[type='submit']
23:03:47.120  INFO  manager.MyListener - WebDriver found element by locator -->By.cssSelector: button[type='submit']
23:03:47.148  INFO  manager.MyListener - WebDriver start find element -->By.cssSelector: button[type='submit']
23:03:47.159  INFO  manager.MyListener - WebDriver found element by locator -->By.cssSelector: button[type='submit']
23:03:49.133  INFO  manager.MyListener - WebDriver start find element -->By.cssSelector: a[href='/search']
23:03:49.144  INFO  manager.MyListener - WebDriver found element by locator -->By.cssSelector: a[href='/search']
