09:37:06.093  INFO  manager.ApplicationManager - All tests run in firefox browser
09:37:09.370  INFO  manager.ApplicationManager - current url ---->https://ilcarro-1578153671498.web.app/search
09:37:09.442  INFO  manager.HelperBase - Start method with name --> searchAnyPeriod
09:37:09.445  INFO  manager.MyListener - WebDriver start find element -->By.id: city
09:37:09.491  INFO  manager.MyListener - WebDriver found element by locator -->By.id: city
09:37:10.534  INFO  manager.MyListener - WebDriver start find element -->By.cssSelector: .pac-item
09:37:10.570  INFO  manager.MyListener - WebDriver found element by locator -->By.cssSelector: .pac-item
09:37:11.312  INFO  manager.MyListener - WebDriver start find element -->By.id: dates
09:37:11.339  INFO  manager.MyListener - WebDriver found element by locator -->By.id: dates
09:37:11.378  INFO  manager.MyListener - WebDriver start find element -->By.id: dates
09:37:11.396  INFO  manager.MyListener - WebDriver found element by locator -->By.id: dates
09:37:11.723  INFO  manager.MyListener - WebDriver start find element -->By.cssSelector: button[aria-label='Next month'
09:37:11.751  INFO  manager.MyListener - WebDriver found element by locator -->By.cssSelector: button[aria-label='Next month'
09:37:12.016  INFO  manager.MyListener - WebDriver start find element -->By.cssSelector: button[aria-label='Next month'
09:37:12.035  INFO  manager.MyListener - WebDriver found element by locator -->By.cssSelector: button[aria-label='Next month'
09:37:12.285  INFO  manager.MyListener - WebDriver start find element -->By.cssSelector: button[aria-label='Next month'
09:37:12.302  INFO  manager.MyListener - WebDriver found element by locator -->By.cssSelector: button[aria-label='Next month'
09:37:12.565  INFO  manager.MyListener - WebDriver start find element -->By.cssSelector: button[aria-label='Next month'
09:37:12.592  INFO  manager.MyListener - WebDriver found element by locator -->By.cssSelector: button[aria-label='Next month'
09:37:12.859  INFO  manager.MyListener - WebDriver start find element -->By.cssSelector: button[aria-label='Next month'
09:37:12.888  INFO  manager.MyListener - WebDriver found element by locator -->By.cssSelector: button[aria-label='Next month'
09:37:13.154  INFO  manager.MyListener - WebDriver start find element -->By.cssSelector: button[aria-label='Next month'
09:37:13.176  INFO  manager.MyListener - WebDriver found element by locator -->By.cssSelector: button[aria-label='Next month'
09:37:13.466  INFO  manager.MyListener - WebDriver start find element -->By.cssSelector: button[aria-label='Next month'
09:37:13.490  INFO  manager.MyListener - WebDriver found element by locator -->By.cssSelector: button[aria-label='Next month'
09:37:13.745  INFO  manager.MyListener - WebDriver start find element -->By.cssSelector: button[aria-label='Next month'
09:37:13.765  INFO  manager.MyListener - WebDriver found element by locator -->By.cssSelector: button[aria-label='Next month'
09:37:14.040  INFO  manager.MyListener - WebDriver start find element -->By.cssSelector: button[aria-label='Next month'
09:37:14.063  INFO  manager.MyListener - WebDriver found element by locator -->By.cssSelector: button[aria-label='Next month'
09:37:14.333  INFO  manager.MyListener - WebDriver start find element -->By.cssSelector: button[aria-label='Next month'
09:37:14.356  INFO  manager.MyListener - WebDriver found element by locator -->By.cssSelector: button[aria-label='Next month'
09:37:14.626  INFO  manager.MyListener - WebDriver start find element -->By.cssSelector: button[aria-label='Next month'
09:37:14.650  INFO  manager.MyListener - WebDriver found element by locator -->By.cssSelector: button[aria-label='Next month'
09:37:14.920  INFO  manager.MyListener - WebDriver start find element -->By.xpath: //div[text()=' 10 ']
09:37:14.940  INFO  manager.MyListener - WebDriver found element by locator -->By.xpath: //div[text()=' 10 ']
09:37:15.201  INFO  manager.MyListener - WebDriver start find element -->By.cssSelector: button[aria-label='Next month'
09:37:15.224  INFO  manager.MyListener - WebDriver found element by locator -->By.cssSelector: button[aria-label='Next month'
09:37:15.484  INFO  manager.MyListener - WebDriver start find element -->By.xpath: //div[text()=' 15 ']
09:37:15.502  INFO  manager.MyListener - WebDriver found element by locator -->By.xpath: //div[text()=' 15 ']
09:37:15.754  INFO  manager.MyListener - WebDriver start find element -->By.cssSelector: button[type='submit']
09:37:15.775  INFO  manager.MyListener - WebDriver found element by locator -->By.cssSelector: button[type='submit']
09:37:15.839  INFO  manager.MyListener - WebDriver start find element -->By.cssSelector: button[type='submit']
09:37:15.859  INFO  manager.MyListener - WebDriver found element by locator -->By.cssSelector: button[type='submit']
09:37:17.478  INFO  manager.MyListener - WebDriver start find element -->By.cssSelector: a[href='/search']
09:37:17.490  INFO  manager.MyListener - WebDriver found element by locator -->By.cssSelector: a[href='/search']
09:37:17.761  INFO  manager.HelperBase - Start method with name --> searchCurrentMonth
09:37:17.762  INFO  manager.MyListener - WebDriver start find element -->By.id: city
09:37:17.778  INFO  manager.MyListener - WebDriver found element by locator -->By.id: city
09:37:18.774  INFO  manager.MyListener - WebDriver start find element -->By.cssSelector: .pac-item
09:37:18.796  INFO  manager.MyListener - WebDriver found element by locator -->By.cssSelector: .pac-item
09:37:19.538  INFO  manager.MyListener - WebDriver start find element -->By.id: dates
09:37:19.559  INFO  manager.MyListener - WebDriver found element by locator -->By.id: dates
09:37:19.597  INFO  manager.MyListener - WebDriver start find element -->By.id: dates
09:37:19.613  INFO  manager.MyListener - WebDriver found element by locator -->By.id: dates
09:37:19.882  INFO  manager.MyListener - WebDriver start find element -->By.xpath: //div[text()=' 28 ']
09:37:19.906  INFO  manager.MyListener - WebDriver found element by locator -->By.xpath: //div[text()=' 28 ']
09:37:20.189  INFO  manager.MyListener - WebDriver start find element -->By.xpath: //div[text()=' 31 ']
09:37:20.208  INFO  manager.MyListener - WebDriver found element by locator -->By.xpath: //div[text()=' 31 ']
09:37:20.468  INFO  manager.MyListener - WebDriver start find element -->By.cssSelector: button[type='submit']
09:37:20.490  INFO  manager.MyListener - WebDriver found element by locator -->By.cssSelector: button[type='submit']
09:37:20.527  INFO  manager.MyListener - WebDriver start find element -->By.cssSelector: button[type='submit']
09:37:20.541  INFO  manager.MyListener - WebDriver found element by locator -->By.cssSelector: button[type='submit']
09:37:22.026  INFO  manager.MyListener - WebDriver start find element -->By.cssSelector: a[href='/search']
09:37:22.043  INFO  manager.MyListener - WebDriver found element by locator -->By.cssSelector: a[href='/search']
09:37:22.323  INFO  manager.HelperBase - Start method with name --> searchCurrentYear
09:37:22.324  INFO  manager.MyListener - WebDriver start find element -->By.id: city
09:37:22.344  INFO  manager.MyListener - WebDriver found element by locator -->By.id: city
09:37:23.351  INFO  manager.MyListener - WebDriver start find element -->By.cssSelector: .pac-item
09:37:23.373  INFO  manager.MyListener - WebDriver found element by locator -->By.cssSelector: .pac-item
09:37:24.112  INFO  manager.MyListener - WebDriver start find element -->By.id: dates
09:37:24.134  INFO  manager.MyListener - WebDriver found element by locator -->By.id: dates
09:37:24.162  INFO  manager.MyListener - WebDriver start find element -->By.id: dates
09:37:24.177  INFO  manager.MyListener - WebDriver found element by locator -->By.id: dates
09:37:24.457  INFO  manager.MyListener - WebDriver start find element -->By.cssSelector: button[aria-label='Next month'
09:37:24.473  INFO  manager.MyListener - WebDriver found element by locator -->By.cssSelector: button[aria-label='Next month'
09:37:24.739  INFO  manager.MyListener - WebDriver start find element -->By.cssSelector: button[aria-label='Next month'
09:37:24.757  INFO  manager.MyListener - WebDriver found element by locator -->By.cssSelector: button[aria-label='Next month'
09:37:25.002  INFO  manager.MyListener - WebDriver start find element -->By.cssSelector: button[aria-label='Next month'
09:37:25.025  INFO  manager.MyListener - WebDriver found element by locator -->By.cssSelector: button[aria-label='Next month'
09:37:25.281  INFO  manager.MyListener - WebDriver start find element -->By.xpath: //div[text()=' 28 ']
09:37:25.299  INFO  manager.MyListener - WebDriver found element by locator -->By.xpath: //div[text()=' 28 ']
09:37:25.576  INFO  manager.MyListener - WebDriver start find element -->By.cssSelector: button[aria-label='Next month'
09:37:25.592  INFO  manager.MyListener - WebDriver found element by locator -->By.cssSelector: button[aria-label='Next month'
09:37:25.857  INFO  manager.MyListener - WebDriver start find element -->By.cssSelector: button[aria-label='Next month'
09:37:25.873  INFO  manager.MyListener - WebDriver found element by locator -->By.cssSelector: button[aria-label='Next month'
09:37:26.124  INFO  manager.MyListener - WebDriver start find element -->By.xpath: //div[text()=' 10 ']
09:37:26.146  INFO  manager.MyListener - WebDriver found element by locator -->By.xpath: //div[text()=' 10 ']
09:37:26.416  INFO  manager.MyListener - WebDriver start find element -->By.cssSelector: button[type='submit']
09:37:26.432  INFO  manager.MyListener - WebDriver found element by locator -->By.cssSelector: button[type='submit']
09:37:26.459  INFO  manager.MyListener - WebDriver start find element -->By.cssSelector: button[type='submit']
09:37:26.470  INFO  manager.MyListener - WebDriver found element by locator -->By.cssSelector: button[type='submit']
09:37:27.773  INFO  manager.MyListener - WebDriver start find element -->By.cssSelector: a[href='/search']
09:37:27.784  INFO  manager.MyListener - WebDriver found element by locator -->By.cssSelector: a[href='/search']
09:37:28.041  INFO  manager.HelperBase - Start method with name --> searchCurrentYearLocalDate
09:37:28.043  INFO  manager.MyListener - WebDriver start find element -->By.id: city
09:37:28.065  INFO  manager.MyListener - WebDriver found element by locator -->By.id: city
09:37:29.084  INFO  manager.MyListener - WebDriver start find element -->By.cssSelector: .pac-item
09:37:29.103  INFO  manager.MyListener - WebDriver found element by locator -->By.cssSelector: .pac-item
09:37:29.818  INFO  manager.MyListener - WebDriver start find element -->By.id: dates
09:37:29.836  INFO  manager.MyListener - WebDriver found element by locator -->By.id: dates
09:37:29.866  INFO  manager.MyListener - WebDriver start find element -->By.id: dates
09:37:29.881  INFO  manager.MyListener - WebDriver found element by locator -->By.id: dates
09:37:30.161  INFO  manager.MyListener - WebDriver start find element -->By.cssSelector: button[aria-label='Next month'
09:37:30.187  INFO  manager.MyListener - WebDriver found element by locator -->By.cssSelector: button[aria-label='Next month'
09:37:30.458  INFO  manager.MyListener - WebDriver start find element -->By.xpath: //div[text()=' 10 ']
09:37:30.477  INFO  manager.MyListener - WebDriver found element by locator -->By.xpath: //div[text()=' 10 ']
09:37:30.736  INFO  manager.MyListener - WebDriver start find element -->By.cssSelector: button[aria-label='Next month'
09:37:30.758  INFO  manager.MyListener - WebDriver found element by locator -->By.cssSelector: button[aria-label='Next month'
09:37:31.015  INFO  manager.MyListener - WebDriver start find element -->By.cssSelector: button[aria-label='Next month'
09:37:31.030  INFO  manager.MyListener - WebDriver found element by locator -->By.cssSelector: button[aria-label='Next month'
09:37:31.281  INFO  manager.MyListener - WebDriver start find element -->By.xpath: //div[text()=' 20 ']
09:37:31.300  INFO  manager.MyListener - WebDriver found element by locator -->By.xpath: //div[text()=' 20 ']
09:37:31.565  INFO  manager.MyListener - WebDriver start find element -->By.cssSelector: button[type='submit']
09:37:31.582  INFO  manager.MyListener - WebDriver found element by locator -->By.cssSelector: button[type='submit']
09:37:31.612  INFO  manager.MyListener - WebDriver start find element -->By.cssSelector: button[type='submit']
09:37:31.629  INFO  manager.MyListener - WebDriver found element by locator -->By.cssSelector: button[type='submit']
09:37:33.149  INFO  manager.MyListener - WebDriver start find element -->By.cssSelector: a[href='/search']
09:37:33.159  INFO  manager.MyListener - WebDriver found element by locator -->By.cssSelector: a[href='/search']
09:37:33.415  INFO  manager.HelperBase - Start method with name --> searchNextMonth
09:37:33.415  INFO  manager.MyListener - WebDriver start find element -->By.id: city
09:37:33.427  INFO  manager.MyListener - WebDriver found element by locator -->By.id: city
09:37:34.417  INFO  manager.MyListener - WebDriver start find element -->By.cssSelector: .pac-item
09:37:34.436  INFO  manager.MyListener - WebDriver found element by locator -->By.cssSelector: .pac-item
09:37:35.159  INFO  manager.MyListener - WebDriver start find element -->By.id: dates
09:37:35.178  INFO  manager.MyListener - WebDriver found element by locator -->By.id: dates
09:37:35.216  INFO  manager.MyListener - WebDriver start find element -->By.id: dates
09:37:35.229  INFO  manager.MyListener - WebDriver found element by locator -->By.id: dates
09:37:35.517  INFO  manager.MyListener - WebDriver start find element -->By.cssSelector: button[aria-label='Next month'
09:37:35.530  INFO  manager.MyListener - WebDriver found element by locator -->By.cssSelector: button[aria-label='Next month'
09:37:35.797  INFO  manager.MyListener - WebDriver start find element -->By.xpath: //div[text()=' 8 ']
09:37:35.813  INFO  manager.MyListener - WebDriver found element by locator -->By.xpath: //div[text()=' 8 ']
09:37:36.095  INFO  manager.MyListener - WebDriver start find element -->By.xpath: //div[text()=' 20 ']
09:37:36.110  INFO  manager.MyListener - WebDriver found element by locator -->By.xpath: //div[text()=' 20 ']
09:37:36.517  INFO  manager.MyListener - WebDriver start find element -->By.cssSelector: button[type='submit']
09:37:36.532  INFO  manager.MyListener - WebDriver found element by locator -->By.cssSelector: button[type='submit']
09:37:36.569  INFO  manager.MyListener - WebDriver start find element -->By.cssSelector: button[type='submit']
09:37:36.580  INFO  manager.MyListener - WebDriver found element by locator -->By.cssSelector: button[type='submit']
09:37:37.999  INFO  manager.MyListener - WebDriver start find element -->By.cssSelector: a[href='/search']
09:37:38.008  INFO  manager.MyListener - WebDriver found element by locator -->By.cssSelector: a[href='/search']
09:37:38.276  INFO  manager.HelperBase - Start method with name --> searchPeriodPast
09:37:38.277  INFO  manager.MyListener - WebDriver start find element -->By.id: city
09:37:38.294  INFO  manager.MyListener - WebDriver found element by locator -->By.id: city
09:37:39.292  INFO  manager.MyListener - WebDriver start find element -->By.cssSelector: .pac-item
09:37:39.305  INFO  manager.MyListener - WebDriver found element by locator -->By.cssSelector: .pac-item
09:37:40.022  INFO  manager.MyListener - WebDriver start find element -->By.id: dates
09:37:40.040  INFO  manager.MyListener - WebDriver found element by locator -->By.id: dates
09:37:40.072  INFO  manager.MyListener - WebDriver start find element -->By.id: dates
09:37:40.088  INFO  manager.MyListener - WebDriver found element by locator -->By.id: dates
09:37:40.449  INFO  manager.MyListener - WebDriver start find element -->By.cssSelector: .cdk-overlay-container
09:37:40.466  INFO  manager.MyListener - WebDriver found element by locator -->By.cssSelector: .cdk-overlay-container
09:37:40.706  INFO  manager.MyListener - WebDriver start find element -->By.cssSelector: button[type='submit']
09:37:40.724  INFO  manager.MyListener - WebDriver found element by locator -->By.cssSelector: button[type='submit']
09:37:41.482  INFO  manager.MyListener - WebDriver start find element -->By.cssSelector: [type=submit]
09:37:41.498  INFO  manager.MyListener - WebDriver found element by locator -->By.cssSelector: [type=submit]
09:37:41.506  INFO  manager.MyListener - WebDriver start find element -->By.cssSelector: div.error div:first-child
09:37:41.516  INFO  manager.MyListener - WebDriver found element by locator -->By.cssSelector: div.error div:first-child
09:37:41.530  INFO  manager.MyListener - WebDriver start find element -->By.cssSelector: div.error div:first-child
09:37:41.540  INFO  manager.MyListener - WebDriver found element by locator -->By.cssSelector: div.error div:first-child
09:37:49.086  INFO  manager.MyListener - The name of method with error is --> public abstract java.util.List org.openqa.selenium.WebDriver.findElements(org.openqa.selenium.By)
09:37:49.090  INFO  manager.MyListener - Houston, we have a problem org.openqa.selenium.WebDriverException: TypeError: browsingContext.currentWindowGlobal is null
Build info: version: '4.2.2', revision: '683ccb65d6'
System info: host: 'DESKTOP-31QDJF0', ip: '192.168.165.87', os.name: 'Windows 10', os.arch: 'amd64', os.version: '10.0', java.version: '11.0.15.1'
Driver info: org.openqa.selenium.firefox.FirefoxDriver
Command: [d2863fa6-1d84-46c8-a238-4646982186c7, findElements {using=css selector, value=.cars-container.ng-star-inserted}]
Capabilities {acceptInsecureCerts: true, browserName: firefox, browserVersion: 102.0.1, moz:accessibilityChecks: false, moz:buildID: 20220705093820, moz:debuggerAddress: localhost:49970, moz:geckodriverVersion: 0.31.0, moz:headless: false, moz:processID: 2800, moz:profile: C:\Users\alexa\AppData\Loca..., moz:shutdownTimeout: 60000, moz:useNonSpecCompliantPointerOrigin: false, moz:webdriverClick: true, moz:windowless: false, pageLoadStrategy: normal, platformName: WINDOWS, platformVersion: 10.0, proxy: Proxy(), se:cdp: ws://localhost:49970/devtoo..., se:cdpVersion: 85.0, setWindowRect: true, strictFileInteractability: false, timeouts: {implicit: 0, pageLoad: 300000, script: 30000}, unhandledPromptBehavior: dismiss and notify}
Session ID: d2863fa6-1d84-46c8-a238-4646982186c7
