21:10:03.847  INFO  manager.ApplicationManager - All tests run in firefox browser
21:10:08.137  INFO  manager.ApplicationManager - current url ---->https://ilcarro-1578153671498.web.app/search
21:10:08.210  INFO  manager.HelperBase - Start method with name --> searchCurrentMonth
21:10:08.210  INFO  manager.MyListener - WebDriver start find element -->By.cssSelector: a[href='/search']
21:10:08.257  INFO  manager.MyListener - WebDriver found element by locator -->By.cssSelector: a[href='/search']
21:10:08.517  INFO  manager.MyListener - WebDriver start find element -->By.id: city
21:10:08.567  INFO  manager.MyListener - WebDriver found element by locator -->By.id: city
21:10:09.579  INFO  manager.MyListener - WebDriver start find element -->By.cssSelector: .pac-item
21:10:09.611  INFO  manager.MyListener - WebDriver found element by locator -->By.cssSelector: .pac-item
21:10:10.338  INFO  manager.MyListener - WebDriver start find element -->By.id: dates
21:10:10.372  INFO  manager.MyListener - WebDriver found element by locator -->By.id: dates
21:10:10.725  INFO  manager.MyListener - WebDriver start find element -->By.xpath: //div[text()=' 28 ']
21:10:10.747  INFO  manager.MyListener - WebDriver found element by locator -->By.xpath: //div[text()=' 28 ']
21:10:11.032  INFO  manager.MyListener - WebDriver start find element -->By.xpath: //div[text()=' 31 ']
21:10:11.057  INFO  manager.MyListener - WebDriver found element by locator -->By.xpath: //div[text()=' 31 ']
21:10:11.347  INFO  manager.MyListener - WebDriver start find element -->By.cssSelector: button[type='submit']
21:10:11.377  INFO  manager.MyListener - WebDriver found element by locator -->By.cssSelector: button[type='submit']
21:10:11.439  INFO  manager.MyListener - WebDriver start find element -->By.cssSelector: button[type='submit']
21:10:11.457  INFO  manager.MyListener - WebDriver found element by locator -->By.cssSelector: button[type='submit']
21:10:12.616  INFO  manager.HelperBase - Start method with name --> searchCurrentYear
21:10:12.616  INFO  manager.MyListener - WebDriver start find element -->By.cssSelector: a[href='/search']
21:10:12.637  INFO  manager.MyListener - WebDriver found element by locator -->By.cssSelector: a[href='/search']
21:10:12.903  INFO  manager.MyListener - WebDriver start find element -->By.id: city
21:10:12.927  INFO  manager.MyListener - WebDriver found element by locator -->By.id: city
21:10:13.937  INFO  manager.MyListener - WebDriver start find element -->By.cssSelector: .pac-item
21:10:13.957  INFO  manager.MyListener - WebDriver found element by locator -->By.cssSelector: .pac-item
21:10:14.677  INFO  manager.MyListener - WebDriver start find element -->By.id: dates
21:10:14.707  INFO  manager.MyListener - WebDriver found element by locator -->By.id: dates
21:10:15.117  INFO  manager.MyListener - WebDriver start find element -->By.cssSelector: button[aria-label='Next month'
21:10:15.140  INFO  manager.MyListener - WebDriver found element by locator -->By.cssSelector: button[aria-label='Next month'
21:10:15.397  INFO  manager.MyListener - WebDriver start find element -->By.cssSelector: button[aria-label='Next month'
21:10:15.419  INFO  manager.MyListener - WebDriver found element by locator -->By.cssSelector: button[aria-label='Next month'
21:10:15.707  INFO  manager.MyListener - WebDriver start find element -->By.cssSelector: button[aria-label='Next month'
21:10:15.732  INFO  manager.MyListener - WebDriver found element by locator -->By.cssSelector: button[aria-label='Next month'
21:10:15.977  INFO  manager.MyListener - WebDriver start find element -->By.xpath: //div[text()=' 28 ']
21:10:15.999  INFO  manager.MyListener - WebDriver found element by locator -->By.xpath: //div[text()=' 28 ']
21:10:16.277  INFO  manager.MyListener - WebDriver start find element -->By.cssSelector: button[aria-label='Next month'
21:10:16.304  INFO  manager.MyListener - WebDriver found element by locator -->By.cssSelector: button[aria-label='Next month'
21:10:16.579  INFO  manager.MyListener - WebDriver start find element -->By.cssSelector: button[aria-label='Next month'
21:10:16.597  INFO  manager.MyListener - WebDriver found element by locator -->By.cssSelector: button[aria-label='Next month'
21:10:16.872  INFO  manager.MyListener - WebDriver start find element -->By.xpath: //div[text()=' 10 ']
21:10:16.887  INFO  manager.MyListener - WebDriver found element by locator -->By.xpath: //div[text()=' 10 ']
21:10:17.137  INFO  manager.MyListener - WebDriver start find element -->By.cssSelector: button[type='submit']
21:10:17.159  INFO  manager.MyListener - WebDriver found element by locator -->By.cssSelector: button[type='submit']
21:10:17.207  INFO  manager.MyListener - WebDriver start find element -->By.cssSelector: button[type='submit']
21:10:17.217  INFO  manager.MyListener - WebDriver found element by locator -->By.cssSelector: button[type='submit']
