01:18:23.351  INFO  manager.ApplicationManager - All tests run in firefox browser
01:18:25.635  INFO  manager.ApplicationManager - current url ---->https://ilcarro-1578153671498.web.app/search
01:18:25.699  INFO  manager.HelperBase - Start method with name --> searchCurrentMonth
01:18:25.703  INFO  manager.MyListener - WebDriver start find element -->By.id: city
01:18:25.743  INFO  manager.MyListener - WebDriver found element by locator -->By.id: city
01:18:26.761  INFO  manager.MyListener - WebDriver start find element -->By.cssSelector: .pac-item
01:18:26.789  INFO  manager.MyListener - WebDriver found element by locator -->By.cssSelector: .pac-item
01:18:27.520  INFO  manager.MyListener - WebDriver start find element -->By.id: dates
01:18:27.556  INFO  manager.MyListener - WebDriver found element by locator -->By.id: dates
01:18:27.902  INFO  manager.MyListener - WebDriver start find element -->By.xpath: //div[text()=' 28 ']
01:18:27.926  INFO  manager.MyListener - WebDriver found element by locator -->By.xpath: //div[text()=' 28 ']
01:18:28.180  INFO  manager.MyListener - WebDriver start find element -->By.xpath: //div[text()=' 31 ']
01:18:28.204  INFO  manager.MyListener - WebDriver found element by locator -->By.xpath: //div[text()=' 31 ']
01:18:28.464  INFO  manager.MyListener - WebDriver start find element -->By.cssSelector: button[type='submit']
01:18:28.495  INFO  manager.MyListener - WebDriver found element by locator -->By.cssSelector: button[type='submit']
01:18:28.547  INFO  manager.MyListener - WebDriver start find element -->By.cssSelector: button[type='submit']
01:18:28.563  INFO  manager.MyListener - WebDriver found element by locator -->By.cssSelector: button[type='submit']
01:18:29.605  INFO  manager.MyListener - WebDriver start find element -->By.cssSelector: a[href='/search']
01:18:29.633  INFO  manager.MyListener - WebDriver found element by locator -->By.cssSelector: a[href='/search']
01:18:29.888  INFO  manager.HelperBase - Start method with name --> searchCurrentYear
01:18:29.892  INFO  manager.MyListener - WebDriver start find element -->By.id: city
01:18:29.908  INFO  manager.MyListener - WebDriver found element by locator -->By.id: city
01:18:30.899  INFO  manager.MyListener - WebDriver start find element -->By.cssSelector: .pac-item
01:18:30.923  INFO  manager.MyListener - WebDriver found element by locator -->By.cssSelector: .pac-item
01:18:31.656  INFO  manager.MyListener - WebDriver start find element -->By.id: dates
01:18:31.678  INFO  manager.MyListener - WebDriver found element by locator -->By.id: dates
01:18:32.153  INFO  manager.MyListener - WebDriver start find element -->By.cssSelector: button[aria-label='Next month'
01:18:32.170  INFO  manager.MyListener - WebDriver found element by locator -->By.cssSelector: button[aria-label='Next month'
01:18:32.425  INFO  manager.MyListener - WebDriver start find element -->By.cssSelector: button[aria-label='Next month'
01:18:32.449  INFO  manager.MyListener - WebDriver found element by locator -->By.cssSelector: button[aria-label='Next month'
01:18:32.717  INFO  manager.MyListener - WebDriver start find element -->By.cssSelector: button[aria-label='Next month'
01:18:32.741  INFO  manager.MyListener - WebDriver found element by locator -->By.cssSelector: button[aria-label='Next month'
01:18:32.998  INFO  manager.MyListener - WebDriver start find element -->By.xpath: //div[text()=' 28 ']
01:18:33.022  INFO  manager.MyListener - WebDriver found element by locator -->By.xpath: //div[text()=' 28 ']
01:18:33.286  INFO  manager.MyListener - WebDriver start find element -->By.cssSelector: button[aria-label='Next month'
01:18:33.306  INFO  manager.MyListener - WebDriver found element by locator -->By.cssSelector: button[aria-label='Next month'
01:18:33.556  INFO  manager.MyListener - WebDriver start find element -->By.cssSelector: button[aria-label='Next month'
01:18:33.580  INFO  manager.MyListener - WebDriver found element by locator -->By.cssSelector: button[aria-label='Next month'
01:18:33.847  INFO  manager.MyListener - WebDriver start find element -->By.xpath: //div[text()=' 10 ']
01:18:33.867  INFO  manager.MyListener - WebDriver found element by locator -->By.xpath: //div[text()=' 10 ']
01:18:34.124  INFO  manager.MyListener - WebDriver start find element -->By.cssSelector: button[type='submit']
01:18:34.148  INFO  manager.MyListener - WebDriver found element by locator -->By.cssSelector: button[type='submit']
01:18:34.196  INFO  manager.MyListener - WebDriver start find element -->By.cssSelector: button[type='submit']
01:18:34.212  INFO  manager.MyListener - WebDriver found element by locator -->By.cssSelector: button[type='submit']
01:18:35.156  INFO  manager.MyListener - WebDriver start find element -->By.cssSelector: a[href='/search']
01:18:35.172  INFO  manager.MyListener - WebDriver found element by locator -->By.cssSelector: a[href='/search']
01:18:35.433  INFO  manager.HelperBase - Start method with name --> searchCurrentYearLocalDate
01:18:35.437  INFO  manager.MyListener - WebDriver start find element -->By.id: city
01:18:35.453  INFO  manager.MyListener - WebDriver found element by locator -->By.id: city
01:18:36.451  INFO  manager.MyListener - WebDriver start find element -->By.cssSelector: .pac-item
01:18:36.471  INFO  manager.MyListener - WebDriver found element by locator -->By.cssSelector: .pac-item
01:18:37.209  INFO  manager.MyListener - WebDriver start find element -->By.id: dates
01:18:37.233  INFO  manager.MyListener - WebDriver found element by locator -->By.id: dates
01:18:37.528  INFO  manager.MyListener - WebDriver start find element -->By.cssSelector: button[aria-label='Next month'
01:18:37.548  INFO  manager.MyListener - WebDriver found element by locator -->By.cssSelector: button[aria-label='Next month'
01:18:37.813  INFO  manager.MyListener - WebDriver start find element -->By.xpath: //div[text()=' 10 ']
01:18:37.833  INFO  manager.MyListener - WebDriver found element by locator -->By.xpath: //div[text()=' 10 ']
01:18:38.096  INFO  manager.MyListener - WebDriver start find element -->By.cssSelector: button[aria-label='Next month'
01:18:38.120  INFO  manager.MyListener - WebDriver found element by locator -->By.cssSelector: button[aria-label='Next month'
01:18:38.389  INFO  manager.MyListener - WebDriver start find element -->By.cssSelector: button[aria-label='Next month'
01:18:38.400  INFO  manager.MyListener - WebDriver found element by locator -->By.cssSelector: button[aria-label='Next month'
01:18:38.650  INFO  manager.MyListener - WebDriver start find element -->By.xpath: //div[text()=' 20 ']
01:18:38.666  INFO  manager.MyListener - WebDriver found element by locator -->By.xpath: //div[text()=' 20 ']
01:18:38.923  INFO  manager.MyListener - WebDriver start find element -->By.cssSelector: button[type='submit']
01:18:38.939  INFO  manager.MyListener - WebDriver found element by locator -->By.cssSelector: button[type='submit']
01:18:38.971  INFO  manager.MyListener - WebDriver start find element -->By.cssSelector: button[type='submit']
01:18:38.991  INFO  manager.MyListener - WebDriver found element by locator -->By.cssSelector: button[type='submit']
01:18:40.083  INFO  manager.MyListener - WebDriver start find element -->By.cssSelector: a[href='/search']
01:18:40.099  INFO  manager.MyListener - WebDriver found element by locator -->By.cssSelector: a[href='/search']
01:18:40.365  INFO  manager.HelperBase - Start method with name --> searchNextMonth
01:18:40.365  INFO  manager.MyListener - WebDriver start find element -->By.id: city
01:18:40.377  INFO  manager.MyListener - WebDriver found element by locator -->By.id: city
01:18:41.362  INFO  manager.MyListener - WebDriver start find element -->By.cssSelector: .pac-item
01:18:41.414  INFO  manager.MyListener - WebDriver found element by locator -->By.cssSelector: .pac-item
01:18:42.134  INFO  manager.MyListener - WebDriver start find element -->By.id: dates
01:18:42.154  INFO  manager.MyListener - WebDriver found element by locator -->By.id: dates
01:18:42.447  INFO  manager.MyListener - WebDriver start find element -->By.cssSelector: button[aria-label='Next month'
01:18:42.467  INFO  manager.MyListener - WebDriver found element by locator -->By.cssSelector: button[aria-label='Next month'
01:18:42.733  INFO  manager.MyListener - WebDriver start find element -->By.xpath: //div[text()=' 8 ']
01:18:42.757  INFO  manager.MyListener - WebDriver found element by locator -->By.xpath: //div[text()=' 8 ']
01:18:43.009  INFO  manager.MyListener - WebDriver start find element -->By.xpath: //div[text()=' 20 ']
01:18:43.033  INFO  manager.MyListener - WebDriver found element by locator -->By.xpath: //div[text()=' 20 ']
01:18:43.295  INFO  manager.MyListener - WebDriver start find element -->By.cssSelector: button[type='submit']
01:18:43.315  INFO  manager.MyListener - WebDriver found element by locator -->By.cssSelector: button[type='submit']
01:18:43.347  INFO  manager.MyListener - WebDriver start find element -->By.cssSelector: button[type='submit']
01:18:43.363  INFO  manager.MyListener - WebDriver found element by locator -->By.cssSelector: button[type='submit']
01:18:44.420  INFO  manager.MyListener - WebDriver start find element -->By.cssSelector: a[href='/search']
01:18:44.436  INFO  manager.MyListener - WebDriver found element by locator -->By.cssSelector: a[href='/search']
01:18:44.691  INFO  manager.HelperBase - Start method with name --> searchPeriodPast
01:18:44.691  INFO  manager.MyListener - WebDriver start find element -->By.id: city
01:18:44.715  INFO  manager.MyListener - WebDriver found element by locator -->By.id: city
01:18:45.706  INFO  manager.MyListener - WebDriver start find element -->By.cssSelector: .pac-item
01:18:45.770  INFO  manager.MyListener - WebDriver found element by locator -->By.cssSelector: .pac-item
01:18:46.490  INFO  manager.MyListener - WebDriver start find element -->By.id: dates
01:18:46.507  INFO  manager.MyListener - WebDriver found element by locator -->By.id: dates
01:18:46.507  INFO  manager.MyListener - WebDriver start find element -->By.id: dates
01:18:46.527  INFO  manager.MyListener - WebDriver found element by locator -->By.id: dates
01:18:46.527  INFO  manager.MyListener - WebDriver start find element -->By.id: dates
01:18:46.539  INFO  manager.MyListener - WebDriver found element by locator -->By.id: dates
01:18:46.948  INFO  manager.MyListener - WebDriver start find element -->By.cssSelector: [type=submit]
01:18:46.964  INFO  manager.MyListener - WebDriver found element by locator -->By.cssSelector: [type=submit]
01:18:46.972  INFO  manager.MyListener - WebDriver start find element -->By.cssSelector: div.error div:first-child
01:18:46.984  INFO  manager.MyListener - WebDriver found element by locator -->By.cssSelector: div.error div:first-child
01:18:46.996  INFO  manager.MyListener - WebDriver start find element -->By.cssSelector: div.error div:first-child
01:18:47.008  INFO  manager.MyListener - WebDriver found element by locator -->By.cssSelector: div.error div:first-child
01:18:47.016  INFO  manager.MyListener - WebDriver start find element -->By.cssSelector: a[href='/search']
01:18:47.032  INFO  manager.MyListener - WebDriver found element by locator -->By.cssSelector: a[href='/search']
01:18:47.052  INFO  manager.MyListener - The name of method with error is --> public abstract void org.openqa.selenium.WebElement.click()
01:18:47.052  INFO  manager.MyListener - Houston, we have a problem org.openqa.selenium.ElementClickInterceptedException: Element <a id="0" class="navigation-link" href="/search"> is not clickable at point (1074,34) because another element <div class="cdk-overlay-backdrop mat-overlay-transparent-backdrop cdk-overlay-backdrop-showing"> obscures it
Build info: version: '4.2.2', revision: '683ccb65d6'
System info: host: 'DESKTOP-31QDJF0', ip: '192.168.1.203', os.name: 'Windows 10', os.arch: 'amd64', os.version: '10.0', java.version: '11.0.15.1'
Driver info: org.openqa.selenium.firefox.FirefoxDriver
Command: [d36b277a-aa91-4471-8a7f-fd8967f896f4, clickElement {id=b310c3d1-6aca-413c-ab38-4b81974dcc82}]
Capabilities {acceptInsecureCerts: true, browserName: firefox, browserVersion: 102.0.1, moz:accessibilityChecks: false, moz:buildID: 20220705093820, moz:debuggerAddress: localhost:51600, moz:geckodriverVersion: 0.31.0, moz:headless: false, moz:processID: 12896, moz:profile: C:\Users\alexa\AppData\Loca..., moz:shutdownTimeout: 60000, moz:useNonSpecCompliantPointerOrigin: false, moz:webdriverClick: true, moz:windowless: false, pageLoadStrategy: normal, platformName: WINDOWS, platformVersion: 10.0, proxy: Proxy(), se:cdp: ws://localhost:51600/devtoo..., se:cdpVersion: 85.0, setWindowRect: true, strictFileInteractability: false, timeouts: {implicit: 0, pageLoad: 300000, script: 30000}, unhandledPromptBehavior: dismiss and notify}
Element: [[FirefoxDriver: firefox on WINDOWS (d36b277a-aa91-4471-8a7f-fd8967f896f4)] -> css selector: a[href='/search']]
Session ID: d36b277a-aa91-4471-8a7f-fd8967f896f4
