00:13:52.052  INFO  manager.ApplicationManager - All tests run in firefox browser
00:13:54.294  INFO  manager.ApplicationManager - current url ---->https://ilcarro-1578153671498.web.app/search
00:13:54.369  INFO  manager.HelperBase - Start method with name --> searchAnyPeriod
00:13:54.370  INFO  manager.MyListener - WebDriver start find element -->By.id: city
00:13:54.410  INFO  manager.MyListener - WebDriver found element by locator -->By.id: city
00:13:55.417  INFO  manager.MyListener - WebDriver start find element -->By.cssSelector: .pac-item
00:13:55.444  INFO  manager.MyListener - WebDriver found element by locator -->By.cssSelector: .pac-item
00:13:56.179  INFO  manager.MyListener - WebDriver start find element -->By.id: dates
00:13:56.215  INFO  manager.MyListener - WebDriver found element by locator -->By.id: dates
00:13:56.553  INFO  manager.MyListener - WebDriver start find element -->By.cssSelector: button[aria-label='Next month'
00:13:56.575  INFO  manager.MyListener - WebDriver found element by locator -->By.cssSelector: button[aria-label='Next month'
00:13:56.827  INFO  manager.MyListener - WebDriver start find element -->By.cssSelector: button[aria-label='Next month'
00:13:56.858  INFO  manager.MyListener - WebDriver found element by locator -->By.cssSelector: button[aria-label='Next month'
00:13:57.114  INFO  manager.MyListener - WebDriver start find element -->By.cssSelector: button[aria-label='Next month'
00:13:57.142  INFO  manager.MyListener - WebDriver found element by locator -->By.cssSelector: button[aria-label='Next month'
00:13:57.395  INFO  manager.MyListener - WebDriver start find element -->By.cssSelector: button[aria-label='Next month'
00:13:57.419  INFO  manager.MyListener - WebDriver found element by locator -->By.cssSelector: button[aria-label='Next month'
00:13:57.676  INFO  manager.MyListener - WebDriver start find element -->By.cssSelector: button[aria-label='Next month'
00:13:57.700  INFO  manager.MyListener - WebDriver found element by locator -->By.cssSelector: button[aria-label='Next month'
00:13:57.957  INFO  manager.MyListener - WebDriver start find element -->By.cssSelector: button[aria-label='Next month'
00:13:57.977  INFO  manager.MyListener - WebDriver found element by locator -->By.cssSelector: button[aria-label='Next month'
00:13:58.228  INFO  manager.MyListener - WebDriver start find element -->By.cssSelector: button[aria-label='Next month'
00:13:58.252  INFO  manager.MyListener - WebDriver found element by locator -->By.cssSelector: button[aria-label='Next month'
00:13:58.502  INFO  manager.MyListener - WebDriver start find element -->By.cssSelector: button[aria-label='Next month'
00:13:58.522  INFO  manager.MyListener - WebDriver found element by locator -->By.cssSelector: button[aria-label='Next month'
00:13:58.777  INFO  manager.MyListener - WebDriver start find element -->By.cssSelector: button[aria-label='Next month'
00:13:58.797  INFO  manager.MyListener - WebDriver found element by locator -->By.cssSelector: button[aria-label='Next month'
00:13:59.040  INFO  manager.MyListener - WebDriver start find element -->By.cssSelector: button[aria-label='Next month'
00:13:59.056  INFO  manager.MyListener - WebDriver found element by locator -->By.cssSelector: button[aria-label='Next month'
00:13:59.323  INFO  manager.MyListener - WebDriver start find element -->By.cssSelector: button[aria-label='Next month'
00:13:59.349  INFO  manager.MyListener - WebDriver found element by locator -->By.cssSelector: button[aria-label='Next month'
00:13:59.618  INFO  manager.MyListener - WebDriver start find element -->By.xpath: //div[text()=' 10 ']
00:13:59.634  INFO  manager.MyListener - WebDriver found element by locator -->By.xpath: //div[text()=' 10 ']
00:13:59.906  INFO  manager.MyListener - WebDriver start find element -->By.cssSelector: button[aria-label='Next month'
00:13:59.930  INFO  manager.MyListener - WebDriver found element by locator -->By.cssSelector: button[aria-label='Next month'
00:14:00.204  INFO  manager.MyListener - WebDriver start find element -->By.xpath: //div[text()=' 15 ']
00:14:00.225  INFO  manager.MyListener - WebDriver found element by locator -->By.xpath: //div[text()=' 15 ']
00:14:00.494  INFO  manager.MyListener - WebDriver start find element -->By.cssSelector: button[type='submit']
00:14:00.514  INFO  manager.MyListener - WebDriver found element by locator -->By.cssSelector: button[type='submit']
00:14:00.570  INFO  manager.MyListener - WebDriver start find element -->By.cssSelector: button[type='submit']
00:14:00.583  INFO  manager.MyListener - WebDriver found element by locator -->By.cssSelector: button[type='submit']
00:14:01.623  INFO  manager.MyListener - WebDriver start find element -->By.cssSelector: a[href='/search']
00:14:01.638  INFO  manager.MyListener - WebDriver found element by locator -->By.cssSelector: a[href='/search']
00:14:01.894  INFO  manager.HelperBase - Start method with name --> searchCurrentMonth
00:14:01.895  INFO  manager.MyListener - WebDriver start find element -->By.id: city
00:14:01.908  INFO  manager.MyListener - WebDriver found element by locator -->By.id: city
00:14:02.888  INFO  manager.MyListener - WebDriver start find element -->By.cssSelector: .pac-item
00:14:02.957  INFO  manager.MyListener - WebDriver found element by locator -->By.cssSelector: .pac-item
00:14:03.674  INFO  manager.MyListener - WebDriver start find element -->By.id: dates
00:14:03.694  INFO  manager.MyListener - WebDriver found element by locator -->By.id: dates
00:14:03.965  INFO  manager.MyListener - WebDriver start find element -->By.xpath: //div[text()=' 28 ']
00:14:03.984  INFO  manager.MyListener - WebDriver found element by locator -->By.xpath: //div[text()=' 28 ']
00:14:04.236  INFO  manager.MyListener - WebDriver start find element -->By.xpath: //div[text()=' 31 ']
00:14:14.273  INFO  manager.MyListener - The name of method with error is --> public abstract org.openqa.selenium.WebElement org.openqa.selenium.WebDriver.findElement(org.openqa.selenium.By)
00:14:14.281  INFO  manager.MyListener - Houston, we have a problem org.openqa.selenium.NoSuchElementException: Unable to locate element: //div[text()=' 31 ']
For documentation on this error, please visit: https://selenium.dev/exceptions/#no_such_element
Build info: version: '4.2.2', revision: '683ccb65d6'
System info: host: 'DESKTOP-31QDJF0', ip: '192.168.1.203', os.name: 'Windows 10', os.arch: 'amd64', os.version: '10.0', java.version: '11.0.15.1'
Driver info: org.openqa.selenium.firefox.FirefoxDriver
Command: [3616a054-5360-4a94-a676-206b646be198, findElement {using=xpath, value=//div[text()=' 31 ']}]
Capabilities {acceptInsecureCerts: true, browserName: firefox, browserVersion: 102.0.1, moz:accessibilityChecks: false, moz:buildID: 20220705093820, moz:debuggerAddress: localhost:58564, moz:geckodriverVersion: 0.31.0, moz:headless: false, moz:processID: 11836, moz:profile: C:\Users\alexa\AppData\Loca..., moz:shutdownTimeout: 60000, moz:useNonSpecCompliantPointerOrigin: false, moz:webdriverClick: true, moz:windowless: false, pageLoadStrategy: normal, platformName: WINDOWS, platformVersion: 10.0, proxy: Proxy(), se:cdp: ws://localhost:58564/devtoo..., se:cdpVersion: 85.0, setWindowRect: true, strictFileInteractability: false, timeouts: {implicit: 0, pageLoad: 300000, script: 30000}, unhandledPromptBehavior: dismiss and notify}
Session ID: 3616a054-5360-4a94-a676-206b646be198
00:14:14.292  INFO  manager.HelperBase - Start method with name --> searchCurrentYear
00:14:14.292  INFO  manager.MyListener - WebDriver start find element -->By.id: city
00:14:14.314  INFO  manager.MyListener - WebDriver found element by locator -->By.id: city
00:14:14.330  INFO  manager.MyListener - The name of method with error is --> public abstract void org.openqa.selenium.WebElement.click()
00:14:14.330  INFO  manager.MyListener - Houston, we have a problem org.openqa.selenium.ElementClickInterceptedException: Element <input id="city" class="ng-valid pac-target-input ng-touched ng-dirty" type="text"> is not clickable at point (377,282) because another element <div class="cdk-overlay-backdrop mat-overlay-transparent-backdrop cdk-overlay-backdrop-showing"> obscures it
Build info: version: '4.2.2', revision: '683ccb65d6'
System info: host: 'DESKTOP-31QDJF0', ip: '192.168.1.203', os.name: 'Windows 10', os.arch: 'amd64', os.version: '10.0', java.version: '11.0.15.1'
Driver info: org.openqa.selenium.firefox.FirefoxDriver
Command: [3616a054-5360-4a94-a676-206b646be198, clickElement {id=7c0b421d-7dd0-4492-a2d4-dd4cc4458798}]
Capabilities {acceptInsecureCerts: true, browserName: firefox, browserVersion: 102.0.1, moz:accessibilityChecks: false, moz:buildID: 20220705093820, moz:debuggerAddress: localhost:58564, moz:geckodriverVersion: 0.31.0, moz:headless: false, moz:processID: 11836, moz:profile: C:\Users\alexa\AppData\Loca..., moz:shutdownTimeout: 60000, moz:useNonSpecCompliantPointerOrigin: false, moz:webdriverClick: true, moz:windowless: false, pageLoadStrategy: normal, platformName: WINDOWS, platformVersion: 10.0, proxy: Proxy(), se:cdp: ws://localhost:58564/devtoo..., se:cdpVersion: 85.0, setWindowRect: true, strictFileInteractability: false, timeouts: {implicit: 0, pageLoad: 300000, script: 30000}, unhandledPromptBehavior: dismiss and notify}
Element: [[FirefoxDriver: firefox on WINDOWS (3616a054-5360-4a94-a676-206b646be198)] -> id: city]
Session ID: 3616a054-5360-4a94-a676-206b646be198
00:14:14.334  INFO  manager.HelperBase - Start method with name --> searchCurrentYearLocalDate
00:14:14.338  INFO  manager.MyListener - WebDriver start find element -->By.id: city
00:14:14.350  INFO  manager.MyListener - WebDriver found element by locator -->By.id: city
00:14:14.362  INFO  manager.MyListener - The name of method with error is --> public abstract void org.openqa.selenium.WebElement.click()
00:14:14.362  INFO  manager.MyListener - Houston, we have a problem org.openqa.selenium.ElementClickInterceptedException: Element <input id="city" class="ng-valid pac-target-input ng-touched ng-dirty" type="text"> is not clickable at point (377,282) because another element <div class="cdk-overlay-backdrop mat-overlay-transparent-backdrop cdk-overlay-backdrop-showing"> obscures it
Build info: version: '4.2.2', revision: '683ccb65d6'
System info: host: 'DESKTOP-31QDJF0', ip: '192.168.1.203', os.name: 'Windows 10', os.arch: 'amd64', os.version: '10.0', java.version: '11.0.15.1'
Driver info: org.openqa.selenium.firefox.FirefoxDriver
Command: [3616a054-5360-4a94-a676-206b646be198, clickElement {id=7c0b421d-7dd0-4492-a2d4-dd4cc4458798}]
Capabilities {acceptInsecureCerts: true, browserName: firefox, browserVersion: 102.0.1, moz:accessibilityChecks: false, moz:buildID: 20220705093820, moz:debuggerAddress: localhost:58564, moz:geckodriverVersion: 0.31.0, moz:headless: false, moz:processID: 11836, moz:profile: C:\Users\alexa\AppData\Loca..., moz:shutdownTimeout: 60000, moz:useNonSpecCompliantPointerOrigin: false, moz:webdriverClick: true, moz:windowless: false, pageLoadStrategy: normal, platformName: WINDOWS, platformVersion: 10.0, proxy: Proxy(), se:cdp: ws://localhost:58564/devtoo..., se:cdpVersion: 85.0, setWindowRect: true, strictFileInteractability: false, timeouts: {implicit: 0, pageLoad: 300000, script: 30000}, unhandledPromptBehavior: dismiss and notify}
Element: [[FirefoxDriver: firefox on WINDOWS (3616a054-5360-4a94-a676-206b646be198)] -> id: city]
Session ID: 3616a054-5360-4a94-a676-206b646be198
00:14:14.366  INFO  manager.HelperBase - Start method with name --> searchNextMonth
00:14:14.366  INFO  manager.MyListener - WebDriver start find element -->By.id: city
00:14:14.378  INFO  manager.MyListener - WebDriver found element by locator -->By.id: city
00:14:14.386  INFO  manager.MyListener - The name of method with error is --> public abstract void org.openqa.selenium.WebElement.click()
00:14:14.386  INFO  manager.MyListener - Houston, we have a problem org.openqa.selenium.ElementClickInterceptedException: Element <input id="city" class="ng-valid pac-target-input ng-touched ng-dirty" type="text"> is not clickable at point (377,282) because another element <div class="cdk-overlay-backdrop mat-overlay-transparent-backdrop cdk-overlay-backdrop-showing"> obscures it
Build info: version: '4.2.2', revision: '683ccb65d6'
System info: host: 'DESKTOP-31QDJF0', ip: '192.168.1.203', os.name: 'Windows 10', os.arch: 'amd64', os.version: '10.0', java.version: '11.0.15.1'
Driver info: org.openqa.selenium.firefox.FirefoxDriver
Command: [3616a054-5360-4a94-a676-206b646be198, clickElement {id=7c0b421d-7dd0-4492-a2d4-dd4cc4458798}]
Capabilities {acceptInsecureCerts: true, browserName: firefox, browserVersion: 102.0.1, moz:accessibilityChecks: false, moz:buildID: 20220705093820, moz:debuggerAddress: localhost:58564, moz:geckodriverVersion: 0.31.0, moz:headless: false, moz:processID: 11836, moz:profile: C:\Users\alexa\AppData\Loca..., moz:shutdownTimeout: 60000, moz:useNonSpecCompliantPointerOrigin: false, moz:webdriverClick: true, moz:windowless: false, pageLoadStrategy: normal, platformName: WINDOWS, platformVersion: 10.0, proxy: Proxy(), se:cdp: ws://localhost:58564/devtoo..., se:cdpVersion: 85.0, setWindowRect: true, strictFileInteractability: false, timeouts: {implicit: 0, pageLoad: 300000, script: 30000}, unhandledPromptBehavior: dismiss and notify}
Element: [[FirefoxDriver: firefox on WINDOWS (3616a054-5360-4a94-a676-206b646be198)] -> id: city]
Session ID: 3616a054-5360-4a94-a676-206b646be198
00:14:14.394  INFO  manager.HelperBase - Start method with name --> searchPeriodPast
00:14:14.394  INFO  manager.MyListener - WebDriver start find element -->By.id: city
00:14:14.404  INFO  manager.MyListener - WebDriver found element by locator -->By.id: city
00:14:14.413  INFO  manager.MyListener - The name of method with error is --> public abstract void org.openqa.selenium.WebElement.click()
00:14:14.414  INFO  manager.MyListener - Houston, we have a problem org.openqa.selenium.ElementClickInterceptedException: Element <input id="city" class="ng-valid pac-target-input ng-touched ng-dirty" type="text"> is not clickable at point (377,282) because another element <div class="cdk-overlay-backdrop mat-overlay-transparent-backdrop cdk-overlay-backdrop-showing"> obscures it
Build info: version: '4.2.2', revision: '683ccb65d6'
System info: host: 'DESKTOP-31QDJF0', ip: '192.168.1.203', os.name: 'Windows 10', os.arch: 'amd64', os.version: '10.0', java.version: '11.0.15.1'
Driver info: org.openqa.selenium.firefox.FirefoxDriver
Command: [3616a054-5360-4a94-a676-206b646be198, clickElement {id=7c0b421d-7dd0-4492-a2d4-dd4cc4458798}]
Capabilities {acceptInsecureCerts: true, browserName: firefox, browserVersion: 102.0.1, moz:accessibilityChecks: false, moz:buildID: 20220705093820, moz:debuggerAddress: localhost:58564, moz:geckodriverVersion: 0.31.0, moz:headless: false, moz:processID: 11836, moz:profile: C:\Users\alexa\AppData\Loca..., moz:shutdownTimeout: 60000, moz:useNonSpecCompliantPointerOrigin: false, moz:webdriverClick: true, moz:windowless: false, pageLoadStrategy: normal, platformName: WINDOWS, platformVersion: 10.0, proxy: Proxy(), se:cdp: ws://localhost:58564/devtoo..., se:cdpVersion: 85.0, setWindowRect: true, strictFileInteractability: false, timeouts: {implicit: 0, pageLoad: 300000, script: 30000}, unhandledPromptBehavior: dismiss and notify}
Element: [[FirefoxDriver: firefox on WINDOWS (3616a054-5360-4a94-a676-206b646be198)] -> id: city]
Session ID: 3616a054-5360-4a94-a676-206b646be198
