23:22:53.119  INFO  manager.ApplicationManager - All tests run in firefox browser
23:22:55.307  INFO  manager.ApplicationManager - current url ---->https://ilcarro-1578153671498.web.app/search
23:22:55.370  INFO  manager.HelperBase - Start method with name --> searchPeriodPast
23:22:55.378  INFO  manager.MyListener - WebDriver start find element -->By.id: city
23:22:55.422  INFO  manager.MyListener - WebDriver found element by locator -->By.id: city
23:22:56.410  INFO  manager.MyListener - WebDriver start find element -->By.cssSelector: .pac-item
23:22:56.439  INFO  manager.MyListener - WebDriver found element by locator -->By.cssSelector: .pac-item
23:22:57.159  INFO  manager.MyListener - WebDriver start find element -->By.id: dates
23:22:57.191  INFO  manager.MyListener - WebDriver found element by locator -->By.id: dates
23:22:57.276  INFO  manager.MyListener - WebDriver start find element -->By.cssSelector: button[type='submit']
23:22:57.294  INFO  manager.MyListener - WebDriver found element by locator -->By.cssSelector: button[type='submit']
23:22:57.308  INFO  manager.MyListener - WebDriver start find element -->By.cssSelector: button[type='submit']
23:22:57.332  INFO  manager.MyListener - WebDriver found element by locator -->By.cssSelector: button[type='submit']
23:22:58.058  INFO  manager.MyListener - WebDriver start find element -->By.xpath: div.error div:first-child
23:22:58.084  INFO  manager.MyListener - The name of method with error is --> public abstract org.openqa.selenium.WebElement org.openqa.selenium.WebDriver.findElement(org.openqa.selenium.By)
23:22:58.089  INFO  manager.MyListener - Houston, we have a problem org.openqa.selenium.InvalidSelectorException: Given xpath expression "div.error div:first-child" is invalid: SyntaxError: Document.evaluate: The expression is not a legal expression
For documentation on this error, please visit: https://selenium.dev/exceptions/#invalid_selector_exception
Build info: version: '4.2.2', revision: '683ccb65d6'
System info: host: 'DESKTOP-31QDJF0', ip: '192.168.1.203', os.name: 'Windows 10', os.arch: 'amd64', os.version: '10.0', java.version: '11.0.15.1'
Driver info: org.openqa.selenium.firefox.FirefoxDriver
Command: [b1c990a1-c85b-4869-b3b7-09c68213f41b, findElement {using=xpath, value=div.error div:first-child}]
Capabilities {acceptInsecureCerts: true, browserName: firefox, browserVersion: 102.0.1, moz:accessibilityChecks: false, moz:buildID: 20220705093820, moz:debuggerAddress: localhost:51141, moz:geckodriverVersion: 0.31.0, moz:headless: false, moz:processID: 1088, moz:profile: C:\Users\alexa\AppData\Loca..., moz:shutdownTimeout: 60000, moz:useNonSpecCompliantPointerOrigin: false, moz:webdriverClick: true, moz:windowless: false, pageLoadStrategy: normal, platformName: WINDOWS, platformVersion: 10.0, proxy: Proxy(), se:cdp: ws://localhost:51141/devtoo..., se:cdpVersion: 85.0, setWindowRect: true, strictFileInteractability: false, timeouts: {implicit: 0, pageLoad: 300000, script: 30000}, unhandledPromptBehavior: dismiss and notify}
Session ID: b1c990a1-c85b-4869-b3b7-09c68213f41b
