01:15:35.215  INFO  manager.ApplicationManager - All tests run in firefox browser
01:15:37.490  INFO  manager.ApplicationManager - current url ---->https://ilcarro-1578153671498.web.app/search
01:15:37.544  INFO  manager.HelperBase - Start method with name --> searchCurrentMonth
01:15:37.544  INFO  manager.MyListener - WebDriver start find element -->By.id: city
01:15:37.577  INFO  manager.MyListener - WebDriver found element by locator -->By.id: city
01:15:38.612  INFO  manager.MyListener - WebDriver start find element -->By.cssSelector: .pac-item
01:15:38.644  INFO  manager.MyListener - WebDriver found element by locator -->By.cssSelector: .pac-item
01:15:39.375  INFO  manager.MyListener - WebDriver start find element -->By.id: dates
01:15:39.411  INFO  manager.MyListener - WebDriver found element by locator -->By.id: dates
01:15:39.756  INFO  manager.MyListener - WebDriver start find element -->By.xpath: //div[text()=' 28 ']
01:15:39.776  INFO  manager.MyListener - WebDriver found element by locator -->By.xpath: //div[text()=' 28 ']
01:15:40.032  INFO  manager.MyListener - WebDriver start find element -->By.xpath: //div[text()=' 31 ']
01:15:40.060  INFO  manager.MyListener - WebDriver found element by locator -->By.xpath: //div[text()=' 31 ']
01:15:40.337  INFO  manager.MyListener - WebDriver start find element -->By.cssSelector: button[type='submit']
01:15:40.364  INFO  manager.MyListener - WebDriver found element by locator -->By.cssSelector: button[type='submit']
01:15:40.419  INFO  manager.MyListener - WebDriver start find element -->By.cssSelector: button[type='submit']
01:15:40.447  INFO  manager.MyListener - WebDriver found element by locator -->By.cssSelector: button[type='submit']
01:15:41.504  INFO  manager.MyListener - WebDriver start find element -->By.cssSelector: a[href='/search']
01:15:41.523  INFO  manager.MyListener - WebDriver found element by locator -->By.cssSelector: a[href='/search']
01:15:41.781  INFO  manager.HelperBase - Start method with name --> searchCurrentYear
01:15:41.781  INFO  manager.MyListener - WebDriver start find element -->By.id: city
01:15:41.801  INFO  manager.MyListener - WebDriver found element by locator -->By.id: city
01:15:42.787  INFO  manager.MyListener - WebDriver start find element -->By.cssSelector: .pac-item
01:15:42.812  INFO  manager.MyListener - WebDriver found element by locator -->By.cssSelector: .pac-item
01:15:43.545  INFO  manager.MyListener - WebDriver start find element -->By.id: dates
01:15:43.565  INFO  manager.MyListener - WebDriver found element by locator -->By.id: dates
01:15:43.872  INFO  manager.MyListener - WebDriver start find element -->By.cssSelector: button[aria-label='Next month'
01:15:43.908  INFO  manager.MyListener - WebDriver found element by locator -->By.cssSelector: button[aria-label='Next month'
01:15:44.188  INFO  manager.MyListener - WebDriver start find element -->By.cssSelector: button[aria-label='Next month'
01:15:44.207  INFO  manager.MyListener - WebDriver found element by locator -->By.cssSelector: button[aria-label='Next month'
01:15:44.474  INFO  manager.MyListener - WebDriver start find element -->By.cssSelector: button[aria-label='Next month'
01:15:44.489  INFO  manager.MyListener - WebDriver found element by locator -->By.cssSelector: button[aria-label='Next month'
01:15:44.790  INFO  manager.MyListener - WebDriver start find element -->By.xpath: //div[text()=' 28 ']
01:15:44.808  INFO  manager.MyListener - WebDriver found element by locator -->By.xpath: //div[text()=' 28 ']
01:15:45.091  INFO  manager.MyListener - WebDriver start find element -->By.cssSelector: button[aria-label='Next month'
01:15:45.108  INFO  manager.MyListener - WebDriver found element by locator -->By.cssSelector: button[aria-label='Next month'
01:15:45.391  INFO  manager.MyListener - WebDriver start find element -->By.cssSelector: button[aria-label='Next month'
01:15:45.408  INFO  manager.MyListener - WebDriver found element by locator -->By.cssSelector: button[aria-label='Next month'
01:15:45.691  INFO  manager.MyListener - WebDriver start find element -->By.xpath: //div[text()=' 10 ']
01:15:45.708  INFO  manager.MyListener - WebDriver found element by locator -->By.xpath: //div[text()=' 10 ']
01:15:45.991  INFO  manager.MyListener - WebDriver start find element -->By.cssSelector: button[type='submit']
01:15:46.007  INFO  manager.MyListener - WebDriver found element by locator -->By.cssSelector: button[type='submit']
01:15:46.054  INFO  manager.MyListener - WebDriver start find element -->By.cssSelector: button[type='submit']
01:15:46.069  INFO  manager.MyListener - WebDriver found element by locator -->By.cssSelector: button[type='submit']
01:15:47.009  INFO  manager.MyListener - WebDriver start find element -->By.cssSelector: a[href='/search']
01:15:47.025  INFO  manager.MyListener - WebDriver found element by locator -->By.cssSelector: a[href='/search']
01:15:47.294  INFO  manager.HelperBase - Start method with name --> searchCurrentYearLocalDate
01:15:47.294  INFO  manager.MyListener - WebDriver start find element -->By.id: city
01:15:47.310  INFO  manager.MyListener - WebDriver found element by locator -->By.id: city
01:15:48.305  INFO  manager.MyListener - WebDriver start find element -->By.cssSelector: .pac-item
01:15:48.323  INFO  manager.MyListener - WebDriver found element by locator -->By.cssSelector: .pac-item
01:15:49.067  INFO  manager.MyListener - WebDriver start find element -->By.id: dates
01:15:49.077  INFO  manager.MyListener - WebDriver found element by locator -->By.id: dates
01:15:49.382  INFO  manager.MyListener - WebDriver start find element -->By.cssSelector: button[aria-label='Next month'
01:15:49.390  INFO  manager.MyListener - WebDriver found element by locator -->By.cssSelector: button[aria-label='Next month'
01:15:49.656  INFO  manager.MyListener - WebDriver start find element -->By.xpath: //div[text()=' 10 ']
01:15:49.674  INFO  manager.MyListener - WebDriver found element by locator -->By.xpath: //div[text()=' 10 ']
01:15:49.940  INFO  manager.MyListener - WebDriver start find element -->By.cssSelector: button[aria-label='Next month'
01:15:49.961  INFO  manager.MyListener - WebDriver found element by locator -->By.cssSelector: button[aria-label='Next month'
01:15:50.237  INFO  manager.MyListener - WebDriver start find element -->By.cssSelector: button[aria-label='Next month'
01:15:50.252  INFO  manager.MyListener - WebDriver found element by locator -->By.cssSelector: button[aria-label='Next month'
01:15:50.526  INFO  manager.MyListener - WebDriver start find element -->By.xpath: //div[text()=' 20 ']
01:15:50.542  INFO  manager.MyListener - WebDriver found element by locator -->By.xpath: //div[text()=' 20 ']
01:15:50.805  INFO  manager.MyListener - WebDriver start find element -->By.cssSelector: button[type='submit']
01:15:50.827  INFO  manager.MyListener - WebDriver found element by locator -->By.cssSelector: button[type='submit']
01:15:50.874  INFO  manager.MyListener - WebDriver start find element -->By.cssSelector: button[type='submit']
01:15:50.890  INFO  manager.MyListener - WebDriver found element by locator -->By.cssSelector: button[type='submit']
01:15:51.944  INFO  manager.MyListener - WebDriver start find element -->By.cssSelector: a[href='/search']
01:15:51.960  INFO  manager.MyListener - WebDriver found element by locator -->By.cssSelector: a[href='/search']
01:15:52.229  INFO  manager.HelperBase - Start method with name --> searchNextMonth
01:15:52.229  INFO  manager.MyListener - WebDriver start find element -->By.id: city
01:15:52.244  INFO  manager.MyListener - WebDriver found element by locator -->By.id: city
01:15:53.231  INFO  manager.MyListener - WebDriver start find element -->By.cssSelector: .pac-item
01:15:53.247  INFO  manager.MyListener - WebDriver found element by locator -->By.cssSelector: .pac-item
01:15:53.980  INFO  manager.MyListener - WebDriver start find element -->By.id: dates
01:15:53.996  INFO  manager.MyListener - WebDriver found element by locator -->By.id: dates
01:15:54.281  INFO  manager.MyListener - WebDriver start find element -->By.cssSelector: button[aria-label='Next month'
01:15:54.297  INFO  manager.MyListener - WebDriver found element by locator -->By.cssSelector: button[aria-label='Next month'
01:15:54.582  INFO  manager.MyListener - WebDriver start find element -->By.xpath: //div[text()=' 8 ']
01:15:54.598  INFO  manager.MyListener - WebDriver found element by locator -->By.xpath: //div[text()=' 8 ']
01:15:54.867  INFO  manager.MyListener - WebDriver start find element -->By.xpath: //div[text()=' 20 ']
01:15:54.883  INFO  manager.MyListener - WebDriver found element by locator -->By.xpath: //div[text()=' 20 ']
01:15:55.152  INFO  manager.MyListener - WebDriver start find element -->By.cssSelector: button[type='submit']
01:15:55.168  INFO  manager.MyListener - WebDriver found element by locator -->By.cssSelector: button[type='submit']
01:15:55.221  INFO  manager.MyListener - WebDriver start find element -->By.cssSelector: button[type='submit']
01:15:55.237  INFO  manager.MyListener - WebDriver found element by locator -->By.cssSelector: button[type='submit']
01:15:56.355  INFO  manager.MyListener - WebDriver start find element -->By.cssSelector: a[href='/search']
01:15:56.386  INFO  manager.MyListener - WebDriver found element by locator -->By.cssSelector: a[href='/search']
01:15:56.640  INFO  manager.HelperBase - Start method with name --> searchPeriodPast
01:15:56.640  INFO  manager.MyListener - WebDriver start find element -->By.id: city
01:15:56.656  INFO  manager.MyListener - WebDriver found element by locator -->By.id: city
01:15:57.625  INFO  manager.MyListener - WebDriver start find element -->By.cssSelector: .pac-item
01:15:57.645  INFO  manager.MyListener - WebDriver found element by locator -->By.cssSelector: .pac-item
01:15:58.360  INFO  manager.MyListener - WebDriver start find element -->By.id: dates
01:15:58.380  INFO  manager.MyListener - WebDriver found element by locator -->By.id: dates
01:15:58.380  INFO  manager.MyListener - WebDriver start find element -->By.xpath: //input[@id='city']
01:15:58.396  INFO  manager.MyListener - WebDriver found element by locator -->By.xpath: //input[@id='city']
01:15:58.396  INFO  manager.MyListener - WebDriver start find element -->By.id: dates
01:15:58.408  INFO  manager.MyListener - WebDriver found element by locator -->By.id: dates
01:15:58.408  INFO  manager.MyListener - WebDriver start find element -->By.id: dates
01:15:58.420  INFO  manager.MyListener - WebDriver found element by locator -->By.id: dates
01:15:58.775  INFO  manager.MyListener - The name of method with error is --> public abstract void org.openqa.selenium.WebElement.click()
01:15:58.779  INFO  manager.MyListener - Houston, we have a problem org.openqa.selenium.ElementClickInterceptedException: Element <input id="city" class="ng-valid pac-target-input ng-touched ng-dirty" type="text"> is not clickable at point (377,282) because another element <div class="cdk-overlay-backdrop mat-overlay-transparent-backdrop cdk-overlay-backdrop-showing"> obscures it
Build info: version: '4.2.2', revision: '683ccb65d6'
System info: host: 'DESKTOP-31QDJF0', ip: '192.168.1.203', os.name: 'Windows 10', os.arch: 'amd64', os.version: '10.0', java.version: '11.0.15.1'
Driver info: org.openqa.selenium.firefox.FirefoxDriver
Command: [5621ceb1-7de8-4286-b96b-fc3c69722328, clickElement {id=e625a504-63cd-468d-9860-6f1636bae157}]
Capabilities {acceptInsecureCerts: true, browserName: firefox, browserVersion: 102.0.1, moz:accessibilityChecks: false, moz:buildID: 20220705093820, moz:debuggerAddress: localhost:63709, moz:geckodriverVersion: 0.31.0, moz:headless: false, moz:processID: 28280, moz:profile: C:\Users\alexa\AppData\Loca..., moz:shutdownTimeout: 60000, moz:useNonSpecCompliantPointerOrigin: false, moz:webdriverClick: true, moz:windowless: false, pageLoadStrategy: normal, platformName: WINDOWS, platformVersion: 10.0, proxy: Proxy(), se:cdp: ws://localhost:63709/devtoo..., se:cdpVersion: 85.0, setWindowRect: true, strictFileInteractability: false, timeouts: {implicit: 0, pageLoad: 300000, script: 30000}, unhandledPromptBehavior: dismiss and notify}
Element: [[FirefoxDriver: firefox on WINDOWS (5621ceb1-7de8-4286-b96b-fc3c69722328)] -> xpath: //input[@id='city']]
Session ID: 5621ceb1-7de8-4286-b96b-fc3c69722328
01:15:58.783  INFO  manager.MyListener - WebDriver start find element -->By.cssSelector: a[href='/search']
01:15:58.791  INFO  manager.MyListener - WebDriver found element by locator -->By.cssSelector: a[href='/search']
01:15:58.799  INFO  manager.MyListener - The name of method with error is --> public abstract void org.openqa.selenium.WebElement.click()
01:15:58.803  INFO  manager.MyListener - Houston, we have a problem org.openqa.selenium.ElementClickInterceptedException: Element <a id="0" class="navigation-link" href="/search"> is not clickable at point (1074,34) because another element <div class="cdk-overlay-backdrop mat-overlay-transparent-backdrop cdk-overlay-backdrop-showing"> obscures it
Build info: version: '4.2.2', revision: '683ccb65d6'
System info: host: 'DESKTOP-31QDJF0', ip: '192.168.1.203', os.name: 'Windows 10', os.arch: 'amd64', os.version: '10.0', java.version: '11.0.15.1'
Driver info: org.openqa.selenium.firefox.FirefoxDriver
Command: [5621ceb1-7de8-4286-b96b-fc3c69722328, clickElement {id=61b435a2-31fe-4d7d-9d2e-5433b20f2907}]
Capabilities {acceptInsecureCerts: true, browserName: firefox, browserVersion: 102.0.1, moz:accessibilityChecks: false, moz:buildID: 20220705093820, moz:debuggerAddress: localhost:63709, moz:geckodriverVersion: 0.31.0, moz:headless: false, moz:processID: 28280, moz:profile: C:\Users\alexa\AppData\Loca..., moz:shutdownTimeout: 60000, moz:useNonSpecCompliantPointerOrigin: false, moz:webdriverClick: true, moz:windowless: false, pageLoadStrategy: normal, platformName: WINDOWS, platformVersion: 10.0, proxy: Proxy(), se:cdp: ws://localhost:63709/devtoo..., se:cdpVersion: 85.0, setWindowRect: true, strictFileInteractability: false, timeouts: {implicit: 0, pageLoad: 300000, script: 30000}, unhandledPromptBehavior: dismiss and notify}
Element: [[FirefoxDriver: firefox on WINDOWS (5621ceb1-7de8-4286-b96b-fc3c69722328)] -> css selector: a[href='/search']]
Session ID: 5621ceb1-7de8-4286-b96b-fc3c69722328
