23:45:55.756  INFO  manager.ApplicationManager - All tests run in firefox browser
23:45:58.066  INFO  manager.ApplicationManager - current url ---->https://ilcarro-1578153671498.web.app/search
23:45:58.120  INFO  manager.HelperBase - Start method with name --> searchCurrentMonth
23:45:58.132  INFO  manager.MyListener - WebDriver start find element -->By.id: city
23:45:58.164  INFO  manager.MyListener - WebDriver found element by locator -->By.id: city
23:45:59.179  INFO  manager.MyListener - WebDriver start find element -->By.cssSelector: .pac-item
23:45:59.203  INFO  manager.MyListener - WebDriver found element by locator -->By.cssSelector: .pac-item
23:45:59.932  INFO  manager.MyListener - WebDriver start find element -->By.id: dates
23:45:59.964  INFO  manager.MyListener - WebDriver found element by locator -->By.id: dates
23:46:00.298  INFO  manager.MyListener - WebDriver start find element -->By.xpath: //div[text()=' 28 ']
23:46:00.327  INFO  manager.MyListener - WebDriver found element by locator -->By.xpath: //div[text()=' 28 ']
23:46:00.577  INFO  manager.MyListener - WebDriver start find element -->By.xpath: //div[text()=' 31 ']
23:46:00.605  INFO  manager.MyListener - WebDriver found element by locator -->By.xpath: //div[text()=' 31 ']
23:46:00.877  INFO  manager.MyListener - WebDriver start find element -->By.cssSelector: button[type='submit']
23:46:00.905  INFO  manager.MyListener - WebDriver found element by locator -->By.cssSelector: button[type='submit']
23:46:00.978  INFO  manager.MyListener - WebDriver start find element -->By.cssSelector: button[type='submit']
23:46:00.994  INFO  manager.MyListener - WebDriver found element by locator -->By.cssSelector: button[type='submit']
23:46:02.142  INFO  manager.HelperBase - Start method with name --> searchCurrentYear
23:46:02.162  INFO  manager.MyListener - WebDriver start find element -->By.cssSelector: a[href='/search']
23:46:02.182  INFO  manager.MyListener - WebDriver found element by locator -->By.cssSelector: a[href='/search']
23:46:02.435  INFO  manager.MyListener - WebDriver start find element -->By.id: city
23:46:02.463  INFO  manager.MyListener - WebDriver found element by locator -->By.id: city
23:46:03.484  INFO  manager.MyListener - WebDriver start find element -->By.cssSelector: .pac-item
23:46:03.508  INFO  manager.MyListener - WebDriver found element by locator -->By.cssSelector: .pac-item
23:46:04.238  INFO  manager.MyListener - WebDriver start find element -->By.id: dates
23:46:04.308  INFO  manager.MyListener - WebDriver found element by locator -->By.id: dates
23:46:04.599  INFO  manager.MyListener - WebDriver start find element -->By.cssSelector: button[aria-label='Next month'
23:46:04.620  INFO  manager.MyListener - WebDriver found element by locator -->By.cssSelector: button[aria-label='Next month'
23:46:04.873  INFO  manager.MyListener - WebDriver start find element -->By.cssSelector: button[aria-label='Next month'
23:46:04.897  INFO  manager.MyListener - WebDriver found element by locator -->By.cssSelector: button[aria-label='Next month'
23:46:05.171  INFO  manager.MyListener - WebDriver start find element -->By.cssSelector: button[aria-label='Next month'
23:46:05.191  INFO  manager.MyListener - WebDriver found element by locator -->By.cssSelector: button[aria-label='Next month'
23:46:05.436  INFO  manager.MyListener - WebDriver start find element -->By.xpath: //div[text()=' 28 ']
23:46:05.460  INFO  manager.MyListener - WebDriver found element by locator -->By.xpath: //div[text()=' 28 ']
23:46:05.742  INFO  manager.MyListener - WebDriver start find element -->By.cssSelector: button[aria-label='Next month'
23:46:05.761  INFO  manager.MyListener - WebDriver found element by locator -->By.cssSelector: button[aria-label='Next month'
23:46:06.022  INFO  manager.MyListener - WebDriver start find element -->By.cssSelector: button[aria-label='Next month'
23:46:06.046  INFO  manager.MyListener - WebDriver found element by locator -->By.cssSelector: button[aria-label='Next month'
23:46:06.326  INFO  manager.MyListener - WebDriver start find element -->By.xpath: //div[text()=' 10 ']
23:46:06.346  INFO  manager.MyListener - WebDriver found element by locator -->By.xpath: //div[text()=' 10 ']
23:46:06.607  INFO  manager.MyListener - WebDriver start find element -->By.cssSelector: button[type='submit']
23:46:06.626  INFO  manager.MyListener - WebDriver found element by locator -->By.cssSelector: button[type='submit']
23:46:06.660  INFO  manager.MyListener - WebDriver start find element -->By.cssSelector: button[type='submit']
23:46:06.676  INFO  manager.MyListener - WebDriver found element by locator -->By.cssSelector: button[type='submit']
23:46:07.734  INFO  manager.HelperBase - Start method with name --> searchNextMonth
23:46:07.738  INFO  manager.MyListener - WebDriver start find element -->By.cssSelector: a[href='/search']
23:46:07.754  INFO  manager.MyListener - WebDriver found element by locator -->By.cssSelector: a[href='/search']
23:46:08.021  INFO  manager.MyListener - WebDriver start find element -->By.id: city
23:46:08.042  INFO  manager.MyListener - WebDriver found element by locator -->By.id: city
23:46:09.030  INFO  manager.MyListener - WebDriver start find element -->By.cssSelector: .pac-item
23:46:09.050  INFO  manager.MyListener - WebDriver found element by locator -->By.cssSelector: .pac-item
23:46:09.783  INFO  manager.MyListener - WebDriver start find element -->By.id: dates
23:46:09.807  INFO  manager.MyListener - WebDriver found element by locator -->By.id: dates
23:46:10.107  INFO  manager.MyListener - WebDriver start find element -->By.cssSelector: button[aria-label='Next month'
23:46:10.127  INFO  manager.MyListener - WebDriver found element by locator -->By.cssSelector: button[aria-label='Next month'
23:46:10.399  INFO  manager.MyListener - WebDriver start find element -->By.xpath: //div[text()=' 8 ']
23:46:10.427  INFO  manager.MyListener - WebDriver found element by locator -->By.xpath: //div[text()=' 8 ']
23:46:10.686  INFO  manager.MyListener - WebDriver start find element -->By.xpath: //div[text()=' 20 ']
23:46:10.700  INFO  manager.MyListener - WebDriver found element by locator -->By.xpath: //div[text()=' 20 ']
23:46:10.952  INFO  manager.MyListener - WebDriver start find element -->By.cssSelector: button[type='submit']
23:46:10.976  INFO  manager.MyListener - WebDriver found element by locator -->By.cssSelector: button[type='submit']
23:46:11.024  INFO  manager.MyListener - WebDriver start find element -->By.cssSelector: button[type='submit']
23:46:11.037  INFO  manager.MyListener - WebDriver found element by locator -->By.cssSelector: button[type='submit']
23:46:12.138  INFO  manager.HelperBase - Start method with name --> searchPeriodPast
23:46:12.142  INFO  manager.MyListener - WebDriver start find element -->By.cssSelector: a[href='/search']
23:46:12.158  INFO  manager.MyListener - WebDriver found element by locator -->By.cssSelector: a[href='/search']
23:46:12.397  INFO  manager.MyListener - WebDriver start find element -->By.id: city
23:46:12.413  INFO  manager.MyListener - WebDriver found element by locator -->By.id: city
23:46:13.402  INFO  manager.MyListener - WebDriver start find element -->By.cssSelector: .pac-item
23:46:13.439  INFO  manager.MyListener - WebDriver found element by locator -->By.cssSelector: .pac-item
23:46:14.166  INFO  manager.MyListener - WebDriver start find element -->By.id: dates
23:46:14.187  INFO  manager.MyListener - WebDriver found element by locator -->By.id: dates
23:46:14.187  INFO  manager.MyListener - WebDriver start find element -->By.id: dates
23:46:14.201  INFO  manager.MyListener - WebDriver found element by locator -->By.id: dates
23:46:14.600  INFO  manager.MyListener - WebDriver start find element -->By.cssSelector: [type=submit]
23:46:14.612  INFO  manager.MyListener - WebDriver found element by locator -->By.cssSelector: [type=submit]
23:46:14.617  INFO  manager.MyListener - WebDriver start find element -->By.cssSelector: div.error div:first-child
23:46:14.629  INFO  manager.MyListener - WebDriver found element by locator -->By.cssSelector: div.error div:first-child
23:46:14.641  INFO  manager.MyListener - WebDriver start find element -->By.cssSelector: div.error div:first-child
23:46:14.653  INFO  manager.MyListener - WebDriver found element by locator -->By.cssSelector: div.error div:first-child
