23:36:20.445  INFO  manager.ApplicationManager - All tests run in firefox browser
23:36:24.585  INFO  manager.ApplicationManager - current url ---->https://ilcarro-1578153671498.web.app/search
23:36:24.653  INFO  manager.HelperBase - Start method with name --> searchCurrentMonth
23:36:24.663  INFO  manager.MyListener - WebDriver start find element -->By.id: city
23:36:24.702  INFO  manager.MyListener - WebDriver found element by locator -->By.id: city
23:36:25.734  INFO  manager.MyListener - WebDriver start find element -->By.cssSelector: .pac-item
23:36:25.770  INFO  manager.MyListener - WebDriver found element by locator -->By.cssSelector: .pac-item
23:36:26.496  INFO  manager.MyListener - WebDriver start find element -->By.id: dates
23:36:26.528  INFO  manager.MyListener - WebDriver found element by locator -->By.id: dates
23:36:26.880  INFO  manager.MyListener - WebDriver start find element -->By.xpath: //div[text()=' 28 ']
23:36:26.901  INFO  manager.MyListener - WebDriver found element by locator -->By.xpath: //div[text()=' 28 ']
23:36:27.159  INFO  manager.MyListener - WebDriver start find element -->By.xpath: //div[text()=' 31 ']
23:36:27.187  INFO  manager.MyListener - WebDriver found element by locator -->By.xpath: //div[text()=' 31 ']
23:36:27.464  INFO  manager.MyListener - WebDriver start find element -->By.cssSelector: button[type='submit']
23:36:27.496  INFO  manager.MyListener - WebDriver found element by locator -->By.cssSelector: button[type='submit']
23:36:27.556  INFO  manager.MyListener - WebDriver start find element -->By.cssSelector: button[type='submit']
23:36:27.580  INFO  manager.MyListener - WebDriver found element by locator -->By.cssSelector: button[type='submit']
23:36:28.657  INFO  manager.HelperBase - Start method with name --> searchCurrentYear
23:36:28.663  INFO  manager.MyListener - WebDriver start find element -->By.cssSelector: a[href='/search']
23:36:28.679  INFO  manager.MyListener - WebDriver found element by locator -->By.cssSelector: a[href='/search']
23:36:28.926  INFO  manager.MyListener - WebDriver start find element -->By.id: city
23:36:28.950  INFO  manager.MyListener - WebDriver found element by locator -->By.id: city
23:36:29.934  INFO  manager.MyListener - WebDriver start find element -->By.cssSelector: .pac-item
23:36:29.958  INFO  manager.MyListener - WebDriver found element by locator -->By.cssSelector: .pac-item
23:36:30.682  INFO  manager.MyListener - WebDriver start find element -->By.id: dates
23:36:30.706  INFO  manager.MyListener - WebDriver found element by locator -->By.id: dates
23:36:30.983  INFO  manager.MyListener - WebDriver start find element -->By.cssSelector: button[aria-label='Next month'
23:36:31.003  INFO  manager.MyListener - WebDriver found element by locator -->By.cssSelector: button[aria-label='Next month'
23:36:31.276  INFO  manager.MyListener - WebDriver start find element -->By.cssSelector: button[aria-label='Next month'
23:36:31.296  INFO  manager.MyListener - WebDriver found element by locator -->By.cssSelector: button[aria-label='Next month'
23:36:31.556  INFO  manager.MyListener - WebDriver start find element -->By.cssSelector: button[aria-label='Next month'
23:36:31.576  INFO  manager.MyListener - WebDriver found element by locator -->By.cssSelector: button[aria-label='Next month'
23:36:31.826  INFO  manager.MyListener - WebDriver start find element -->By.xpath: //div[text()=' 28 ']
23:36:31.846  INFO  manager.MyListener - WebDriver found element by locator -->By.xpath: //div[text()=' 28 ']
23:36:32.088  INFO  manager.MyListener - WebDriver start find element -->By.cssSelector: button[aria-label='Next month'
23:36:32.108  INFO  manager.MyListener - WebDriver found element by locator -->By.cssSelector: button[aria-label='Next month'
23:36:32.363  INFO  manager.MyListener - WebDriver start find element -->By.cssSelector: button[aria-label='Next month'
23:36:32.387  INFO  manager.MyListener - WebDriver found element by locator -->By.cssSelector: button[aria-label='Next month'
23:36:32.649  INFO  manager.MyListener - WebDriver start find element -->By.xpath: //div[text()=' 10 ']
23:36:32.673  INFO  manager.MyListener - WebDriver found element by locator -->By.xpath: //div[text()=' 10 ']
23:36:32.924  INFO  manager.MyListener - WebDriver start find element -->By.cssSelector: button[type='submit']
23:36:32.940  INFO  manager.MyListener - WebDriver found element by locator -->By.cssSelector: button[type='submit']
23:36:32.972  INFO  manager.MyListener - WebDriver start find element -->By.cssSelector: button[type='submit']
23:36:32.984  INFO  manager.MyListener - WebDriver found element by locator -->By.cssSelector: button[type='submit']
23:36:35.590  INFO  manager.HelperBase - Start method with name --> searchNextMonth
23:36:35.598  INFO  manager.MyListener - WebDriver start find element -->By.cssSelector: a[href='/search']
23:36:35.610  INFO  manager.MyListener - WebDriver found element by locator -->By.cssSelector: a[href='/search']
23:36:35.860  INFO  manager.MyListener - WebDriver start find element -->By.id: city
23:36:35.877  INFO  manager.MyListener - WebDriver found element by locator -->By.id: city
23:36:36.876  INFO  manager.MyListener - WebDriver start find element -->By.cssSelector: .pac-item
23:36:36.892  INFO  manager.MyListener - WebDriver found element by locator -->By.cssSelector: .pac-item
23:36:37.612  INFO  manager.MyListener - WebDriver start find element -->By.id: dates
23:36:37.636  INFO  manager.MyListener - WebDriver found element by locator -->By.id: dates
23:36:37.944  INFO  manager.MyListener - WebDriver start find element -->By.cssSelector: button[aria-label='Next month'
23:36:37.964  INFO  manager.MyListener - WebDriver found element by locator -->By.cssSelector: button[aria-label='Next month'
23:36:38.213  INFO  manager.MyListener - WebDriver start find element -->By.xpath: //div[text()=' 8 ']
23:36:38.237  INFO  manager.MyListener - WebDriver found element by locator -->By.xpath: //div[text()=' 8 ']
23:36:38.494  INFO  manager.MyListener - WebDriver start find element -->By.xpath: //div[text()=' 20 ']
23:36:38.510  INFO  manager.MyListener - WebDriver found element by locator -->By.xpath: //div[text()=' 20 ']
23:36:38.773  INFO  manager.MyListener - WebDriver start find element -->By.cssSelector: button[type='submit']
23:36:38.793  INFO  manager.MyListener - WebDriver found element by locator -->By.cssSelector: button[type='submit']
23:36:38.825  INFO  manager.MyListener - WebDriver start find element -->By.cssSelector: button[type='submit']
23:36:38.837  INFO  manager.MyListener - WebDriver found element by locator -->By.cssSelector: button[type='submit']
23:36:39.965  INFO  manager.HelperBase - Start method with name --> searchPeriodPast
23:36:39.972  INFO  manager.MyListener - WebDriver start find element -->By.cssSelector: a[href='/search']
23:36:39.986  INFO  manager.MyListener - WebDriver found element by locator -->By.cssSelector: a[href='/search']
23:36:40.237  INFO  manager.MyListener - WebDriver start find element -->By.id: city
23:36:40.249  INFO  manager.MyListener - WebDriver found element by locator -->By.id: city
23:36:41.246  INFO  manager.MyListener - WebDriver start find element -->By.cssSelector: .pac-item
23:36:41.258  INFO  manager.MyListener - WebDriver found element by locator -->By.cssSelector: .pac-item
23:36:41.979  INFO  manager.MyListener - WebDriver start find element -->By.id: dates
23:36:41.999  INFO  manager.MyListener - WebDriver found element by locator -->By.id: dates
23:36:41.999  INFO  manager.MyListener - WebDriver start find element -->By.id: dates
23:36:42.019  INFO  manager.MyListener - WebDriver found element by locator -->By.id: dates
23:36:42.417  INFO  manager.MyListener - WebDriver start find element -->By.cssSelector: button[type='submit']
23:36:42.429  INFO  manager.MyListener - WebDriver found element by locator -->By.cssSelector: button[type='submit']
23:36:42.437  INFO  manager.MyListener - WebDriver start find element -->By.cssSelector: button[type='submit']
23:36:42.445  INFO  manager.MyListener - WebDriver found element by locator -->By.cssSelector: button[type='submit']
23:36:42.466  INFO  manager.MyListener - The name of method with error is --> public abstract void org.openqa.selenium.WebElement.click()
23:36:42.466  INFO  manager.MyListener - Houston, we have a problem org.openqa.selenium.ElementClickInterceptedException: Element <button type="submit"> is not clickable at point (275,436) because another element <button class="mat-focus-indicator mat-calendar-period-button mat-button mat-button-base" type="button"> obscures it
Build info: version: '4.2.2', revision: '683ccb65d6'
System info: host: 'DESKTOP-31QDJF0', ip: '192.168.1.203', os.name: 'Windows 10', os.arch: 'amd64', os.version: '10.0', java.version: '11.0.15.1'
Driver info: org.openqa.selenium.firefox.FirefoxDriver
Command: [9d7cd231-8d8a-44d8-8d5a-19d602e9e1d8, clickElement {id=943ec5c1-9fa9-4355-a241-c5b0939bd44d}]
Capabilities {acceptInsecureCerts: true, browserName: firefox, browserVersion: 102.0.1, moz:accessibilityChecks: false, moz:buildID: 20220705093820, moz:debuggerAddress: localhost:52193, moz:geckodriverVersion: 0.31.0, moz:headless: false, moz:processID: 11216, moz:profile: C:\Users\alexa\AppData\Loca..., moz:shutdownTimeout: 60000, moz:useNonSpecCompliantPointerOrigin: false, moz:webdriverClick: true, moz:windowless: false, pageLoadStrategy: normal, platformName: WINDOWS, platformVersion: 10.0, proxy: Proxy(), se:cdp: ws://localhost:52193/devtoo..., se:cdpVersion: 85.0, setWindowRect: true, strictFileInteractability: false, timeouts: {implicit: 0, pageLoad: 300000, script: 30000}, unhandledPromptBehavior: dismiss and notify}
Element: [[FirefoxDriver: firefox on WINDOWS (9d7cd231-8d8a-44d8-8d5a-19d602e9e1d8)] -> css selector: button[type='submit']]
Session ID: 9d7cd231-8d8a-44d8-8d5a-19d602e9e1d8
