01:00:55.444  INFO  manager.ApplicationManager - All tests run in firefox browser
01:00:57.612  INFO  manager.ApplicationManager - current url ---->https://ilcarro-1578153671498.web.app/search
01:00:57.664  INFO  manager.HelperBase - Start method with name --> searchPeriodPast
01:00:57.666  INFO  manager.MyListener - WebDriver start find element -->By.xpath: //input[@id='city']
01:00:57.704  INFO  manager.MyListener - WebDriver found element by locator -->By.xpath: //input[@id='city']
01:00:57.705  INFO  manager.MyListener - WebDriver start find element -->By.id: dates
01:00:57.724  INFO  manager.MyListener - WebDriver found element by locator -->By.id: dates
01:00:57.724  INFO  manager.MyListener - WebDriver start find element -->By.xpath: //input[@id='city']
01:00:57.743  INFO  manager.MyListener - WebDriver found element by locator -->By.xpath: //input[@id='city']
01:00:58.017  INFO  manager.MyListener - WebDriver start find element -->By.id: dates
01:00:58.034  INFO  manager.MyListener - WebDriver found element by locator -->By.id: dates
01:00:58.386  INFO  manager.MyListener - WebDriver start find element -->By.xpath: //input[@id='city']
01:00:58.403  INFO  manager.MyListener - WebDriver found element by locator -->By.xpath: //input[@id='city']
01:00:58.427  INFO  manager.MyListener - The name of method with error is --> public abstract void org.openqa.selenium.WebElement.click()
01:00:58.431  INFO  manager.MyListener - Houston, we have a problem org.openqa.selenium.ElementClickInterceptedException: Element <input id="city" class="ng-pristine ng-invalid pac-target-input ng-touched" type="text"> is not clickable at point (377,282) because another element <div class="cdk-overlay-backdrop mat-overlay-transparent-backdrop cdk-overlay-backdrop-showing"> obscures it
Build info: version: '4.2.2', revision: '683ccb65d6'
System info: host: 'DESKTOP-31QDJF0', ip: '192.168.1.203', os.name: 'Windows 10', os.arch: 'amd64', os.version: '10.0', java.version: '11.0.15.1'
Driver info: org.openqa.selenium.firefox.FirefoxDriver
Command: [ae21a133-ff4c-416c-9817-3a9c9890b261, clickElement {id=1e536d87-de91-4961-8510-2274d6000f64}]
Capabilities {acceptInsecureCerts: true, browserName: firefox, browserVersion: 102.0.1, moz:accessibilityChecks: false, moz:buildID: 20220705093820, moz:debuggerAddress: localhost:63907, moz:geckodriverVersion: 0.31.0, moz:headless: false, moz:processID: 25776, moz:profile: C:\Users\alexa\AppData\Loca..., moz:shutdownTimeout: 60000, moz:useNonSpecCompliantPointerOrigin: false, moz:webdriverClick: true, moz:windowless: false, pageLoadStrategy: normal, platformName: WINDOWS, platformVersion: 10.0, proxy: Proxy(), se:cdp: ws://localhost:63907/devtoo..., se:cdpVersion: 85.0, setWindowRect: true, strictFileInteractability: false, timeouts: {implicit: 0, pageLoad: 300000, script: 30000}, unhandledPromptBehavior: dismiss and notify}
Element: [[FirefoxDriver: firefox on WINDOWS (ae21a133-ff4c-416c-9817-3a9c9890b261)] -> xpath: //input[@id='city']]
Session ID: ae21a133-ff4c-416c-9817-3a9c9890b261
