10:14:07.344  INFO  manager.ApplicationManager - All tests run in firefox browser
10:14:09.933  INFO  manager.ApplicationManager - current url ---->https://ilcarro-1578153671498.web.app/search
10:14:09.988  INFO  manager.HelperBase - Start method with name --> successLogin
10:14:20.031  INFO  manager.HelperBase - Test start with email: 'huff@gmail.com' & 'Hhuff1234$'
10:14:20.032  INFO  manager.MyListener - WebDriver start find element -->By.xpath: //*[@href='/login?url=%2Fsearch']
10:14:20.058  INFO  manager.MyListener - WebDriver found element by locator -->By.xpath: //*[@href='/login?url=%2Fsearch']
10:14:20.337  INFO  manager.MyListener - WebDriver start find element -->By.xpath: //*[@id='email']
10:14:20.365  INFO  manager.MyListener - WebDriver found element by locator -->By.xpath: //*[@id='email']
10:14:20.651  INFO  manager.MyListener - WebDriver start find element -->By.xpath: //*[@id='password']
10:14:20.675  INFO  manager.MyListener - WebDriver found element by locator -->By.xpath: //*[@id='password']
10:14:20.941  INFO  manager.MyListener - WebDriver start find element -->By.cssSelector: button[type='submit']
10:14:20.961  INFO  manager.MyListener - WebDriver found element by locator -->By.cssSelector: button[type='submit']
10:14:21.013  INFO  manager.MyListener - WebDriver start find element -->By.cssSelector: button[type='submit']
10:14:21.031  INFO  manager.MyListener - WebDriver found element by locator -->By.cssSelector: button[type='submit']
10:14:23.278  INFO  manager.MyListener - WebDriver start find element -->By.cssSelector: div.dialog-container
10:14:23.296  INFO  manager.MyListener - WebDriver found element by locator -->By.cssSelector: div.dialog-container
10:14:23.320  INFO  manager.MyListener - WebDriver start find element -->By.cssSelector: div.dialog-container h1
10:14:23.336  INFO  manager.MyListener - WebDriver found element by locator -->By.cssSelector: div.dialog-container h1
10:14:23.370  INFO  manager.MyListener - WebDriver start find element -->By.xpath: //button[text()='Ok']
10:14:23.388  INFO  manager.MyListener - WebDriver found element by locator -->By.xpath: //button[text()='Ok']
