23:32:36.051  INFO  manager.ApplicationManager - All tests run in firefox browser
23:32:38.809  INFO  manager.ApplicationManager - current url ---->https://ilcarro-1578153671498.web.app/search
23:32:38.869  INFO  manager.HelperBase - Start method with name --> searchCurrentMonth
23:32:38.877  INFO  manager.MyListener - WebDriver start find element -->By.id: city
23:32:38.917  INFO  manager.MyListener - WebDriver found element by locator -->By.id: city
23:32:39.925  INFO  manager.MyListener - WebDriver start find element -->By.cssSelector: .pac-item
23:32:40.113  INFO  manager.MyListener - WebDriver found element by locator -->By.cssSelector: .pac-item
23:32:40.839  INFO  manager.MyListener - WebDriver start find element -->By.id: dates
23:32:40.873  INFO  manager.MyListener - WebDriver found element by locator -->By.id: dates
23:32:41.209  INFO  manager.MyListener - WebDriver start find element -->By.xpath: //div[text()=' 28 ']
23:32:41.227  INFO  manager.MyListener - WebDriver found element by locator -->By.xpath: //div[text()=' 28 ']
23:32:41.479  INFO  manager.MyListener - WebDriver start find element -->By.xpath: //div[text()=' 31 ']
23:32:41.507  INFO  manager.MyListener - WebDriver found element by locator -->By.xpath: //div[text()=' 31 ']
23:32:41.770  INFO  manager.MyListener - WebDriver start find element -->By.cssSelector: button[type='submit']
23:32:41.794  INFO  manager.MyListener - WebDriver found element by locator -->By.cssSelector: button[type='submit']
23:32:41.865  INFO  manager.MyListener - WebDriver start find element -->By.cssSelector: button[type='submit']
23:32:41.885  INFO  manager.MyListener - WebDriver found element by locator -->By.cssSelector: button[type='submit']
23:32:43.057  INFO  manager.HelperBase - Start method with name --> searchCurrentYear
23:32:43.065  INFO  manager.MyListener - WebDriver start find element -->By.cssSelector: a[href='/search']
23:32:43.089  INFO  manager.MyListener - WebDriver found element by locator -->By.cssSelector: a[href='/search']
23:32:43.364  INFO  manager.MyListener - WebDriver start find element -->By.id: city
23:32:43.380  INFO  manager.MyListener - WebDriver found element by locator -->By.id: city
23:32:44.393  INFO  manager.MyListener - WebDriver start find element -->By.cssSelector: .pac-item
23:32:44.413  INFO  manager.MyListener - WebDriver found element by locator -->By.cssSelector: .pac-item
23:32:45.141  INFO  manager.MyListener - WebDriver start find element -->By.id: dates
23:32:45.169  INFO  manager.MyListener - WebDriver found element by locator -->By.id: dates
23:32:45.607  INFO  manager.MyListener - WebDriver start find element -->By.cssSelector: button[aria-label='Next month'
23:32:45.623  INFO  manager.MyListener - WebDriver found element by locator -->By.cssSelector: button[aria-label='Next month'
23:32:45.871  INFO  manager.MyListener - WebDriver start find element -->By.cssSelector: button[aria-label='Next month'
23:32:45.897  INFO  manager.MyListener - WebDriver found element by locator -->By.cssSelector: button[aria-label='Next month'
23:32:46.161  INFO  manager.MyListener - WebDriver start find element -->By.cssSelector: button[aria-label='Next month'
23:32:46.185  INFO  manager.MyListener - WebDriver found element by locator -->By.cssSelector: button[aria-label='Next month'
23:32:46.434  INFO  manager.MyListener - WebDriver start find element -->By.xpath: //div[text()=' 28 ']
23:32:46.458  INFO  manager.MyListener - WebDriver found element by locator -->By.xpath: //div[text()=' 28 ']
23:32:46.720  INFO  manager.MyListener - WebDriver start find element -->By.cssSelector: button[aria-label='Next month'
23:32:46.740  INFO  manager.MyListener - WebDriver found element by locator -->By.cssSelector: button[aria-label='Next month'
23:32:46.993  INFO  manager.MyListener - WebDriver start find element -->By.cssSelector: button[aria-label='Next month'
23:32:47.017  INFO  manager.MyListener - WebDriver found element by locator -->By.cssSelector: button[aria-label='Next month'
23:32:47.282  INFO  manager.MyListener - WebDriver start find element -->By.xpath: //div[text()=' 10 ']
23:32:47.302  INFO  manager.MyListener - WebDriver found element by locator -->By.xpath: //div[text()=' 10 ']
23:32:47.585  INFO  manager.MyListener - WebDriver start find element -->By.cssSelector: button[type='submit']
23:32:47.609  INFO  manager.MyListener - WebDriver found element by locator -->By.cssSelector: button[type='submit']
23:32:47.640  INFO  manager.MyListener - WebDriver start find element -->By.cssSelector: button[type='submit']
23:32:47.656  INFO  manager.MyListener - WebDriver found element by locator -->By.cssSelector: button[type='submit']
23:32:48.910  INFO  manager.HelperBase - Start method with name --> searchNextMonth
23:32:48.918  INFO  manager.MyListener - WebDriver start find element -->By.cssSelector: a[href='/search']
23:32:48.930  INFO  manager.MyListener - WebDriver found element by locator -->By.cssSelector: a[href='/search']
23:32:49.193  INFO  manager.MyListener - WebDriver start find element -->By.id: city
23:32:49.209  INFO  manager.MyListener - WebDriver found element by locator -->By.id: city
23:32:50.190  INFO  manager.MyListener - WebDriver start find element -->By.cssSelector: .pac-item
23:32:50.210  INFO  manager.MyListener - WebDriver found element by locator -->By.cssSelector: .pac-item
23:32:50.934  INFO  manager.MyListener - WebDriver start find element -->By.id: dates
23:32:50.958  INFO  manager.MyListener - WebDriver found element by locator -->By.id: dates
23:32:51.251  INFO  manager.MyListener - WebDriver start find element -->By.cssSelector: button[aria-label='Next month'
23:32:51.275  INFO  manager.MyListener - WebDriver found element by locator -->By.cssSelector: button[aria-label='Next month'
23:32:51.546  INFO  manager.MyListener - WebDriver start find element -->By.xpath: //div[text()=' 8 ']
23:32:51.562  INFO  manager.MyListener - WebDriver found element by locator -->By.xpath: //div[text()=' 8 ']
23:32:51.815  INFO  manager.MyListener - WebDriver start find element -->By.xpath: //div[text()=' 20 ']
23:32:51.831  INFO  manager.MyListener - WebDriver found element by locator -->By.xpath: //div[text()=' 20 ']
23:32:52.072  INFO  manager.MyListener - WebDriver start find element -->By.cssSelector: button[type='submit']
23:32:52.100  INFO  manager.MyListener - WebDriver found element by locator -->By.cssSelector: button[type='submit']
23:32:52.140  INFO  manager.MyListener - WebDriver start find element -->By.cssSelector: button[type='submit']
23:32:52.156  INFO  manager.MyListener - WebDriver found element by locator -->By.cssSelector: button[type='submit']
23:32:53.312  INFO  manager.HelperBase - Start method with name --> searchPeriodPast
23:32:53.316  INFO  manager.MyListener - WebDriver start find element -->By.cssSelector: a[href='/search']
23:32:53.332  INFO  manager.MyListener - WebDriver found element by locator -->By.cssSelector: a[href='/search']
23:32:53.580  INFO  manager.MyListener - WebDriver start find element -->By.id: city
23:32:53.596  INFO  manager.MyListener - WebDriver found element by locator -->By.id: city
23:32:54.578  INFO  manager.MyListener - WebDriver start find element -->By.cssSelector: .pac-item
23:32:54.598  INFO  manager.MyListener - WebDriver found element by locator -->By.cssSelector: .pac-item
23:32:55.323  INFO  manager.MyListener - WebDriver start find element -->By.id: dates
23:32:55.347  INFO  manager.MyListener - WebDriver found element by locator -->By.id: dates
23:32:55.347  INFO  manager.MyListener - WebDriver start find element -->By.id: dates
23:32:55.363  INFO  manager.MyListener - WebDriver found element by locator -->By.id: dates
23:32:55.727  INFO  manager.MyListener - WebDriver start find element -->By.cssSelector: button[type='submit']
23:32:55.743  INFO  manager.MyListener - WebDriver found element by locator -->By.cssSelector: button[type='submit']
23:32:55.747  INFO  manager.MyListener - WebDriver start find element -->By.cssSelector: button[type='submit']
23:32:55.755  INFO  manager.MyListener - WebDriver found element by locator -->By.cssSelector: button[type='submit']
23:32:55.771  INFO  manager.MyListener - The name of method with error is --> public abstract void org.openqa.selenium.WebElement.click()
23:32:55.775  INFO  manager.MyListener - Houston, we have a problem org.openqa.selenium.ElementClickInterceptedException: Element <button type="submit"> is not clickable at point (275,436) because another element <button class="mat-focus-indicator mat-calendar-period-button mat-button mat-button-base" type="button"> obscures it
Build info: version: '4.2.2', revision: '683ccb65d6'
System info: host: 'DESKTOP-31QDJF0', ip: '192.168.1.203', os.name: 'Windows 10', os.arch: 'amd64', os.version: '10.0', java.version: '11.0.15.1'
Driver info: org.openqa.selenium.firefox.FirefoxDriver
Command: [154ee477-de0a-4bb3-aab8-7dcfa6900d0f, clickElement {id=605263b5-8310-47c6-8dd7-67ccd0ab0616}]
Capabilities {acceptInsecureCerts: true, browserName: firefox, browserVersion: 102.0.1, moz:accessibilityChecks: false, moz:buildID: 20220705093820, moz:debuggerAddress: localhost:52245, moz:geckodriverVersion: 0.31.0, moz:headless: false, moz:processID: 20276, moz:profile: C:\Users\alexa\AppData\Loca..., moz:shutdownTimeout: 60000, moz:useNonSpecCompliantPointerOrigin: false, moz:webdriverClick: true, moz:windowless: false, pageLoadStrategy: normal, platformName: WINDOWS, platformVersion: 10.0, proxy: Proxy(), se:cdp: ws://localhost:52245/devtoo..., se:cdpVersion: 85.0, setWindowRect: true, strictFileInteractability: false, timeouts: {implicit: 0, pageLoad: 300000, script: 30000}, unhandledPromptBehavior: dismiss and notify}
Element: [[FirefoxDriver: firefox on WINDOWS (154ee477-de0a-4bb3-aab8-7dcfa6900d0f)] -> css selector: button[type='submit']]
Session ID: 154ee477-de0a-4bb3-aab8-7dcfa6900d0f
