00:28:32.291  INFO  manager.ApplicationManager - All tests run in firefox browser
00:28:36.629  INFO  manager.ApplicationManager - current url ---->https://ilcarro-1578153671498.web.app/search
00:28:36.689  INFO  manager.HelperBase - Start method with name --> searchAnyPeriod
00:28:36.689  INFO  manager.MyListener - WebDriver start find element -->By.id: dates
00:28:36.725  INFO  manager.MyListener - WebDriver found element by locator -->By.id: dates
00:28:36.725  INFO  manager.MyListener - WebDriver start find element -->By.id: dates
00:28:36.745  INFO  manager.MyListener - WebDriver found element by locator -->By.id: dates
00:28:37.169  INFO  manager.MyListener - WebDriver start find element -->By.id: city
00:28:37.189  INFO  manager.MyListener - WebDriver found element by locator -->By.id: city
00:28:37.209  INFO  manager.MyListener - The name of method with error is --> public abstract void org.openqa.selenium.WebElement.click()
00:28:37.209  INFO  manager.MyListener - Houston, we have a problem org.openqa.selenium.ElementClickInterceptedException: Element <input id="city" class="ng-untouched ng-pristine ng-invalid pac-target-input" type="text"> is not clickable at point (377,282) because another element <div class="cdk-overlay-backdrop mat-overlay-transparent-backdrop cdk-overlay-backdrop-showing"> obscures it
Build info: version: '4.2.2', revision: '683ccb65d6'
System info: host: 'DESKTOP-31QDJF0', ip: '192.168.1.203', os.name: 'Windows 10', os.arch: 'amd64', os.version: '10.0', java.version: '11.0.15.1'
Driver info: org.openqa.selenium.firefox.FirefoxDriver
Command: [d4bd01c9-5ffb-4a86-9863-3af53cacea0c, clickElement {id=3860075b-c420-45df-833c-38d0e6eb0ceb}]
Capabilities {acceptInsecureCerts: true, browserName: firefox, browserVersion: 102.0.1, moz:accessibilityChecks: false, moz:buildID: 20220705093820, moz:debuggerAddress: localhost:58571, moz:geckodriverVersion: 0.31.0, moz:headless: false, moz:processID: 17752, moz:profile: C:\Users\alexa\AppData\Loca..., moz:shutdownTimeout: 60000, moz:useNonSpecCompliantPointerOrigin: false, moz:webdriverClick: true, moz:windowless: false, pageLoadStrategy: normal, platformName: WINDOWS, platformVersion: 10.0, proxy: Proxy(), se:cdp: ws://localhost:58571/devtoo..., se:cdpVersion: 85.0, setWindowRect: true, strictFileInteractability: false, timeouts: {implicit: 0, pageLoad: 300000, script: 30000}, unhandledPromptBehavior: dismiss and notify}
Element: [[FirefoxDriver: firefox on WINDOWS (d4bd01c9-5ffb-4a86-9863-3af53cacea0c)] -> id: city]
Session ID: d4bd01c9-5ffb-4a86-9863-3af53cacea0c
00:28:37.213  INFO  manager.MyListener - WebDriver start find element -->By.cssSelector: a[href='/search']
00:28:37.237  INFO  manager.MyListener - WebDriver found element by locator -->By.cssSelector: a[href='/search']
00:28:37.249  INFO  manager.MyListener - The name of method with error is --> public abstract void org.openqa.selenium.WebElement.click()
00:28:37.249  INFO  manager.MyListener - Houston, we have a problem org.openqa.selenium.ElementClickInterceptedException: Element <a id="0" class="navigation-link" href="/search"> is not clickable at point (1074,34) because another element <div class="cdk-overlay-backdrop mat-overlay-transparent-backdrop cdk-overlay-backdrop-showing"> obscures it
Build info: version: '4.2.2', revision: '683ccb65d6'
System info: host: 'DESKTOP-31QDJF0', ip: '192.168.1.203', os.name: 'Windows 10', os.arch: 'amd64', os.version: '10.0', java.version: '11.0.15.1'
Driver info: org.openqa.selenium.firefox.FirefoxDriver
Command: [d4bd01c9-5ffb-4a86-9863-3af53cacea0c, clickElement {id=21d0a0c1-e53e-4f2a-8296-45f8b3ebc7a9}]
Capabilities {acceptInsecureCerts: true, browserName: firefox, browserVersion: 102.0.1, moz:accessibilityChecks: false, moz:buildID: 20220705093820, moz:debuggerAddress: localhost:58571, moz:geckodriverVersion: 0.31.0, moz:headless: false, moz:processID: 17752, moz:profile: C:\Users\alexa\AppData\Loca..., moz:shutdownTimeout: 60000, moz:useNonSpecCompliantPointerOrigin: false, moz:webdriverClick: true, moz:windowless: false, pageLoadStrategy: normal, platformName: WINDOWS, platformVersion: 10.0, proxy: Proxy(), se:cdp: ws://localhost:58571/devtoo..., se:cdpVersion: 85.0, setWindowRect: true, strictFileInteractability: false, timeouts: {implicit: 0, pageLoad: 300000, script: 30000}, unhandledPromptBehavior: dismiss and notify}
Element: [[FirefoxDriver: firefox on WINDOWS (d4bd01c9-5ffb-4a86-9863-3af53cacea0c)] -> css selector: a[href='/search']]
Session ID: d4bd01c9-5ffb-4a86-9863-3af53cacea0c
