13:40:36.507  INFO  manager.ApplicationManager - All tests run in firefox browser
13:40:39.060  INFO  manager.ApplicationManager - current url ---->https://ilcarro-1578153671498.web.app/search
13:40:39.144  INFO  manager.HelperBase - Start method with name --> successLogin
13:40:49.194  INFO  manager.HelperBase - Test start with email: huff1@gmail.compassword: Hhuff11234$
13:40:49.194  INFO  manager.MyListener - WebDriver start find element -->By.xpath: //*[@href='/login?url=%2Fsearch']
13:40:49.226  INFO  manager.MyListener - WebDriver found element by locator -->By.xpath: //*[@href='/login?url=%2Fsearch']
13:40:49.560  INFO  manager.MyListener - WebDriver start find element -->By.xpath: //*[@id='email']
13:40:49.593  INFO  manager.MyListener - WebDriver found element by locator -->By.xpath: //*[@id='email']
13:40:49.893  INFO  manager.MyListener - WebDriver start find element -->By.xpath: //*[@id='password']
13:40:49.928  INFO  manager.MyListener - WebDriver found element by locator -->By.xpath: //*[@id='password']
13:40:50.210  INFO  manager.MyListener - WebDriver start find element -->By.cssSelector: button[type='submit']
13:40:50.249  INFO  manager.MyListener - WebDriver found element by locator -->By.cssSelector: button[type='submit']
13:40:50.308  INFO  manager.MyListener - WebDriver start find element -->By.cssSelector: button[type='submit']
13:40:50.327  INFO  manager.MyListener - WebDriver found element by locator -->By.cssSelector: button[type='submit']
13:40:52.575  INFO  manager.MyListener - WebDriver start find element -->By.cssSelector: div.dialog-container
13:40:52.594  INFO  manager.MyListener - WebDriver found element by locator -->By.cssSelector: div.dialog-container
13:40:52.626  INFO  manager.MyListener - WebDriver start find element -->By.cssSelector: div.dialog-container h1
13:40:52.644  INFO  manager.MyListener - WebDriver found element by locator -->By.cssSelector: div.dialog-container h1
13:40:52.694  INFO  manager.MyListener - WebDriver start find element -->By.xpath: //button[text()='Ok']
13:40:52.710  INFO  manager.MyListener - WebDriver found element by locator -->By.xpath: //button[text()='Ok']
13:40:52.949  INFO  manager.HelperBase - Start method with name --> successLogin
13:40:52.980  INFO  manager.MyListener - WebDriver start find element -->By.xpath: //a[text()=' Logout ']
13:40:52.998  INFO  manager.MyListener - WebDriver found element by locator -->By.xpath: //a[text()=' Logout ']
13:40:53.260  INFO  manager.HelperBase - Test start with email: huff@gmail.compassword: Hhuff1234$
13:40:53.260  INFO  manager.MyListener - WebDriver start find element -->By.xpath: //*[@href='/login?url=%2Fsearch']
13:40:53.278  INFO  manager.MyListener - WebDriver found element by locator -->By.xpath: //*[@href='/login?url=%2Fsearch']
13:40:53.546  INFO  manager.MyListener - WebDriver start find element -->By.xpath: //*[@id='email']
13:40:53.565  INFO  manager.MyListener - WebDriver found element by locator -->By.xpath: //*[@id='email']
13:40:53.861  INFO  manager.MyListener - WebDriver start find element -->By.xpath: //*[@id='password']
13:40:53.878  INFO  manager.MyListener - WebDriver found element by locator -->By.xpath: //*[@id='password']
13:40:54.161  INFO  manager.MyListener - WebDriver start find element -->By.cssSelector: button[type='submit']
13:40:54.177  INFO  manager.MyListener - WebDriver found element by locator -->By.cssSelector: button[type='submit']
13:40:54.210  INFO  manager.MyListener - WebDriver start find element -->By.cssSelector: button[type='submit']
13:40:54.226  INFO  manager.MyListener - WebDriver found element by locator -->By.cssSelector: button[type='submit']
13:40:56.492  INFO  manager.MyListener - WebDriver start find element -->By.cssSelector: div.dialog-container
13:40:56.511  INFO  manager.MyListener - WebDriver found element by locator -->By.cssSelector: div.dialog-container
13:40:56.543  INFO  manager.MyListener - WebDriver start find element -->By.cssSelector: div.dialog-container h1
13:40:56.561  INFO  manager.MyListener - WebDriver found element by locator -->By.cssSelector: div.dialog-container h1
13:40:56.576  INFO  manager.MyListener - WebDriver start find element -->By.xpath: //button[text()='Ok']
13:40:56.598  INFO  manager.MyListener - WebDriver found element by locator -->By.xpath: //button[text()='Ok']
13:40:56.829  INFO  manager.HelperBase - Start method with name --> successLogin
13:40:56.850  INFO  manager.MyListener - WebDriver start find element -->By.xpath: //a[text()=' Logout ']
13:40:56.866  INFO  manager.MyListener - WebDriver found element by locator -->By.xpath: //a[text()=' Logout ']
13:40:57.127  INFO  manager.HelperBase - Test start with email: alex1@gmail.compassword: Aalex1234
13:40:57.127  INFO  manager.MyListener - WebDriver start find element -->By.xpath: //*[@href='/login?url=%2Fsearch']
13:40:57.150  INFO  manager.MyListener - WebDriver found element by locator -->By.xpath: //*[@href='/login?url=%2Fsearch']
13:40:57.410  INFO  manager.MyListener - WebDriver start find element -->By.xpath: //*[@id='email']
13:40:57.428  INFO  manager.MyListener - WebDriver found element by locator -->By.xpath: //*[@id='email']
13:40:57.728  INFO  manager.MyListener - WebDriver start find element -->By.xpath: //*[@id='password']
13:40:57.747  INFO  manager.MyListener - WebDriver found element by locator -->By.xpath: //*[@id='password']
13:40:58.017  INFO  manager.MyListener - WebDriver start find element -->By.cssSelector: button[type='submit']
13:40:58.046  INFO  manager.MyListener - WebDriver found element by locator -->By.cssSelector: button[type='submit']
13:40:58.077  INFO  manager.MyListener - WebDriver start find element -->By.cssSelector: button[type='submit']
13:40:58.095  INFO  manager.MyListener - WebDriver found element by locator -->By.cssSelector: button[type='submit']
13:41:00.342  INFO  manager.MyListener - WebDriver start find element -->By.cssSelector: div.dialog-container
13:41:00.361  INFO  manager.MyListener - WebDriver found element by locator -->By.cssSelector: div.dialog-container
13:41:00.392  INFO  manager.MyListener - WebDriver start find element -->By.cssSelector: div.dialog-container h1
13:41:00.410  INFO  manager.MyListener - WebDriver found element by locator -->By.cssSelector: div.dialog-container h1
13:41:00.427  INFO  manager.MyListener - WebDriver start find element -->By.xpath: //button[text()='Ok']
13:41:00.442  INFO  manager.MyListener - WebDriver found element by locator -->By.xpath: //button[text()='Ok']
13:41:00.661  INFO  manager.HelperBase - Start method with name --> successLogin
13:41:00.680  INFO  manager.MyListener - WebDriver start find element -->By.xpath: //a[text()=' Logout ']
13:41:00.696  INFO  manager.MyListener - WebDriver found element by locator -->By.xpath: //a[text()=' Logout ']
13:41:00.943  INFO  manager.HelperBase - Test start with email: joe@gmail.compassword: Dow1234+
13:41:00.943  INFO  manager.MyListener - WebDriver start find element -->By.xpath: //*[@href='/login?url=%2Fsearch']
13:41:00.961  INFO  manager.MyListener - WebDriver found element by locator -->By.xpath: //*[@href='/login?url=%2Fsearch']
13:41:01.226  INFO  manager.MyListener - WebDriver start find element -->By.xpath: //*[@id='email']
13:41:01.250  INFO  manager.MyListener - WebDriver found element by locator -->By.xpath: //*[@id='email']
13:41:01.526  INFO  manager.MyListener - WebDriver start find element -->By.xpath: //*[@id='password']
13:41:01.541  INFO  manager.MyListener - WebDriver found element by locator -->By.xpath: //*[@id='password']
13:41:01.810  INFO  manager.MyListener - WebDriver start find element -->By.cssSelector: button[type='submit']
13:41:01.826  INFO  manager.MyListener - WebDriver found element by locator -->By.cssSelector: button[type='submit']
13:41:01.860  INFO  manager.MyListener - WebDriver start find element -->By.cssSelector: button[type='submit']
13:41:01.876  INFO  manager.MyListener - WebDriver found element by locator -->By.cssSelector: button[type='submit']
13:41:04.125  INFO  manager.MyListener - WebDriver start find element -->By.cssSelector: div.dialog-container
13:41:04.143  INFO  manager.MyListener - WebDriver found element by locator -->By.cssSelector: div.dialog-container
13:41:04.177  INFO  manager.MyListener - WebDriver start find element -->By.cssSelector: div.dialog-container h1
13:41:04.194  INFO  manager.MyListener - WebDriver found element by locator -->By.cssSelector: div.dialog-container h1
13:41:04.226  INFO  manager.MyListener - WebDriver start find element -->By.xpath: //button[text()='Ok']
13:41:04.243  INFO  manager.MyListener - WebDriver found element by locator -->By.xpath: //button[text()='Ok']
13:41:04.461  INFO  manager.HelperBase - Start method with name --> successLogin
13:41:04.478  INFO  manager.MyListener - WebDriver start find element -->By.xpath: //a[text()=' Logout ']
13:41:04.497  INFO  manager.MyListener - WebDriver found element by locator -->By.xpath: //a[text()=' Logout ']
13:41:04.746  INFO  manager.HelperBase - Test start with email: alice@gmail.compassword: Ffox12345$
13:41:04.747  INFO  manager.MyListener - WebDriver start find element -->By.xpath: //*[@href='/login?url=%2Fsearch']
13:41:04.761  INFO  manager.MyListener - WebDriver found element by locator -->By.xpath: //*[@href='/login?url=%2Fsearch']
13:41:05.026  INFO  manager.MyListener - WebDriver start find element -->By.xpath: //*[@id='email']
13:41:05.044  INFO  manager.MyListener - WebDriver found element by locator -->By.xpath: //*[@id='email']
13:41:05.312  INFO  manager.MyListener - WebDriver start find element -->By.xpath: //*[@id='password']
13:41:05.327  INFO  manager.MyListener - WebDriver found element by locator -->By.xpath: //*[@id='password']
13:41:05.594  INFO  manager.MyListener - WebDriver start find element -->By.cssSelector: button[type='submit']
13:41:05.609  INFO  manager.MyListener - WebDriver found element by locator -->By.cssSelector: button[type='submit']
13:41:05.645  INFO  manager.MyListener - WebDriver start find element -->By.cssSelector: button[type='submit']
13:41:05.662  INFO  manager.MyListener - WebDriver found element by locator -->By.cssSelector: button[type='submit']
13:41:07.892  INFO  manager.MyListener - WebDriver start find element -->By.cssSelector: div.dialog-container
13:41:07.912  INFO  manager.MyListener - WebDriver found element by locator -->By.cssSelector: div.dialog-container
13:41:07.960  INFO  manager.MyListener - WebDriver start find element -->By.cssSelector: div.dialog-container h1
13:41:07.976  INFO  manager.MyListener - WebDriver found element by locator -->By.cssSelector: div.dialog-container h1
13:41:07.993  INFO  manager.MyListener - WebDriver start find element -->By.xpath: //button[text()='Ok']
13:41:08.012  INFO  manager.MyListener - WebDriver found element by locator -->By.xpath: //button[text()='Ok']
13:41:08.245  INFO  manager.HelperBase - Start method with name --> successLogin
13:41:08.263  INFO  manager.MyListener - WebDriver start find element -->By.xpath: //a[text()=' Logout ']
13:41:08.279  INFO  manager.MyListener - WebDriver found element by locator -->By.xpath: //a[text()=' Logout ']
13:41:08.526  INFO  manager.HelperBase - Test start with email: regi@gmail.compassword: Ffive1234$
13:41:08.526  INFO  manager.MyListener - WebDriver start find element -->By.xpath: //*[@href='/login?url=%2Fsearch']
13:41:08.542  INFO  manager.MyListener - WebDriver found element by locator -->By.xpath: //*[@href='/login?url=%2Fsearch']
13:41:08.793  INFO  manager.MyListener - WebDriver start find element -->By.xpath: //*[@id='email']
13:41:08.813  INFO  manager.MyListener - WebDriver found element by locator -->By.xpath: //*[@id='email']
13:41:09.078  INFO  manager.MyListener - WebDriver start find element -->By.xpath: //*[@id='password']
13:41:09.094  INFO  manager.MyListener - WebDriver found element by locator -->By.xpath: //*[@id='password']
13:41:09.360  INFO  manager.MyListener - WebDriver start find element -->By.cssSelector: button[type='submit']
13:41:09.377  INFO  manager.MyListener - WebDriver found element by locator -->By.cssSelector: button[type='submit']
13:41:09.411  INFO  manager.MyListener - WebDriver start find element -->By.cssSelector: button[type='submit']
13:41:09.428  INFO  manager.MyListener - WebDriver found element by locator -->By.cssSelector: button[type='submit']
13:41:11.675  INFO  manager.MyListener - WebDriver start find element -->By.cssSelector: div.dialog-container
13:41:11.694  INFO  manager.MyListener - WebDriver found element by locator -->By.cssSelector: div.dialog-container
13:41:11.717  INFO  manager.MyListener - WebDriver start find element -->By.cssSelector: div.dialog-container h1
13:41:11.727  INFO  manager.MyListener - WebDriver found element by locator -->By.cssSelector: div.dialog-container h1
13:41:11.761  INFO  manager.MyListener - WebDriver start find element -->By.xpath: //button[text()='Ok']
13:41:11.761  INFO  manager.MyListener - WebDriver found element by locator -->By.xpath: //button[text()='Ok']
13:41:11.993  INFO  manager.HelperBase - Start method with name --> successLogin
13:41:12.008  INFO  manager.MyListener - WebDriver start find element -->By.xpath: //a[text()=' Logout ']
13:41:12.017  INFO  manager.MyListener - WebDriver found element by locator -->By.xpath: //a[text()=' Logout ']
13:41:12.276  INFO  manager.HelperBase - Test start with email: two@gmail.compassword: Sshon12345$
13:41:12.276  INFO  manager.MyListener - WebDriver start find element -->By.xpath: //*[@href='/login?url=%2Fsearch']
13:41:12.294  INFO  manager.MyListener - WebDriver found element by locator -->By.xpath: //*[@href='/login?url=%2Fsearch']
13:41:12.543  INFO  manager.MyListener - WebDriver start find element -->By.xpath: //*[@id='email']
13:41:12.561  INFO  manager.MyListener - WebDriver found element by locator -->By.xpath: //*[@id='email']
13:41:12.827  INFO  manager.MyListener - WebDriver start find element -->By.xpath: //*[@id='password']
13:41:12.845  INFO  manager.MyListener - WebDriver found element by locator -->By.xpath: //*[@id='password']
13:41:13.105  INFO  manager.MyListener - WebDriver start find element -->By.cssSelector: button[type='submit']
13:41:13.119  INFO  manager.MyListener - WebDriver found element by locator -->By.cssSelector: button[type='submit']
13:41:13.161  INFO  manager.MyListener - WebDriver start find element -->By.cssSelector: button[type='submit']
13:41:13.176  INFO  manager.MyListener - WebDriver found element by locator -->By.cssSelector: button[type='submit']
13:41:15.425  INFO  manager.MyListener - WebDriver start find element -->By.cssSelector: div.dialog-container
13:41:15.444  INFO  manager.MyListener - WebDriver found element by locator -->By.cssSelector: div.dialog-container
13:41:15.460  INFO  manager.MyListener - WebDriver start find element -->By.cssSelector: div.dialog-container h1
13:41:15.476  INFO  manager.MyListener - WebDriver found element by locator -->By.cssSelector: div.dialog-container h1
13:41:15.493  INFO  manager.MyListener - WebDriver start find element -->By.xpath: //button[text()='Ok']
13:41:15.510  INFO  manager.MyListener - WebDriver found element by locator -->By.xpath: //button[text()='Ok']
13:41:15.728  INFO  manager.HelperBase - Start method with name --> successLogin2
13:41:15.750  INFO  manager.MyListener - WebDriver start find element -->By.xpath: //a[text()=' Logout ']
13:41:15.762  INFO  manager.MyListener - WebDriver found element by locator -->By.xpath: //a[text()=' Logout ']
13:41:16.009  INFO  manager.MyListener - WebDriver start find element -->By.xpath: //*[@href='/login?url=%2Fsearch']
13:41:16.027  INFO  manager.MyListener - WebDriver found element by locator -->By.xpath: //*[@href='/login?url=%2Fsearch']
13:41:16.276  INFO  manager.MyListener - WebDriver start find element -->By.xpath: //*[@id='email']
13:41:16.295  INFO  manager.MyListener - WebDriver found element by locator -->By.xpath: //*[@id='email']
13:41:16.559  INFO  manager.MyListener - WebDriver start find element -->By.xpath: //*[@id='password']
13:41:16.575  INFO  manager.MyListener - WebDriver found element by locator -->By.xpath: //*[@id='password']
13:41:17.198  INFO  manager.MyListener - WebDriver start find element -->By.cssSelector: button[type='submit']
13:41:17.218  INFO  manager.MyListener - WebDriver found element by locator -->By.cssSelector: button[type='submit']
13:41:17.228  INFO  manager.MyListener - WebDriver start find element -->By.cssSelector: button[type='submit']
13:41:17.242  INFO  manager.MyListener - WebDriver found element by locator -->By.cssSelector: button[type='submit']
13:41:19.492  INFO  manager.MyListener - WebDriver start find element -->By.cssSelector: div.dialog-container
13:41:19.508  INFO  manager.MyListener - WebDriver found element by locator -->By.cssSelector: div.dialog-container
13:41:19.530  INFO  manager.MyListener - WebDriver start find element -->By.cssSelector: div.dialog-container h1
13:41:19.543  INFO  manager.MyListener - WebDriver found element by locator -->By.cssSelector: div.dialog-container h1
13:41:19.559  INFO  manager.MyListener - WebDriver start find element -->By.xpath: //button[text()='Ok']
13:41:19.577  INFO  manager.MyListener - WebDriver found element by locator -->By.xpath: //button[text()='Ok']
13:41:19.796  INFO  manager.HelperBase - Start method with name --> successLoginDP
13:41:19.812  INFO  manager.MyListener - WebDriver start find element -->By.xpath: //a[text()=' Logout ']
13:41:19.827  INFO  manager.MyListener - WebDriver found element by locator -->By.xpath: //a[text()=' Logout ']
13:41:20.094  INFO  manager.MyListener - WebDriver start find element -->By.xpath: //*[@href='/login?url=%2Fsearch']
13:41:20.105  INFO  manager.MyListener - WebDriver found element by locator -->By.xpath: //*[@href='/login?url=%2Fsearch']
13:41:20.359  INFO  manager.MyListener - WebDriver start find element -->By.xpath: //*[@id='email']
13:41:20.375  INFO  manager.MyListener - WebDriver found element by locator -->By.xpath: //*[@id='email']
13:41:20.644  INFO  manager.MyListener - WebDriver start find element -->By.xpath: //*[@id='password']
13:41:20.662  INFO  manager.MyListener - WebDriver found element by locator -->By.xpath: //*[@id='password']
13:41:21.201  INFO  manager.MyListener - WebDriver start find element -->By.cssSelector: button[type='submit']
13:41:21.211  INFO  manager.MyListener - WebDriver found element by locator -->By.cssSelector: button[type='submit']
13:41:21.243  INFO  manager.MyListener - WebDriver start find element -->By.cssSelector: button[type='submit']
13:41:21.250  INFO  manager.MyListener - WebDriver found element by locator -->By.cssSelector: button[type='submit']
13:41:23.492  INFO  manager.MyListener - WebDriver start find element -->By.cssSelector: div.dialog-container
13:41:23.511  INFO  manager.MyListener - WebDriver found element by locator -->By.cssSelector: div.dialog-container
13:41:23.526  INFO  manager.MyListener - WebDriver start find element -->By.cssSelector: div.dialog-container h1
13:41:23.543  INFO  manager.MyListener - WebDriver found element by locator -->By.cssSelector: div.dialog-container h1
13:41:23.559  INFO  manager.MyListener - WebDriver start find element -->By.xpath: //button[text()='Ok']
13:41:23.575  INFO  manager.MyListener - WebDriver found element by locator -->By.xpath: //button[text()='Ok']
13:41:23.810  INFO  manager.HelperBase - Start method with name --> successLoginDP
13:41:23.828  INFO  manager.MyListener - WebDriver start find element -->By.xpath: //a[text()=' Logout ']
13:41:23.829  INFO  manager.MyListener - WebDriver found element by locator -->By.xpath: //a[text()=' Logout ']
13:41:24.093  INFO  manager.MyListener - WebDriver start find element -->By.xpath: //*[@href='/login?url=%2Fsearch']
13:41:24.111  INFO  manager.MyListener - WebDriver found element by locator -->By.xpath: //*[@href='/login?url=%2Fsearch']
13:41:24.359  INFO  manager.MyListener - WebDriver start find element -->By.xpath: //*[@id='email']
13:41:24.376  INFO  manager.MyListener - WebDriver found element by locator -->By.xpath: //*[@id='email']
13:41:24.642  INFO  manager.MyListener - WebDriver start find element -->By.xpath: //*[@id='password']
13:41:24.661  INFO  manager.MyListener - WebDriver found element by locator -->By.xpath: //*[@id='password']
13:41:25.227  INFO  manager.MyListener - WebDriver start find element -->By.cssSelector: button[type='submit']
13:41:25.244  INFO  manager.MyListener - WebDriver found element by locator -->By.cssSelector: button[type='submit']
13:41:25.279  INFO  manager.MyListener - WebDriver start find element -->By.cssSelector: button[type='submit']
13:41:25.291  INFO  manager.MyListener - WebDriver found element by locator -->By.cssSelector: button[type='submit']
13:41:27.525  INFO  manager.MyListener - WebDriver start find element -->By.cssSelector: div.dialog-container
13:41:27.543  INFO  manager.MyListener - WebDriver found element by locator -->By.cssSelector: div.dialog-container
13:41:27.559  INFO  manager.MyListener - WebDriver start find element -->By.cssSelector: div.dialog-container h1
13:41:27.581  INFO  manager.MyListener - WebDriver found element by locator -->By.cssSelector: div.dialog-container h1
13:41:27.593  INFO  manager.MyListener - WebDriver start find element -->By.xpath: //button[text()='Ok']
13:41:27.611  INFO  manager.MyListener - WebDriver found element by locator -->By.xpath: //button[text()='Ok']
13:41:27.849  INFO  manager.HelperBase - Start method with name --> successLoginDP
13:41:27.863  INFO  manager.MyListener - WebDriver start find element -->By.xpath: //a[text()=' Logout ']
13:41:27.884  INFO  manager.MyListener - WebDriver found element by locator -->By.xpath: //a[text()=' Logout ']
13:41:28.126  INFO  manager.MyListener - WebDriver start find element -->By.xpath: //*[@href='/login?url=%2Fsearch']
13:41:28.144  INFO  manager.MyListener - WebDriver found element by locator -->By.xpath: //*[@href='/login?url=%2Fsearch']
13:41:28.393  INFO  manager.MyListener - WebDriver start find element -->By.xpath: //*[@id='email']
13:41:28.411  INFO  manager.MyListener - WebDriver found element by locator -->By.xpath: //*[@id='email']
13:41:28.661  INFO  manager.MyListener - WebDriver start find element -->By.xpath: //*[@id='password']
13:41:28.683  INFO  manager.MyListener - WebDriver found element by locator -->By.xpath: //*[@id='password']
13:41:29.238  INFO  manager.MyListener - WebDriver start find element -->By.cssSelector: button[type='submit']
13:41:29.246  INFO  manager.MyListener - WebDriver found element by locator -->By.cssSelector: button[type='submit']
13:41:29.268  INFO  manager.MyListener - WebDriver start find element -->By.cssSelector: button[type='submit']
13:41:29.278  INFO  manager.MyListener - WebDriver found element by locator -->By.cssSelector: button[type='submit']
13:41:31.525  INFO  manager.MyListener - WebDriver start find element -->By.cssSelector: div.dialog-container
13:41:31.543  INFO  manager.MyListener - WebDriver found element by locator -->By.cssSelector: div.dialog-container
13:41:31.559  INFO  manager.MyListener - WebDriver start find element -->By.cssSelector: div.dialog-container h1
13:41:31.577  INFO  manager.MyListener - WebDriver found element by locator -->By.cssSelector: div.dialog-container h1
13:41:31.593  INFO  manager.MyListener - WebDriver start find element -->By.xpath: //button[text()='Ok']
13:41:31.593  INFO  manager.MyListener - WebDriver found element by locator -->By.xpath: //button[text()='Ok']
