13:09:30.452  INFO  manager.ApplicationManager - All tests run in firefox browser
13:09:33.192  INFO  manager.ApplicationManager - current url ---->https://ilcarro-1578153671498.web.app/search
13:09:33.270  INFO  manager.HelperBase - Start method with name --> successLogin
13:09:43.314  INFO  manager.HelperBase - Test start with email: huff1@gmail.compassword: Hhuff11234$
13:09:43.317  INFO  manager.MyListener - WebDriver start find element -->By.xpath: //*[@href='/login?url=%2Fsearch']
13:09:43.359  INFO  manager.MyListener - WebDriver found element by locator -->By.xpath: //*[@href='/login?url=%2Fsearch']
13:09:44.098  INFO  manager.MyListener - WebDriver start find element -->By.xpath: //*[@id='email']
13:09:44.120  INFO  manager.MyListener - WebDriver found element by locator -->By.xpath: //*[@id='email']
13:09:44.709  INFO  manager.MyListener - WebDriver start find element -->By.xpath: //*[@id='password']
13:09:44.727  INFO  manager.MyListener - WebDriver found element by locator -->By.xpath: //*[@id='password']
13:09:45.485  INFO  manager.MyListener - WebDriver start find element -->By.cssSelector: button[type='submit']
13:09:45.509  INFO  manager.MyListener - WebDriver found element by locator -->By.cssSelector: button[type='submit']
13:09:45.577  INFO  manager.MyListener - WebDriver start find element -->By.cssSelector: button[type='submit']
13:09:45.593  INFO  manager.MyListener - WebDriver found element by locator -->By.cssSelector: button[type='submit']
13:09:47.980  INFO  manager.MyListener - WebDriver start find element -->By.cssSelector: div.dialog-container
13:09:48.010  INFO  manager.MyListener - WebDriver found element by locator -->By.cssSelector: div.dialog-container
13:09:53.417  INFO  manager.MyListener - WebDriver start find element -->By.xpath: //button[text()='Ok']
13:09:53.436  INFO  manager.MyListener - WebDriver found element by locator -->By.xpath: //button[text()='Ok']
13:09:54.168  INFO  manager.HelperBase - Start method with name --> successLogin
13:09:54.203  INFO  manager.MyListener - WebDriver start find element -->By.xpath: //a[text()=' Logout ']
13:09:54.223  INFO  manager.MyListener - WebDriver found element by locator -->By.xpath: //a[text()=' Logout ']
13:09:54.951  INFO  manager.HelperBase - Test start with email: huff@gmail.compassword: Hhuff1234$
13:09:54.951  INFO  manager.MyListener - WebDriver start find element -->By.xpath: //*[@href='/login?url=%2Fsearch']
13:09:54.976  INFO  manager.MyListener - WebDriver found element by locator -->By.xpath: //*[@href='/login?url=%2Fsearch']
13:09:55.701  INFO  manager.MyListener - WebDriver start find element -->By.xpath: //*[@id='email']
13:09:55.726  INFO  manager.MyListener - WebDriver found element by locator -->By.xpath: //*[@id='email']
13:09:56.501  INFO  manager.MyListener - WebDriver start find element -->By.xpath: //*[@id='password']
13:09:56.524  INFO  manager.MyListener - WebDriver found element by locator -->By.xpath: //*[@id='password']
13:09:56.996  INFO  manager.MyListener - WebDriver start find element -->By.cssSelector: button[type='submit']
13:09:57.019  INFO  manager.MyListener - WebDriver found element by locator -->By.cssSelector: button[type='submit']
13:09:57.052  INFO  manager.MyListener - WebDriver start find element -->By.cssSelector: button[type='submit']
13:09:57.068  INFO  manager.MyListener - WebDriver found element by locator -->By.cssSelector: button[type='submit']
13:09:59.800  INFO  manager.MyListener - WebDriver start find element -->By.cssSelector: div.dialog-container
13:09:59.823  INFO  manager.MyListener - WebDriver found element by locator -->By.cssSelector: div.dialog-container
13:10:05.217  INFO  manager.MyListener - WebDriver start find element -->By.xpath: //button[text()='Ok']
13:10:05.234  INFO  manager.MyListener - WebDriver found element by locator -->By.xpath: //button[text()='Ok']
13:10:05.968  INFO  manager.HelperBase - Start method with name --> successLogin
13:10:05.986  INFO  manager.MyListener - WebDriver start find element -->By.xpath: //a[text()=' Logout ']
13:10:06.019  INFO  manager.MyListener - WebDriver found element by locator -->By.xpath: //a[text()=' Logout ']
13:10:06.751  INFO  manager.HelperBase - Test start with email: alex1@gmail.compassword: Aalex1234
13:10:06.751  INFO  manager.MyListener - WebDriver start find element -->By.xpath: //*[@href='/login?url=%2Fsearch']
13:10:06.772  INFO  manager.MyListener - WebDriver found element by locator -->By.xpath: //*[@href='/login?url=%2Fsearch']
13:10:07.501  INFO  manager.MyListener - WebDriver start find element -->By.xpath: //*[@id='email']
13:10:07.535  INFO  manager.MyListener - WebDriver found element by locator -->By.xpath: //*[@id='email']
13:10:08.318  INFO  manager.MyListener - WebDriver start find element -->By.xpath: //*[@id='password']
13:10:08.333  INFO  manager.MyListener - WebDriver found element by locator -->By.xpath: //*[@id='password']
13:10:08.801  INFO  manager.MyListener - WebDriver start find element -->By.cssSelector: button[type='submit']
13:10:08.817  INFO  manager.MyListener - WebDriver found element by locator -->By.cssSelector: button[type='submit']
13:10:08.832  INFO  manager.MyListener - WebDriver start find element -->By.cssSelector: button[type='submit']
13:10:08.848  INFO  manager.MyListener - WebDriver found element by locator -->By.cssSelector: button[type='submit']
13:10:11.617  INFO  manager.MyListener - WebDriver start find element -->By.cssSelector: div.dialog-container
13:10:11.636  INFO  manager.MyListener - WebDriver found element by locator -->By.cssSelector: div.dialog-container
13:10:17.047  INFO  manager.MyListener - WebDriver start find element -->By.xpath: //button[text()='Ok']
13:10:17.074  INFO  manager.MyListener - WebDriver found element by locator -->By.xpath: //button[text()='Ok']
13:10:17.790  INFO  manager.HelperBase - Start method with name --> successLogin
13:10:17.801  INFO  manager.MyListener - WebDriver start find element -->By.xpath: //a[text()=' Logout ']
13:10:17.819  INFO  manager.MyListener - WebDriver found element by locator -->By.xpath: //a[text()=' Logout ']
13:10:18.282  INFO  manager.HelperBase - Test start with email: joe@gmail.compassword: Dow1234+
13:10:18.282  INFO  manager.MyListener - WebDriver start find element -->By.xpath: //*[@href='/login?url=%2Fsearch']
13:10:18.300  INFO  manager.MyListener - WebDriver found element by locator -->By.xpath: //*[@href='/login?url=%2Fsearch']
13:10:18.582  INFO  manager.MyListener - WebDriver start find element -->By.xpath: //*[@id='email']
13:10:18.590  INFO  manager.MyListener - WebDriver found element by locator -->By.xpath: //*[@id='email']
13:10:18.823  INFO  manager.MyListener - WebDriver start find element -->By.xpath: //*[@id='password']
13:10:18.823  INFO  manager.MyListener - WebDriver found element by locator -->By.xpath: //*[@id='password']
13:10:19.077  INFO  manager.MyListener - WebDriver start find element -->By.cssSelector: button[type='submit']
13:10:19.092  INFO  manager.MyListener - WebDriver found element by locator -->By.cssSelector: button[type='submit']
13:10:19.119  INFO  manager.MyListener - WebDriver start find element -->By.cssSelector: button[type='submit']
13:10:19.121  INFO  manager.MyListener - WebDriver found element by locator -->By.cssSelector: button[type='submit']
13:10:21.367  INFO  manager.MyListener - WebDriver start find element -->By.cssSelector: div.dialog-container
13:10:21.375  INFO  manager.MyListener - WebDriver found element by locator -->By.cssSelector: div.dialog-container
13:10:21.390  INFO  manager.MyListener - WebDriver start find element -->By.cssSelector: div.dialog-container h1
13:10:21.408  INFO  manager.MyListener - WebDriver found element by locator -->By.cssSelector: div.dialog-container h1
13:10:21.424  INFO  manager.MyListener - WebDriver start find element -->By.xpath: //button[text()='Ok']
13:10:21.439  INFO  manager.MyListener - WebDriver found element by locator -->By.xpath: //button[text()='Ok']
13:10:21.672  INFO  manager.HelperBase - Start method with name --> successLogin
13:10:21.674  INFO  manager.MyListener - WebDriver start find element -->By.xpath: //a[text()=' Logout ']
13:10:21.690  INFO  manager.MyListener - WebDriver found element by locator -->By.xpath: //a[text()=' Logout ']
13:10:21.950  INFO  manager.HelperBase - Test start with email: alice@gmail.compassword: Ffox12345$
13:10:21.950  INFO  manager.MyListener - WebDriver start find element -->By.xpath: //*[@href='/login?url=%2Fsearch']
13:10:21.966  INFO  manager.MyListener - WebDriver found element by locator -->By.xpath: //*[@href='/login?url=%2Fsearch']
13:10:22.217  INFO  manager.MyListener - WebDriver start find element -->By.xpath: //*[@id='email']
13:10:22.233  INFO  manager.MyListener - WebDriver found element by locator -->By.xpath: //*[@id='email']
13:10:22.500  INFO  manager.MyListener - WebDriver start find element -->By.xpath: //*[@id='password']
13:10:22.526  INFO  manager.MyListener - WebDriver found element by locator -->By.xpath: //*[@id='password']
13:10:22.792  INFO  manager.MyListener - WebDriver start find element -->By.cssSelector: button[type='submit']
13:10:22.807  INFO  manager.MyListener - WebDriver found element by locator -->By.cssSelector: button[type='submit']
13:10:22.851  INFO  manager.MyListener - WebDriver start find element -->By.cssSelector: button[type='submit']
13:10:22.867  INFO  manager.MyListener - WebDriver found element by locator -->By.cssSelector: button[type='submit']
13:10:25.100  INFO  manager.MyListener - WebDriver start find element -->By.cssSelector: div.dialog-container
13:10:25.116  INFO  manager.MyListener - WebDriver found element by locator -->By.cssSelector: div.dialog-container
13:10:25.150  INFO  manager.MyListener - WebDriver start find element -->By.cssSelector: div.dialog-container h1
13:10:25.171  INFO  manager.MyListener - WebDriver found element by locator -->By.cssSelector: div.dialog-container h1
13:10:25.196  INFO  manager.MyListener - WebDriver start find element -->By.xpath: //button[text()='Ok']
13:10:25.212  INFO  manager.MyListener - WebDriver found element by locator -->By.xpath: //button[text()='Ok']
13:10:25.436  INFO  manager.HelperBase - Start method with name --> successLogin
13:10:25.453  INFO  manager.MyListener - WebDriver start find element -->By.xpath: //a[text()=' Logout ']
13:10:25.453  INFO  manager.MyListener - WebDriver found element by locator -->By.xpath: //a[text()=' Logout ']
13:10:25.717  INFO  manager.HelperBase - Test start with email: regi@gmail.compassword: Ffive1234$
13:10:25.717  INFO  manager.MyListener - WebDriver start find element -->By.xpath: //*[@href='/login?url=%2Fsearch']
13:10:25.734  INFO  manager.MyListener - WebDriver found element by locator -->By.xpath: //*[@href='/login?url=%2Fsearch']
13:10:25.984  INFO  manager.MyListener - WebDriver start find element -->By.xpath: //*[@id='email']
13:10:25.984  INFO  manager.MyListener - WebDriver found element by locator -->By.xpath: //*[@id='email']
13:10:26.251  INFO  manager.MyListener - WebDriver start find element -->By.xpath: //*[@id='password']
13:10:26.285  INFO  manager.MyListener - WebDriver found element by locator -->By.xpath: //*[@id='password']
13:10:26.550  INFO  manager.MyListener - WebDriver start find element -->By.cssSelector: button[type='submit']
13:10:26.566  INFO  manager.MyListener - WebDriver found element by locator -->By.cssSelector: button[type='submit']
13:10:26.601  INFO  manager.MyListener - WebDriver start find element -->By.cssSelector: button[type='submit']
13:10:26.619  INFO  manager.MyListener - WebDriver found element by locator -->By.cssSelector: button[type='submit']
13:10:28.849  INFO  manager.MyListener - WebDriver start find element -->By.cssSelector: div.dialog-container
13:10:28.868  INFO  manager.MyListener - WebDriver found element by locator -->By.cssSelector: div.dialog-container
13:10:28.900  INFO  manager.MyListener - WebDriver start find element -->By.cssSelector: div.dialog-container h1
13:10:28.917  INFO  manager.MyListener - WebDriver found element by locator -->By.cssSelector: div.dialog-container h1
13:10:28.934  INFO  manager.MyListener - WebDriver start find element -->By.xpath: //button[text()='Ok']
13:10:28.950  INFO  manager.MyListener - WebDriver found element by locator -->By.xpath: //button[text()='Ok']
13:10:29.186  INFO  manager.HelperBase - Start method with name --> successLogin
13:10:29.203  INFO  manager.MyListener - WebDriver start find element -->By.xpath: //a[text()=' Logout ']
13:10:29.222  INFO  manager.MyListener - WebDriver found element by locator -->By.xpath: //a[text()=' Logout ']
13:10:29.486  INFO  manager.HelperBase - Test start with email: two@gmail.compassword: Sshon12345$
13:10:29.486  INFO  manager.MyListener - WebDriver start find element -->By.xpath: //*[@href='/login?url=%2Fsearch']
13:10:29.501  INFO  manager.MyListener - WebDriver found element by locator -->By.xpath: //*[@href='/login?url=%2Fsearch']
13:10:29.751  INFO  manager.MyListener - WebDriver start find element -->By.xpath: //*[@id='email']
13:10:29.771  INFO  manager.MyListener - WebDriver found element by locator -->By.xpath: //*[@id='email']
13:10:30.034  INFO  manager.MyListener - WebDriver start find element -->By.xpath: //*[@id='password']
13:10:30.051  INFO  manager.MyListener - WebDriver found element by locator -->By.xpath: //*[@id='password']
13:10:30.317  INFO  manager.MyListener - WebDriver start find element -->By.cssSelector: button[type='submit']
13:10:30.335  INFO  manager.MyListener - WebDriver found element by locator -->By.cssSelector: button[type='submit']
13:10:30.351  INFO  manager.MyListener - WebDriver start find element -->By.cssSelector: button[type='submit']
13:10:30.366  INFO  manager.MyListener - WebDriver found element by locator -->By.cssSelector: button[type='submit']
13:10:32.616  INFO  manager.MyListener - WebDriver start find element -->By.cssSelector: div.dialog-container
13:10:32.633  INFO  manager.MyListener - WebDriver found element by locator -->By.cssSelector: div.dialog-container
13:10:32.666  INFO  manager.MyListener - WebDriver start find element -->By.cssSelector: div.dialog-container h1
13:10:32.672  INFO  manager.MyListener - WebDriver found element by locator -->By.cssSelector: div.dialog-container h1
13:10:32.692  INFO  manager.MyListener - WebDriver start find element -->By.xpath: //button[text()='Ok']
13:10:32.700  INFO  manager.MyListener - WebDriver found element by locator -->By.xpath: //button[text()='Ok']
13:10:32.923  INFO  manager.HelperBase - Start method with name --> successLogin2
13:10:32.936  INFO  manager.MyListener - WebDriver start find element -->By.xpath: //a[text()=' Logout ']
13:10:32.952  INFO  manager.MyListener - WebDriver found element by locator -->By.xpath: //a[text()=' Logout ']
13:10:33.219  INFO  manager.MyListener - WebDriver start find element -->By.xpath: //*[@href='/login?url=%2Fsearch']
13:10:33.235  INFO  manager.MyListener - WebDriver found element by locator -->By.xpath: //*[@href='/login?url=%2Fsearch']
13:10:33.484  INFO  manager.MyListener - WebDriver start find element -->By.xpath: //*[@id='email']
13:10:33.499  INFO  manager.MyListener - WebDriver found element by locator -->By.xpath: //*[@id='email']
13:10:33.771  INFO  manager.MyListener - WebDriver start find element -->By.xpath: //*[@id='password']
13:10:33.785  INFO  manager.MyListener - WebDriver found element by locator -->By.xpath: //*[@id='password']
