21:32:49.960  INFO  manager.ApplicationManager - All tests run in firefox browser
21:33:02.784  INFO  manager.ApplicationManager - current url ---->https://ilcarro-1578153671498.web.app/search
21:33:02.835  INFO  manager.HelperBase - Start method with name --> addNewCarSuccess
21:33:12.866  INFO  manager.MyListener - WebDriver start find element -->By.xpath: //*[@href='/login?url=%2Fsearch']
21:33:12.911  INFO  manager.MyListener - WebDriver found element by locator -->By.xpath: //*[@href='/login?url=%2Fsearch']
21:33:13.229  INFO  manager.MyListener - WebDriver start find element -->By.xpath: //*[@id='email']
21:33:13.265  INFO  manager.MyListener - WebDriver found element by locator -->By.xpath: //*[@id='email']
21:33:13.578  INFO  manager.MyListener - WebDriver start find element -->By.xpath: //*[@id='password']
21:33:13.601  INFO  manager.MyListener - WebDriver found element by locator -->By.xpath: //*[@id='password']
21:33:14.042  INFO  manager.MyListener - WebDriver start find element -->By.cssSelector: button[type='submit']
21:33:14.061  INFO  manager.MyListener - WebDriver found element by locator -->By.cssSelector: button[type='submit']
21:33:14.115  INFO  manager.MyListener - WebDriver start find element -->By.cssSelector: button[type='submit']
21:33:14.131  INFO  manager.MyListener - WebDriver found element by locator -->By.cssSelector: button[type='submit']
21:33:19.045  INFO  manager.MyListener - WebDriver start find element -->By.xpath: //button[text()='Ok']
21:33:19.064  INFO  manager.MyListener - WebDriver found element by locator -->By.xpath: //button[text()='Ok']
21:33:20.304  INFO  manager.MyListener - WebDriver start find element -->By.id: 1
21:33:20.330  INFO  manager.MyListener - WebDriver found element by locator -->By.id: 1
21:33:20.635  INFO  manager.MyListener - WebDriver start find element -->By.id: pickUpPlace
21:33:20.654  INFO  manager.MyListener - WebDriver found element by locator -->By.id: pickUpPlace
21:33:20.962  INFO  manager.MyListener - WebDriver start find element -->By.cssSelector: div.pac-item
21:33:22.327  INFO  manager.MyListener - WebDriver found element by locator -->By.cssSelector: div.pac-item
21:33:24.059  INFO  manager.MyListener - WebDriver start find element -->By.id: make
21:33:24.083  INFO  manager.MyListener - WebDriver found element by locator -->By.id: make
21:33:24.325  INFO  manager.MyListener - WebDriver start find element -->By.id: model
21:33:24.344  INFO  manager.MyListener - WebDriver found element by locator -->By.id: model
21:33:24.590  INFO  manager.MyListener - WebDriver start find element -->By.id: year
21:33:24.613  INFO  manager.MyListener - WebDriver found element by locator -->By.id: year
21:33:24.864  INFO  manager.MyListener - WebDriver start find element -->By.id: engine
21:33:24.888  INFO  manager.MyListener - WebDriver found element by locator -->By.id: engine
21:33:25.140  INFO  manager.MyListener - WebDriver start find element -->By.id: fuel
21:33:25.163  INFO  manager.MyListener - WebDriver found element by locator -->By.id: fuel
21:33:25.416  INFO  manager.MyListener - WebDriver start find element -->By.id: gear
21:33:25.438  INFO  manager.MyListener - WebDriver found element by locator -->By.id: gear
21:33:25.699  INFO  manager.MyListener - WebDriver start find element -->By.id: wheelsDrive
21:33:25.721  INFO  manager.MyListener - WebDriver found element by locator -->By.id: wheelsDrive
21:33:25.976  INFO  manager.MyListener - WebDriver start find element -->By.id: doors
21:33:25.997  INFO  manager.MyListener - WebDriver found element by locator -->By.id: doors
21:33:26.242  INFO  manager.MyListener - WebDriver start find element -->By.id: seats
21:33:26.263  INFO  manager.MyListener - WebDriver found element by locator -->By.id: seats
21:33:26.507  INFO  manager.MyListener - WebDriver start find element -->By.id: class
21:33:26.524  INFO  manager.MyListener - WebDriver found element by locator -->By.id: class
21:33:26.766  INFO  manager.MyListener - WebDriver start find element -->By.id: fuelConsumption
21:33:26.786  INFO  manager.MyListener - WebDriver found element by locator -->By.id: fuelConsumption
21:33:27.040  INFO  manager.MyListener - WebDriver start find element -->By.id: serialNumber
21:33:27.062  INFO  manager.MyListener - WebDriver found element by locator -->By.id: serialNumber
21:33:27.327  INFO  manager.MyListener - WebDriver start find element -->By.id: price
21:33:27.347  INFO  manager.MyListener - WebDriver found element by locator -->By.id: price
21:33:27.592  INFO  manager.MyListener - WebDriver start find element -->By.id: distance
21:33:27.612  INFO  manager.MyListener - WebDriver found element by locator -->By.id: distance
21:33:27.856  INFO  manager.MyListener - WebDriver start find element -->By.cssSelector: input[placeholder='Type feature']
21:33:27.870  INFO  manager.MyListener - WebDriver found element by locator -->By.cssSelector: input[placeholder='Type feature']
21:33:28.111  INFO  manager.MyListener - WebDriver start find element -->By.id: about
21:33:28.127  INFO  manager.MyListener - WebDriver found element by locator -->By.id: about
21:33:28.392  INFO  manager.MyListener - WebDriver start find element -->By.id: photos
21:33:28.409  INFO  manager.MyListener - WebDriver found element by locator -->By.id: photos
21:33:29.445  INFO  manager.MyListener - WebDriver start find element -->By.cssSelector: button[type='submit']
21:33:29.466  INFO  manager.MyListener - WebDriver found element by locator -->By.cssSelector: button[type='submit']
21:33:31.671  INFO  manager.MyListener - WebDriver start find element -->By.cssSelector: button[type='submit']
21:33:31.685  INFO  manager.MyListener - WebDriver found element by locator -->By.cssSelector: button[type='submit']
21:33:33.923  INFO  manager.MyListener - WebDriver start find element -->By.cssSelector: div.dialog-container
21:33:33.944  INFO  manager.MyListener - WebDriver found element by locator -->By.cssSelector: div.dialog-container
21:33:33.970  INFO  manager.MyListener - WebDriver start find element -->By.cssSelector: div.dialog-container h1
21:33:33.982  INFO  manager.MyListener - WebDriver found element by locator -->By.cssSelector: div.dialog-container h1
21:33:34.006  INFO  manager.MyListener - WebDriver start find element -->By.xpath: //button[text()='Search cars']
21:33:34.017  INFO  manager.MyListener - WebDriver found element by locator -->By.xpath: //button[text()='Search cars']
21:33:34.243  INFO  manager.HelperBase - Start method with name --> successLogin
21:33:34.260  INFO  manager.MyListener - WebDriver start find element -->By.xpath: //a[text()=' Logout ']
21:33:34.272  INFO  manager.MyListener - WebDriver found element by locator -->By.xpath: //a[text()=' Logout ']
21:33:34.519  INFO  manager.HelperBase - Test start with email: huff1@gmail.compassword: Hhuff11234$
21:33:34.519  INFO  manager.MyListener - WebDriver start find element -->By.xpath: //*[@href='/login?url=%2Fsearch']
21:33:34.539  INFO  manager.MyListener - WebDriver found element by locator -->By.xpath: //*[@href='/login?url=%2Fsearch']
21:33:34.785  INFO  manager.MyListener - WebDriver start find element -->By.xpath: //*[@id='email']
21:33:34.803  INFO  manager.MyListener - WebDriver found element by locator -->By.xpath: //*[@id='email']
21:33:35.067  INFO  manager.MyListener - WebDriver start find element -->By.xpath: //*[@id='password']
21:33:35.085  INFO  manager.MyListener - WebDriver found element by locator -->By.xpath: //*[@id='password']
21:33:35.340  INFO  manager.MyListener - WebDriver start find element -->By.cssSelector: button[type='submit']
21:33:35.359  INFO  manager.MyListener - WebDriver found element by locator -->By.cssSelector: button[type='submit']
21:33:35.395  INFO  manager.MyListener - WebDriver start find element -->By.cssSelector: button[type='submit']
21:33:35.407  INFO  manager.MyListener - WebDriver found element by locator -->By.cssSelector: button[type='submit']
21:33:37.644  INFO  manager.MyListener - WebDriver start find element -->By.cssSelector: div.dialog-container
21:33:37.664  INFO  manager.MyListener - WebDriver found element by locator -->By.cssSelector: div.dialog-container
21:33:37.699  INFO  manager.MyListener - WebDriver start find element -->By.cssSelector: div.dialog-container h1
21:33:37.725  INFO  manager.MyListener - WebDriver found element by locator -->By.cssSelector: div.dialog-container h1
21:33:37.746  INFO  manager.MyListener - WebDriver start find element -->By.xpath: //button[text()='Ok']
21:33:37.756  INFO  manager.MyListener - WebDriver found element by locator -->By.xpath: //button[text()='Ok']
21:33:37.973  INFO  manager.HelperBase - Start method with name --> successLogin
21:33:37.987  INFO  manager.MyListener - WebDriver start find element -->By.xpath: //a[text()=' Logout ']
21:33:37.997  INFO  manager.MyListener - WebDriver found element by locator -->By.xpath: //a[text()=' Logout ']
21:33:38.238  INFO  manager.HelperBase - Test start with email: huff@gmail.compassword: Hhuff1234$
21:33:38.238  INFO  manager.MyListener - WebDriver start find element -->By.xpath: //*[@href='/login?url=%2Fsearch']
21:33:38.254  INFO  manager.MyListener - WebDriver found element by locator -->By.xpath: //*[@href='/login?url=%2Fsearch']
21:33:38.496  INFO  manager.MyListener - WebDriver start find element -->By.xpath: //*[@id='email']
21:33:38.515  INFO  manager.MyListener - WebDriver found element by locator -->By.xpath: //*[@id='email']
21:33:38.777  INFO  manager.MyListener - WebDriver start find element -->By.xpath: //*[@id='password']
21:33:38.794  INFO  manager.MyListener - WebDriver found element by locator -->By.xpath: //*[@id='password']
21:33:39.043  INFO  manager.MyListener - WebDriver start find element -->By.cssSelector: button[type='submit']
21:33:39.057  INFO  manager.MyListener - WebDriver found element by locator -->By.cssSelector: button[type='submit']
21:33:39.085  INFO  manager.MyListener - WebDriver start find element -->By.cssSelector: button[type='submit']
21:33:39.097  INFO  manager.MyListener - WebDriver found element by locator -->By.cssSelector: button[type='submit']
21:33:41.326  INFO  manager.MyListener - WebDriver start find element -->By.cssSelector: div.dialog-container
21:33:41.341  INFO  manager.MyListener - WebDriver found element by locator -->By.cssSelector: div.dialog-container
21:33:41.365  INFO  manager.MyListener - WebDriver start find element -->By.cssSelector: div.dialog-container h1
21:33:41.380  INFO  manager.MyListener - WebDriver found element by locator -->By.cssSelector: div.dialog-container h1
21:33:41.399  INFO  manager.MyListener - WebDriver start find element -->By.xpath: //button[text()='Ok']
21:33:41.408  INFO  manager.MyListener - WebDriver found element by locator -->By.xpath: //button[text()='Ok']
21:33:41.624  INFO  manager.HelperBase - Start method with name --> successLogin
21:33:41.637  INFO  manager.MyListener - WebDriver start find element -->By.xpath: //a[text()=' Logout ']
21:33:41.649  INFO  manager.MyListener - WebDriver found element by locator -->By.xpath: //a[text()=' Logout ']
21:33:41.887  INFO  manager.HelperBase - Test start with email: alex1@gmail.compassword: Aalex1234
21:33:41.887  INFO  manager.MyListener - WebDriver start find element -->By.xpath: //*[@href='/login?url=%2Fsearch']
21:33:41.903  INFO  manager.MyListener - WebDriver found element by locator -->By.xpath: //*[@href='/login?url=%2Fsearch']
21:33:42.142  INFO  manager.MyListener - WebDriver start find element -->By.xpath: //*[@id='email']
21:33:42.159  INFO  manager.MyListener - WebDriver found element by locator -->By.xpath: //*[@id='email']
21:33:42.421  INFO  manager.MyListener - WebDriver start find element -->By.xpath: //*[@id='password']
21:33:42.438  INFO  manager.MyListener - WebDriver found element by locator -->By.xpath: //*[@id='password']
21:33:42.692  INFO  manager.MyListener - WebDriver start find element -->By.cssSelector: button[type='submit']
21:33:42.710  INFO  manager.MyListener - WebDriver found element by locator -->By.cssSelector: button[type='submit']
21:33:42.746  INFO  manager.MyListener - WebDriver start find element -->By.cssSelector: button[type='submit']
21:33:42.760  INFO  manager.MyListener - WebDriver found element by locator -->By.cssSelector: button[type='submit']
21:33:44.996  INFO  manager.MyListener - WebDriver start find element -->By.cssSelector: div.dialog-container
21:33:45.014  INFO  manager.MyListener - WebDriver found element by locator -->By.cssSelector: div.dialog-container
21:33:45.039  INFO  manager.MyListener - WebDriver start find element -->By.cssSelector: div.dialog-container h1
21:33:45.050  INFO  manager.MyListener - WebDriver found element by locator -->By.cssSelector: div.dialog-container h1
21:33:45.073  INFO  manager.MyListener - WebDriver start find element -->By.xpath: //button[text()='Ok']
21:33:45.085  INFO  manager.MyListener - WebDriver found element by locator -->By.xpath: //button[text()='Ok']
21:33:45.305  INFO  manager.HelperBase - Start method with name --> successLogin
21:33:45.323  INFO  manager.MyListener - WebDriver start find element -->By.xpath: //a[text()=' Logout ']
21:33:45.336  INFO  manager.MyListener - WebDriver found element by locator -->By.xpath: //a[text()=' Logout ']
21:33:45.577  INFO  manager.HelperBase - Test start with email: joe@gmail.compassword: Dow1234+
21:33:45.578  INFO  manager.MyListener - WebDriver start find element -->By.xpath: //*[@href='/login?url=%2Fsearch']
21:33:45.591  INFO  manager.MyListener - WebDriver found element by locator -->By.xpath: //*[@href='/login?url=%2Fsearch']
21:33:45.830  INFO  manager.MyListener - WebDriver start find element -->By.xpath: //*[@id='email']
21:33:45.848  INFO  manager.MyListener - WebDriver found element by locator -->By.xpath: //*[@id='email']
21:33:46.091  INFO  manager.MyListener - WebDriver start find element -->By.xpath: //*[@id='password']
21:33:46.100  INFO  manager.MyListener - WebDriver found element by locator -->By.xpath: //*[@id='password']
21:33:46.346  INFO  manager.MyListener - WebDriver start find element -->By.cssSelector: button[type='submit']
21:33:46.360  INFO  manager.MyListener - WebDriver found element by locator -->By.cssSelector: button[type='submit']
21:33:46.386  INFO  manager.MyListener - WebDriver start find element -->By.cssSelector: button[type='submit']
21:33:46.397  INFO  manager.MyListener - WebDriver found element by locator -->By.cssSelector: button[type='submit']
21:33:48.628  INFO  manager.MyListener - WebDriver start find element -->By.cssSelector: div.dialog-container
21:33:48.641  INFO  manager.MyListener - WebDriver found element by locator -->By.cssSelector: div.dialog-container
21:33:48.664  INFO  manager.MyListener - WebDriver start find element -->By.cssSelector: div.dialog-container h1
21:33:48.674  INFO  manager.MyListener - WebDriver found element by locator -->By.cssSelector: div.dialog-container h1
21:33:48.693  INFO  manager.MyListener - WebDriver start find element -->By.xpath: //button[text()='Ok']
21:33:48.702  INFO  manager.MyListener - WebDriver found element by locator -->By.xpath: //button[text()='Ok']
21:33:48.919  INFO  manager.HelperBase - Start method with name --> successLogin
21:33:48.936  INFO  manager.MyListener - WebDriver start find element -->By.xpath: //a[text()=' Logout ']
21:33:48.952  INFO  manager.MyListener - WebDriver found element by locator -->By.xpath: //a[text()=' Logout ']
21:33:49.191  INFO  manager.HelperBase - Test start with email: alice@gmail.compassword: Ffox12345$
21:33:49.191  INFO  manager.MyListener - WebDriver start find element -->By.xpath: //*[@href='/login?url=%2Fsearch']
21:33:49.208  INFO  manager.MyListener - WebDriver found element by locator -->By.xpath: //*[@href='/login?url=%2Fsearch']
21:33:49.451  INFO  manager.MyListener - WebDriver start find element -->By.xpath: //*[@id='email']
21:33:49.467  INFO  manager.MyListener - WebDriver found element by locator -->By.xpath: //*[@id='email']
21:33:49.725  INFO  manager.MyListener - WebDriver start find element -->By.xpath: //*[@id='password']
21:33:49.743  INFO  manager.MyListener - WebDriver found element by locator -->By.xpath: //*[@id='password']
21:33:49.990  INFO  manager.MyListener - WebDriver start find element -->By.cssSelector: button[type='submit']
21:33:50.009  INFO  manager.MyListener - WebDriver found element by locator -->By.cssSelector: button[type='submit']
21:33:50.042  INFO  manager.MyListener - WebDriver start find element -->By.cssSelector: button[type='submit']
21:33:50.052  INFO  manager.MyListener - WebDriver found element by locator -->By.cssSelector: button[type='submit']
21:33:52.282  INFO  manager.MyListener - WebDriver start find element -->By.cssSelector: div.dialog-container
21:33:52.299  INFO  manager.MyListener - WebDriver found element by locator -->By.cssSelector: div.dialog-container
21:33:52.324  INFO  manager.MyListener - WebDriver start find element -->By.cssSelector: div.dialog-container h1
21:33:52.335  INFO  manager.MyListener - WebDriver found element by locator -->By.cssSelector: div.dialog-container h1
21:33:52.352  INFO  manager.MyListener - WebDriver start find element -->By.xpath: //button[text()='Ok']
21:33:52.360  INFO  manager.MyListener - WebDriver found element by locator -->By.xpath: //button[text()='Ok']
21:33:52.574  INFO  manager.HelperBase - Start method with name --> successLogin
21:33:52.586  INFO  manager.MyListener - WebDriver start find element -->By.xpath: //a[text()=' Logout ']
21:33:52.595  INFO  manager.MyListener - WebDriver found element by locator -->By.xpath: //a[text()=' Logout ']
21:33:52.832  INFO  manager.HelperBase - Test start with email: regi@gmail.compassword: Ffive1234$
21:33:52.832  INFO  manager.MyListener - WebDriver start find element -->By.xpath: //*[@href='/login?url=%2Fsearch']
21:33:52.849  INFO  manager.MyListener - WebDriver found element by locator -->By.xpath: //*[@href='/login?url=%2Fsearch']
21:33:53.080  INFO  manager.MyListener - WebDriver start find element -->By.xpath: //*[@id='email']
21:33:53.096  INFO  manager.MyListener - WebDriver found element by locator -->By.xpath: //*[@id='email']
21:33:53.357  INFO  manager.MyListener - WebDriver start find element -->By.xpath: //*[@id='password']
21:33:53.373  INFO  manager.MyListener - WebDriver found element by locator -->By.xpath: //*[@id='password']
21:33:53.623  INFO  manager.MyListener - WebDriver start find element -->By.cssSelector: button[type='submit']
21:33:53.638  INFO  manager.MyListener - WebDriver found element by locator -->By.cssSelector: button[type='submit']
21:33:53.665  INFO  manager.MyListener - WebDriver start find element -->By.cssSelector: button[type='submit']
21:33:53.676  INFO  manager.MyListener - WebDriver found element by locator -->By.cssSelector: button[type='submit']
21:33:55.897  INFO  manager.MyListener - WebDriver start find element -->By.cssSelector: div.dialog-container
21:33:55.913  INFO  manager.MyListener - WebDriver found element by locator -->By.cssSelector: div.dialog-container
21:33:55.942  INFO  manager.MyListener - WebDriver start find element -->By.cssSelector: div.dialog-container h1
21:33:55.953  INFO  manager.MyListener - WebDriver found element by locator -->By.cssSelector: div.dialog-container h1
21:33:55.971  INFO  manager.MyListener - WebDriver start find element -->By.xpath: //button[text()='Ok']
21:33:55.980  INFO  manager.MyListener - WebDriver found element by locator -->By.xpath: //button[text()='Ok']
21:33:56.198  INFO  manager.HelperBase - Start method with name --> successLogin
21:33:56.214  INFO  manager.MyListener - WebDriver start find element -->By.xpath: //a[text()=' Logout ']
21:33:56.227  INFO  manager.MyListener - WebDriver found element by locator -->By.xpath: //a[text()=' Logout ']
21:33:56.471  INFO  manager.HelperBase - Test start with email: two@gmail.compassword: Sshon12345$
21:33:56.471  INFO  manager.MyListener - WebDriver start find element -->By.xpath: //*[@href='/login?url=%2Fsearch']
21:33:56.487  INFO  manager.MyListener - WebDriver found element by locator -->By.xpath: //*[@href='/login?url=%2Fsearch']
21:33:56.727  INFO  manager.MyListener - WebDriver start find element -->By.xpath: //*[@id='email']
21:33:56.744  INFO  manager.MyListener - WebDriver found element by locator -->By.xpath: //*[@id='email']
21:33:56.999  INFO  manager.MyListener - WebDriver start find element -->By.xpath: //*[@id='password']
21:33:57.015  INFO  manager.MyListener - WebDriver found element by locator -->By.xpath: //*[@id='password']
21:33:57.277  INFO  manager.MyListener - WebDriver start find element -->By.cssSelector: button[type='submit']
21:33:57.291  INFO  manager.MyListener - WebDriver found element by locator -->By.cssSelector: button[type='submit']
21:33:57.328  INFO  manager.MyListener - WebDriver start find element -->By.cssSelector: button[type='submit']
21:33:57.345  INFO  manager.MyListener - WebDriver found element by locator -->By.cssSelector: button[type='submit']
21:33:59.576  INFO  manager.MyListener - WebDriver start find element -->By.cssSelector: div.dialog-container
21:33:59.593  INFO  manager.MyListener - WebDriver found element by locator -->By.cssSelector: div.dialog-container
21:33:59.617  INFO  manager.MyListener - WebDriver start find element -->By.cssSelector: div.dialog-container h1
21:33:59.628  INFO  manager.MyListener - WebDriver found element by locator -->By.cssSelector: div.dialog-container h1
21:33:59.651  INFO  manager.MyListener - WebDriver start find element -->By.xpath: //button[text()='Ok']
21:33:59.664  INFO  manager.MyListener - WebDriver found element by locator -->By.xpath: //button[text()='Ok']
21:33:59.879  INFO  manager.HelperBase - Start method with name --> successLogin2
21:33:59.896  INFO  manager.MyListener - WebDriver start find element -->By.xpath: //a[text()=' Logout ']
21:33:59.907  INFO  manager.MyListener - WebDriver found element by locator -->By.xpath: //a[text()=' Logout ']
21:34:00.146  INFO  manager.MyListener - WebDriver start find element -->By.xpath: //*[@href='/login?url=%2Fsearch']
21:34:00.162  INFO  manager.MyListener - WebDriver found element by locator -->By.xpath: //*[@href='/login?url=%2Fsearch']
21:34:00.400  INFO  manager.MyListener - WebDriver start find element -->By.xpath: //*[@id='email']
21:34:00.418  INFO  manager.MyListener - WebDriver found element by locator -->By.xpath: //*[@id='email']
21:34:00.697  INFO  manager.MyListener - WebDriver start find element -->By.xpath: //*[@id='password']
21:34:00.716  INFO  manager.MyListener - WebDriver found element by locator -->By.xpath: //*[@id='password']
21:34:01.309  INFO  manager.MyListener - WebDriver start find element -->By.cssSelector: button[type='submit']
21:34:01.321  INFO  manager.MyListener - WebDriver found element by locator -->By.cssSelector: button[type='submit']
21:34:01.346  INFO  manager.MyListener - WebDriver start find element -->By.cssSelector: button[type='submit']
21:34:01.360  INFO  manager.MyListener - WebDriver found element by locator -->By.cssSelector: button[type='submit']
21:34:03.597  INFO  manager.MyListener - WebDriver start find element -->By.cssSelector: div.dialog-container
21:34:03.615  INFO  manager.MyListener - WebDriver found element by locator -->By.cssSelector: div.dialog-container
21:34:03.647  INFO  manager.MyListener - WebDriver start find element -->By.cssSelector: div.dialog-container h1
21:34:03.661  INFO  manager.MyListener - WebDriver found element by locator -->By.cssSelector: div.dialog-container h1
21:34:03.681  INFO  manager.MyListener - WebDriver start find element -->By.xpath: //button[text()='Ok']
21:34:03.693  INFO  manager.MyListener - WebDriver found element by locator -->By.xpath: //button[text()='Ok']
21:34:03.916  INFO  manager.HelperBase - Start method with name --> successLoginDP
21:34:03.929  INFO  manager.MyListener - WebDriver start find element -->By.xpath: //a[text()=' Logout ']
21:34:03.940  INFO  manager.MyListener - WebDriver found element by locator -->By.xpath: //a[text()=' Logout ']
21:34:04.213  INFO  manager.MyListener - WebDriver start find element -->By.xpath: //*[@href='/login?url=%2Fsearch']
21:34:04.227  INFO  manager.MyListener - WebDriver found element by locator -->By.xpath: //*[@href='/login?url=%2Fsearch']
21:34:04.476  INFO  manager.MyListener - WebDriver start find element -->By.xpath: //*[@id='email']
21:34:04.493  INFO  manager.MyListener - WebDriver found element by locator -->By.xpath: //*[@id='email']
21:34:04.773  INFO  manager.MyListener - WebDriver start find element -->By.xpath: //*[@id='password']
21:34:04.784  INFO  manager.MyListener - WebDriver found element by locator -->By.xpath: //*[@id='password']
21:34:05.319  INFO  manager.MyListener - WebDriver start find element -->By.cssSelector: button[type='submit']
21:34:05.331  INFO  manager.MyListener - WebDriver found element by locator -->By.cssSelector: button[type='submit']
21:34:05.356  INFO  manager.MyListener - WebDriver start find element -->By.cssSelector: button[type='submit']
21:34:05.366  INFO  manager.MyListener - WebDriver found element by locator -->By.cssSelector: button[type='submit']
21:34:07.606  INFO  manager.MyListener - WebDriver start find element -->By.cssSelector: div.dialog-container
21:34:07.624  INFO  manager.MyListener - WebDriver found element by locator -->By.cssSelector: div.dialog-container
21:34:07.652  INFO  manager.MyListener - WebDriver start find element -->By.cssSelector: div.dialog-container h1
21:34:07.663  INFO  manager.MyListener - WebDriver found element by locator -->By.cssSelector: div.dialog-container h1
21:34:07.681  INFO  manager.MyListener - WebDriver start find element -->By.xpath: //button[text()='Ok']
21:34:07.715  INFO  manager.MyListener - WebDriver found element by locator -->By.xpath: //button[text()='Ok']
21:34:07.939  INFO  manager.HelperBase - Start method with name --> successLoginDP
21:34:07.952  INFO  manager.MyListener - WebDriver start find element -->By.xpath: //a[text()=' Logout ']
21:34:07.963  INFO  manager.MyListener - WebDriver found element by locator -->By.xpath: //a[text()=' Logout ']
21:34:08.233  INFO  manager.MyListener - WebDriver start find element -->By.xpath: //*[@href='/login?url=%2Fsearch']
21:34:08.244  INFO  manager.MyListener - WebDriver found element by locator -->By.xpath: //*[@href='/login?url=%2Fsearch']
21:34:08.488  INFO  manager.MyListener - WebDriver start find element -->By.xpath: //*[@id='email']
21:34:08.503  INFO  manager.MyListener - WebDriver found element by locator -->By.xpath: //*[@id='email']
21:34:08.777  INFO  manager.MyListener - WebDriver start find element -->By.xpath: //*[@id='password']
21:34:08.793  INFO  manager.MyListener - WebDriver found element by locator -->By.xpath: //*[@id='password']
21:34:09.342  INFO  manager.MyListener - WebDriver start find element -->By.cssSelector: button[type='submit']
21:34:09.355  INFO  manager.MyListener - WebDriver found element by locator -->By.cssSelector: button[type='submit']
21:34:09.376  INFO  manager.MyListener - WebDriver start find element -->By.cssSelector: button[type='submit']
21:34:09.385  INFO  manager.MyListener - WebDriver found element by locator -->By.cssSelector: button[type='submit']
21:34:11.614  INFO  manager.MyListener - WebDriver start find element -->By.cssSelector: div.dialog-container
21:34:11.631  INFO  manager.MyListener - WebDriver found element by locator -->By.cssSelector: div.dialog-container
21:34:11.653  INFO  manager.MyListener - WebDriver start find element -->By.cssSelector: div.dialog-container h1
21:34:11.664  INFO  manager.MyListener - WebDriver found element by locator -->By.cssSelector: div.dialog-container h1
21:34:11.684  INFO  manager.MyListener - WebDriver start find element -->By.xpath: //button[text()='Ok']
21:34:11.693  INFO  manager.MyListener - WebDriver found element by locator -->By.xpath: //button[text()='Ok']
21:34:11.913  INFO  manager.HelperBase - Start method with name --> successLoginDP
21:34:11.930  INFO  manager.MyListener - WebDriver start find element -->By.xpath: //a[text()=' Logout ']
21:34:11.940  INFO  manager.MyListener - WebDriver found element by locator -->By.xpath: //a[text()=' Logout ']
21:34:12.194  INFO  manager.MyListener - WebDriver start find element -->By.xpath: //*[@href='/login?url=%2Fsearch']
21:34:12.206  INFO  manager.MyListener - WebDriver found element by locator -->By.xpath: //*[@href='/login?url=%2Fsearch']
21:34:12.458  INFO  manager.MyListener - WebDriver start find element -->By.xpath: //*[@id='email']
21:34:12.473  INFO  manager.MyListener - WebDriver found element by locator -->By.xpath: //*[@id='email']
21:34:12.736  INFO  manager.MyListener - WebDriver start find element -->By.xpath: //*[@id='password']
21:34:12.747  INFO  manager.MyListener - WebDriver found element by locator -->By.xpath: //*[@id='password']
21:34:13.291  INFO  manager.MyListener - WebDriver start find element -->By.cssSelector: button[type='submit']
21:34:13.299  INFO  manager.MyListener - WebDriver found element by locator -->By.cssSelector: button[type='submit']
21:34:13.323  INFO  manager.MyListener - WebDriver start find element -->By.cssSelector: button[type='submit']
21:34:13.330  INFO  manager.MyListener - WebDriver found element by locator -->By.cssSelector: button[type='submit']
21:34:15.564  INFO  manager.MyListener - WebDriver start find element -->By.cssSelector: div.dialog-container
21:34:15.579  INFO  manager.MyListener - WebDriver found element by locator -->By.cssSelector: div.dialog-container
21:34:15.604  INFO  manager.MyListener - WebDriver start find element -->By.cssSelector: div.dialog-container h1
21:34:15.613  INFO  manager.MyListener - WebDriver found element by locator -->By.cssSelector: div.dialog-container h1
21:34:15.634  INFO  manager.MyListener - WebDriver start find element -->By.xpath: //button[text()='Ok']
21:34:15.645  INFO  manager.MyListener - WebDriver found element by locator -->By.xpath: //button[text()='Ok']
21:34:15.864  INFO  manager.HelperBase - Start method with name --> successLoginDP
21:34:15.877  INFO  manager.MyListener - WebDriver start find element -->By.xpath: //a[text()=' Logout ']
21:34:15.886  INFO  manager.MyListener - WebDriver found element by locator -->By.xpath: //a[text()=' Logout ']
21:34:16.159  INFO  manager.MyListener - WebDriver start find element -->By.xpath: //*[@href='/login?url=%2Fsearch']
21:34:16.171  INFO  manager.MyListener - WebDriver found element by locator -->By.xpath: //*[@href='/login?url=%2Fsearch']
21:34:16.421  INFO  manager.MyListener - WebDriver start find element -->By.xpath: //*[@id='email']
21:34:16.434  INFO  manager.MyListener - WebDriver found element by locator -->By.xpath: //*[@id='email']
21:34:16.701  INFO  manager.MyListener - WebDriver start find element -->By.xpath: //*[@id='password']
21:34:16.714  INFO  manager.MyListener - WebDriver found element by locator -->By.xpath: //*[@id='password']
21:34:17.276  INFO  manager.MyListener - WebDriver start find element -->By.cssSelector: button[type='submit']
21:34:17.286  INFO  manager.MyListener - WebDriver found element by locator -->By.cssSelector: button[type='submit']
21:34:17.309  INFO  manager.MyListener - WebDriver start find element -->By.cssSelector: button[type='submit']
21:34:17.321  INFO  manager.MyListener - WebDriver found element by locator -->By.cssSelector: button[type='submit']
21:34:19.565  INFO  manager.MyListener - WebDriver start find element -->By.cssSelector: div.dialog-container
21:34:20.939  INFO  manager.MyListener - WebDriver found element by locator -->By.cssSelector: div.dialog-container
21:34:20.959  INFO  manager.MyListener - WebDriver start find element -->By.cssSelector: div.dialog-container h1
21:34:20.968  INFO  manager.MyListener - WebDriver found element by locator -->By.cssSelector: div.dialog-container h1
21:34:20.988  INFO  manager.MyListener - WebDriver start find element -->By.xpath: //button[text()='Ok']
21:34:20.997  INFO  manager.MyListener - WebDriver found element by locator -->By.xpath: //button[text()='Ok']
21:34:21.219  INFO  manager.HelperBase - Start method with name --> registrationSuccess
21:34:21.236  INFO  manager.MyListener - WebDriver start find element -->By.xpath: //a[text()=' Logout ']
21:34:21.247  INFO  manager.MyListener - WebDriver found element by locator -->By.xpath: //a[text()=' Logout ']
21:34:21.497  INFO  manager.MyListener - WebDriver start find element -->By.xpath: //*[@href='/registration?url=%2Fsearch']
21:34:21.511  INFO  manager.MyListener - WebDriver found element by locator -->By.xpath: //*[@href='/registration?url=%2Fsearch']
21:34:21.777  INFO  manager.MyListener - WebDriver start find element -->By.id: name
21:34:21.792  INFO  manager.MyListener - WebDriver found element by locator -->By.id: name
21:34:22.047  INFO  manager.MyListener - WebDriver start find element -->By.id: lastName
21:34:22.059  INFO  manager.MyListener - WebDriver found element by locator -->By.id: lastName
21:34:22.323  INFO  manager.MyListener - WebDriver start find element -->By.id: email
21:34:22.334  INFO  manager.MyListener - WebDriver found element by locator -->By.id: email
21:34:22.605  INFO  manager.MyListener - WebDriver start find element -->By.id: password
21:34:22.616  INFO  manager.MyListener - WebDriver found element by locator -->By.id: password
21:34:22.875  INFO  manager.MyListener - WebDriver start find element -->By.cssSelector: label[for='terms-of-use']
21:34:22.884  INFO  manager.MyListener - WebDriver found element by locator -->By.cssSelector: label[for='terms-of-use']
21:34:23.294  INFO  manager.MyListener - WebDriver start find element -->By.cssSelector: button[type='submit']
21:34:23.308  INFO  manager.MyListener - WebDriver found element by locator -->By.cssSelector: button[type='submit']
21:34:23.344  INFO  manager.MyListener - WebDriver start find element -->By.cssSelector: button[type='submit']
21:34:23.353  INFO  manager.MyListener - WebDriver found element by locator -->By.cssSelector: button[type='submit']
21:34:23.589  INFO  manager.HelperBase - Registration was succssesful with data --->User{name='Test2061', lastName='Test2061', email='tets2061@gmail.com', password='Ttest2061$', phoneNumber='null'}
21:34:25.596  INFO  manager.MyListener - WebDriver start find element -->By.cssSelector: div.dialog-container
21:34:25.611  INFO  manager.MyListener - WebDriver found element by locator -->By.cssSelector: div.dialog-container
21:34:25.643  INFO  manager.MyListener - WebDriver start find element -->By.cssSelector: div.dialog-container h1
21:34:25.652  INFO  manager.MyListener - WebDriver found element by locator -->By.cssSelector: div.dialog-container h1
21:34:25.673  INFO  manager.MyListener - WebDriver start find element -->By.xpath: //button[text()='Ok']
21:34:25.682  INFO  manager.MyListener - WebDriver found element by locator -->By.xpath: //button[text()='Ok']
21:34:25.900  INFO  manager.MyListener - WebDriver start find element -->By.cssSelector: a[href='/search']
21:34:25.910  INFO  manager.MyListener - WebDriver found element by locator -->By.cssSelector: a[href='/search']
21:34:26.135  INFO  manager.HelperBase - Start method with name --> registrationWrongPasswordFormatAndSize
21:34:26.151  INFO  manager.MyListener - WebDriver start find element -->By.xpath: //a[text()=' Logout ']
21:34:26.163  INFO  manager.MyListener - WebDriver found element by locator -->By.xpath: //a[text()=' Logout ']
21:34:26.433  INFO  manager.HelperBase - Registration was unsuccssesful with data --->User{name='Snow', lastName='White', email='snowwhite@gmail.com', password='SNow', phoneNumber='null'}
21:34:26.433  INFO  manager.MyListener - WebDriver start find element -->By.xpath: //*[@href='/registration?url=%2Fsearch']
21:34:26.443  INFO  manager.MyListener - WebDriver found element by locator -->By.xpath: //*[@href='/registration?url=%2Fsearch']
21:34:26.681  INFO  manager.MyListener - WebDriver start find element -->By.id: name
21:34:26.696  INFO  manager.MyListener - WebDriver found element by locator -->By.id: name
21:34:26.949  INFO  manager.MyListener - WebDriver start find element -->By.id: lastName
21:34:26.962  INFO  manager.MyListener - WebDriver found element by locator -->By.id: lastName
21:34:27.216  INFO  manager.MyListener - WebDriver start find element -->By.id: email
21:34:27.229  INFO  manager.MyListener - WebDriver found element by locator -->By.id: email
21:34:27.506  INFO  manager.MyListener - WebDriver start find element -->By.id: password
21:34:27.518  INFO  manager.MyListener - WebDriver found element by locator -->By.id: password
21:34:27.763  INFO  manager.MyListener - WebDriver start find element -->By.cssSelector: label[for='terms-of-use']
21:34:27.776  INFO  manager.MyListener - WebDriver found element by locator -->By.cssSelector: label[for='terms-of-use']
21:34:28.141  INFO  manager.MyListener - WebDriver start find element -->By.cssSelector: div.error div:first-child
21:34:28.156  INFO  manager.MyListener - WebDriver found element by locator -->By.cssSelector: div.error div:first-child
21:34:28.168  INFO  manager.MyListener - WebDriver start find element -->By.cssSelector: div.error div:first-child
21:34:28.180  INFO  manager.MyListener - WebDriver found element by locator -->By.cssSelector: div.error div:first-child
21:34:28.194  INFO  manager.MyListener - WebDriver start find element -->By.cssSelector: div.error div:last-child
21:34:28.206  INFO  manager.MyListener - WebDriver found element by locator -->By.cssSelector: div.error div:last-child
21:34:28.215  INFO  manager.MyListener - WebDriver start find element -->By.cssSelector: div.error div:last-child
21:34:28.226  INFO  manager.MyListener - WebDriver found element by locator -->By.cssSelector: div.error div:last-child
21:34:28.241  INFO  manager.MyListener - WebDriver start find element -->By.cssSelector: [type=submit]
21:34:28.249  INFO  manager.MyListener - WebDriver found element by locator -->By.cssSelector: [type=submit]
21:34:38.275  INFO  manager.MyListener - WebDriver start find element -->By.cssSelector: a[href='/search']
21:34:38.289  INFO  manager.MyListener - WebDriver found element by locator -->By.cssSelector: a[href='/search']
21:34:38.588  INFO  manager.HelperBase - Start method with name --> searchAnyPeriod
21:34:38.589  INFO  manager.MyListener - WebDriver start find element -->By.id: city
21:34:38.600  INFO  manager.MyListener - WebDriver found element by locator -->By.id: city
21:34:39.581  INFO  manager.MyListener - WebDriver start find element -->By.cssSelector: .pac-item
21:34:39.595  INFO  manager.MyListener - WebDriver found element by locator -->By.cssSelector: .pac-item
21:34:40.311  INFO  manager.MyListener - WebDriver start find element -->By.id: dates
21:34:40.324  INFO  manager.MyListener - WebDriver found element by locator -->By.id: dates
21:34:40.371  INFO  manager.MyListener - WebDriver start find element -->By.id: dates
21:34:40.382  INFO  manager.MyListener - WebDriver found element by locator -->By.id: dates
21:34:40.693  INFO  manager.MyListener - WebDriver start find element -->By.cssSelector: button[aria-label='Next month'
21:34:40.706  INFO  manager.MyListener - WebDriver found element by locator -->By.cssSelector: button[aria-label='Next month'
21:34:40.971  INFO  manager.MyListener - WebDriver start find element -->By.cssSelector: button[aria-label='Next month'
21:34:40.984  INFO  manager.MyListener - WebDriver found element by locator -->By.cssSelector: button[aria-label='Next month'
21:34:41.240  INFO  manager.MyListener - WebDriver start find element -->By.cssSelector: button[aria-label='Next month'
21:34:41.254  INFO  manager.MyListener - WebDriver found element by locator -->By.cssSelector: button[aria-label='Next month'
21:34:41.522  INFO  manager.MyListener - WebDriver start find element -->By.cssSelector: button[aria-label='Next month'
21:34:41.536  INFO  manager.MyListener - WebDriver found element by locator -->By.cssSelector: button[aria-label='Next month'
21:34:41.793  INFO  manager.MyListener - WebDriver start find element -->By.cssSelector: button[aria-label='Next month'
21:34:41.803  INFO  manager.MyListener - WebDriver found element by locator -->By.cssSelector: button[aria-label='Next month'
21:34:42.046  INFO  manager.MyListener - WebDriver start find element -->By.cssSelector: button[aria-label='Next month'
21:34:42.061  INFO  manager.MyListener - WebDriver found element by locator -->By.cssSelector: button[aria-label='Next month'
21:34:42.318  INFO  manager.MyListener - WebDriver start find element -->By.cssSelector: button[aria-label='Next month'
21:34:42.332  INFO  manager.MyListener - WebDriver found element by locator -->By.cssSelector: button[aria-label='Next month'
21:34:42.583  INFO  manager.MyListener - WebDriver start find element -->By.cssSelector: button[aria-label='Next month'
21:34:42.596  INFO  manager.MyListener - WebDriver found element by locator -->By.cssSelector: button[aria-label='Next month'
21:34:42.854  INFO  manager.MyListener - WebDriver start find element -->By.cssSelector: button[aria-label='Next month'
21:34:42.872  INFO  manager.MyListener - WebDriver found element by locator -->By.cssSelector: button[aria-label='Next month'
21:34:43.138  INFO  manager.MyListener - WebDriver start find element -->By.cssSelector: button[aria-label='Next month'
21:34:43.152  INFO  manager.MyListener - WebDriver found element by locator -->By.cssSelector: button[aria-label='Next month'
21:34:43.410  INFO  manager.MyListener - WebDriver start find element -->By.cssSelector: button[aria-label='Next month'
21:34:43.424  INFO  manager.MyListener - WebDriver found element by locator -->By.cssSelector: button[aria-label='Next month'
21:34:43.693  INFO  manager.MyListener - WebDriver start find element -->By.xpath: //div[text()=' 10 ']
21:34:43.707  INFO  manager.MyListener - WebDriver found element by locator -->By.xpath: //div[text()=' 10 ']
21:34:43.960  INFO  manager.MyListener - WebDriver start find element -->By.cssSelector: button[aria-label='Next month'
21:34:43.975  INFO  manager.MyListener - WebDriver found element by locator -->By.cssSelector: button[aria-label='Next month'
21:34:44.232  INFO  manager.MyListener - WebDriver start find element -->By.xpath: //div[text()=' 15 ']
21:34:44.245  INFO  manager.MyListener - WebDriver found element by locator -->By.xpath: //div[text()=' 15 ']
21:34:44.502  INFO  manager.MyListener - WebDriver start find element -->By.cssSelector: button[type='submit']
21:34:44.517  INFO  manager.MyListener - WebDriver found element by locator -->By.cssSelector: button[type='submit']
21:34:44.555  INFO  manager.MyListener - WebDriver start find element -->By.cssSelector: button[type='submit']
21:34:44.567  INFO  manager.MyListener - WebDriver found element by locator -->By.cssSelector: button[type='submit']
21:34:45.749  INFO  manager.MyListener - WebDriver start find element -->By.cssSelector: a[href='/search']
21:34:45.760  INFO  manager.MyListener - WebDriver found element by locator -->By.cssSelector: a[href='/search']
21:34:46.013  INFO  manager.HelperBase - Start method with name --> searchCurrentMonth
21:34:46.014  INFO  manager.MyListener - WebDriver start find element -->By.id: city
21:34:46.027  INFO  manager.MyListener - WebDriver found element by locator -->By.id: city
21:34:47.010  INFO  manager.MyListener - WebDriver start find element -->By.cssSelector: .pac-item
21:34:47.023  INFO  manager.MyListener - WebDriver found element by locator -->By.cssSelector: .pac-item
21:34:47.746  INFO  manager.MyListener - WebDriver start find element -->By.id: dates
21:34:47.756  INFO  manager.MyListener - WebDriver found element by locator -->By.id: dates
21:34:47.774  INFO  manager.MyListener - WebDriver start find element -->By.id: dates
21:34:47.781  INFO  manager.MyListener - WebDriver found element by locator -->By.id: dates
21:34:48.032  INFO  manager.MyListener - WebDriver start find element -->By.xpath: //div[text()=' 30 ']
21:34:48.045  INFO  manager.MyListener - WebDriver found element by locator -->By.xpath: //div[text()=' 30 ']
21:34:48.294  INFO  manager.MyListener - WebDriver start find element -->By.xpath: //div[text()=' 31 ']
21:34:48.307  INFO  manager.MyListener - WebDriver found element by locator -->By.xpath: //div[text()=' 31 ']
21:34:48.556  INFO  manager.MyListener - WebDriver start find element -->By.cssSelector: button[type='submit']
21:34:48.573  INFO  manager.MyListener - WebDriver found element by locator -->By.cssSelector: button[type='submit']
21:34:48.602  INFO  manager.MyListener - WebDriver start find element -->By.cssSelector: button[type='submit']
21:34:48.610  INFO  manager.MyListener - WebDriver found element by locator -->By.cssSelector: button[type='submit']
21:34:49.831  INFO  manager.MyListener - WebDriver start find element -->By.cssSelector: a[href='/search']
21:34:49.846  INFO  manager.MyListener - WebDriver found element by locator -->By.cssSelector: a[href='/search']
21:34:50.106  INFO  manager.HelperBase - Start method with name --> searchCurrentYear
21:34:50.107  INFO  manager.MyListener - WebDriver start find element -->By.id: city
21:34:50.124  INFO  manager.MyListener - WebDriver found element by locator -->By.id: city
21:34:51.122  INFO  manager.MyListener - WebDriver start find element -->By.cssSelector: .pac-item
21:34:51.137  INFO  manager.MyListener - WebDriver found element by locator -->By.cssSelector: .pac-item
21:34:51.853  INFO  manager.MyListener - WebDriver start find element -->By.id: dates
21:34:51.866  INFO  manager.MyListener - WebDriver found element by locator -->By.id: dates
21:34:51.894  INFO  manager.MyListener - WebDriver start find element -->By.id: dates
21:34:51.905  INFO  manager.MyListener - WebDriver found element by locator -->By.id: dates
21:34:52.271  INFO  manager.MyListener - WebDriver start find element -->By.cssSelector: button[aria-label='Next month'
21:34:52.283  INFO  manager.MyListener - WebDriver found element by locator -->By.cssSelector: button[aria-label='Next month'
21:34:52.524  INFO  manager.MyListener - WebDriver start find element -->By.cssSelector: button[aria-label='Next month'
21:34:52.538  INFO  manager.MyListener - WebDriver found element by locator -->By.cssSelector: button[aria-label='Next month'
21:34:52.776  INFO  manager.MyListener - WebDriver start find element -->By.cssSelector: button[aria-label='Next month'
21:34:52.791  INFO  manager.MyListener - WebDriver found element by locator -->By.cssSelector: button[aria-label='Next month'
21:34:53.041  INFO  manager.MyListener - WebDriver start find element -->By.xpath: //div[text()=' 28 ']
21:34:53.052  INFO  manager.MyListener - WebDriver found element by locator -->By.xpath: //div[text()=' 28 ']
21:34:53.293  INFO  manager.MyListener - WebDriver start find element -->By.cssSelector: button[aria-label='Next month'
21:34:53.308  INFO  manager.MyListener - WebDriver found element by locator -->By.cssSelector: button[aria-label='Next month'
21:34:53.558  INFO  manager.MyListener - WebDriver start find element -->By.cssSelector: button[aria-label='Next month'
21:34:53.573  INFO  manager.MyListener - WebDriver found element by locator -->By.cssSelector: button[aria-label='Next month'
21:34:53.815  INFO  manager.MyListener - WebDriver start find element -->By.xpath: //div[text()=' 10 ']
21:34:53.829  INFO  manager.MyListener - WebDriver found element by locator -->By.xpath: //div[text()=' 10 ']
21:34:54.072  INFO  manager.MyListener - WebDriver start find element -->By.cssSelector: button[type='submit']
21:34:54.086  INFO  manager.MyListener - WebDriver found element by locator -->By.cssSelector: button[type='submit']
21:34:54.125  INFO  manager.MyListener - WebDriver start find element -->By.cssSelector: button[type='submit']
21:34:54.137  INFO  manager.MyListener - WebDriver found element by locator -->By.cssSelector: button[type='submit']
21:34:55.406  INFO  manager.MyListener - WebDriver start find element -->By.cssSelector: a[href='/search']
21:34:55.419  INFO  manager.MyListener - WebDriver found element by locator -->By.cssSelector: a[href='/search']
21:34:55.665  INFO  manager.HelperBase - Start method with name --> searchCurrentYearLocalDate
21:34:55.667  INFO  manager.MyListener - WebDriver start find element -->By.id: city
21:34:55.680  INFO  manager.MyListener - WebDriver found element by locator -->By.id: city
21:34:56.671  INFO  manager.MyListener - WebDriver start find element -->By.cssSelector: .pac-item
21:34:56.685  INFO  manager.MyListener - WebDriver found element by locator -->By.cssSelector: .pac-item
21:34:57.401  INFO  manager.MyListener - WebDriver start find element -->By.id: dates
21:34:57.415  INFO  manager.MyListener - WebDriver found element by locator -->By.id: dates
21:34:57.444  INFO  manager.MyListener - WebDriver start find element -->By.id: dates
21:34:57.455  INFO  manager.MyListener - WebDriver found element by locator -->By.id: dates
21:34:57.706  INFO  manager.MyListener - WebDriver start find element -->By.cssSelector: button[aria-label='Next month'
21:34:57.721  INFO  manager.MyListener - WebDriver found element by locator -->By.cssSelector: button[aria-label='Next month'
21:34:57.974  INFO  manager.MyListener - WebDriver start find element -->By.xpath: //div[text()=' 10 ']
21:34:57.990  INFO  manager.MyListener - WebDriver found element by locator -->By.xpath: //div[text()=' 10 ']
21:34:58.236  INFO  manager.MyListener - WebDriver start find element -->By.cssSelector: button[aria-label='Next month'
21:34:58.249  INFO  manager.MyListener - WebDriver found element by locator -->By.cssSelector: button[aria-label='Next month'
21:34:58.488  INFO  manager.MyListener - WebDriver start find element -->By.cssSelector: button[aria-label='Next month'
21:34:58.501  INFO  manager.MyListener - WebDriver found element by locator -->By.cssSelector: button[aria-label='Next month'
21:34:58.749  INFO  manager.MyListener - WebDriver start find element -->By.xpath: //div[text()=' 20 ']
21:34:58.763  INFO  manager.MyListener - WebDriver found element by locator -->By.xpath: //div[text()=' 20 ']
21:34:59.016  INFO  manager.MyListener - WebDriver start find element -->By.cssSelector: button[type='submit']
21:34:59.030  INFO  manager.MyListener - WebDriver found element by locator -->By.cssSelector: button[type='submit']
21:34:59.069  INFO  manager.MyListener - WebDriver start find element -->By.cssSelector: button[type='submit']
21:34:59.081  INFO  manager.MyListener - WebDriver found element by locator -->By.cssSelector: button[type='submit']
21:35:00.424  INFO  manager.MyListener - WebDriver start find element -->By.cssSelector: a[href='/search']
21:35:00.439  INFO  manager.MyListener - WebDriver found element by locator -->By.cssSelector: a[href='/search']
21:35:00.697  INFO  manager.HelperBase - Start method with name --> searchNextMonth
21:35:00.698  INFO  manager.MyListener - WebDriver start find element -->By.id: city
21:35:00.712  INFO  manager.MyListener - WebDriver found element by locator -->By.id: city
21:35:01.705  INFO  manager.MyListener - WebDriver start find element -->By.cssSelector: .pac-item
21:35:01.719  INFO  manager.MyListener - WebDriver found element by locator -->By.cssSelector: .pac-item
21:35:02.444  INFO  manager.MyListener - WebDriver start find element -->By.id: dates
21:35:02.457  INFO  manager.MyListener - WebDriver found element by locator -->By.id: dates
21:35:02.486  INFO  manager.MyListener - WebDriver start find element -->By.id: dates
21:35:02.495  INFO  manager.MyListener - WebDriver found element by locator -->By.id: dates
21:35:02.768  INFO  manager.MyListener - WebDriver start find element -->By.cssSelector: button[aria-label='Next month'
21:35:02.782  INFO  manager.MyListener - WebDriver found element by locator -->By.cssSelector: button[aria-label='Next month'
21:35:03.050  INFO  manager.MyListener - WebDriver start find element -->By.xpath: //div[text()=' 8 ']
21:35:03.064  INFO  manager.MyListener - WebDriver found element by locator -->By.xpath: //div[text()=' 8 ']
21:35:03.322  INFO  manager.MyListener - WebDriver start find element -->By.xpath: //div[text()=' 20 ']
21:35:03.335  INFO  manager.MyListener - WebDriver found element by locator -->By.xpath: //div[text()=' 20 ']
21:35:03.591  INFO  manager.MyListener - WebDriver start find element -->By.cssSelector: button[type='submit']
21:35:03.605  INFO  manager.MyListener - WebDriver found element by locator -->By.cssSelector: button[type='submit']
21:35:03.646  INFO  manager.MyListener - WebDriver start find element -->By.cssSelector: button[type='submit']
21:35:03.660  INFO  manager.MyListener - WebDriver found element by locator -->By.cssSelector: button[type='submit']
21:35:05.142  INFO  manager.MyListener - WebDriver start find element -->By.cssSelector: a[href='/search']
21:35:05.150  INFO  manager.MyListener - WebDriver found element by locator -->By.cssSelector: a[href='/search']
21:35:05.414  INFO  manager.HelperBase - Start method with name --> searchPeriodPast
21:35:05.415  INFO  manager.MyListener - WebDriver start find element -->By.id: city
21:35:05.430  INFO  manager.MyListener - WebDriver found element by locator -->By.id: city
21:35:06.431  INFO  manager.MyListener - WebDriver start find element -->By.cssSelector: .pac-item
21:35:06.444  INFO  manager.MyListener - WebDriver found element by locator -->By.cssSelector: .pac-item
21:35:07.163  INFO  manager.MyListener - WebDriver start find element -->By.id: dates
21:35:07.177  INFO  manager.MyListener - WebDriver found element by locator -->By.id: dates
21:35:07.207  INFO  manager.MyListener - WebDriver start find element -->By.id: dates
21:35:07.221  INFO  manager.MyListener - WebDriver found element by locator -->By.id: dates
21:35:07.560  INFO  manager.MyListener - WebDriver start find element -->By.cssSelector: .cdk-overlay-container
21:35:07.572  INFO  manager.MyListener - WebDriver found element by locator -->By.cssSelector: .cdk-overlay-container
21:35:07.797  INFO  manager.MyListener - WebDriver start find element -->By.cssSelector: button[type='submit']
21:35:07.810  INFO  manager.MyListener - WebDriver found element by locator -->By.cssSelector: button[type='submit']
21:35:08.551  INFO  manager.MyListener - WebDriver start find element -->By.cssSelector: [type=submit]
21:35:08.562  INFO  manager.MyListener - WebDriver found element by locator -->By.cssSelector: [type=submit]
21:35:08.569  INFO  manager.MyListener - WebDriver start find element -->By.cssSelector: div.error div:first-child
21:35:08.578  INFO  manager.MyListener - WebDriver found element by locator -->By.cssSelector: div.error div:first-child
21:35:08.586  INFO  manager.MyListener - WebDriver start find element -->By.cssSelector: div.error div:first-child
21:35:08.594  INFO  manager.MyListener - WebDriver found element by locator -->By.cssSelector: div.error div:first-child
21:35:08.905  INFO  manager.MyListener - WebDriver start find element -->By.cssSelector: a[href='/search']
21:35:08.914  INFO  manager.MyListener - WebDriver found element by locator -->By.cssSelector: a[href='/search']
