14:04:14.098  INFO  manager.ApplicationManager - All tests run in firefox browser
14:04:18.414  INFO  manager.ApplicationManager - current url ---->https://ilcarro-1578153671498.web.app/search
14:04:18.480  INFO  manager.HelperBase - Start method with name --> successLogin
14:04:28.533  INFO  manager.HelperBase - Test start with email: huff1@gmail.compassword: Hhuff11234$
14:04:28.536  INFO  manager.MyListener - WebDriver start find element -->By.xpath: //*[@href='/login?url=%2Fsearch']
14:04:28.581  INFO  manager.MyListener - WebDriver found element by locator -->By.xpath: //*[@href='/login?url=%2Fsearch']
14:04:28.898  INFO  manager.MyListener - WebDriver start find element -->By.xpath: //*[@id='email']
14:04:28.915  INFO  manager.MyListener - WebDriver found element by locator -->By.xpath: //*[@id='email']
14:04:29.216  INFO  manager.MyListener - WebDriver start find element -->By.xpath: //*[@id='password']
14:04:29.244  INFO  manager.MyListener - WebDriver found element by locator -->By.xpath: //*[@id='password']
14:04:29.532  INFO  manager.MyListener - WebDriver start find element -->By.cssSelector: button[type='submit']
14:04:29.554  INFO  manager.MyListener - WebDriver found element by locator -->By.cssSelector: button[type='submit']
14:04:29.617  INFO  manager.MyListener - WebDriver start find element -->By.cssSelector: button[type='submit']
14:04:29.648  INFO  manager.MyListener - WebDriver found element by locator -->By.cssSelector: button[type='submit']
14:04:31.900  INFO  manager.MyListener - WebDriver start find element -->By.cssSelector: div.dialog-container
14:04:31.922  INFO  manager.MyListener - WebDriver found element by locator -->By.cssSelector: div.dialog-container
14:04:31.955  INFO  manager.MyListener - WebDriver start find element -->By.cssSelector: div.dialog-container h1
14:04:31.971  INFO  manager.MyListener - WebDriver found element by locator -->By.cssSelector: div.dialog-container h1
14:04:32.002  INFO  manager.MyListener - WebDriver start find element -->By.xpath: //button[text()='Ok']
14:04:32.022  INFO  manager.MyListener - WebDriver found element by locator -->By.xpath: //button[text()='Ok']
14:04:32.254  INFO  manager.HelperBase - Start method with name --> successLogin
14:04:32.270  INFO  manager.MyListener - WebDriver start find element -->By.xpath: //a[text()=' Logout ']
14:04:32.285  INFO  manager.MyListener - WebDriver found element by locator -->By.xpath: //a[text()=' Logout ']
14:04:32.539  INFO  manager.HelperBase - Test start with email: huff@gmail.compassword: Hhuff1234$
14:04:32.539  INFO  manager.MyListener - WebDriver start find element -->By.xpath: //*[@href='/login?url=%2Fsearch']
14:04:32.554  INFO  manager.MyListener - WebDriver found element by locator -->By.xpath: //*[@href='/login?url=%2Fsearch']
14:04:32.817  INFO  manager.MyListener - WebDriver start find element -->By.xpath: //*[@id='email']
14:04:32.840  INFO  manager.MyListener - WebDriver found element by locator -->By.xpath: //*[@id='email']
14:04:33.125  INFO  manager.MyListener - WebDriver start find element -->By.xpath: //*[@id='password']
14:04:33.156  INFO  manager.MyListener - WebDriver found element by locator -->By.xpath: //*[@id='password']
14:04:33.426  INFO  manager.MyListener - WebDriver start find element -->By.cssSelector: button[type='submit']
14:04:33.457  INFO  manager.MyListener - WebDriver found element by locator -->By.cssSelector: button[type='submit']
14:04:33.488  INFO  manager.MyListener - WebDriver start find element -->By.cssSelector: button[type='submit']
14:04:33.504  INFO  manager.MyListener - WebDriver found element by locator -->By.cssSelector: button[type='submit']
14:04:35.757  INFO  manager.MyListener - WebDriver start find element -->By.cssSelector: div.dialog-container
14:04:35.773  INFO  manager.MyListener - WebDriver found element by locator -->By.cssSelector: div.dialog-container
14:04:35.804  INFO  manager.MyListener - WebDriver start find element -->By.cssSelector: div.dialog-container h1
14:04:35.820  INFO  manager.MyListener - WebDriver found element by locator -->By.cssSelector: div.dialog-container h1
14:04:35.847  INFO  manager.MyListener - WebDriver start find element -->By.xpath: //button[text()='Ok']
14:04:35.863  INFO  manager.MyListener - WebDriver found element by locator -->By.xpath: //button[text()='Ok']
14:04:36.079  INFO  manager.HelperBase - Start method with name --> successLogin
14:04:36.100  INFO  manager.MyListener - WebDriver start find element -->By.xpath: //a[text()=' Logout ']
14:04:36.115  INFO  manager.MyListener - WebDriver found element by locator -->By.xpath: //a[text()=' Logout ']
14:04:36.378  INFO  manager.HelperBase - Test start with email: alex1@gmail.compassword: Aalex1234
14:04:36.378  INFO  manager.MyListener - WebDriver start find element -->By.xpath: //*[@href='/login?url=%2Fsearch']
14:04:36.393  INFO  manager.MyListener - WebDriver found element by locator -->By.xpath: //*[@href='/login?url=%2Fsearch']
14:04:36.648  INFO  manager.MyListener - WebDriver start find element -->By.xpath: //*[@id='email']
14:04:36.664  INFO  manager.MyListener - WebDriver found element by locator -->By.xpath: //*[@id='email']
14:04:36.949  INFO  manager.MyListener - WebDriver start find element -->By.xpath: //*[@id='password']
14:04:36.979  INFO  manager.MyListener - WebDriver found element by locator -->By.xpath: //*[@id='password']
14:04:37.234  INFO  manager.MyListener - WebDriver start find element -->By.cssSelector: button[type='submit']
14:04:37.249  INFO  manager.MyListener - WebDriver found element by locator -->By.cssSelector: button[type='submit']
14:04:37.292  INFO  manager.MyListener - WebDriver start find element -->By.cssSelector: button[type='submit']
14:04:37.309  INFO  manager.MyListener - WebDriver found element by locator -->By.cssSelector: button[type='submit']
14:04:39.547  INFO  manager.MyListener - WebDriver start find element -->By.cssSelector: div.dialog-container
14:04:39.562  INFO  manager.MyListener - WebDriver found element by locator -->By.cssSelector: div.dialog-container
14:04:39.599  INFO  manager.MyListener - WebDriver start find element -->By.cssSelector: div.dialog-container h1
14:04:39.615  INFO  manager.MyListener - WebDriver found element by locator -->By.cssSelector: div.dialog-container h1
14:04:39.630  INFO  manager.MyListener - WebDriver start find element -->By.xpath: //button[text()='Ok']
14:04:39.630  INFO  manager.MyListener - WebDriver found element by locator -->By.xpath: //button[text()='Ok']
14:04:39.862  INFO  manager.HelperBase - Start method with name --> successLogin
14:04:39.883  INFO  manager.MyListener - WebDriver start find element -->By.xpath: //a[text()=' Logout ']
14:04:39.883  INFO  manager.MyListener - WebDriver found element by locator -->By.xpath: //a[text()=' Logout ']
14:04:40.159  INFO  manager.HelperBase - Test start with email: joe@gmail.compassword: Dow1234+
14:04:40.159  INFO  manager.MyListener - WebDriver start find element -->By.xpath: //*[@href='/login?url=%2Fsearch']
14:04:40.174  INFO  manager.MyListener - WebDriver found element by locator -->By.xpath: //*[@href='/login?url=%2Fsearch']
14:04:40.431  INFO  manager.MyListener - WebDriver start find element -->By.xpath: //*[@id='email']
14:04:40.447  INFO  manager.MyListener - WebDriver found element by locator -->By.xpath: //*[@id='email']
14:04:40.732  INFO  manager.MyListener - WebDriver start find element -->By.xpath: //*[@id='password']
14:04:40.747  INFO  manager.MyListener - WebDriver found element by locator -->By.xpath: //*[@id='password']
14:04:41.017  INFO  manager.MyListener - WebDriver start find element -->By.cssSelector: button[type='submit']
14:04:41.033  INFO  manager.MyListener - WebDriver found element by locator -->By.cssSelector: button[type='submit']
14:04:41.080  INFO  manager.MyListener - WebDriver start find element -->By.cssSelector: button[type='submit']
14:04:41.086  INFO  manager.MyListener - WebDriver found element by locator -->By.cssSelector: button[type='submit']
14:04:43.324  INFO  manager.MyListener - WebDriver start find element -->By.cssSelector: div.dialog-container
14:04:43.340  INFO  manager.MyListener - WebDriver found element by locator -->By.cssSelector: div.dialog-container
14:04:43.355  INFO  manager.MyListener - WebDriver start find element -->By.cssSelector: div.dialog-container h1
14:04:43.371  INFO  manager.MyListener - WebDriver found element by locator -->By.cssSelector: div.dialog-container h1
14:04:43.393  INFO  manager.MyListener - WebDriver start find element -->By.xpath: //button[text()='Ok']
14:04:43.409  INFO  manager.MyListener - WebDriver found element by locator -->By.xpath: //button[text()='Ok']
14:04:43.641  INFO  manager.HelperBase - Start method with name --> successLogin
14:04:43.656  INFO  manager.MyListener - WebDriver start find element -->By.xpath: //a[text()=' Logout ']
14:04:43.672  INFO  manager.MyListener - WebDriver found element by locator -->By.xpath: //a[text()=' Logout ']
14:04:43.926  INFO  manager.HelperBase - Test start with email: alice@gmail.compassword: Ffox12345$
14:04:43.926  INFO  manager.MyListener - WebDriver start find element -->By.xpath: //*[@href='/login?url=%2Fsearch']
14:04:43.941  INFO  manager.MyListener - WebDriver found element by locator -->By.xpath: //*[@href='/login?url=%2Fsearch']
14:04:44.211  INFO  manager.MyListener - WebDriver start find element -->By.xpath: //*[@id='email']
14:04:44.226  INFO  manager.MyListener - WebDriver found element by locator -->By.xpath: //*[@id='email']
14:04:44.511  INFO  manager.MyListener - WebDriver start find element -->By.xpath: //*[@id='password']
14:04:44.511  INFO  manager.MyListener - WebDriver found element by locator -->By.xpath: //*[@id='password']
14:04:44.775  INFO  manager.MyListener - WebDriver start find element -->By.cssSelector: button[type='submit']
14:04:44.797  INFO  manager.MyListener - WebDriver found element by locator -->By.cssSelector: button[type='submit']
14:04:44.828  INFO  manager.MyListener - WebDriver start find element -->By.cssSelector: button[type='submit']
14:04:44.844  INFO  manager.MyListener - WebDriver found element by locator -->By.cssSelector: button[type='submit']
14:04:47.082  INFO  manager.MyListener - WebDriver start find element -->By.cssSelector: div.dialog-container
14:04:47.098  INFO  manager.MyListener - WebDriver found element by locator -->By.cssSelector: div.dialog-container
14:04:47.120  INFO  manager.MyListener - WebDriver start find element -->By.cssSelector: div.dialog-container h1
14:04:47.135  INFO  manager.MyListener - WebDriver found element by locator -->By.cssSelector: div.dialog-container h1
14:04:47.167  INFO  manager.MyListener - WebDriver start find element -->By.xpath: //button[text()='Ok']
14:04:47.182  INFO  manager.MyListener - WebDriver found element by locator -->By.xpath: //button[text()='Ok']
14:04:47.400  INFO  manager.HelperBase - Start method with name --> successLogin
14:04:47.405  INFO  manager.MyListener - WebDriver start find element -->By.xpath: //a[text()=' Logout ']
14:04:47.420  INFO  manager.MyListener - WebDriver found element by locator -->By.xpath: //a[text()=' Logout ']
14:04:47.668  INFO  manager.HelperBase - Test start with email: regi@gmail.compassword: Ffive1234$
14:04:47.668  INFO  manager.MyListener - WebDriver start find element -->By.xpath: //*[@href='/login?url=%2Fsearch']
14:04:47.683  INFO  manager.MyListener - WebDriver found element by locator -->By.xpath: //*[@href='/login?url=%2Fsearch']
14:04:47.937  INFO  manager.MyListener - WebDriver start find element -->By.xpath: //*[@id='email']
14:04:47.952  INFO  manager.MyListener - WebDriver found element by locator -->By.xpath: //*[@id='email']
14:04:48.222  INFO  manager.MyListener - WebDriver start find element -->By.xpath: //*[@id='password']
14:04:48.269  INFO  manager.MyListener - WebDriver found element by locator -->By.xpath: //*[@id='password']
14:04:48.538  INFO  manager.MyListener - WebDriver start find element -->By.cssSelector: button[type='submit']
14:04:48.554  INFO  manager.MyListener - WebDriver found element by locator -->By.cssSelector: button[type='submit']
14:04:48.570  INFO  manager.MyListener - WebDriver start find element -->By.cssSelector: button[type='submit']
14:04:48.585  INFO  manager.MyListener - WebDriver found element by locator -->By.cssSelector: button[type='submit']
14:04:50.836  INFO  manager.MyListener - WebDriver start find element -->By.cssSelector: div.dialog-container
14:04:50.852  INFO  manager.MyListener - WebDriver found element by locator -->By.cssSelector: div.dialog-container
14:04:50.883  INFO  manager.MyListener - WebDriver start find element -->By.cssSelector: div.dialog-container h1
14:04:50.883  INFO  manager.MyListener - WebDriver found element by locator -->By.cssSelector: div.dialog-container h1
14:04:50.914  INFO  manager.MyListener - WebDriver start find element -->By.xpath: //button[text()='Ok']
14:04:50.914  INFO  manager.MyListener - WebDriver found element by locator -->By.xpath: //button[text()='Ok']
14:04:51.146  INFO  manager.HelperBase - Start method with name --> successLogin
14:04:51.161  INFO  manager.MyListener - WebDriver start find element -->By.xpath: //a[text()=' Logout ']
14:04:51.161  INFO  manager.MyListener - WebDriver found element by locator -->By.xpath: //a[text()=' Logout ']
14:04:51.409  INFO  manager.HelperBase - Test start with email: two@gmail.compassword: Sshon12345$
14:04:51.409  INFO  manager.MyListener - WebDriver start find element -->By.xpath: //*[@href='/login?url=%2Fsearch']
14:04:51.415  INFO  manager.MyListener - WebDriver found element by locator -->By.xpath: //*[@href='/login?url=%2Fsearch']
14:04:51.678  INFO  manager.MyListener - WebDriver start find element -->By.xpath: //*[@id='email']
14:04:51.694  INFO  manager.MyListener - WebDriver found element by locator -->By.xpath: //*[@id='email']
14:04:51.948  INFO  manager.MyListener - WebDriver start find element -->By.xpath: //*[@id='password']
14:04:51.964  INFO  manager.MyListener - WebDriver found element by locator -->By.xpath: //*[@id='password']
14:04:52.217  INFO  manager.MyListener - WebDriver start find element -->By.cssSelector: button[type='submit']
14:04:52.233  INFO  manager.MyListener - WebDriver found element by locator -->By.cssSelector: button[type='submit']
14:04:52.264  INFO  manager.MyListener - WebDriver start find element -->By.cssSelector: button[type='submit']
14:04:52.280  INFO  manager.MyListener - WebDriver found element by locator -->By.cssSelector: button[type='submit']
14:04:54.538  INFO  manager.MyListener - WebDriver start find element -->By.cssSelector: div.dialog-container
14:04:54.554  INFO  manager.MyListener - WebDriver found element by locator -->By.cssSelector: div.dialog-container
14:04:54.569  INFO  manager.MyListener - WebDriver start find element -->By.cssSelector: div.dialog-container h1
14:04:54.585  INFO  manager.MyListener - WebDriver found element by locator -->By.cssSelector: div.dialog-container h1
14:04:54.601  INFO  manager.MyListener - WebDriver start find element -->By.xpath: //button[text()='Ok']
14:04:54.616  INFO  manager.MyListener - WebDriver found element by locator -->By.xpath: //button[text()='Ok']
14:04:54.839  INFO  manager.HelperBase - Start method with name --> successLogin2
14:04:54.854  INFO  manager.MyListener - WebDriver start find element -->By.xpath: //a[text()=' Logout ']
14:04:54.870  INFO  manager.MyListener - WebDriver found element by locator -->By.xpath: //a[text()=' Logout ']
14:04:55.117  INFO  manager.MyListener - WebDriver start find element -->By.xpath: //*[@href='/login?url=%2Fsearch']
14:04:55.128  INFO  manager.MyListener - WebDriver found element by locator -->By.xpath: //*[@href='/login?url=%2Fsearch']
14:04:55.373  INFO  manager.MyListener - WebDriver start find element -->By.xpath: //*[@id='email']
14:04:55.389  INFO  manager.MyListener - WebDriver found element by locator -->By.xpath: //*[@id='email']
14:04:55.659  INFO  manager.MyListener - WebDriver start find element -->By.xpath: //*[@id='password']
14:04:55.674  INFO  manager.MyListener - WebDriver found element by locator -->By.xpath: //*[@id='password']
14:04:56.307  INFO  manager.MyListener - WebDriver start find element -->By.cssSelector: button[type='submit']
14:04:56.323  INFO  manager.MyListener - WebDriver found element by locator -->By.cssSelector: button[type='submit']
14:04:56.354  INFO  manager.MyListener - WebDriver start find element -->By.cssSelector: button[type='submit']
14:04:56.360  INFO  manager.MyListener - WebDriver found element by locator -->By.cssSelector: button[type='submit']
14:04:58.598  INFO  manager.MyListener - WebDriver start find element -->By.cssSelector: div.dialog-container
14:04:58.613  INFO  manager.MyListener - WebDriver found element by locator -->By.cssSelector: div.dialog-container
14:04:58.645  INFO  manager.MyListener - WebDriver start find element -->By.cssSelector: div.dialog-container h1
14:04:58.667  INFO  manager.MyListener - WebDriver found element by locator -->By.cssSelector: div.dialog-container h1
14:04:58.683  INFO  manager.MyListener - WebDriver start find element -->By.xpath: //button[text()='Ok']
14:04:58.683  INFO  manager.MyListener - WebDriver found element by locator -->By.xpath: //button[text()='Ok']
14:04:58.915  INFO  manager.HelperBase - Start method with name --> successLoginDP
14:04:58.931  INFO  manager.MyListener - WebDriver start find element -->By.xpath: //a[text()=' Logout ']
14:04:58.947  INFO  manager.MyListener - WebDriver found element by locator -->By.xpath: //a[text()=' Logout ']
14:04:59.202  INFO  manager.MyListener - WebDriver start find element -->By.xpath: //*[@href='/login?url=%2Fsearch']
14:04:59.212  INFO  manager.MyListener - WebDriver found element by locator -->By.xpath: //*[@href='/login?url=%2Fsearch']
14:04:59.466  INFO  manager.MyListener - WebDriver start find element -->By.xpath: //*[@id='email']
14:04:59.474  INFO  manager.MyListener - WebDriver found element by locator -->By.xpath: //*[@id='email']
14:04:59.723  INFO  manager.MyListener - WebDriver start find element -->By.xpath: //*[@id='password']
14:04:59.745  INFO  manager.MyListener - WebDriver found element by locator -->By.xpath: //*[@id='password']
14:05:00.290  INFO  manager.MyListener - WebDriver start find element -->By.cssSelector: button[type='submit']
14:05:00.302  INFO  manager.MyListener - WebDriver found element by locator -->By.cssSelector: button[type='submit']
14:05:00.329  INFO  manager.MyListener - WebDriver start find element -->By.cssSelector: button[type='submit']
14:05:00.341  INFO  manager.MyListener - WebDriver found element by locator -->By.cssSelector: button[type='submit']
14:05:02.569  INFO  manager.MyListener - WebDriver start find element -->By.cssSelector: div.dialog-container
14:05:02.584  INFO  manager.MyListener - WebDriver found element by locator -->By.cssSelector: div.dialog-container
14:05:02.600  INFO  manager.MyListener - WebDriver start find element -->By.cssSelector: div.dialog-container h1
14:05:02.615  INFO  manager.MyListener - WebDriver found element by locator -->By.cssSelector: div.dialog-container h1
14:05:02.631  INFO  manager.MyListener - WebDriver start find element -->By.xpath: //button[text()='Ok']
14:05:02.647  INFO  manager.MyListener - WebDriver found element by locator -->By.xpath: //button[text()='Ok']
14:05:02.869  INFO  manager.HelperBase - Start method with name --> successLoginDP
14:05:02.885  INFO  manager.MyListener - WebDriver start find element -->By.xpath: //a[text()=' Logout ']
14:05:02.885  INFO  manager.MyListener - WebDriver found element by locator -->By.xpath: //a[text()=' Logout ']
14:05:03.148  INFO  manager.MyListener - WebDriver start find element -->By.xpath: //*[@href='/login?url=%2Fsearch']
14:05:03.164  INFO  manager.MyListener - WebDriver found element by locator -->By.xpath: //*[@href='/login?url=%2Fsearch']
14:05:03.411  INFO  manager.MyListener - WebDriver start find element -->By.xpath: //*[@id='email']
14:05:03.421  INFO  manager.MyListener - WebDriver found element by locator -->By.xpath: //*[@id='email']
14:05:03.678  INFO  manager.MyListener - WebDriver start find element -->By.xpath: //*[@id='password']
14:05:03.710  INFO  manager.MyListener - WebDriver found element by locator -->By.xpath: //*[@id='password']
14:05:04.236  INFO  manager.MyListener - WebDriver start find element -->By.cssSelector: button[type='submit']
14:05:04.245  INFO  manager.MyListener - WebDriver found element by locator -->By.cssSelector: button[type='submit']
14:05:04.265  INFO  manager.MyListener - WebDriver start find element -->By.cssSelector: button[type='submit']
14:05:04.275  INFO  manager.MyListener - WebDriver found element by locator -->By.cssSelector: button[type='submit']
14:05:06.512  INFO  manager.MyListener - WebDriver start find element -->By.cssSelector: div.dialog-container
14:05:06.528  INFO  manager.MyListener - WebDriver found element by locator -->By.cssSelector: div.dialog-container
14:05:06.543  INFO  manager.MyListener - WebDriver start find element -->By.cssSelector: div.dialog-container h1
14:05:06.559  INFO  manager.MyListener - WebDriver found element by locator -->By.cssSelector: div.dialog-container h1
14:05:06.581  INFO  manager.MyListener - WebDriver start find element -->By.xpath: //button[text()='Ok']
14:05:06.599  INFO  manager.MyListener - WebDriver found element by locator -->By.xpath: //button[text()='Ok']
14:05:06.831  INFO  manager.HelperBase - Start method with name --> successLoginDP
14:05:06.855  INFO  manager.MyListener - WebDriver start find element -->By.xpath: //a[text()=' Logout ']
14:05:06.859  INFO  manager.MyListener - WebDriver found element by locator -->By.xpath: //a[text()=' Logout ']
14:05:07.113  INFO  manager.MyListener - WebDriver start find element -->By.xpath: //*[@href='/login?url=%2Fsearch']
14:05:07.113  INFO  manager.MyListener - WebDriver found element by locator -->By.xpath: //*[@href='/login?url=%2Fsearch']
14:05:07.361  INFO  manager.MyListener - WebDriver start find element -->By.xpath: //*[@id='email']
14:05:07.378  INFO  manager.MyListener - WebDriver found element by locator -->By.xpath: //*[@id='email']
14:05:07.631  INFO  manager.MyListener - WebDriver start find element -->By.xpath: //*[@id='password']
14:05:07.647  INFO  manager.MyListener - WebDriver found element by locator -->By.xpath: //*[@id='password']
14:05:08.216  INFO  manager.MyListener - WebDriver start find element -->By.cssSelector: button[type='submit']
14:05:08.226  INFO  manager.MyListener - WebDriver found element by locator -->By.cssSelector: button[type='submit']
14:05:08.247  INFO  manager.MyListener - WebDriver start find element -->By.cssSelector: button[type='submit']
14:05:08.259  INFO  manager.MyListener - WebDriver found element by locator -->By.cssSelector: button[type='submit']
14:05:10.480  INFO  manager.MyListener - WebDriver start find element -->By.cssSelector: div.dialog-container
14:05:10.495  INFO  manager.MyListener - WebDriver found element by locator -->By.cssSelector: div.dialog-container
14:05:10.515  INFO  manager.MyListener - WebDriver start find element -->By.cssSelector: div.dialog-container h1
14:05:10.531  INFO  manager.MyListener - WebDriver found element by locator -->By.cssSelector: div.dialog-container h1
14:05:10.547  INFO  manager.MyListener - WebDriver start find element -->By.xpath: //button[text()='Ok']
14:05:10.547  INFO  manager.MyListener - WebDriver found element by locator -->By.xpath: //button[text()='Ok']
