13:37:47.611  INFO  manager.ApplicationManager - All tests run in firefox browser
13:38:02.612  INFO  manager.ApplicationManager - current url ---->https://ilcarro-1578153671498.web.app/search
13:38:02.680  INFO  manager.HelperBase - Start method with name --> successLogin
13:38:12.724  INFO  manager.HelperBase - Test start with email: huff1@gmail.compassword: Hhuff11234$
13:38:12.728  INFO  manager.MyListener - WebDriver start find element -->By.xpath: //*[@href='/login?url=%2Fsearch']
13:38:12.764  INFO  manager.MyListener - WebDriver found element by locator -->By.xpath: //*[@href='/login?url=%2Fsearch']
13:38:13.054  INFO  manager.MyListener - WebDriver start find element -->By.xpath: //*[@id='email']
13:38:13.083  INFO  manager.MyListener - WebDriver found element by locator -->By.xpath: //*[@id='email']
13:38:13.364  INFO  manager.MyListener - WebDriver start find element -->By.xpath: //*[@id='password']
13:38:13.384  INFO  manager.MyListener - WebDriver found element by locator -->By.xpath: //*[@id='password']
13:38:13.642  INFO  manager.MyListener - WebDriver start find element -->By.cssSelector: button[type='submit']
13:38:13.658  INFO  manager.MyListener - WebDriver found element by locator -->By.cssSelector: button[type='submit']
13:38:13.714  INFO  manager.MyListener - WebDriver start find element -->By.cssSelector: button[type='submit']
13:38:13.738  INFO  manager.MyListener - WebDriver found element by locator -->By.cssSelector: button[type='submit']
13:38:15.990  INFO  manager.MyListener - WebDriver start find element -->By.cssSelector: div.dialog-container
13:38:16.006  INFO  manager.MyListener - WebDriver found element by locator -->By.cssSelector: div.dialog-container
13:38:16.038  INFO  manager.MyListener - WebDriver start find element -->By.cssSelector: div.dialog-container h1
13:38:16.054  INFO  manager.MyListener - WebDriver found element by locator -->By.cssSelector: div.dialog-container h1
13:38:16.086  INFO  manager.MyListener - WebDriver start find element -->By.xpath: //button[text()='Ok']
13:38:16.106  INFO  manager.MyListener - WebDriver found element by locator -->By.xpath: //button[text()='Ok']
13:38:16.330  INFO  manager.HelperBase - Start method with name --> successLogin
13:38:16.350  INFO  manager.MyListener - WebDriver start find element -->By.xpath: //a[text()=' Logout ']
13:38:16.364  INFO  manager.MyListener - WebDriver found element by locator -->By.xpath: //a[text()=' Logout ']
13:38:16.610  INFO  manager.HelperBase - Test start with email: huff@gmail.compassword: Hhuff1234$
13:38:16.610  INFO  manager.MyListener - WebDriver start find element -->By.xpath: //*[@href='/login?url=%2Fsearch']
13:38:16.630  INFO  manager.MyListener - WebDriver found element by locator -->By.xpath: //*[@href='/login?url=%2Fsearch']
13:38:16.871  INFO  manager.MyListener - WebDriver start find element -->By.xpath: //*[@id='email']
13:38:16.899  INFO  manager.MyListener - WebDriver found element by locator -->By.xpath: //*[@id='email']
13:38:17.170  INFO  manager.MyListener - WebDriver start find element -->By.xpath: //*[@id='password']
13:38:17.190  INFO  manager.MyListener - WebDriver found element by locator -->By.xpath: //*[@id='password']
13:38:17.455  INFO  manager.MyListener - WebDriver start find element -->By.cssSelector: button[type='submit']
13:38:17.479  INFO  manager.MyListener - WebDriver found element by locator -->By.cssSelector: button[type='submit']
13:38:17.511  INFO  manager.MyListener - WebDriver start find element -->By.cssSelector: button[type='submit']
13:38:17.527  INFO  manager.MyListener - WebDriver found element by locator -->By.cssSelector: button[type='submit']
13:38:19.761  INFO  manager.MyListener - WebDriver start find element -->By.cssSelector: div.dialog-container
13:38:19.784  INFO  manager.MyListener - WebDriver found element by locator -->By.cssSelector: div.dialog-container
13:38:19.815  INFO  manager.MyListener - WebDriver start find element -->By.cssSelector: div.dialog-container h1
13:38:19.832  INFO  manager.MyListener - WebDriver found element by locator -->By.cssSelector: div.dialog-container h1
13:38:19.854  INFO  manager.MyListener - WebDriver start find element -->By.xpath: //button[text()='Ok']
13:38:19.867  INFO  manager.MyListener - WebDriver found element by locator -->By.xpath: //button[text()='Ok']
13:38:20.086  INFO  manager.HelperBase - Start method with name --> successLogin
13:38:20.100  INFO  manager.MyListener - WebDriver start find element -->By.xpath: //a[text()=' Logout ']
13:38:20.112  INFO  manager.MyListener - WebDriver found element by locator -->By.xpath: //a[text()=' Logout ']
13:38:20.353  INFO  manager.HelperBase - Test start with email: alex1@gmail.compassword: Aalex1234
13:38:20.354  INFO  manager.MyListener - WebDriver start find element -->By.xpath: //*[@href='/login?url=%2Fsearch']
13:38:20.370  INFO  manager.MyListener - WebDriver found element by locator -->By.xpath: //*[@href='/login?url=%2Fsearch']
13:38:20.612  INFO  manager.MyListener - WebDriver start find element -->By.xpath: //*[@id='email']
13:38:20.632  INFO  manager.MyListener - WebDriver found element by locator -->By.xpath: //*[@id='email']
13:38:20.895  INFO  manager.MyListener - WebDriver start find element -->By.xpath: //*[@id='password']
13:38:20.912  INFO  manager.MyListener - WebDriver found element by locator -->By.xpath: //*[@id='password']
13:38:21.164  INFO  manager.MyListener - WebDriver start find element -->By.cssSelector: button[type='submit']
13:38:21.183  INFO  manager.MyListener - WebDriver found element by locator -->By.cssSelector: button[type='submit']
13:38:21.221  INFO  manager.MyListener - WebDriver start find element -->By.cssSelector: button[type='submit']
13:38:21.240  INFO  manager.MyListener - WebDriver found element by locator -->By.cssSelector: button[type='submit']
13:38:23.472  INFO  manager.MyListener - WebDriver start find element -->By.cssSelector: div.dialog-container
13:38:23.484  INFO  manager.MyListener - WebDriver found element by locator -->By.cssSelector: div.dialog-container
13:38:23.501  INFO  manager.MyListener - WebDriver start find element -->By.cssSelector: div.dialog-container h1
13:38:23.513  INFO  manager.MyListener - WebDriver found element by locator -->By.cssSelector: div.dialog-container h1
13:38:23.530  INFO  manager.MyListener - WebDriver start find element -->By.xpath: //button[text()='Ok']
13:38:23.539  INFO  manager.MyListener - WebDriver found element by locator -->By.xpath: //button[text()='Ok']
13:38:23.755  INFO  manager.HelperBase - Start method with name --> successLogin
13:38:23.769  INFO  manager.MyListener - WebDriver start find element -->By.xpath: //a[text()=' Logout ']
13:38:23.780  INFO  manager.MyListener - WebDriver found element by locator -->By.xpath: //a[text()=' Logout ']
13:38:24.015  INFO  manager.HelperBase - Test start with email: joe@gmail.compassword: Dow1234+
13:38:24.016  INFO  manager.MyListener - WebDriver start find element -->By.xpath: //*[@href='/login?url=%2Fsearch']
13:38:24.030  INFO  manager.MyListener - WebDriver found element by locator -->By.xpath: //*[@href='/login?url=%2Fsearch']
13:38:24.256  INFO  manager.MyListener - WebDriver start find element -->By.xpath: //*[@id='email']
13:38:24.270  INFO  manager.MyListener - WebDriver found element by locator -->By.xpath: //*[@id='email']
13:38:24.528  INFO  manager.MyListener - WebDriver start find element -->By.xpath: //*[@id='password']
13:38:24.550  INFO  manager.MyListener - WebDriver found element by locator -->By.xpath: //*[@id='password']
13:38:24.803  INFO  manager.MyListener - WebDriver start find element -->By.cssSelector: button[type='submit']
13:38:24.821  INFO  manager.MyListener - WebDriver found element by locator -->By.cssSelector: button[type='submit']
13:38:24.850  INFO  manager.MyListener - WebDriver start find element -->By.cssSelector: button[type='submit']
13:38:24.865  INFO  manager.MyListener - WebDriver found element by locator -->By.cssSelector: button[type='submit']
13:38:27.101  INFO  manager.MyListener - WebDriver start find element -->By.cssSelector: div.dialog-container
13:38:27.117  INFO  manager.MyListener - WebDriver found element by locator -->By.cssSelector: div.dialog-container
13:38:27.141  INFO  manager.MyListener - WebDriver start find element -->By.cssSelector: div.dialog-container h1
13:38:27.150  INFO  manager.MyListener - WebDriver found element by locator -->By.cssSelector: div.dialog-container h1
13:38:27.166  INFO  manager.MyListener - WebDriver start find element -->By.xpath: //button[text()='Ok']
13:38:27.177  INFO  manager.MyListener - WebDriver found element by locator -->By.xpath: //button[text()='Ok']
13:38:27.390  INFO  manager.HelperBase - Start method with name --> successLogin
13:38:27.402  INFO  manager.MyListener - WebDriver start find element -->By.xpath: //a[text()=' Logout ']
13:38:27.412  INFO  manager.MyListener - WebDriver found element by locator -->By.xpath: //a[text()=' Logout ']
13:38:27.645  INFO  manager.HelperBase - Test start with email: alice@gmail.compassword: Ffox12345$
13:38:27.646  INFO  manager.MyListener - WebDriver start find element -->By.xpath: //*[@href='/login?url=%2Fsearch']
13:38:27.656  INFO  manager.MyListener - WebDriver found element by locator -->By.xpath: //*[@href='/login?url=%2Fsearch']
13:38:27.882  INFO  manager.MyListener - WebDriver start find element -->By.xpath: //*[@id='email']
13:38:27.892  INFO  manager.MyListener - WebDriver found element by locator -->By.xpath: //*[@id='email']
13:38:28.133  INFO  manager.MyListener - WebDriver start find element -->By.xpath: //*[@id='password']
13:38:28.145  INFO  manager.MyListener - WebDriver found element by locator -->By.xpath: //*[@id='password']
13:38:28.391  INFO  manager.MyListener - WebDriver start find element -->By.cssSelector: button[type='submit']
13:38:28.404  INFO  manager.MyListener - WebDriver found element by locator -->By.cssSelector: button[type='submit']
13:38:28.427  INFO  manager.MyListener - WebDriver start find element -->By.cssSelector: button[type='submit']
13:38:28.444  INFO  manager.MyListener - WebDriver found element by locator -->By.cssSelector: button[type='submit']
13:38:30.689  INFO  manager.MyListener - WebDriver start find element -->By.cssSelector: div.dialog-container
13:38:30.710  INFO  manager.MyListener - WebDriver found element by locator -->By.cssSelector: div.dialog-container
13:38:30.742  INFO  manager.MyListener - WebDriver start find element -->By.cssSelector: div.dialog-container h1
13:38:30.757  INFO  manager.MyListener - WebDriver found element by locator -->By.cssSelector: div.dialog-container h1
13:38:30.780  INFO  manager.MyListener - WebDriver start find element -->By.xpath: //button[text()='Ok']
13:38:30.798  INFO  manager.MyListener - WebDriver found element by locator -->By.xpath: //button[text()='Ok']
13:38:31.027  INFO  manager.HelperBase - Start method with name --> successLogin
13:38:31.042  INFO  manager.MyListener - WebDriver start find element -->By.xpath: //a[text()=' Logout ']
13:38:31.054  INFO  manager.MyListener - WebDriver found element by locator -->By.xpath: //a[text()=' Logout ']
13:38:31.306  INFO  manager.HelperBase - Test start with email: regi@gmail.compassword: Ffive1234$
13:38:31.306  INFO  manager.MyListener - WebDriver start find element -->By.xpath: //*[@href='/login?url=%2Fsearch']
13:38:31.326  INFO  manager.MyListener - WebDriver found element by locator -->By.xpath: //*[@href='/login?url=%2Fsearch']
13:38:31.570  INFO  manager.MyListener - WebDriver start find element -->By.xpath: //*[@id='email']
13:38:31.587  INFO  manager.MyListener - WebDriver found element by locator -->By.xpath: //*[@id='email']
13:38:31.860  INFO  manager.MyListener - WebDriver start find element -->By.xpath: //*[@id='password']
13:38:31.882  INFO  manager.MyListener - WebDriver found element by locator -->By.xpath: //*[@id='password']
13:38:32.142  INFO  manager.MyListener - WebDriver start find element -->By.cssSelector: button[type='submit']
13:38:32.157  INFO  manager.MyListener - WebDriver found element by locator -->By.cssSelector: button[type='submit']
13:38:32.195  INFO  manager.MyListener - WebDriver start find element -->By.cssSelector: button[type='submit']
13:38:32.209  INFO  manager.MyListener - WebDriver found element by locator -->By.cssSelector: button[type='submit']
13:38:34.448  INFO  manager.MyListener - WebDriver start find element -->By.cssSelector: div.dialog-container
13:38:34.463  INFO  manager.MyListener - WebDriver found element by locator -->By.cssSelector: div.dialog-container
13:38:34.495  INFO  manager.MyListener - WebDriver start find element -->By.cssSelector: div.dialog-container h1
13:38:34.510  INFO  manager.MyListener - WebDriver found element by locator -->By.cssSelector: div.dialog-container h1
13:38:34.533  INFO  manager.MyListener - WebDriver start find element -->By.xpath: //button[text()='Ok']
13:38:34.533  INFO  manager.MyListener - WebDriver found element by locator -->By.xpath: //button[text()='Ok']
13:38:34.766  INFO  manager.HelperBase - Start method with name --> successLogin
13:38:34.782  INFO  manager.MyListener - WebDriver start find element -->By.xpath: //a[text()=' Logout ']
13:38:34.797  INFO  manager.MyListener - WebDriver found element by locator -->By.xpath: //a[text()=' Logout ']
13:38:35.050  INFO  manager.HelperBase - Test start with email: two@gmail.compassword: Sshon12345$
13:38:35.050  INFO  manager.MyListener - WebDriver start find element -->By.xpath: //*[@href='/login?url=%2Fsearch']
13:38:35.066  INFO  manager.MyListener - WebDriver found element by locator -->By.xpath: //*[@href='/login?url=%2Fsearch']
13:38:35.312  INFO  manager.MyListener - WebDriver start find element -->By.xpath: //*[@id='email']
13:38:35.328  INFO  manager.MyListener - WebDriver found element by locator -->By.xpath: //*[@id='email']
13:38:35.597  INFO  manager.MyListener - WebDriver start find element -->By.xpath: //*[@id='password']
13:38:35.613  INFO  manager.MyListener - WebDriver found element by locator -->By.xpath: //*[@id='password']
13:38:35.882  INFO  manager.MyListener - WebDriver start find element -->By.cssSelector: button[type='submit']
13:38:35.913  INFO  manager.MyListener - WebDriver found element by locator -->By.cssSelector: button[type='submit']
13:38:35.951  INFO  manager.MyListener - WebDriver start find element -->By.cssSelector: button[type='submit']
13:38:35.967  INFO  manager.MyListener - WebDriver found element by locator -->By.cssSelector: button[type='submit']
13:38:38.228  INFO  manager.MyListener - WebDriver start find element -->By.cssSelector: div.dialog-container
13:38:38.247  INFO  manager.MyListener - WebDriver found element by locator -->By.cssSelector: div.dialog-container
13:38:38.269  INFO  manager.MyListener - WebDriver start find element -->By.cssSelector: div.dialog-container h1
13:38:38.284  INFO  manager.MyListener - WebDriver found element by locator -->By.cssSelector: div.dialog-container h1
13:38:38.301  INFO  manager.MyListener - WebDriver start find element -->By.xpath: //button[text()='Ok']
13:38:38.321  INFO  manager.MyListener - WebDriver found element by locator -->By.xpath: //button[text()='Ok']
13:38:38.540  INFO  manager.HelperBase - Start method with name --> successLogin2
13:38:38.560  INFO  manager.MyListener - WebDriver start find element -->By.xpath: //a[text()=' Logout ']
13:38:38.571  INFO  manager.MyListener - WebDriver found element by locator -->By.xpath: //a[text()=' Logout ']
13:38:38.813  INFO  manager.MyListener - WebDriver start find element -->By.xpath: //*[@href='/login?url=%2Fsearch']
13:38:38.828  INFO  manager.MyListener - WebDriver found element by locator -->By.xpath: //*[@href='/login?url=%2Fsearch']
13:38:39.076  INFO  manager.MyListener - WebDriver start find element -->By.xpath: //*[@id='email']
13:38:39.099  INFO  manager.MyListener - WebDriver found element by locator -->By.xpath: //*[@id='email']
13:38:39.362  INFO  manager.MyListener - WebDriver start find element -->By.xpath: //*[@id='password']
13:38:39.379  INFO  manager.MyListener - WebDriver found element by locator -->By.xpath: //*[@id='password']
13:38:39.979  INFO  manager.MyListener - WebDriver start find element -->By.cssSelector: button[type='submit']
13:38:39.987  INFO  manager.MyListener - WebDriver found element by locator -->By.cssSelector: button[type='submit']
13:38:40.011  INFO  manager.MyListener - WebDriver start find element -->By.cssSelector: button[type='submit']
13:38:40.011  INFO  manager.MyListener - WebDriver found element by locator -->By.cssSelector: button[type='submit']
13:38:42.245  INFO  manager.MyListener - WebDriver start find element -->By.cssSelector: div.dialog-container
13:38:42.266  INFO  manager.MyListener - WebDriver found element by locator -->By.cssSelector: div.dialog-container
13:38:42.302  INFO  manager.MyListener - WebDriver start find element -->By.cssSelector: div.dialog-container h1
13:38:42.318  INFO  manager.MyListener - WebDriver found element by locator -->By.cssSelector: div.dialog-container h1
13:38:42.333  INFO  manager.MyListener - WebDriver start find element -->By.xpath: //button[text()='Ok']
13:38:42.369  INFO  manager.MyListener - WebDriver found element by locator -->By.xpath: //button[text()='Ok']
13:38:42.587  INFO  manager.HelperBase - Start method with name --> successLoginDP
13:38:42.603  INFO  manager.MyListener - WebDriver start find element -->By.xpath: //a[text()=' Logout ']
13:38:42.603  INFO  manager.MyListener - WebDriver found element by locator -->By.xpath: //a[text()=' Logout ']
13:38:42.850  INFO  manager.MyListener - WebDriver start find element -->By.xpath: //*[@href='/login?url=%2Fsearch']
13:38:42.879  INFO  manager.MyListener - WebDriver found element by locator -->By.xpath: //*[@href='/login?url=%2Fsearch']
13:38:43.118  INFO  manager.MyListener - WebDriver start find element -->By.xpath: //*[@id='email']
13:38:43.133  INFO  manager.MyListener - WebDriver found element by locator -->By.xpath: //*[@id='email']
13:38:43.418  INFO  manager.MyListener - WebDriver start find element -->By.xpath: //*[@id='password']
13:38:43.434  INFO  manager.MyListener - WebDriver found element by locator -->By.xpath: //*[@id='password']
13:38:43.946  INFO  manager.MyListener - WebDriver start find element -->By.cssSelector: button[type='submit']
13:38:43.946  INFO  manager.MyListener - WebDriver found element by locator -->By.cssSelector: button[type='submit']
13:38:43.962  INFO  manager.MyListener - WebDriver start find element -->By.cssSelector: button[type='submit']
13:38:43.978  INFO  manager.MyListener - WebDriver found element by locator -->By.cssSelector: button[type='submit']
13:38:46.210  INFO  manager.MyListener - WebDriver start find element -->By.cssSelector: div.dialog-container
13:38:46.226  INFO  manager.MyListener - WebDriver found element by locator -->By.cssSelector: div.dialog-container
13:38:46.241  INFO  manager.MyListener - WebDriver start find element -->By.cssSelector: div.dialog-container h1
13:38:46.257  INFO  manager.MyListener - WebDriver found element by locator -->By.cssSelector: div.dialog-container h1
13:38:46.272  INFO  manager.MyListener - WebDriver start find element -->By.xpath: //button[text()='Ok']
13:38:46.288  INFO  manager.MyListener - WebDriver found element by locator -->By.xpath: //button[text()='Ok']
13:38:46.511  INFO  manager.HelperBase - Start method with name --> successLoginDP
13:38:46.526  INFO  manager.MyListener - WebDriver start find element -->By.xpath: //a[text()=' Logout ']
13:38:46.542  INFO  manager.MyListener - WebDriver found element by locator -->By.xpath: //a[text()=' Logout ']
13:38:46.789  INFO  manager.MyListener - WebDriver start find element -->By.xpath: //*[@href='/login?url=%2Fsearch']
13:38:46.796  INFO  manager.MyListener - WebDriver found element by locator -->By.xpath: //*[@href='/login?url=%2Fsearch']
13:38:47.043  INFO  manager.MyListener - WebDriver start find element -->By.xpath: //*[@id='email']
13:38:47.059  INFO  manager.MyListener - WebDriver found element by locator -->By.xpath: //*[@id='email']
13:38:47.313  INFO  manager.MyListener - WebDriver start find element -->By.xpath: //*[@id='password']
13:38:47.328  INFO  manager.MyListener - WebDriver found element by locator -->By.xpath: //*[@id='password']
13:38:47.891  INFO  manager.MyListener - WebDriver start find element -->By.cssSelector: button[type='submit']
13:38:47.901  INFO  manager.MyListener - WebDriver found element by locator -->By.cssSelector: button[type='submit']
13:38:47.932  INFO  manager.MyListener - WebDriver start find element -->By.cssSelector: button[type='submit']
13:38:47.942  INFO  manager.MyListener - WebDriver found element by locator -->By.cssSelector: button[type='submit']
13:38:50.185  INFO  manager.MyListener - WebDriver start find element -->By.cssSelector: div.dialog-container
13:38:50.200  INFO  manager.MyListener - WebDriver found element by locator -->By.cssSelector: div.dialog-container
13:38:50.222  INFO  manager.MyListener - WebDriver start find element -->By.cssSelector: div.dialog-container h1
13:38:50.238  INFO  manager.MyListener - WebDriver found element by locator -->By.cssSelector: div.dialog-container h1
13:38:50.254  INFO  manager.MyListener - WebDriver start find element -->By.xpath: //button[text()='Ok']
13:38:50.269  INFO  manager.MyListener - WebDriver found element by locator -->By.xpath: //button[text()='Ok']
13:38:50.486  INFO  manager.HelperBase - Start method with name --> successLoginDP
13:38:50.498  INFO  manager.MyListener - WebDriver start find element -->By.xpath: //a[text()=' Logout ']
13:38:50.507  INFO  manager.MyListener - WebDriver found element by locator -->By.xpath: //a[text()=' Logout ']
13:38:50.755  INFO  manager.MyListener - WebDriver start find element -->By.xpath: //*[@href='/login?url=%2Fsearch']
13:38:50.770  INFO  manager.MyListener - WebDriver found element by locator -->By.xpath: //*[@href='/login?url=%2Fsearch']
13:38:51.024  INFO  manager.MyListener - WebDriver start find element -->By.xpath: //*[@id='email']
13:38:51.040  INFO  manager.MyListener - WebDriver found element by locator -->By.xpath: //*[@id='email']
13:38:51.310  INFO  manager.MyListener - WebDriver start find element -->By.xpath: //*[@id='password']
13:38:51.310  INFO  manager.MyListener - WebDriver found element by locator -->By.xpath: //*[@id='password']
13:38:51.870  INFO  manager.MyListener - WebDriver start find element -->By.cssSelector: button[type='submit']
13:38:51.886  INFO  manager.MyListener - WebDriver found element by locator -->By.cssSelector: button[type='submit']
13:38:51.908  INFO  manager.MyListener - WebDriver start find element -->By.cssSelector: button[type='submit']
13:38:51.924  INFO  manager.MyListener - WebDriver found element by locator -->By.cssSelector: button[type='submit']
13:38:54.161  INFO  manager.MyListener - WebDriver start find element -->By.cssSelector: div.dialog-container
13:38:54.176  INFO  manager.MyListener - WebDriver found element by locator -->By.cssSelector: div.dialog-container
13:38:54.198  INFO  manager.MyListener - WebDriver start find element -->By.cssSelector: div.dialog-container h1
13:38:54.214  INFO  manager.MyListener - WebDriver found element by locator -->By.cssSelector: div.dialog-container h1
13:38:54.230  INFO  manager.MyListener - WebDriver start find element -->By.xpath: //button[text()='Ok']
13:38:54.230  INFO  manager.MyListener - WebDriver found element by locator -->By.xpath: //button[text()='Ok']
